2001.12.30 10:31 B c:\crea\publicca\bCentral\web\millennia-antica\construction.htm --> ftp.nfocentrale.net /web/millennia-antica construction.htm
2001.12.30 10:31 B c:\crea\publicca\bCentral\web\millennia-antica\index.html --> ftp.nfocentrale.net /web/millennia-antica index.html
2001.12.30 10:31 B c:\crea\publicca\bCentral\web\millennia-antica\vssver.scc --> ftp.nfocentrale.net /web/millennia-antica vssver.scc
2002.01.01 23:23 B c:\crea\publicca\bCentral\web\millennia-antica\construction.htm --> ftp.nfocentrale.net /web/millennia-antica construction.htm
2002.01.01 23:23 B c:\crea\publicca\bCentral\web\millennia-antica\index.html --> ftp.nfocentrale.net /web/millennia-antica index.html
2002.01.01 23:23 B c:\crea\publicca\bCentral\web\millennia-antica\vssver.scc --> ftp.nfocentrale.net /web/millennia-antica vssver.scc
2002.01.01 23:23 B c:\crea\publicca\bCentral\web\millennia-antica\WS_FTP.LOG --> ftp.nfocentrale.net /web/millennia-antica WS_FTP.LOG
2002.01.07 21:00 B c:\crea\publicca\bCentral\web\millennia-antica\construction.htm --> ftp.nfocentrale.net /web/millennia-antica construction.htm
2002.01.07 21:00 B c:\crea\publicca\bCentral\web\millennia-antica\default.htm --> ftp.nfocentrale.net /web/millennia-antica default.htm
2002.01.07 21:00 B c:\crea\publicca\bCentral\web\millennia-antica\vssver.scc --> ftp.nfocentrale.net /web/millennia-antica vssver.scc
2002.01.07 22:39 B c:\crea\publicca\bCentral\web\millennia-antica\index.html --> ftp.nfocentrale.net /web/millennia-antica index.html
2002.01.07 22:39 B c:\crea\publicca\bCentral\web\millennia-antica\WS_FTP.LOG --> ftp.nfocentrale.net /web/millennia-antica WS_FTP.LOG
2002.01.07 22:43 B c:\crea\publicca\bCentral\web\millennia-antica\default.htm --> ftp.nfocentrale.net /web/millennia-antica default.htm
2002.01.07 22:58 B c:\crea\publicca\bCentral\web\millennia-antica\construction.htm --> ftp.nfocentrale.net /web/millennia-antica construction.htm
2002.01.07 22:58 B c:\crea\publicca\bCentral\web\millennia-antica\default.htm --> ftp.nfocentrale.net /web/millennia-antica default.htm
2002.01.07 22:58 B c:\crea\publicca\bCentral\web\millennia-antica\index.html --> ftp.nfocentrale.net /web/millennia-antica index.html
2002.01.08 15:15 B c:\crea\publicca\bCentral\web\millennia-antica\construction.htm --> ftp.nfocentrale.net /web/millennia-antica construction.htm
2002.01.08 15:15 B c:\crea\publicca\bCentral\web\millennia-antica\default.htm --> ftp.nfocentrale.net /web/millennia-antica default.htm
2002.01.08 15:15 B c:\crea\publicca\bCentral\web\millennia-antica\index.html --> ftp.nfocentrale.net /web/millennia-antica index.html
2002.01.08 15:15 B c:\crea\publicca\bCentral\web\millennia-antica\vssver.scc --> ftp.nfocentrale.net /web/millennia-antica vssver.scc
2002.01.08 15:15 B c:\crea\publicca\bCentral\web\millennia-antica\WS_FTP.LOG --> ftp.nfocentrale.net /web/millennia-antica WS_FTP.LOG
2002.01.08 21:38 B c:\crea\publicca\bCentral\web\millennia-antica\construction.htm --> ftp.nfocentrale.net /web/millennia-antica construction.htm
2002.01.08 21:38 B c:\crea\publicca\bCentral\web\millennia-antica\default.htm --> ftp.nfocentrale.net /web/millennia-antica default.htm
2002.01.08 21:38 B c:\crea\publicca\bCentral\web\millennia-antica\index.html --> ftp.nfocentrale.net /web/millennia-antica index.html
2002.01.08 21:38 B c:\crea\publicca\bCentral\web\millennia-antica\vssver.scc --> ftp.nfocentrale.net /web/millennia-antica vssver.scc
2002.01.08 21:44 B c:\crea\publicca\bCentral\web\millennia-antica\index.htm --> ftp.nfocentrale.net /web/millennia-antica index.htm
2002.01.08 21:44 B c:\crea\publicca\bCentral\web\millennia-antica\WS_FTP.LOG --> ftp.nfocentrale.net /web/millennia-antica WS_FTP.LOG
2002.01.08 21:46 B c:\crea\publicca\bCentral\web\millennia-antica\default.htm --> ftp.nfocentrale.net /web/millennia-antica default.htm
2002.01.08 21:46 B c:\crea\publicca\bCentral\web\millennia-antica\index.htm --> ftp.nfocentrale.net /web/millennia-antica index.htm
2002.01.12 16:01 B c:\crea\publicca\bCentral\web\millennia-antica\construction.htm --> ftp.nfocentrale.net /web/millennia-antica construction.htm
2002.01.12 16:02 B c:\crea\publicca\bCentral\web\millennia-antica\index.htm --> ftp.nfocentrale.net /web/millennia-antica index.htm
2002.01.12 16:02 B c:\crea\publicca\bCentral\web\millennia-antica\vssver.scc --> ftp.nfocentrale.net /web/millennia-antica vssver.scc
2002.01.12 16:08 B c:\crea\publicca\bCentral\web\millennia-antica\index.htm --> ftp.nfocentrale.net /web/millennia-antica index.htm
2002.01.14 11:49 B c:\crea\publicca\bCentral\web\millennia-antica\vssver.scc --> ftp.nfocentrale.net /web/millennia-antica vssver.scc
2002.01.14 11:49 B c:\crea\publicca\bCentral\web\millennia-antica\WS_FTP.LOG --> ftp.nfocentrale.net /web/millennia-antica WS_FTP.LOG
2002.01.30 20:08 B c:\crea\publicca\bCentral\web\millennia-antica\default.htm --> ftp.nfocentrale.net /web/millennia-antica default.htm
2002.01.30 20:08 B c:\crea\publicca\bCentral\web\millennia-antica\vicki.htm --> ftp.nfocentrale.net /web/millennia-antica vicki.htm
2002.01.30 20:08 B c:\crea\publicca\bCentral\web\millennia-antica\vssver.scc --> ftp.nfocentrale.net /web/millennia-antica vssver.scc
2002.01.30 20:12 B c:\crea\publicca\bCentral\web\millennia-antica\vicki.htm --> ftp.nfocentrale.net /web/millennia-antica vicki.htm
2002.01.30 20:12 B c:\crea\publicca\bCentral\web\millennia-antica\vssver.scc --> ftp.nfocentrale.net /web/millennia-antica vssver.scc
2002.01.30 20:12 B c:\crea\publicca\bCentral\web\millennia-antica\WS_FTP.LOG --> ftp.nfocentrale.net /web/millennia-antica WS_FTP.LOG
2002.07.31 00:17 B c:\crea\publicca\bCentral\web\millennia-antica\construction.htm --> ftp.nfocentrale.net /web/millennia-antica construction.htm
2002.07.31 00:17 B c:\crea\publicca\bCentral\web\millennia-antica\default.htm --> ftp.nfocentrale.net /web/millennia-antica default.htm
2002.07.31 00:17 B c:\crea\publicca\bCentral\web\millennia-antica\guide.htm --> ftp.nfocentrale.net /web/millennia-antica guide.htm
2002.07.31 00:17 B c:\crea\publicca\bCentral\web\millennia-antica\index.htm --> ftp.nfocentrale.net /web/millennia-antica index.htm
2002.07.31 00:17 B c:\crea\publicca\bCentral\web\millennia-antica\vicki.htm --> ftp.nfocentrale.net /web/millennia-antica vicki.htm
2002.07.31 00:17 B c:\crea\publicca\bCentral\web\millennia-antica\vssver.scc --> ftp.nfocentrale.net /web/millennia-antica vssver.scc
2002.07.31 00:17 B c:\crea\publicca\bCentral\web\millennia-antica\WS_FTP.LOG --> ftp.nfocentrale.net /web/millennia-antica WS_FTP.LOG
2002.08.02 14:49 B c:\crea\publicca\bCentral\web\millennia-antica\construction.htm --> ftp.nfocentrale.net /web/millennia-antica construction.htm
2002.08.02 14:49 B c:\crea\publicca\bCentral\web\millennia-antica\default.htm --> ftp.nfocentrale.net /web/millennia-antica default.htm
2002.08.02 14:49 B c:\crea\publicca\bCentral\web\millennia-antica\guide.htm --> ftp.nfocentrale.net /web/millennia-antica guide.htm
2002.08.02 14:49 B c:\crea\publicca\bCentral\web\millennia-antica\index.htm --> ftp.nfocentrale.net /web/millennia-antica index.htm
2002.08.02 14:49 B c:\crea\publicca\bCentral\web\millennia-antica\vicki.htm --> ftp.nfocentrale.net /web/millennia-antica vicki.htm
2002.08.02 14:49 B c:\crea\publicca\bCentral\web\millennia-antica\vssver.scc --> ftp.nfocentrale.net /web/millennia-antica vssver.scc
2002.08.02 14:49 B c:\crea\publicca\bCentral\web\millennia-antica\WS_FTP.LOG --> ftp.nfocentrale.net /web/millennia-antica WS_FTP.LOG
2002.08.02 22:28 B c:\crea\publicca\bCentral\web\millennia-antica\vicki.htm --> ftp.nfocentrale.net /web/millennia-antica vicki.htm
2002.08.02 22:28 B c:\crea\publicca\bCentral\web\millennia-antica\vssver.scc --> ftp.nfocentrale.net /web/millennia-antica vssver.scc
2002.08.02 22:28 B c:\crea\publicca\bCentral\web\millennia-antica\WS_FTP.LOG --> ftp.nfocentrale.net /web/millennia-antica WS_FTP.LOG
2002.08.04 18:19 B c:\crea\publicca\bCentral\web\millennia-antica\default.htm --> ftp.nfocentrale.net /web/millennia-antica default.htm
2002.08.04 18:19 B c:\crea\publicca\bCentral\web\millennia-antica\vssver.scc --> ftp.nfocentrale.net /web/millennia-antica vssver.scc
2002.08.04 18:19 B c:\crea\publicca\bCentral\web\millennia-antica\WS_FTP.LOG --> ftp.nfocentrale.net /web/millennia-antica WS_FTP.LOG
2002.08.04 18:52 B c:\crea\publicca\bCentral\web\millennia-antica\default.htm --> ftp.nfocentrale.net /web/millennia-antica default.htm
2002.08.04 18:52 B c:\crea\publicca\bCentral\web\millennia-antica\guide.htm --> ftp.nfocentrale.net /web/millennia-antica guide.htm
2002.08.04 18:52 B c:\crea\publicca\bCentral\web\millennia-antica\lidded-pot.htm --> ftp.nfocentrale.net /web/millennia-antica lidded-pot.htm
2002.08.04 18:52 B c:\crea\publicca\bCentral\web\millennia-antica\vicki.htm --> ftp.nfocentrale.net /web/millennia-antica vicki.htm
2002.08.04 18:52 B c:\crea\publicca\bCentral\web\millennia-antica\vssver.scc --> ftp.nfocentrale.net /web/millennia-antica vssver.scc
2002.08.04 18:52 B c:\crea\publicca\bCentral\web\millennia-antica\WS_FTP.LOG --> ftp.nfocentrale.net /web/millennia-antica WS_FTP.LOG
2002.08.04 18:55 B c:\crea\publicca\bCentral\web\millennia-antica\lidded-pot.htm --> ftp.nfocentrale.net /web/millennia-antica lidded-pot.htm
2002.08.15 22:31 B c:\crea\publicca\bCentral\web\millennia-antica\vssver.scc --> ftp.nfocentrale.net /web/millennia-antica vssver.scc
2002.08.15 22:31 B c:\crea\publicca\bCentral\web\millennia-antica\WS_FTP.LOG --> ftp.nfocentrale.net /web/millennia-antica WS_FTP.LOG
2002.08.19 12:58 B c:\crea\publicca\bCentral\web\millennia-antica\construction.htm --> ftp.nfocentrale.net /web/millennia-antica construction.htm
2002.08.19 12:58 B c:\crea\publicca\bCentral\web\millennia-antica\default.htm --> ftp.nfocentrale.net /web/millennia-antica default.htm
2002.08.19 12:58 B c:\crea\publicca\bCentral\web\millennia-antica\guide.htm --> ftp.nfocentrale.net /web/millennia-antica guide.htm
2002.08.19 12:58 B c:\crea\publicca\bCentral\web\millennia-antica\index.htm --> ftp.nfocentrale.net /web/millennia-antica index.htm
2002.08.19 12:58 B c:\crea\publicca\bCentral\web\millennia-antica\lidded-pot.htm --> ftp.nfocentrale.net /web/millennia-antica lidded-pot.htm
2002.08.19 12:58 B c:\crea\publicca\bCentral\web\millennia-antica\vicki.htm --> ftp.nfocentrale.net /web/millennia-antica vicki.htm
2002.08.19 12:58 B c:\crea\publicca\bCentral\web\millennia-antica\vssver.scc --> ftp.nfocentrale.net /web/millennia-antica vssver.scc
2002.09.02 18:28 B c:\crea\publicca\bCentral\web\millennia-antica\lidded-pot.htm --> ftp.nfocentrale.net /web/millennia-antica lidded-pot.htm
2002.09.02 18:28 B c:\crea\publicca\bCentral\web\millennia-antica\vssver.scc --> ftp.nfocentrale.net /web/millennia-antica vssver.scc
2002.09.02 18:28 B c:\crea\publicca\bCentral\web\millennia-antica\WS_FTP.LOG --> ftp.nfocentrale.net /web/millennia-antica WS_FTP.LOG
2002.09.02 18:29 B c:\crea\publicca\bCentral\web\millennia-antica\FOT0222-03-2002-09-02D.png --> ftp.nfocentrale.net /web/millennia-antica FOT0222-03-2002-09-02D.png
2002.09.02 22:54 B c:\crea\publicca\bCentral\web\millennia-antica\lidded-pot.htm --> ftp.nfocentrale.net /web/millennia-antica lidded-pot.htm
2002.09.02 22:55 B c:\crea\publicca\bCentral\web\millennia-antica\vssver.scc --> ftp.nfocentrale.net /web/millennia-antica vssver.scc
2002.09.24 20:50 B c:\crea\publicca\bCentral\web\millennia-antica\default.htm --> ftp.nfocentrale.net /web/millennia-antica default.htm
2002.09.24 20:50 B c:\crea\publicca\bCentral\web\millennia-antica\guide.htm --> ftp.nfocentrale.net /web/millennia-antica guide.htm
2002.09.24 20:50 B c:\crea\publicca\bCentral\web\millennia-antica\lidded-pot.htm --> ftp.nfocentrale.net /web/millennia-antica lidded-pot.htm
2002.09.24 20:50 B c:\crea\publicca\bCentral\web\millennia-antica\vssver.scc --> ftp.nfocentrale.net /web/millennia-antica vssver.scc
2002.09.24 20:50 B c:\crea\publicca\bCentral\web\millennia-antica\WS_FTP.LOG --> ftp.nfocentrale.net /web/millennia-antica WS_FTP.LOG
2002.10.03 17:06 B c:\crea\publicca\bCentral\web\millennia-antica\default.htm --> ftp.nfocentrale.net /web/millennia-antica default.htm
2002.10.03 17:06 B c:\crea\publicca\bCentral\web\millennia-antica\lidded-pot.htm --> ftp.nfocentrale.net /web/millennia-antica lidded-pot.htm
2002.10.03 17:06 B c:\crea\publicca\bCentral\web\millennia-antica\vssver.scc --> ftp.nfocentrale.net /web/millennia-antica vssver.scc
2002.10.03 17:40 B c:\crea\publicca\bCentral\web\millennia-antica\default.htm --> ftp.nfocentrale.net /web/millennia-antica default.htm
2002.10.04 01:19 B c:\crea\publicca\bCentral\web\millennia-antica\default.htm --> ftp.nfocentrale.net /web/millennia-antica default.htm
2002.10.04 01:19 B c:\crea\publicca\bCentral\web\millennia-antica\vssver.scc --> ftp.nfocentrale.net /web/millennia-antica vssver.scc
2002.10.04 01:19 B c:\crea\publicca\bCentral\web\millennia-antica\WS_FTP.LOG --> ftp.nfocentrale.net /web/millennia-antica WS_FTP.LOG
2002.10.12 09:21 B c:\crea\publicca\bCentral\web\millennia-antica\default.htm --> ftp.nfocentrale.net /web/millennia-antica default.htm
2002.10.12 10:10 B c:\crea\publicca\bCentral\web\millennia-antica\default.htm --> ftp.nfocentrale.net /web/millennia-antica default.htm
2002.10.12 10:10 B c:\crea\publicca\bCentral\web\millennia-antica\vssver.scc --> ftp.nfocentrale.net /web/millennia-antica vssver.scc
2002.10.12 10:10 B c:\crea\publicca\bCentral\web\millennia-antica\WS_FTP.LOG --> ftp.nfocentrale.net /web/millennia-antica WS_FTP.LOG
2002.10.12 10:46 B c:\crea\publicca\bCentral\web\millennia-antica\default.htm --> ftp.nfocentrale.net /web/millennia-antica default.htm
2002.10.12 10:46 B c:\crea\publicca\bCentral\web\millennia-antica\vssver.scc --> ftp.nfocentrale.net /web/millennia-antica vssver.scc
2002.10.12 11:06 B c:\crea\publicca\bCentral\web\millennia-antica\default.htm --> ftp.nfocentrale.net /web/millennia-antica default.htm
2002.10.12 11:06 B c:\crea\publicca\bCentral\web\millennia-antica\vssver.scc --> ftp.nfocentrale.net /web/millennia-antica vssver.scc
2002.10.12 11:06 B c:\crea\publicca\bCentral\web\millennia-antica\WS_FTP.LOG --> ftp.nfocentrale.net /web/millennia-antica WS_FTP.LOG
2002.10.12 14:26 B c:\crea\publicca\bCentral\web\millennia-antica\construction.htm --> ftp.nfocentrale.net /web/millennia-antica construction.htm
2002.10.12 14:26 B c:\crea\publicca\bCentral\web\millennia-antica\guide.htm --> ftp.nfocentrale.net /web/millennia-antica guide.htm
2002.10.12 14:26 B c:\crea\publicca\bCentral\web\millennia-antica\index.htm --> ftp.nfocentrale.net /web/millennia-antica index.htm
2002.10.12 14:26 B c:\crea\publicca\bCentral\web\millennia-antica\lidded-pot.htm --> ftp.nfocentrale.net /web/millennia-antica lidded-pot.htm
2002.10.12 14:26 B c:\crea\publicca\bCentral\web\millennia-antica\vicki.htm --> ftp.nfocentrale.net /web/millennia-antica vicki.htm
2002.10.12 14:26 B c:\crea\publicca\bCentral\web\millennia-antica\vssver.scc --> ftp.nfocentrale.net /web/millennia-antica vssver.scc
2002.10.12 14:26 B c:\crea\publicca\bCentral\web\millennia-antica\WS_FTP.LOG --> ftp.nfocentrale.net /web/millennia-antica WS_FTP.LOG
2002.10.12 16:31 B c:\crea\publicca\bCentral\web\millennia-antica\lidded-pot.htm --> ftp.nfocentrale.net /web/millennia-antica lidded-pot.htm
2002.10.12 16:31 B c:\crea\publicca\bCentral\web\millennia-antica\vicki.htm --> ftp.nfocentrale.net /web/millennia-antica vicki.htm
2002.10.12 16:31 B c:\crea\publicca\bCentral\web\millennia-antica\vssver.scc --> ftp.nfocentrale.net /web/millennia-antica vssver.scc
2002.10.13 10:16 B c:\crea\publicca\bCentral\web\millennia-antica\construction.htm --> ftp.nfocentrale.net /web/millennia-antica construction.htm
2002.10.13 10:16 B c:\crea\publicca\bCentral\web\millennia-antica\default.htm --> ftp.nfocentrale.net /web/millennia-antica default.htm
2002.10.13 10:16 B c:\crea\publicca\bCentral\web\millennia-antica\guide.htm --> ftp.nfocentrale.net /web/millennia-antica guide.htm
2002.10.13 10:16 B c:\crea\publicca\bCentral\web\millennia-antica\lidded-pot.htm --> ftp.nfocentrale.net /web/millennia-antica lidded-pot.htm
2002.10.13 10:16 B c:\crea\publicca\bCentral\web\millennia-antica\vicki.htm --> ftp.nfocentrale.net /web/millennia-antica vicki.htm
2002.10.13 10:16 B c:\crea\publicca\bCentral\web\millennia-antica\vssver.scc --> ftp.nfocentrale.net /web/millennia-antica vssver.scc
2002.10.13 10:16 B c:\crea\publicca\bCentral\web\millennia-antica\WS_FTP.LOG --> ftp.nfocentrale.net /web/millennia-antica WS_FTP.LOG
2002.10.13 10:25 B c:\crea\publicca\bCentral\web\millennia-antica\default.htm --> ftp.nfocentrale.net /web/millennia-antica default.htm
2002.10.13 10:25 B c:\crea\publicca\bCentral\web\millennia-antica\vssver.scc --> ftp.nfocentrale.net /web/millennia-antica vssver.scc
2002.10.19 22:48 B c:\crea\publicca\bCentral\web\millennia-antica\FOT8301-03-2002-10-15B-snap.png --> ftp.nfocentrale.net /web/millennia-antica FOT8301-03-2002-10-15B-snap.png
2002.10.19 22:48 B c:\crea\publicca\bCentral\web\millennia-antica\FOT8301-03-2002-10-15B.png --> ftp.nfocentrale.net /web/millennia-antica FOT8301-03-2002-10-15B.png
2002.10.19 22:48 B c:\crea\publicca\bCentral\web\millennia-antica\FOT8301-04-2002-10-15A-snap.png --> ftp.nfocentrale.net /web/millennia-antica FOT8301-04-2002-10-15A-snap.png
2002.10.19 22:48 B c:\crea\publicca\bCentral\web\millennia-antica\vssver.scc --> ftp.nfocentrale.net /web/millennia-antica vssver.scc
2002.10.19 22:48 B c:\crea\publicca\bCentral\web\millennia-antica\WS_FTP.LOG --> ftp.nfocentrale.net /web/millennia-antica WS_FTP.LOG
2002.10.20 08:13 B c:\crea\publicca\bCentral\web\millennia-antica\default.htm --> ftp.nfocentrale.net /web/millennia-antica default.htm
2002.10.20 08:13 B c:\crea\publicca\bCentral\web\millennia-antica\guide.htm --> ftp.nfocentrale.net /web/millennia-antica guide.htm
2002.10.20 08:13 B c:\crea\publicca\bCentral\web\millennia-antica\lidded-pot.htm --> ftp.nfocentrale.net /web/millennia-antica lidded-pot.htm
2002.10.20 08:13 B c:\crea\publicca\bCentral\web\millennia-antica\vicki.htm --> ftp.nfocentrale.net /web/millennia-antica vicki.htm
2002.10.20 08:13 B c:\crea\publicca\bCentral\web\millennia-antica\vssver.scc --> ftp.nfocentrale.net /web/millennia-antica vssver.scc
2002.10.20 08:35 B c:\crea\publicca\bCentral\web\millennia-antica\WS_FTP.LOG --> ftp.nfocentrale.net /web/millennia-antica WS_FTP.LOG
2002.10.22 15:25 B c:\crea\publicca\bCentral\web\millennia-antica\lidded-pot.htm --> ftp.nfocentrale.net /web/millennia-antica lidded-pot.htm
2002.10.22 15:25 B c:\crea\publicca\bCentral\web\millennia-antica\vssver.scc --> ftp.nfocentrale.net /web/millennia-antica vssver.scc
2002.11.17 16:28 B c:\crea\publicca\bCentral\web\millennia-antica\WS_FTP.LOG --> ftp.nfocentrale.net /web/millennia-antica WS_FTP.LOG
