2002.08.19 18:39 B c:\crea\publicca\bCentral\web\orcmid\writings\construction.htm --> ftp.nfocentrale.net /web/orcmid/writings construction.htm
2002.08.19 18:39 B c:\crea\publicca\bCentral\web\orcmid\writings\index.htm --> ftp.nfocentrale.net /web/orcmid/writings index.htm
2002.08.19 18:39 B c:\crea\publicca\bCentral\web\orcmid\writings\orc-vitae.htm --> ftp.nfocentrale.net /web/orcmid/writings orc-vitae.htm
2002.08.19 18:40 B c:\crea\publicca\bCentral\web\orcmid\writings\se4e-2000-04-08.htm --> ftp.nfocentrale.net /web/orcmid/writings se4e-2000-04-08.htm
2002.08.19 18:40 B c:\crea\publicca\bCentral\web\orcmid\writings\se4e-2000-05-25.htm --> ftp.nfocentrale.net /web/orcmid/writings se4e-2000-05-25.htm
2002.08.19 18:40 B c:\crea\publicca\bCentral\web\orcmid\writings\se4e-2000-05-27.htm --> ftp.nfocentrale.net /web/orcmid/writings se4e-2000-05-27.htm
2002.08.19 18:40 B c:\crea\publicca\bCentral\web\orcmid\writings\vssver.scc --> ftp.nfocentrale.net /web/orcmid/writings vssver.scc
2002.08.19 18:40 B c:\crea\publicca\bCentral\web\orcmid\writings\W00-log.htm --> ftp.nfocentrale.net /web/orcmid/writings W00-log.htm
2002.08.19 18:40 B c:\crea\publicca\bCentral\web\orcmid\writings\W000800.htm --> ftp.nfocentrale.net /web/orcmid/writings W000800.htm
2002.08.19 22:34 B c:\crea\publicca\bCentral\web\orcmid\writings\WS_FTP.LOG --> ftp.nfocentrale.net /web/orcmid/writings WS_FTP.LOG
2002.09.02 22:48 B c:\crea\publicca\bCentral\web\orcmid\writings\vssver.scc --> ftp.nfocentrale.net /web/orcmid/writings vssver.scc
2002.09.05 13:24 B c:\crea\publicca\bCentral\web\orcmid\writings\WS_FTP.LOG --> ftp.nfocentrale.net /web/orcmid/writings WS_FTP.LOG
2002.10.13 15:38 B c:\crea\publicca\bCentral\web\orcmid\writings\construction.htm --> ftp.nfocentrale.net /web/orcmid/writings construction.htm
2002.10.13 15:38 B c:\crea\publicca\bCentral\web\orcmid\writings\index.htm --> ftp.nfocentrale.net /web/orcmid/writings index.htm
2002.10.13 15:38 B c:\crea\publicca\bCentral\web\orcmid\writings\orc-vitae.htm --> ftp.nfocentrale.net /web/orcmid/writings orc-vitae.htm
2002.10.13 15:38 B c:\crea\publicca\bCentral\web\orcmid\writings\se4e-2000-04-08.htm --> ftp.nfocentrale.net /web/orcmid/writings se4e-2000-04-08.htm
2002.10.13 15:38 B c:\crea\publicca\bCentral\web\orcmid\writings\se4e-2000-05-25.htm --> ftp.nfocentrale.net /web/orcmid/writings se4e-2000-05-25.htm
2002.10.13 15:38 B c:\crea\publicca\bCentral\web\orcmid\writings\se4e-2000-05-27.htm --> ftp.nfocentrale.net /web/orcmid/writings se4e-2000-05-27.htm
2002.10.13 15:38 B c:\crea\publicca\bCentral\web\orcmid\writings\vssver.scc --> ftp.nfocentrale.net /web/orcmid/writings vssver.scc
2002.10.13 15:38 B c:\crea\publicca\bCentral\web\orcmid\writings\W000800.htm --> ftp.nfocentrale.net /web/orcmid/writings W000800.htm
2002.10.28 16:17 B c:\crea\publicca\bCentral\web\orcmid\writings\WS_FTP.LOG --> ftp.nfocentrale.net /web/orcmid/writings WS_FTP.LOG
2002.10.28 16:17 B c:\crea\publicca\bCentral\web\orcmid\writings\blog.htm <-- nfoCentrale on bCentral /web/orcmid/writings blog.htm
2002.10.29 13:15 B c:\crea\publicca\bCentral\web\orcmid\writings\blog.htm --> ftp.nfocentrale.net /web/orcmid/writings blog.htm
2002.10.29 13:15 B c:\crea\publicca\bCentral\web\orcmid\writings\vssver.scc --> ftp.nfocentrale.net /web/orcmid/writings vssver.scc
2002.10.29 13:15 B c:\crea\publicca\bCentral\web\orcmid\writings\WS_FTP.LOG --> ftp.nfocentrale.net /web/orcmid/writings WS_FTP.LOG
2002.10.29 15:22 B c:\crea\publicca\bCentral\web\orcmid\writings\blog.htm --> ftp.nfocentrale.net /web/orcmid/writings blog.htm
2002.10.29 15:22 B c:\crea\publicca\bCentral\web\orcmid\writings\vssver.scc --> ftp.nfocentrale.net /web/orcmid/writings vssver.scc
2002.11.28 10:00 B c:\crea\publicca\bCentral\web\orcmid\writings\WS_FTP.LOG --> ftp.nfocentrale.net /web/orcmid/writings WS_FTP.LOG
