2002.08.19 18:40 B c:\crea\publicca\bCentral\web\orcmid\construction.htm --> ftp.nfocentrale.net /web/orcmid construction.htm
2002.08.19 18:40 B c:\crea\publicca\bCentral\web\orcmid\index.htm --> ftp.nfocentrale.net /web/orcmid index.htm
2002.08.19 18:40 B c:\crea\publicca\bCentral\web\orcmid\vssver.scc --> ftp.nfocentrale.net /web/orcmid vssver.scc
2002.08.19 22:34 B c:\crea\publicca\bCentral\web\orcmid\WS_FTP.LOG --> ftp.nfocentrale.net /web/orcmid WS_FTP.LOG
2002.09.02 22:48 B c:\crea\publicca\bCentral\web\orcmid\vssver.scc --> ftp.nfocentrale.net /web/orcmid vssver.scc
2002.09.05 13:24 B c:\crea\publicca\bCentral\web\orcmid\WS_FTP.LOG --> ftp.nfocentrale.net /web/orcmid WS_FTP.LOG
2002.09.15 19:19 B c:\crea\publicca\bCentral\web\orcmid\default.htm --> ftp.nfocentrale.net /web/orcmid default.htm
2002.09.15 19:19 B c:\crea\publicca\bCentral\web\orcmid\vssver.scc --> ftp.nfocentrale.net /web/orcmid vssver.scc
2002.09.18 09:16 B c:\crea\publicca\bCentral\web\orcmid\WS_FTP.LOG --> ftp.nfocentrale.net /web/orcmid WS_FTP.LOG
2002.10.12 23:46 B c:\crea\publicca\bCentral\web\orcmid\construction.htm --> ftp.nfocentrale.net /web/orcmid construction.htm
2002.10.12 23:46 B c:\crea\publicca\bCentral\web\orcmid\default.htm --> ftp.nfocentrale.net /web/orcmid default.htm
2002.10.12 23:46 B c:\crea\publicca\bCentral\web\orcmid\index.htm --> ftp.nfocentrale.net /web/orcmid index.htm
2002.10.12 23:46 B c:\crea\publicca\bCentral\web\orcmid\vssver.scc --> ftp.nfocentrale.net /web/orcmid vssver.scc
2002.10.13 15:38 B c:\crea\publicca\bCentral\web\orcmid\construction.htm --> ftp.nfocentrale.net /web/orcmid construction.htm
2002.10.13 15:38 B c:\crea\publicca\bCentral\web\orcmid\default.htm --> ftp.nfocentrale.net /web/orcmid default.htm
2002.10.13 15:38 B c:\crea\publicca\bCentral\web\orcmid\vssver.scc --> ftp.nfocentrale.net /web/orcmid vssver.scc
2002.10.13 15:38 B c:\crea\publicca\bCentral\web\orcmid\WS_FTP.LOG --> ftp.nfocentrale.net /web/orcmid WS_FTP.LOG
2002.10.14 07:36 B c:\crea\publicca\bCentral\web\orcmid\default.htm --> ftp.nfocentrale.net /web/orcmid default.htm
2002.10.28 16:17 B c:\crea\publicca\bCentral\web\orcmid\vssver.scc --> ftp.nfocentrale.net /web/orcmid vssver.scc
2002.10.28 16:17 B c:\crea\publicca\bCentral\web\orcmid\WS_FTP.LOG --> ftp.nfocentrale.net /web/orcmid WS_FTP.LOG
2002.10.29 13:35 B c:\crea\publicca\bCentral\web\orcmid\default.htm --> ftp.nfocentrale.net /web/orcmid default.htm
2002.10.29 13:35 B c:\crea\publicca\bCentral\web\orcmid\vssver.scc --> ftp.nfocentrale.net /web/orcmid vssver.scc
2002.10.29 13:35 B c:\crea\publicca\bCentral\web\orcmid\WS_FTP.LOG --> ftp.nfocentrale.net /web/orcmid WS_FTP.LOG
2002.11.28 10:00 B c:\crea\publicca\bCentral\web\orcmid\WS_FTP.LOG --> ftp.nfocentrale.net /web/orcmid WS_FTP.LOG
