2002.01.26 18:15 B c:\crea\publicca\bCentral\web\NuovoDoc\construction.htm --> ftp.nfocentrale.net /web/NuovoDoc construction.htm
2002.01.26 18:15 B c:\crea\publicca\bCentral\web\NuovoDoc\index.htm --> ftp.nfocentrale.net /web/NuovoDoc index.htm
2002.01.26 18:15 B c:\crea\publicca\bCentral\web\NuovoDoc\vssver.scc --> ftp.nfocentrale.net /web/NuovoDoc vssver.scc
2002.01.28 20:23 B c:\crea\publicca\bCentral\web\NuovoDoc\construction.htm --> ftp.nfocentrale.net /web/NuovoDoc construction.htm
2002.01.28 20:23 B c:\crea\publicca\bCentral\web\NuovoDoc\index.htm --> ftp.nfocentrale.net /web/NuovoDoc index.htm
2002.01.28 20:23 B c:\crea\publicca\bCentral\web\NuovoDoc\vssver.scc --> ftp.nfocentrale.net /web/NuovoDoc vssver.scc
2002.01.28 20:23 B c:\crea\publicca\bCentral\web\NuovoDoc\WS_FTP.LOG --> ftp.nfocentrale.net /web/NuovoDoc WS_FTP.LOG
2002.01.29 13:12 B c:\crea\publicca\bCentral\web\NuovoDoc\construction.htm --> ftp.nfocentrale.net /web/NuovoDoc construction.htm
2002.01.29 13:12 B c:\crea\publicca\bCentral\web\NuovoDoc\index.htm --> ftp.nfocentrale.net /web/NuovoDoc index.htm
2002.01.29 13:12 B c:\crea\publicca\bCentral\web\NuovoDoc\vssver.scc --> ftp.nfocentrale.net /web/NuovoDoc vssver.scc
2002.01.30 11:31 B c:\crea\publicca\bCentral\web\NuovoDoc\index.htm --> ftp.nfocentrale.net /web/NuovoDoc index.htm
2002.01.30 11:31 B c:\crea\publicca\bCentral\web\NuovoDoc\vssver.scc --> ftp.nfocentrale.net /web/NuovoDoc vssver.scc
2002.01.30 11:31 B c:\crea\publicca\bCentral\web\NuovoDoc\WS_FTP.LOG --> ftp.nfocentrale.net /web/NuovoDoc WS_FTP.LOG
2002.02.06 14:00 B c:\crea\publicca\bCentral\web\NuovoDoc\index.htm --> ftp.nfocentrale.net /web/NuovoDoc index.htm
2002.02.06 14:00 B c:\crea\publicca\bCentral\web\NuovoDoc\vssver.scc --> ftp.nfocentrale.net /web/NuovoDoc vssver.scc
2002.03.12 23:02 B c:\crea\publicca\bCentral\web\NuovoDoc\default.htm --> ftp.nfocentrale.net /web/NuovoDoc default.htm
2002.03.12 23:02 B c:\crea\publicca\bCentral\web\NuovoDoc\vssver.scc --> ftp.nfocentrale.net /web/NuovoDoc vssver.scc
2002.03.12 23:02 B c:\crea\publicca\bCentral\web\NuovoDoc\WS_FTP.LOG --> ftp.nfocentrale.net /web/NuovoDoc WS_FTP.LOG
2002.03.12 23:09 B c:\crea\publicca\bCentral\web\NuovoDoc\default.htm --> ftp.nfocentrale.net /web/NuovoDoc default.htm
2002.03.12 23:09 B c:\crea\publicca\bCentral\web\NuovoDoc\vssver.scc --> ftp.nfocentrale.net /web/NuovoDoc vssver.scc
2002.03.12 23:09 B c:\crea\publicca\bCentral\web\NuovoDoc\default.htm --> ftp.nfocentrale.net /web/NuovoDoc default.htm
2002.03.12 23:18 B c:\crea\publicca\bCentral\web\NuovoDoc\default.htm --> ftp.nfocentrale.net /web/NuovoDoc default.htm
2002.04.04 17:18 B c:\crea\publicca\bCentral\web\NuovoDoc\vssver.scc --> ftp.nfocentrale.net /web/NuovoDoc vssver.scc
2002.04.04 17:18 B c:\crea\publicca\bCentral\web\NuovoDoc\WS_FTP.LOG --> ftp.nfocentrale.net /web/NuovoDoc WS_FTP.LOG
2002.04.09 12:23 B c:\crea\publicca\bCentral\web\NuovoDoc\default.htm --> ftp.nfocentrale.net /web/NuovoDoc default.htm
2002.04.09 12:23 B c:\crea\publicca\bCentral\web\NuovoDoc\NuovoDoc.htm --> ftp.nfocentrale.net /web/NuovoDoc NuovoDoc.htm
2002.04.09 12:23 B c:\crea\publicca\bCentral\web\NuovoDoc\vssver.scc --> ftp.nfocentrale.net /web/NuovoDoc vssver.scc
2002.04.09 14:21 B c:\crea\publicca\bCentral\web\NuovoDoc\WS_FTP.LOG --> ftp.nfocentrale.net /web/NuovoDoc WS_FTP.LOG
2002.08.10 14:07 B c:\crea\publicca\bCentral\web\NuovoDoc\construction.htm --> ftp.nfocentrale.net /web/NuovoDoc construction.htm
2002.08.10 14:07 B c:\crea\publicca\bCentral\web\NuovoDoc\index.htm --> ftp.nfocentrale.net /web/NuovoDoc index.htm
2002.08.10 14:07 B c:\crea\publicca\bCentral\web\NuovoDoc\NuovoDoc.htm --> ftp.nfocentrale.net /web/NuovoDoc NuovoDoc.htm
2002.08.10 14:07 B c:\crea\publicca\bCentral\web\NuovoDoc\vssver.scc --> ftp.nfocentrale.net /web/NuovoDoc vssver.scc
2002.08.14 14:10 B c:\crea\publicca\bCentral\web\NuovoDoc\WS_FTP.LOG --> ftp.nfocentrale.net /web/NuovoDoc WS_FTP.LOG
2002.10.13 23:15 B c:\crea\publicca\bCentral\web\NuovoDoc\default.htm --> ftp.nfocentrale.net /web/NuovoDoc default.htm
2002.11.18 20:25 B c:\crea\publicca\bCentral\web\NuovoDoc\vssver.scc --> ftp.nfocentrale.net /web/NuovoDoc vssver.scc
2002.11.18 20:25 B c:\crea\publicca\bCentral\web\NuovoDoc\WS_FTP.LOG --> ftp.nfocentrale.net /web/NuovoDoc WS_FTP.LOG
2002.11.21 16:15 B c:\crea\publicca\bCentral\web\NuovoDoc\index.htm --> ftp.nfocentrale.net /web/NuovoDoc index.htm
2002.11.21 16:15 B c:\crea\publicca\bCentral\web\NuovoDoc\vssver.scc --> ftp.nfocentrale.net /web/NuovoDoc vssver.scc
2002.11.21 16:51 B c:\crea\publicca\bCentral\web\NuovoDoc\WS_FTP.LOG --> ftp.nfocentrale.net /web/NuovoDoc WS_FTP.LOG
