2002.09.03 22:36 B c:\crea\publicca\bCentral\web\dmware\WebDAV\propreg\construction.htm --> ftp.nfocentrale.net /web/dmware/WebDAV/propreg construction.htm
2002.09.03 22:36 B c:\crea\publicca\bCentral\web\dmware\WebDAV\propreg\default.htm --> ftp.nfocentrale.net /web/dmware/WebDAV/propreg default.htm
2002.09.03 22:36 B c:\crea\publicca\bCentral\web\dmware\WebDAV\propreg\index.htm --> ftp.nfocentrale.net /web/dmware/WebDAV/propreg index.htm
2002.09.03 22:36 B c:\crea\publicca\bCentral\web\dmware\WebDAV\propreg\vssver.scc --> ftp.nfocentrale.net /web/dmware/WebDAV/propreg vssver.scc
2002.09.04 08:16 B c:\crea\publicca\bCentral\web\dmware\WebDAV\propreg\WS_FTP.LOG --> ftp.nfocentrale.net /web/dmware/WebDAV/propreg WS_FTP.LOG
2002.10.04 16:55 B c:\crea\publicca\bCentral\web\dmware\WebDAV\propreg\Q021002.htm --> ftp.nfocentrale.net /web/dmware/WebDAV/propreg Q021002.htm
2002.10.04 16:55 B c:\crea\publicca\bCentral\web\dmware\WebDAV\propreg\Q021005.htm --> ftp.nfocentrale.net /web/dmware/WebDAV/propreg Q021005.htm
2002.10.04 16:55 B c:\crea\publicca\bCentral\web\dmware\WebDAV\propreg\vssver.scc --> ftp.nfocentrale.net /web/dmware/WebDAV/propreg vssver.scc
2002.10.07 21:49 B c:\crea\publicca\bCentral\web\dmware\WebDAV\propreg\WS_FTP.LOG --> ftp.nfocentrale.net /web/dmware/WebDAV/propreg WS_FTP.LOG
2002.10.07 23:30 B c:\crea\publicca\bCentral\web\dmware\WebDAV\propreg\vssver.scc --> ftp.nfocentrale.net /web/dmware/WebDAV/propreg vssver.scc
2002.10.08 17:33 B c:\crea\publicca\bCentral\web\dmware\WebDAV\propreg\default.htm --> ftp.nfocentrale.net /web/dmware/WebDAV/propreg default.htm
2002.10.08 17:33 B c:\crea\publicca\bCentral\web\dmware\WebDAV\propreg\index.htm --> ftp.nfocentrale.net /web/dmware/WebDAV/propreg index.htm
2002.10.08 17:33 B c:\crea\publicca\bCentral\web\dmware\WebDAV\propreg\Q021002.htm --> ftp.nfocentrale.net /web/dmware/WebDAV/propreg Q021002.htm
2002.10.08 17:33 B c:\crea\publicca\bCentral\web\dmware\WebDAV\propreg\Q021005.htm --> ftp.nfocentrale.net /web/dmware/WebDAV/propreg Q021005.htm
2002.10.08 17:33 B c:\crea\publicca\bCentral\web\dmware\WebDAV\propreg\vssver.scc --> ftp.nfocentrale.net /web/dmware/WebDAV/propreg vssver.scc
2002.10.08 23:04 B c:\crea\publicca\bCentral\web\dmware\WebDAV\propreg\WS_FTP.LOG --> ftp.nfocentrale.net /web/dmware/WebDAV/propreg WS_FTP.LOG
2002.10.15 11:24 B c:\crea\publicca\bCentral\web\dmware\WebDAV\propreg\default.htm --> ftp.nfocentrale.net /web/dmware/WebDAV/propreg default.htm
2002.10.15 11:24 B c:\crea\publicca\bCentral\web\dmware\WebDAV\propreg\draft-ietf-webdav-propreg-reqs-00-edit.rtf --> ftp.nfocentrale.net /web/dmware/WebDAV/propreg draft-ietf-webdav-propreg-reqs-00-edit.rtf
2002.10.15 11:24 B c:\crea\publicca\bCentral\web\dmware\WebDAV\propreg\vssver.scc --> ftp.nfocentrale.net /web/dmware/WebDAV/propreg vssver.scc
2002.10.15 11:24 B c:\crea\publicca\bCentral\web\dmware\WebDAV\propreg\WS_FTP.LOG --> ftp.nfocentrale.net /web/dmware/WebDAV/propreg WS_FTP.LOG
2002.10.16 22:42 B c:\crea\publicca\bCentral\web\dmware\WebDAV\propreg\draft-ietf-webdav-propreg-reqs-00-edit.rtf --> ftp.nfocentrale.net /web/dmware/WebDAV/propreg draft-ietf-webdav-propreg-reqs-00-edit.rtf
2002.10.16 22:42 B c:\crea\publicca\bCentral\web\dmware\WebDAV\propreg\vssver.scc --> ftp.nfocentrale.net /web/dmware/WebDAV/propreg vssver.scc
2002.12.10 16:13 B c:\crea\publicca\bCentral\web\dmware\WebDAV\propreg\draft-ietf-webdav-propreg-reqs-00-edit.rtf --> ftp.nfocentrale.net /web/dmware/WebDAV/propreg draft-ietf-webdav-propreg-reqs-00-edit.rtf
2002.12.10 16:13 B c:\crea\publicca\bCentral\web\dmware\WebDAV\propreg\vssver.scc --> ftp.nfocentrale.net /web/dmware/WebDAV/propreg vssver.scc
2002.12.10 16:13 B c:\crea\publicca\bCentral\web\dmware\WebDAV\propreg\WS_FTP.LOG --> ftp.nfocentrale.net /web/dmware/WebDAV/propreg WS_FTP.LOG
2002.12.11 17:57 B c:\crea\publicca\bCentral\web\dmware\WebDAV\propreg\WS_FTP.LOG --> ftp.nfocentrale.net /web/dmware/WebDAV/propreg WS_FTP.LOG
2003.01.06 17:37 B c:\crea\publicca\bCentral\web\dmware\WebDAV\propreg\DAV-Requirements-slein.pdf --> ftp.nfocentrale.net /web/dmware/WebDAV/propreg DAV-Requirements-slein.pdf
2003.01.06 17:37 B c:\crea\publicca\bCentral\web\dmware\WebDAV\propreg\rfc2518-WebDAV-PropsPieces.doc --> ftp.nfocentrale.net /web/dmware/WebDAV/propreg rfc2518-WebDAV-PropsPieces.doc
2003.01.06 17:37 B c:\crea\publicca\bCentral\web\dmware\WebDAV\propreg\vssver.scc --> ftp.nfocentrale.net /web/dmware/WebDAV/propreg vssver.scc
