2001.12.30 10:25 B c:\crea\publicca\bCentral\web\millennia-antica\construction\construction.htm --> ftp.nfocentrale.net /web/millennia-antica/construction construction.htm
2001.12.30 10:25 B c:\crea\publicca\bCentral\web\millennia-antica\construction\index.htm --> ftp.nfocentrale.net /web/millennia-antica/construction index.htm
2001.12.30 10:25 B c:\crea\publicca\bCentral\web\millennia-antica\construction\orcmid.htm --> ftp.nfocentrale.net /web/millennia-antica/construction orcmid.htm
2001.12.30 10:25 B c:\crea\publicca\bCentral\web\millennia-antica\construction\vssver.scc --> ftp.nfocentrale.net /web/millennia-antica/construction vssver.scc
2001.12.30 10:30 B c:\crea\publicca\bCentral\web\millennia-antica\construction\WS_FTP.LOG --> ftp.nfocentrale.net /web/millennia-antica/construction WS_FTP.LOG
2002.01.01 23:23 B c:\crea\publicca\bCentral\web\millennia-antica\construction\construction.htm --> ftp.nfocentrale.net /web/millennia-antica/construction construction.htm
2002.01.01 23:23 B c:\crea\publicca\bCentral\web\millennia-antica\construction\index.htm --> ftp.nfocentrale.net /web/millennia-antica/construction index.htm
2002.01.01 23:23 B c:\crea\publicca\bCentral\web\millennia-antica\construction\vssver.scc --> ftp.nfocentrale.net /web/millennia-antica/construction vssver.scc
2002.01.07 21:00 B c:\crea\publicca\bCentral\web\millennia-antica\construction\WS_FTP.LOG --> ftp.nfocentrale.net /web/millennia-antica/construction WS_FTP.LOG
2002.01.08 15:15 B c:\crea\publicca\bCentral\web\millennia-antica\construction\construction.htm --> ftp.nfocentrale.net /web/millennia-antica/construction construction.htm
2002.01.08 15:15 B c:\crea\publicca\bCentral\web\millennia-antica\construction\index.htm --> ftp.nfocentrale.net /web/millennia-antica/construction index.htm
2002.01.08 15:15 B c:\crea\publicca\bCentral\web\millennia-antica\construction\orcmid.htm --> ftp.nfocentrale.net /web/millennia-antica/construction orcmid.htm
2002.01.08 15:15 B c:\crea\publicca\bCentral\web\millennia-antica\construction\vssver.scc --> ftp.nfocentrale.net /web/millennia-antica/construction vssver.scc
2002.01.08 21:38 B c:\crea\publicca\bCentral\web\millennia-antica\construction\construction.htm --> ftp.nfocentrale.net /web/millennia-antica/construction construction.htm
2002.01.08 21:38 B c:\crea\publicca\bCentral\web\millennia-antica\construction\vssver.scc --> ftp.nfocentrale.net /web/millennia-antica/construction vssver.scc
2002.01.08 21:38 B c:\crea\publicca\bCentral\web\millennia-antica\construction\WS_FTP.LOG --> ftp.nfocentrale.net /web/millennia-antica/construction WS_FTP.LOG
2002.01.12 16:01 B c:\crea\publicca\bCentral\web\millennia-antica\construction\construction.htm --> ftp.nfocentrale.net /web/millennia-antica/construction construction.htm
2002.01.12 16:01 B c:\crea\publicca\bCentral\web\millennia-antica\construction\index.htm --> ftp.nfocentrale.net /web/millennia-antica/construction index.htm
2002.01.12 16:01 B c:\crea\publicca\bCentral\web\millennia-antica\construction\orcmid.htm --> ftp.nfocentrale.net /web/millennia-antica/construction orcmid.htm
2002.01.12 16:01 B c:\crea\publicca\bCentral\web\millennia-antica\construction\vssver.scc --> ftp.nfocentrale.net /web/millennia-antica/construction vssver.scc
2002.01.14 11:48 B c:\crea\publicca\bCentral\web\millennia-antica\construction\WS_FTP.LOG --> ftp.nfocentrale.net /web/millennia-antica/construction WS_FTP.LOG
2002.02.03 08:47 B c:\crea\publicca\bCentral\web\millennia-antica\construction\construction.htm --> ftp.nfocentrale.net /web/millennia-antica/construction construction.htm
2002.02.03 08:47 B c:\crea\publicca\bCentral\web\millennia-antica\construction\orcmid.htm --> ftp.nfocentrale.net /web/millennia-antica/construction orcmid.htm
2002.02.03 08:47 B c:\crea\publicca\bCentral\web\millennia-antica\construction\vssver.scc --> ftp.nfocentrale.net /web/millennia-antica/construction vssver.scc
2002.07.31 00:17 B c:\crea\publicca\bCentral\web\millennia-antica\construction\index.htm --> ftp.nfocentrale.net /web/millennia-antica/construction index.htm
2002.07.31 00:17 B c:\crea\publicca\bCentral\web\millennia-antica\construction\WS_FTP.LOG --> ftp.nfocentrale.net /web/millennia-antica/construction WS_FTP.LOG
2002.08.02 14:49 B c:\crea\publicca\bCentral\web\millennia-antica\construction\construction.htm --> ftp.nfocentrale.net /web/millennia-antica/construction construction.htm
2002.08.02 14:49 B c:\crea\publicca\bCentral\web\millennia-antica\construction\index.htm --> ftp.nfocentrale.net /web/millennia-antica/construction index.htm
2002.08.02 14:49 B c:\crea\publicca\bCentral\web\millennia-antica\construction\orcmid.htm --> ftp.nfocentrale.net /web/millennia-antica/construction orcmid.htm
2002.08.02 14:49 B c:\crea\publicca\bCentral\web\millennia-antica\construction\vssver.scc --> ftp.nfocentrale.net /web/millennia-antica/construction vssver.scc
2002.08.02 14:49 B c:\crea\publicca\bCentral\web\millennia-antica\construction\WS_FTP.LOG --> ftp.nfocentrale.net /web/millennia-antica/construction WS_FTP.LOG
2002.08.02 22:28 B c:\crea\publicca\bCentral\web\millennia-antica\construction\WS_FTP.LOG --> ftp.nfocentrale.net /web/millennia-antica/construction WS_FTP.LOG
2002.08.04 18:19 B c:\crea\publicca\bCentral\web\millennia-antica\construction\WS_FTP.LOG --> ftp.nfocentrale.net /web/millennia-antica/construction WS_FTP.LOG
2002.08.04 18:52 B c:\crea\publicca\bCentral\web\millennia-antica\construction\WS_FTP.LOG --> ftp.nfocentrale.net /web/millennia-antica/construction WS_FTP.LOG
2002.08.15 22:31 B c:\crea\publicca\bCentral\web\millennia-antica\construction\WS_FTP.LOG --> ftp.nfocentrale.net /web/millennia-antica/construction WS_FTP.LOG
2002.08.19 12:58 B c:\crea\publicca\bCentral\web\millennia-antica\construction\construction.htm --> ftp.nfocentrale.net /web/millennia-antica/construction construction.htm
2002.08.19 12:58 B c:\crea\publicca\bCentral\web\millennia-antica\construction\index.htm --> ftp.nfocentrale.net /web/millennia-antica/construction index.htm
2002.08.19 12:58 B c:\crea\publicca\bCentral\web\millennia-antica\construction\orcmid.htm --> ftp.nfocentrale.net /web/millennia-antica/construction orcmid.htm
2002.08.19 12:58 B c:\crea\publicca\bCentral\web\millennia-antica\construction\vssver.scc --> ftp.nfocentrale.net /web/millennia-antica/construction vssver.scc
2002.09.02 18:28 B c:\crea\publicca\bCentral\web\millennia-antica\construction\WS_FTP.LOG --> ftp.nfocentrale.net /web/millennia-antica/construction WS_FTP.LOG
2002.09.02 22:48 B c:\crea\publicca\bCentral\web\millennia-antica\construction\FOT0222-03-2002-09-02D.png --> ftp.nfocentrale.net /web/millennia-antica/construction FOT0222-03-2002-09-02D.png
2002.09.02 22:48 B c:\crea\publicca\bCentral\web\millennia-antica\construction\VHamilton-MA-info.doc --> ftp.nfocentrale.net /web/millennia-antica/construction VHamilton-MA-info.doc
2002.09.02 22:48 B c:\crea\publicca\bCentral\web\millennia-antica\construction\vssver.scc --> ftp.nfocentrale.net /web/millennia-antica/construction vssver.scc
2002.09.24 20:50 B c:\crea\publicca\bCentral\web\millennia-antica\construction\WS_FTP.LOG --> ftp.nfocentrale.net /web/millennia-antica/construction WS_FTP.LOG
2002.10.04 11:55 B c:\crea\publicca\bCentral\web\millennia-antica\construction\index.htm --> ftp.nfocentrale.net /web/millennia-antica/construction index.htm
2002.10.04 11:55 B c:\crea\publicca\bCentral\web\millennia-antica\construction\orcmid.htm --> ftp.nfocentrale.net /web/millennia-antica/construction orcmid.htm
2002.10.04 11:55 B c:\crea\publicca\bCentral\web\millennia-antica\construction\vssver.scc --> ftp.nfocentrale.net /web/millennia-antica/construction vssver.scc
2002.10.12 10:10 B c:\crea\publicca\bCentral\web\millennia-antica\construction\WS_FTP.LOG --> ftp.nfocentrale.net /web/millennia-antica/construction WS_FTP.LOG
2002.10.12 14:26 B c:\crea\publicca\bCentral\web\millennia-antica\construction\construction.htm --> ftp.nfocentrale.net /web/millennia-antica/construction construction.htm
2002.10.12 14:26 B c:\crea\publicca\bCentral\web\millennia-antica\construction\orcmid.htm --> ftp.nfocentrale.net /web/millennia-antica/construction orcmid.htm
2002.10.12 14:26 B c:\crea\publicca\bCentral\web\millennia-antica\construction\vssver.scc --> ftp.nfocentrale.net /web/millennia-antica/construction vssver.scc
2002.10.12 16:31 B c:\crea\publicca\bCentral\web\millennia-antica\construction\orcmid.htm --> ftp.nfocentrale.net /web/millennia-antica/construction orcmid.htm
2002.10.12 16:31 B c:\crea\publicca\bCentral\web\millennia-antica\construction\vssver.scc --> ftp.nfocentrale.net /web/millennia-antica/construction vssver.scc
2002.10.12 16:31 B c:\crea\publicca\bCentral\web\millennia-antica\construction\WS_FTP.LOG --> ftp.nfocentrale.net /web/millennia-antica/construction WS_FTP.LOG
2002.10.13 10:15 B c:\crea\publicca\bCentral\web\millennia-antica\construction\construction.htm --> ftp.nfocentrale.net /web/millennia-antica/construction construction.htm
2002.10.13 10:15 B c:\crea\publicca\bCentral\web\millennia-antica\construction\orcmid.htm --> ftp.nfocentrale.net /web/millennia-antica/construction orcmid.htm
2002.10.13 10:16 B c:\crea\publicca\bCentral\web\millennia-antica\construction\vssver.scc --> ftp.nfocentrale.net /web/millennia-antica/construction vssver.scc
2002.10.13 10:25 B c:\crea\publicca\bCentral\web\millennia-antica\construction\WS_FTP.LOG --> ftp.nfocentrale.net /web/millennia-antica/construction WS_FTP.LOG
2002.10.13 10:30 B c:\crea\publicca\bCentral\web\millennia-antica\construction\orcmid.htm --> ftp.nfocentrale.net /web/millennia-antica/construction orcmid.htm
2002.10.13 10:30 B c:\crea\publicca\bCentral\web\millennia-antica\construction\vssver.scc --> ftp.nfocentrale.net /web/millennia-antica/construction vssver.scc
2002.10.13 10:40 B c:\crea\publicca\bCentral\web\millennia-antica\construction\orcmid.htm --> ftp.nfocentrale.net /web/millennia-antica/construction orcmid.htm
2002.10.13 10:40 B c:\crea\publicca\bCentral\web\millennia-antica\construction\vssver.scc --> ftp.nfocentrale.net /web/millennia-antica/construction vssver.scc
2002.10.13 10:40 B c:\crea\publicca\bCentral\web\millennia-antica\construction\WS_FTP.LOG --> ftp.nfocentrale.net /web/millennia-antica/construction WS_FTP.LOG
2002.10.13 10:44 B c:\crea\publicca\bCentral\web\millennia-antica\construction\orcmid.htm --> ftp.nfocentrale.net /web/millennia-antica/construction orcmid.htm
2002.10.13 10:44 B c:\crea\publicca\bCentral\web\millennia-antica\construction\vssver.scc --> ftp.nfocentrale.net /web/millennia-antica/construction vssver.scc
2002.10.13 10:44 B c:\crea\publicca\bCentral\web\millennia-antica\construction\WS_FTP.LOG --> ftp.nfocentrale.net /web/millennia-antica/construction WS_FTP.LOG
2002.10.13 10:58 B c:\crea\publicca\bCentral\web\millennia-antica\construction\orcmid.htm --> ftp.nfocentrale.net /web/millennia-antica/construction orcmid.htm
2002.10.13 10:58 B c:\crea\publicca\bCentral\web\millennia-antica\construction\vssver.scc --> ftp.nfocentrale.net /web/millennia-antica/construction vssver.scc
2002.10.13 11:17 B c:\crea\publicca\bCentral\web\millennia-antica\construction\orcmid.htm --> ftp.nfocentrale.net /web/millennia-antica/construction orcmid.htm
2002.10.13 11:17 B c:\crea\publicca\bCentral\web\millennia-antica\construction\vssver.scc --> ftp.nfocentrale.net /web/millennia-antica/construction vssver.scc
2002.10.13 11:17 B c:\crea\publicca\bCentral\web\millennia-antica\construction\WS_FTP.LOG --> ftp.nfocentrale.net /web/millennia-antica/construction WS_FTP.LOG
