2002.08.19 18:39 B c:\crea\publicca\bCentral\web\orcmid\themes\construction.htm --> ftp.nfocentrale.net /web/orcmid/themes construction.htm
2002.08.19 18:39 B c:\crea\publicca\bCentral\web\orcmid\themes\index.htm --> ftp.nfocentrale.net /web/orcmid/themes index.htm
2002.08.19 18:39 B c:\crea\publicca\bCentral\web\orcmid\themes\T01-log.htm --> ftp.nfocentrale.net /web/orcmid/themes T01-log.htm
2002.08.19 18:39 B c:\crea\publicca\bCentral\web\orcmid\themes\T011100.htm --> ftp.nfocentrale.net /web/orcmid/themes T011100.htm
2002.08.19 18:39 B c:\crea\publicca\bCentral\web\orcmid\themes\T011100a.htm --> ftp.nfocentrale.net /web/orcmid/themes T011100a.htm
2002.08.19 18:39 B c:\crea\publicca\bCentral\web\orcmid\themes\T011100b.htm --> ftp.nfocentrale.net /web/orcmid/themes T011100b.htm
2002.08.19 18:39 B c:\crea\publicca\bCentral\web\orcmid\themes\T011100c.htm --> ftp.nfocentrale.net /web/orcmid/themes T011100c.htm
2002.08.19 18:39 B c:\crea\publicca\bCentral\web\orcmid\themes\T011100d.htm --> ftp.nfocentrale.net /web/orcmid/themes T011100d.htm
2002.08.19 18:39 B c:\crea\publicca\bCentral\web\orcmid\themes\T011100e.htm --> ftp.nfocentrale.net /web/orcmid/themes T011100e.htm
2002.08.19 18:39 B c:\crea\publicca\bCentral\web\orcmid\themes\T011100f.htm --> ftp.nfocentrale.net /web/orcmid/themes T011100f.htm
2002.08.19 18:39 B c:\crea\publicca\bCentral\web\orcmid\themes\T011100g.htm --> ftp.nfocentrale.net /web/orcmid/themes T011100g.htm
2002.08.19 18:39 B c:\crea\publicca\bCentral\web\orcmid\themes\T011100h.htm --> ftp.nfocentrale.net /web/orcmid/themes T011100h.htm
2002.08.19 18:39 B c:\crea\publicca\bCentral\web\orcmid\themes\T011100i.htm --> ftp.nfocentrale.net /web/orcmid/themes T011100i.htm
2002.08.19 18:39 B c:\crea\publicca\bCentral\web\orcmid\themes\T011100j.htm --> ftp.nfocentrale.net /web/orcmid/themes T011100j.htm
2002.08.19 18:39 B c:\crea\publicca\bCentral\web\orcmid\themes\T011100k.htm --> ftp.nfocentrale.net /web/orcmid/themes T011100k.htm
2002.08.19 18:39 B c:\crea\publicca\bCentral\web\orcmid\themes\T011100l.htm --> ftp.nfocentrale.net /web/orcmid/themes T011100l.htm
2002.08.19 18:39 B c:\crea\publicca\bCentral\web\orcmid\themes\T011100m.htm --> ftp.nfocentrale.net /web/orcmid/themes T011100m.htm
2002.08.19 18:39 B c:\crea\publicca\bCentral\web\orcmid\themes\T011100n.htm --> ftp.nfocentrale.net /web/orcmid/themes T011100n.htm
2002.08.19 18:39 B c:\crea\publicca\bCentral\web\orcmid\themes\T011100o.htm --> ftp.nfocentrale.net /web/orcmid/themes T011100o.htm
2002.08.19 18:39 B c:\crea\publicca\bCentral\web\orcmid\themes\T011100p.htm --> ftp.nfocentrale.net /web/orcmid/themes T011100p.htm
2002.08.19 18:39 B c:\crea\publicca\bCentral\web\orcmid\themes\T011100q.htm --> ftp.nfocentrale.net /web/orcmid/themes T011100q.htm
2002.08.19 18:39 B c:\crea\publicca\bCentral\web\orcmid\themes\T011100r.htm --> ftp.nfocentrale.net /web/orcmid/themes T011100r.htm
2002.08.19 18:39 B c:\crea\publicca\bCentral\web\orcmid\themes\T011200.htm --> ftp.nfocentrale.net /web/orcmid/themes T011200.htm
2002.08.19 18:39 B c:\crea\publicca\bCentral\web\orcmid\themes\vssver.scc --> ftp.nfocentrale.net /web/orcmid/themes vssver.scc
2002.08.19 22:34 B c:\crea\publicca\bCentral\web\orcmid\themes\WS_FTP.LOG --> ftp.nfocentrale.net /web/orcmid/themes WS_FTP.LOG
