2002.03.30 23:01 B c:\crea\publicca\bCentral\web\miser\images\construction.htm --> ftp.nfocentrale.net /web/miser/images construction.htm
2002.03.30 23:01 B c:\crea\publicca\bCentral\web\miser\images\hardhat-logo.gif --> ftp.nfocentrale.net /web/miser/images hardhat-logo.gif
2002.03.30 23:01 B c:\crea\publicca\bCentral\web\miser\images\index.htm --> ftp.nfocentrale.net /web/miser/images index.htm
2002.03.30 23:02 B c:\crea\publicca\bCentral\web\miser\images\MiserTheory-logo.gif --> ftp.nfocentrale.net /web/miser/images MiserTheory-logo.gif
2002.03.30 23:02 B c:\crea\publicca\bCentral\web\miser\images\vssver.scc --> ftp.nfocentrale.net /web/miser/images vssver.scc
2002.03.31 20:10 B c:\crea\publicca\bCentral\web\miser\images\WS_FTP.LOG --> ftp.nfocentrale.net /web/miser/images WS_FTP.LOG
2002.07.11 15:46 B c:\crea\publicca\bCentral\web\miser\images\construction.htm --> ftp.nfocentrale.net /web/miser/images construction.htm
2002.07.11 15:46 B c:\crea\publicca\bCentral\web\miser\images\index.htm --> ftp.nfocentrale.net /web/miser/images index.htm
2002.07.11 15:46 B c:\crea\publicca\bCentral\web\miser\images\MiserTheory-logo.gif --> ftp.nfocentrale.net /web/miser/images MiserTheory-logo.gif
2002.07.11 15:46 B c:\crea\publicca\bCentral\web\miser\images\oMiserTheory-logo.gif --> ftp.nfocentrale.net /web/miser/images oMiserTheory-logo.gif
2002.07.11 15:46 B c:\crea\publicca\bCentral\web\miser\images\oMiserTheory-logo.png --> ftp.nfocentrale.net /web/miser/images oMiserTheory-logo.png
2002.07.11 15:46 B c:\crea\publicca\bCentral\web\miser\images\oMiserTheory-logo.vsd --> ftp.nfocentrale.net /web/miser/images oMiserTheory-logo.vsd
2002.07.11 15:46 B c:\crea\publicca\bCentral\web\miser\images\vssver.scc --> ftp.nfocentrale.net /web/miser/images vssver.scc
2002.07.11 19:50 B c:\crea\publicca\bCentral\web\miser\images\WS_FTP.LOG --> ftp.nfocentrale.net /web/miser/images WS_FTP.LOG
2002.07.12 19:11 B c:\crea\publicca\bCentral\web\miser\images\MiserTheory-logo.gif --> ftp.nfocentrale.net /web/miser/images MiserTheory-logo.gif
2002.07.12 19:11 B c:\crea\publicca\bCentral\web\miser\images\oMiserTheory-logo.gif --> ftp.nfocentrale.net /web/miser/images oMiserTheory-logo.gif
2002.07.12 19:11 B c:\crea\publicca\bCentral\web\miser\images\oMiserTheory-logo.vsd --> ftp.nfocentrale.net /web/miser/images oMiserTheory-logo.vsd
2002.07.12 19:11 B c:\crea\publicca\bCentral\web\miser\images\vssver.scc --> ftp.nfocentrale.net /web/miser/images vssver.scc
2002.07.12 19:47 B c:\crea\publicca\bCentral\web\miser\images\MiserTheory-logo.gif --> ftp.nfocentrale.net /web/miser/images MiserTheory-logo.gif
2002.07.12 19:47 B c:\crea\publicca\bCentral\web\miser\images\oMiserTheory-logo.gif --> ftp.nfocentrale.net /web/miser/images oMiserTheory-logo.gif
2002.07.12 19:47 B c:\crea\publicca\bCentral\web\miser\images\oMiserTheory-logo.mic --> ftp.nfocentrale.net /web/miser/images oMiserTheory-logo.mic
2002.07.12 19:47 B c:\crea\publicca\bCentral\web\miser\images\oMiserTheory-logo.vsd --> ftp.nfocentrale.net /web/miser/images oMiserTheory-logo.vsd
2002.07.12 19:47 B c:\crea\publicca\bCentral\web\miser\images\vssver.scc --> ftp.nfocentrale.net /web/miser/images vssver.scc
2002.07.12 19:47 B c:\crea\publicca\bCentral\web\miser\images\WS_FTP.LOG --> ftp.nfocentrale.net /web/miser/images WS_FTP.LOG
2002.07.14 12:54 B c:\crea\publicca\bCentral\web\miser\images\construction.htm --> ftp.nfocentrale.net /web/miser/images construction.htm
2002.07.14 12:54 B c:\crea\publicca\bCentral\web\miser\images\index.htm --> ftp.nfocentrale.net /web/miser/images index.htm
2002.07.14 12:54 B c:\crea\publicca\bCentral\web\miser\images\vssver.scc --> ftp.nfocentrale.net /web/miser/images vssver.scc
2002.07.16 11:52 B c:\crea\publicca\bCentral\web\miser\images\WS_FTP.LOG --> ftp.nfocentrale.net /web/miser/images WS_FTP.LOG
2002.10.10 17:30 B c:\crea\publicca\bCentral\web\miser\images\vssver.scc --> ftp.nfocentrale.net /web/miser/images vssver.scc
2002.10.13 22:08 B c:\crea\publicca\bCentral\web\miser\images\WS_FTP.LOG --> ftp.nfocentrale.net /web/miser/images WS_FTP.LOG
