2002.03.30 23:02 B c:\crea\publicca\bCentral\web\miser\BinSearch.cpp --> ftp.nfocentrale.net /web/miser BinSearch.cpp
2002.03.30 23:02 B c:\crea\publicca\bCentral\web\miser\BinSearch.py --> ftp.nfocentrale.net /web/miser BinSearch.py
2002.03.30 23:02 B c:\crea\publicca\bCentral\web\miser\construction.htm --> ftp.nfocentrale.net /web/miser construction.htm
2002.03.30 23:02 B c:\crea\publicca\bCentral\web\miser\default.htm --> ftp.nfocentrale.net /web/miser default.htm
2002.03.30 23:02 B c:\crea\publicca\bCentral\web\miser\index.htm --> ftp.nfocentrale.net /web/miser index.htm
2002.03.30 23:02 B c:\crea\publicca\bCentral\web\miser\notations.htm --> ftp.nfocentrale.net /web/miser notations.htm
2002.03.30 23:02 B c:\crea\publicca\bCentral\web\miser\synopsis.htm --> ftp.nfocentrale.net /web/miser synopsis.htm
2002.03.30 23:02 B c:\crea\publicca\bCentral\web\miser\vssver.scc --> ftp.nfocentrale.net /web/miser vssver.scc
2002.03.31 20:10 B c:\crea\publicca\bCentral\web\miser\default.htm --> ftp.nfocentrale.net /web/miser default.htm
2002.03.31 20:10 B c:\crea\publicca\bCentral\web\miser\vssver.scc --> ftp.nfocentrale.net /web/miser vssver.scc
2002.03.31 20:10 B c:\crea\publicca\bCentral\web\miser\WS_FTP.LOG --> ftp.nfocentrale.net /web/miser WS_FTP.LOG
2002.07.10 14:29 B c:\crea\publicca\bCentral\web\miser\construction.htm --> ftp.nfocentrale.net /web/miser construction.htm
2002.07.10 14:29 B c:\crea\publicca\bCentral\web\miser\default.htm --> ftp.nfocentrale.net /web/miser default.htm
2002.07.10 14:29 B c:\crea\publicca\bCentral\web\miser\synopsis.htm --> ftp.nfocentrale.net /web/miser synopsis.htm
2002.07.10 14:29 B c:\crea\publicca\bCentral\web\miser\vssver.scc --> ftp.nfocentrale.net /web/miser vssver.scc
2002.07.11 15:47 B c:\crea\publicca\bCentral\web\miser\construction.htm --> ftp.nfocentrale.net /web/miser construction.htm
2002.07.11 15:47 B c:\crea\publicca\bCentral\web\miser\default.htm --> ftp.nfocentrale.net /web/miser default.htm
2002.07.11 15:47 B c:\crea\publicca\bCentral\web\miser\index.htm --> ftp.nfocentrale.net /web/miser index.htm
2002.07.11 15:47 B c:\crea\publicca\bCentral\web\miser\synopsis.htm --> ftp.nfocentrale.net /web/miser synopsis.htm
2002.07.11 15:47 B c:\crea\publicca\bCentral\web\miser\vssver.scc --> ftp.nfocentrale.net /web/miser vssver.scc
2002.07.11 15:47 B c:\crea\publicca\bCentral\web\miser\WS_FTP.LOG --> ftp.nfocentrale.net /web/miser WS_FTP.LOG
2002.07.11 19:50 B c:\crea\publicca\bCentral\web\miser\default.htm --> ftp.nfocentrale.net /web/miser default.htm
2002.07.11 19:50 B c:\crea\publicca\bCentral\web\miser\vssver.scc --> ftp.nfocentrale.net /web/miser vssver.scc
2002.07.12 14:25 B c:\crea\publicca\bCentral\web\miser\WS_FTP.LOG --> ftp.nfocentrale.net /web/miser WS_FTP.LOG
2002.07.14 12:55 B c:\crea\publicca\bCentral\web\miser\construction.htm --> ftp.nfocentrale.net /web/miser construction.htm
2002.07.14 12:55 B c:\crea\publicca\bCentral\web\miser\default.htm --> ftp.nfocentrale.net /web/miser default.htm
2002.07.14 12:55 B c:\crea\publicca\bCentral\web\miser\index.htm --> ftp.nfocentrale.net /web/miser index.htm
2002.07.14 12:55 B c:\crea\publicca\bCentral\web\miser\notations.htm --> ftp.nfocentrale.net /web/miser notations.htm
2002.07.14 12:55 B c:\crea\publicca\bCentral\web\miser\synopsis.htm --> ftp.nfocentrale.net /web/miser synopsis.htm
2002.07.14 12:55 B c:\crea\publicca\bCentral\web\miser\vssver.scc --> ftp.nfocentrale.net /web/miser vssver.scc
2002.07.16 11:53 B c:\crea\publicca\bCentral\web\miser\WS_FTP.LOG --> ftp.nfocentrale.net /web/miser WS_FTP.LOG
2002.07.17 15:38 B c:\crea\publicca\bCentral\web\miser\default.htm --> ftp.nfocentrale.net /web/miser default.htm
2002.07.17 15:38 B c:\crea\publicca\bCentral\web\miser\vssver.scc --> ftp.nfocentrale.net /web/miser vssver.scc
2002.08.15 22:31 B c:\crea\publicca\bCentral\web\miser\WS_FTP.LOG --> ftp.nfocentrale.net /web/miser WS_FTP.LOG
2002.10.10 17:31 B c:\crea\publicca\bCentral\web\miser\vssver.scc --> ftp.nfocentrale.net /web/miser vssver.scc
2002.10.13 22:09 B c:\crea\publicca\bCentral\web\miser\construction.htm --> ftp.nfocentrale.net /web/miser construction.htm
2002.10.13 22:09 B c:\crea\publicca\bCentral\web\miser\default.htm --> ftp.nfocentrale.net /web/miser default.htm
2002.10.13 22:09 B c:\crea\publicca\bCentral\web\miser\synopsis.htm --> ftp.nfocentrale.net /web/miser synopsis.htm
2002.10.13 22:09 B c:\crea\publicca\bCentral\web\miser\vssver.scc --> ftp.nfocentrale.net /web/miser vssver.scc
2002.10.13 22:09 B c:\crea\publicca\bCentral\web\miser\WS_FTP.LOG --> ftp.nfocentrale.net /web/miser WS_FTP.LOG
