2000.06.15 17:19 A C:\crea\publicca\vservers\WWW\htdocs\odma\support\construction.htm --> www.infonuovo.com /www/htdocs/odma/support construction.htm
2000.06.15 17:19 A C:\crea\publicca\vservers\WWW\htdocs\odma\support\default.htm --> www.infonuovo.com /www/htdocs/odma/support default.htm
2000.06.15 17:19 A C:\crea\publicca\vservers\WWW\htdocs\odma\support\index.htm --> www.infonuovo.com /www/htdocs/odma/support index.htm
2000.06.15 17:19 B C:\crea\publicca\vservers\WWW\htdocs\odma\support\vssver.scc --> www.infonuovo.com /www/htdocs/odma/support vssver.scc
2000.06.15 17:19 A C:\crea\publicca\vservers\WWW\htdocs\odma\support\X000500.htm --> www.infonuovo.com /www/htdocs/odma/support X000500.htm
2000.06.19 12:44 A C:\crea\publicca\vservers\WWW\htdocs\odma\support\construction.htm --> www.infonuovo.com /www/htdocs/odma/support construction.htm
2000.06.19 12:44 A C:\crea\publicca\vservers\WWW\htdocs\odma\support\default.htm --> www.infonuovo.com /www/htdocs/odma/support default.htm
2000.06.19 12:44 A C:\crea\publicca\vservers\WWW\htdocs\odma\support\sow-2000.htm --> www.infonuovo.com /www/htdocs/odma/support sow-2000.htm
2000.06.19 12:44 A C:\crea\publicca\vservers\WWW\htdocs\odma\support\support.htm --> www.infonuovo.com /www/htdocs/odma/support support.htm
2000.06.19 12:44 B C:\crea\publicca\vservers\WWW\htdocs\odma\support\vssver.scc --> www.infonuovo.com /www/htdocs/odma/support vssver.scc
2000.06.19 12:44 B C:\crea\publicca\vservers\WWW\htdocs\odma\support\WS_FTP.LOG --> www.infonuovo.com /www/htdocs/odma/support WS_FTP.LOG
2000.06.19 12:44 A C:\crea\publicca\vservers\WWW\htdocs\odma\support\X000500.htm --> www.infonuovo.com /www/htdocs/odma/support X000500.htm
2000.06.19 15:16 A C:\crea\publicca\vservers\WWW\htdocs\odma\support\construction.htm --> www.infonuovo.com /www/htdocs/odma/support construction.htm
2000.06.19 15:16 A C:\crea\publicca\vservers\WWW\htdocs\odma\support\default.htm --> www.infonuovo.com /www/htdocs/odma/support default.htm
2000.06.19 15:16 A C:\crea\publicca\vservers\WWW\htdocs\odma\support\sow-2000.htm --> www.infonuovo.com /www/htdocs/odma/support sow-2000.htm
2000.06.19 15:16 A C:\crea\publicca\vservers\WWW\htdocs\odma\support\support.htm --> www.infonuovo.com /www/htdocs/odma/support support.htm
2000.06.19 15:16 B C:\crea\publicca\vservers\WWW\htdocs\odma\support\vssver.scc --> www.infonuovo.com /www/htdocs/odma/support vssver.scc
2000.06.19 15:16 B C:\crea\publicca\vservers\WWW\htdocs\odma\support\WS_FTP.LOG --> www.infonuovo.com /www/htdocs/odma/support WS_FTP.LOG
2000.06.19 15:34 A C:\crea\publicca\vservers\WWW\htdocs\odma\support\construction.htm --> www.infonuovo.com /www/htdocs/odma/support construction.htm
2000.06.19 15:34 A C:\crea\publicca\vservers\WWW\htdocs\odma\support\sow-2000.htm --> www.infonuovo.com /www/htdocs/odma/support sow-2000.htm
2000.06.19 15:34 A C:\crea\publicca\vservers\WWW\htdocs\odma\support\support.htm --> www.infonuovo.com /www/htdocs/odma/support support.htm
2000.06.19 15:34 B C:\crea\publicca\vservers\WWW\htdocs\odma\support\vssver.scc --> www.infonuovo.com /www/htdocs/odma/support vssver.scc
2000.06.19 15:34 B C:\crea\publicca\vservers\WWW\htdocs\odma\support\WS_FTP.LOG --> www.infonuovo.com /www/htdocs/odma/support WS_FTP.LOG
2000.06.19 21:47 A C:\crea\publicca\vservers\WWW\htdocs\odma\support\Q000600.htm --> www.infonuovo.com /www/htdocs/odma/support Q000600.htm
2000.06.22 21:06 A C:\crea\publicca\vservers\WWW\htdocs\odma\support\construction.htm --> www.infonuovo.com /www/htdocs/odma/support construction.htm
2000.06.22 21:06 A C:\crea\publicca\vservers\WWW\htdocs\odma\support\Q000600.htm --> www.infonuovo.com /www/htdocs/odma/support Q000600.htm
2000.06.22 21:06 B C:\crea\publicca\vservers\WWW\htdocs\odma\support\vssver.scc --> www.infonuovo.com /www/htdocs/odma/support vssver.scc
2000.06.22 21:06 B C:\crea\publicca\vservers\WWW\htdocs\odma\support\WS_FTP.LOG --> www.infonuovo.com /www/htdocs/odma/support WS_FTP.LOG
2000.06.22 21:06 A C:\crea\publicca\vservers\WWW\htdocs\odma\support\x000500z.htm --> www.infonuovo.com /www/htdocs/odma/support x000500z.htm
2000.06.22 21:07 B C:\crea\publicca\vservers\WWW\htdocs\odma\support\x000500z.msg --> www.infonuovo.com /www/htdocs/odma/support x000500z.msg
2000.06.22 21:07 A C:\crea\publicca\vservers\WWW\htdocs\odma\support\X000600.htm --> www.infonuovo.com /www/htdocs/odma/support X000600.htm
2000.06.22 21:07 A C:\crea\publicca\vservers\WWW\htdocs\odma\support\x000600a.htm --> www.infonuovo.com /www/htdocs/odma/support x000600a.htm
2000.06.22 21:07 B C:\crea\publicca\vservers\WWW\htdocs\odma\support\x000600a.msg --> www.infonuovo.com /www/htdocs/odma/support x000600a.msg
2000.06.22 21:07 A C:\crea\publicca\vservers\WWW\htdocs\odma\support\x000600b.htm --> www.infonuovo.com /www/htdocs/odma/support x000600b.htm
2000.06.22 21:07 B C:\crea\publicca\vservers\WWW\htdocs\odma\support\x000600b.msg --> www.infonuovo.com /www/htdocs/odma/support x000600b.msg
2000.06.22 23:10 A C:\crea\publicca\vservers\WWW\htdocs\odma\support\construction.htm --> www.infonuovo.com /www/htdocs/odma/support construction.htm
2000.06.22 23:10 B C:\crea\publicca\vservers\WWW\htdocs\odma\support\vssver.scc --> www.infonuovo.com /www/htdocs/odma/support vssver.scc
2000.06.22 23:10 B C:\crea\publicca\vservers\WWW\htdocs\odma\support\WS_FTP.LOG --> www.infonuovo.com /www/htdocs/odma/support WS_FTP.LOG
2000.06.22 23:10 A C:\crea\publicca\vservers\WWW\htdocs\odma\support\X000600.htm --> www.infonuovo.com /www/htdocs/odma/support X000600.htm
2000.06.22 23:10 A C:\crea\publicca\vservers\WWW\htdocs\odma\support\x000600a.htm --> www.infonuovo.com /www/htdocs/odma/support x000600a.htm
2000.06.22 23:10 A C:\crea\publicca\vservers\WWW\htdocs\odma\support\x000600b.htm --> www.infonuovo.com /www/htdocs/odma/support x000600b.htm
2000.06.22 23:10 A C:\crea\publicca\vservers\WWW\htdocs\odma\support\x000600c.htm --> www.infonuovo.com /www/htdocs/odma/support x000600c.htm
2000.06.22 23:10 B C:\crea\publicca\vservers\WWW\htdocs\odma\support\x000600c.msg --> www.infonuovo.com /www/htdocs/odma/support x000600c.msg
2000.06.23 12:20 A C:\crea\publicca\vservers\WWW\htdocs\odma\support\active.htm --> www.infonuovo.com /www/htdocs/odma/support active.htm
2000.06.23 12:20 A C:\crea\publicca\vservers\WWW\htdocs\odma\support\construction.htm --> www.infonuovo.com /www/htdocs/odma/support construction.htm
2000.06.23 12:20 A C:\crea\publicca\vservers\WWW\htdocs\odma\support\default.htm --> www.infonuovo.com /www/htdocs/odma/support default.htm
2000.06.23 12:20 B C:\crea\publicca\vservers\WWW\htdocs\odma\support\vssver.scc --> www.infonuovo.com /www/htdocs/odma/support vssver.scc
2000.06.23 12:20 B C:\crea\publicca\vservers\WWW\htdocs\odma\support\WS_FTP.LOG --> www.infonuovo.com /www/htdocs/odma/support WS_FTP.LOG
2000.06.23 12:20 A C:\crea\publicca\vservers\WWW\htdocs\odma\support\X00-log.htm --> www.infonuovo.com /www/htdocs/odma/support X00-log.htm
2000.06.23 12:20 A C:\crea\publicca\vservers\WWW\htdocs\odma\support\X000600.htm --> www.infonuovo.com /www/htdocs/odma/support X000600.htm
2000.06.24 12:48 A C:\crea\publicca\vservers\WWW\htdocs\odma\support\construction.htm --> www.infonuovo.com /www/htdocs/odma/support construction.htm
2000.06.24 12:48 A C:\crea\publicca\vservers\WWW\htdocs\odma\support\Q000600.htm --> www.infonuovo.com /www/htdocs/odma/support Q000600.htm
2000.06.24 12:48 B C:\crea\publicca\vservers\WWW\htdocs\odma\support\vssver.scc --> www.infonuovo.com /www/htdocs/odma/support vssver.scc
2000.06.24 12:48 B C:\crea\publicca\vservers\WWW\htdocs\odma\support\WS_FTP.LOG --> www.infonuovo.com /www/htdocs/odma/support WS_FTP.LOG
2000.07.11 11:36 A C:\crea\publicca\vservers\WWW\htdocs\odma\support\construction.htm --> www.infonuovo.com /www/htdocs/odma/support construction.htm
2000.07.11 11:36 A C:\crea\publicca\vservers\WWW\htdocs\odma\support\default.htm --> www.infonuovo.com /www/htdocs/odma/support default.htm
2000.07.11 11:36 A C:\crea\publicca\vservers\WWW\htdocs\odma\support\odma20st.htm --> www.infonuovo.com /www/htdocs/odma/support odma20st.htm
2000.07.11 11:36 B C:\crea\publicca\vservers\WWW\htdocs\odma\support\vssver.scc --> www.infonuovo.com /www/htdocs/odma/support vssver.scc
2000.07.11 11:36 B C:\crea\publicca\vservers\WWW\htdocs\odma\support\WS_FTP.LOG --> www.infonuovo.com /www/htdocs/odma/support WS_FTP.LOG
2000.07.28 09:39 A C:\crea\publicca\vservers\WWW\htdocs\odma\support\active.htm --> www.infonuovo.com /www/htdocs/odma/support active.htm
2000.07.28 09:39 B C:\crea\publicca\vservers\WWW\htdocs\odma\support\vssver.scc --> www.infonuovo.com /www/htdocs/odma/support vssver.scc
2000.07.28 09:39 A C:\crea\publicca\vservers\WWW\htdocs\odma\support\X00-log.htm --> www.infonuovo.com /www/htdocs/odma/support X00-log.htm
2000.07.28 09:39 A C:\crea\publicca\vservers\WWW\htdocs\odma\support\X000700.htm --> www.infonuovo.com /www/htdocs/odma/support X000700.htm
2000.07.28 09:53 A C:\crea\publicca\vservers\WWW\htdocs\odma\support\active.htm --> www.infonuovo.com /www/htdocs/odma/support active.htm
2000.07.28 09:53 A C:\crea\publicca\vservers\WWW\htdocs\odma\support\default.htm --> www.infonuovo.com /www/htdocs/odma/support default.htm
2000.07.28 09:54 B C:\crea\publicca\vservers\WWW\htdocs\odma\support\vssver.scc --> www.infonuovo.com /www/htdocs/odma/support vssver.scc
2000.07.28 09:54 B C:\crea\publicca\vservers\WWW\htdocs\odma\support\WS_FTP.LOG --> www.infonuovo.com /www/htdocs/odma/support WS_FTP.LOG
2000.07.28 09:59 A C:\crea\publicca\vservers\WWW\htdocs\odma\support\active.htm --> www.infonuovo.com /www/htdocs/odma/support active.htm
2000.07.28 09:59 B C:\crea\publicca\vservers\WWW\htdocs\odma\support\vssver.scc --> www.infonuovo.com /www/htdocs/odma/support vssver.scc
2000.08.02 21:36 A C:\crea\publicca\vservers\WWW\htdocs\odma\support\active.htm --> www.infonuovo.com /www/htdocs/odma/support active.htm
2000.08.02 21:36 A C:\crea\publicca\vservers\WWW\htdocs\odma\support\default.htm --> www.infonuovo.com /www/htdocs/odma/support default.htm
2000.08.02 21:36 B C:\crea\publicca\vservers\WWW\htdocs\odma\support\vssver.scc --> www.infonuovo.com /www/htdocs/odma/support vssver.scc
2000.08.02 21:36 B C:\crea\publicca\vservers\WWW\htdocs\odma\support\WS_FTP.LOG --> www.infonuovo.com /www/htdocs/odma/support WS_FTP.LOG
2000.08.02 21:36 A C:\crea\publicca\vservers\WWW\htdocs\odma\support\X00-log.htm --> www.infonuovo.com /www/htdocs/odma/support X00-log.htm
2000.08.02 21:36 A C:\crea\publicca\vservers\WWW\htdocs\odma\support\X000700.htm --> www.infonuovo.com /www/htdocs/odma/support X000700.htm
2000.08.02 21:36 A C:\crea\publicca\vservers\WWW\htdocs\odma\support\X000800.htm --> www.infonuovo.com /www/htdocs/odma/support X000800.htm
2000.08.05 16:26 A C:\crea\publicca\vservers\WWW\htdocs\odma\support\active.htm --> www.infonuovo.com /www/htdocs/odma/support active.htm
2000.08.05 16:26 A C:\crea\publicca\vservers\WWW\htdocs\odma\support\default.htm --> www.infonuovo.com /www/htdocs/odma/support default.htm
2000.08.05 16:26 B C:\crea\publicca\vservers\WWW\htdocs\odma\support\vssver.scc --> www.infonuovo.com /www/htdocs/odma/support vssver.scc
2000.08.05 16:26 A C:\crea\publicca\vservers\WWW\htdocs\odma\support\X00-log.htm --> www.infonuovo.com /www/htdocs/odma/support X00-log.htm
2000.08.05 16:26 A C:\crea\publicca\vservers\WWW\htdocs\odma\support\X000500.htm --> www.infonuovo.com /www/htdocs/odma/support X000500.htm
2000.08.05 16:26 A C:\crea\publicca\vservers\WWW\htdocs\odma\support\X000600.htm --> www.infonuovo.com /www/htdocs/odma/support X000600.htm
2000.08.05 16:26 A C:\crea\publicca\vservers\WWW\htdocs\odma\support\X000700.htm --> www.infonuovo.com /www/htdocs/odma/support X000700.htm
2000.08.05 16:26 A C:\crea\publicca\vservers\WWW\htdocs\odma\support\X000800.htm --> www.infonuovo.com /www/htdocs/odma/support X000800.htm
2000.08.05 16:26 A C:\crea\publicca\vservers\WWW\htdocs\odma\support\X000801.htm --> www.infonuovo.com /www/htdocs/odma/support X000801.htm
2000.08.05 16:27 A C:\crea\publicca\vservers\WWW\htdocs\odma\support\X000802.htm --> www.infonuovo.com /www/htdocs/odma/support X000802.htm
2000.08.07 16:12 A C:\crea\publicca\vservers\WWW\htdocs\odma\support\active.htm --> www.infonuovo.com /www/htdocs/odma/support active.htm
2000.08.07 16:12 A C:\crea\publicca\vservers\WWW\htdocs\odma\support\default.htm --> www.infonuovo.com /www/htdocs/odma/support default.htm
2000.08.07 16:12 B C:\crea\publicca\vservers\WWW\htdocs\odma\support\vssver.scc --> www.infonuovo.com /www/htdocs/odma/support vssver.scc
2000.08.07 16:12 B C:\crea\publicca\vservers\WWW\htdocs\odma\support\WS_FTP.LOG --> www.infonuovo.com /www/htdocs/odma/support WS_FTP.LOG
2000.08.07 16:12 A C:\crea\publicca\vservers\WWW\htdocs\odma\support\X00-log.htm --> www.infonuovo.com /www/htdocs/odma/support X00-log.htm
2000.08.07 16:12 A C:\crea\publicca\vservers\WWW\htdocs\odma\support\X000801.htm --> www.infonuovo.com /www/htdocs/odma/support X000801.htm
2000.08.07 16:12 A C:\crea\publicca\vservers\WWW\htdocs\odma\support\X000806.htm --> www.infonuovo.com /www/htdocs/odma/support X000806.htm
2000.08.08 13:58 A C:\crea\publicca\vservers\WWW\htdocs\odma\support\active.htm --> www.infonuovo.com /www/htdocs/odma/support active.htm
2000.08.08 13:58 A C:\crea\publicca\vservers\WWW\htdocs\odma\support\default.htm --> www.infonuovo.com /www/htdocs/odma/support default.htm
2000.08.08 13:58 B C:\crea\publicca\vservers\WWW\htdocs\odma\support\vssver.scc --> www.infonuovo.com /www/htdocs/odma/support vssver.scc
2000.08.08 13:58 A C:\crea\publicca\vservers\WWW\htdocs\odma\support\X00-log.htm --> www.infonuovo.com /www/htdocs/odma/support X00-log.htm
2000.08.08 13:58 A C:\crea\publicca\vservers\WWW\htdocs\odma\support\X000806.htm --> www.infonuovo.com /www/htdocs/odma/support X000806.htm
2000.08.08 13:58 A C:\crea\publicca\vservers\WWW\htdocs\odma\support\X000807.htm --> www.infonuovo.com /www/htdocs/odma/support X000807.htm
2000.08.11 16:08 A C:\crea\publicca\vservers\WWW\htdocs\odma\support\default.htm --> www.infonuovo.com /www/htdocs/odma/support default.htm
2000.08.11 16:08 B C:\crea\publicca\vservers\WWW\htdocs\odma\support\vssver.scc --> www.infonuovo.com /www/htdocs/odma/support vssver.scc
2000.08.11 16:08 B C:\crea\publicca\vservers\WWW\htdocs\odma\support\WS_FTP.LOG --> www.infonuovo.com /www/htdocs/odma/support WS_FTP.LOG
2000.08.11 16:08 A C:\crea\publicca\vservers\WWW\htdocs\odma\support\X00-log.htm --> www.infonuovo.com /www/htdocs/odma/support X00-log.htm
2000.08.18 14:27 A C:\crea\publicca\vservers\WWW\htdocs\odma\support\default.htm --> www.infonuovo.com /www/htdocs/odma/support default.htm
2000.08.18 14:27 A C:\crea\publicca\vservers\WWW\htdocs\odma\support\odma20st.htm --> www.infonuovo.com /www/htdocs/odma/support odma20st.htm
2000.08.18 14:27 B C:\crea\publicca\vservers\WWW\htdocs\odma\support\vssver.scc --> www.infonuovo.com /www/htdocs/odma/support vssver.scc
2000.08.18 14:27 A C:\crea\publicca\vservers\WWW\htdocs\odma\support\X000800.htm --> www.infonuovo.com /www/htdocs/odma/support X000800.htm
2000.08.21 21:41 A C:\crea\publicca\vservers\WWW\htdocs\odma\support\default.htm --> www.infonuovo.com /www/htdocs/odma/support default.htm
2000.08.21 21:41 B C:\crea\publicca\vservers\WWW\htdocs\odma\support\vssver.scc --> www.infonuovo.com /www/htdocs/odma/support vssver.scc
2000.08.21 21:41 B C:\crea\publicca\vservers\WWW\htdocs\odma\support\WS_FTP.LOG --> www.infonuovo.com /www/htdocs/odma/support WS_FTP.LOG
2000.08.23 12:41 A C:\crea\publicca\vservers\WWW\htdocs\odma\support\active.htm --> www.infonuovo.com /www/htdocs/odma/support active.htm
2000.08.23 12:41 A C:\crea\publicca\vservers\WWW\htdocs\odma\support\default.htm --> www.infonuovo.com /www/htdocs/odma/support default.htm
2000.08.23 12:41 B C:\crea\publicca\vservers\WWW\htdocs\odma\support\vssver.scc --> www.infonuovo.com /www/htdocs/odma/support vssver.scc
2000.08.23 12:41 A C:\crea\publicca\vservers\WWW\htdocs\odma\support\X00-log.htm --> www.infonuovo.com /www/htdocs/odma/support X00-log.htm
2000.08.23 12:41 A C:\crea\publicca\vservers\WWW\htdocs\odma\support\X000500.htm --> www.infonuovo.com /www/htdocs/odma/support X000500.htm
2000.08.23 12:41 A C:\crea\publicca\vservers\WWW\htdocs\odma\support\X000600.htm --> www.infonuovo.com /www/htdocs/odma/support X000600.htm
2000.08.23 12:41 A C:\crea\publicca\vservers\WWW\htdocs\odma\support\X000600d.htm --> www.infonuovo.com /www/htdocs/odma/support X000600d.htm
2000.08.23 20:39 A C:\crea\publicca\vservers\WWW\htdocs\odma\support\default.htm --> www.infonuovo.com /www/htdocs/odma/support default.htm
2000.08.23 20:39 B C:\crea\publicca\vservers\WWW\htdocs\odma\support\vssver.scc --> www.infonuovo.com /www/htdocs/odma/support vssver.scc
2000.08.23 20:39 B C:\crea\publicca\vservers\WWW\htdocs\odma\support\WS_FTP.LOG --> www.infonuovo.com /www/htdocs/odma/support WS_FTP.LOG
2000.08.24 17:32 A C:\crea\publicca\vservers\WWW\htdocs\odma\support\default.htm --> www.infonuovo.com /www/htdocs/odma/support default.htm
2000.08.24 17:32 B C:\crea\publicca\vservers\WWW\htdocs\odma\support\vssver.scc --> www.infonuovo.com /www/htdocs/odma/support vssver.scc
2000.08.29 11:28 A C:\crea\publicca\vservers\WWW\htdocs\odma\support\active.htm --> www.infonuovo.com /www/htdocs/odma/support active.htm
2000.08.29 11:28 A C:\crea\publicca\vservers\WWW\htdocs\odma\support\default.htm --> www.infonuovo.com /www/htdocs/odma/support default.htm
2000.08.29 11:28 B C:\crea\publicca\vservers\WWW\htdocs\odma\support\vssver.scc --> www.infonuovo.com /www/htdocs/odma/support vssver.scc
2000.08.29 11:28 B C:\crea\publicca\vservers\WWW\htdocs\odma\support\WS_FTP.LOG --> www.infonuovo.com /www/htdocs/odma/support WS_FTP.LOG
2000.08.29 11:28 A C:\crea\publicca\vservers\WWW\htdocs\odma\support\X00-log.htm --> www.infonuovo.com /www/htdocs/odma/support X00-log.htm
2000.08.29 11:28 A C:\crea\publicca\vservers\WWW\htdocs\odma\support\X000810.htm --> www.infonuovo.com /www/htdocs/odma/support X000810.htm
2000.08.29 11:34 B C:\crea\publicca\vservers\WWW\htdocs\odma\support\vssver.scc --> www.infonuovo.com /www/htdocs/odma/support vssver.scc
2000.08.29 11:34 A C:\crea\publicca\vservers\WWW\htdocs\odma\support\X00-log.htm --> www.infonuovo.com /www/htdocs/odma/support X00-log.htm
2000.08.30 11:00 A C:\crea\publicca\vservers\WWW\htdocs\odma\support\active.htm --> www.infonuovo.com /www/htdocs/odma/support active.htm
2000.08.30 11:01 A C:\crea\publicca\vservers\WWW\htdocs\odma\support\default.htm --> www.infonuovo.com /www/htdocs/odma/support default.htm
2000.08.30 11:01 B C:\crea\publicca\vservers\WWW\htdocs\odma\support\vssver.scc --> www.infonuovo.com /www/htdocs/odma/support vssver.scc
2000.08.30 11:01 B C:\crea\publicca\vservers\WWW\htdocs\odma\support\WS_FTP.LOG --> www.infonuovo.com /www/htdocs/odma/support WS_FTP.LOG
2000.08.30 11:01 A C:\crea\publicca\vservers\WWW\htdocs\odma\support\X000810.htm --> www.infonuovo.com /www/htdocs/odma/support X000810.htm
2000.08.30 11:01 A C:\crea\publicca\vservers\WWW\htdocs\odma\support\X000810a.htm --> www.infonuovo.com /www/htdocs/odma/support X000810a.htm
2000.08.30 11:01 B C:\crea\publicca\vservers\WWW\htdocs\odma\support\x000810a.msg --> www.infonuovo.com /www/htdocs/odma/support x000810a.msg
2000.08.30 11:06 A C:\crea\publicca\vservers\WWW\htdocs\odma\support\X00-log.htm --> www.infonuovo.com /www/htdocs/odma/support X00-log.htm
2000.08.30 18:08 B C:\crea\publicca\vservers\WWW\htdocs\odma\support\vssver.scc --> www.infonuovo.com /www/htdocs/odma/support vssver.scc
2000.08.30 18:08 B C:\crea\publicca\vservers\WWW\htdocs\odma\support\WS_FTP.LOG --> www.infonuovo.com /www/htdocs/odma/support WS_FTP.LOG
2000.08.30 18:08 A C:\crea\publicca\vservers\WWW\htdocs\odma\support\X000810.htm --> www.infonuovo.com /www/htdocs/odma/support X000810.htm
2000.08.30 18:08 A C:\crea\publicca\vservers\WWW\htdocs\odma\support\X000810a.htm --> www.infonuovo.com /www/htdocs/odma/support X000810a.htm
2000.08.30 18:08 A C:\crea\publicca\vservers\WWW\htdocs\odma\support\X000810b.htm --> www.infonuovo.com /www/htdocs/odma/support X000810b.htm
2000.08.30 18:08 B C:\crea\publicca\vservers\WWW\htdocs\odma\support\x000810b.msg --> www.infonuovo.com /www/htdocs/odma/support x000810b.msg
2000.09.10 13:40 A C:\crea\publicca\vservers\WWW\htdocs\odma\support\construction.htm --> www.infonuovo.com /www/htdocs/odma/support construction.htm
2000.09.10 13:40 A C:\crea\publicca\vservers\WWW\htdocs\odma\support\default.htm --> www.infonuovo.com /www/htdocs/odma/support default.htm
2000.09.10 13:40 A C:\crea\publicca\vservers\WWW\htdocs\odma\support\odma20st.htm --> www.infonuovo.com /www/htdocs/odma/support odma20st.htm
2000.09.10 13:40 A C:\crea\publicca\vservers\WWW\htdocs\odma\support\sow-2000.htm --> www.infonuovo.com /www/htdocs/odma/support sow-2000.htm
2000.09.10 13:41 A C:\crea\publicca\vservers\WWW\htdocs\odma\support\support.htm --> www.infonuovo.com /www/htdocs/odma/support support.htm
2000.09.10 13:41 B C:\crea\publicca\vservers\WWW\htdocs\odma\support\vssver.scc --> www.infonuovo.com /www/htdocs/odma/support vssver.scc
2000.09.10 13:41 A C:\crea\publicca\vservers\WWW\htdocs\odma\support\X00-log.htm --> www.infonuovo.com /www/htdocs/odma/support X00-log.htm
2000.09.10 13:41 A C:\crea\publicca\vservers\WWW\htdocs\odma\support\X000900.htm --> www.infonuovo.com /www/htdocs/odma/support X000900.htm
2000.09.10 13:48 A C:\crea\publicca\vservers\WWW\htdocs\odma\support\active.htm --> www.infonuovo.com /www/htdocs/odma/support active.htm
2000.09.10 13:48 B C:\crea\publicca\vservers\WWW\htdocs\odma\support\vssver.scc --> www.infonuovo.com /www/htdocs/odma/support vssver.scc
2000.09.10 13:48 B C:\crea\publicca\vservers\WWW\htdocs\odma\support\WS_FTP.LOG --> www.infonuovo.com /www/htdocs/odma/support WS_FTP.LOG
2000.09.10 21:28 A C:\crea\publicca\vservers\WWW\htdocs\odma\support\default.htm --> www.infonuovo.com /www/htdocs/odma/support default.htm
2000.09.10 21:28 B C:\crea\publicca\vservers\WWW\htdocs\odma\support\vssver.scc --> www.infonuovo.com /www/htdocs/odma/support vssver.scc
2000.09.11 06:59 A C:\crea\publicca\vservers\WWW\htdocs\odma\support\active.htm --> www.infonuovo.com /www/htdocs/odma/support active.htm
2000.09.11 06:59 A C:\crea\publicca\vservers\WWW\htdocs\odma\support\default.htm --> www.infonuovo.com /www/htdocs/odma/support default.htm
2000.09.11 06:59 B C:\crea\publicca\vservers\WWW\htdocs\odma\support\vssver.scc --> www.infonuovo.com /www/htdocs/odma/support vssver.scc
2000.09.11 06:59 B C:\crea\publicca\vservers\WWW\htdocs\odma\support\WS_FTP.LOG --> www.infonuovo.com /www/htdocs/odma/support WS_FTP.LOG
2000.09.11 07:00 A C:\crea\publicca\vservers\WWW\htdocs\odma\support\X00-log.htm --> www.infonuovo.com /www/htdocs/odma/support X00-log.htm
2000.09.11 07:00 A C:\crea\publicca\vservers\WWW\htdocs\odma\support\X000901.htm --> www.infonuovo.com /www/htdocs/odma/support X000901.htm
2000.09.11 08:35 A C:\crea\publicca\vservers\WWW\htdocs\odma\support\active.htm --> www.infonuovo.com /www/htdocs/odma/support active.htm
2000.09.11 08:35 A C:\crea\publicca\vservers\WWW\htdocs\odma\support\default.htm --> www.infonuovo.com /www/htdocs/odma/support default.htm
2000.09.11 08:35 B C:\crea\publicca\vservers\WWW\htdocs\odma\support\vssver.scc --> www.infonuovo.com /www/htdocs/odma/support vssver.scc
2000.09.11 08:35 A C:\crea\publicca\vservers\WWW\htdocs\odma\support\X00-log.htm --> www.infonuovo.com /www/htdocs/odma/support X00-log.htm
2000.09.11 08:35 A C:\crea\publicca\vservers\WWW\htdocs\odma\support\X000901.htm --> www.infonuovo.com /www/htdocs/odma/support X000901.htm
2000.09.11 08:35 A C:\crea\publicca\vservers\WWW\htdocs\odma\support\X000902.htm --> www.infonuovo.com /www/htdocs/odma/support X000902.htm
2000.09.11 08:40 B C:\crea\publicca\vservers\WWW\htdocs\odma\support\WS_FTP.LOG --> www.infonuovo.com /www/htdocs/odma/support WS_FTP.LOG
2000.09.11 12:12 A C:\crea\publicca\vservers\WWW\htdocs\odma\support\active.htm --> www.infonuovo.com /www/htdocs/odma/support active.htm
2000.09.11 12:13 A C:\crea\publicca\vservers\WWW\htdocs\odma\support\X00-log.htm --> www.infonuovo.com /www/htdocs/odma/support X00-log.htm
2000.09.11 13:39 A C:\crea\publicca\vservers\WWW\htdocs\odma\support\default.htm --> www.infonuovo.com /www/htdocs/odma/support default.htm
2000.09.11 13:39 B C:\crea\publicca\vservers\WWW\htdocs\odma\support\vssver.scc --> www.infonuovo.com /www/htdocs/odma/support vssver.scc
2000.09.11 13:39 B C:\crea\publicca\vservers\WWW\htdocs\odma\support\WS_FTP.LOG --> www.infonuovo.com /www/htdocs/odma/support WS_FTP.LOG
2000.09.13 11:56 B C:\crea\publicca\vservers\WWW\htdocs\odma\support\vssver.scc --> www.infonuovo.com /www/htdocs/odma/support vssver.scc
2000.09.13 11:56 B C:\crea\publicca\vservers\WWW\htdocs\odma\support\WS_FTP.LOG --> www.infonuovo.com /www/htdocs/odma/support WS_FTP.LOG
2000.09.13 11:56 A C:\crea\publicca\vservers\WWW\htdocs\odma\support\X000700.htm --> www.infonuovo.com /www/htdocs/odma/support X000700.htm
2000.09.13 22:03 A C:\crea\publicca\vservers\WWW\htdocs\odma\support\default.htm --> www.infonuovo.com /www/htdocs/odma/support default.htm
2000.09.13 22:03 B C:\crea\publicca\vservers\WWW\htdocs\odma\support\vssver.scc --> www.infonuovo.com /www/htdocs/odma/support vssver.scc
2000.09.13 22:03 B C:\crea\publicca\vservers\WWW\htdocs\odma\support\WS_FTP.LOG --> www.infonuovo.com /www/htdocs/odma/support WS_FTP.LOG
2000.09.14 10:49 A C:\crea\publicca\vservers\WWW\htdocs\odma\support\default.htm --> www.infonuovo.com /www/htdocs/odma/support default.htm
2000.09.14 10:49 B C:\crea\publicca\vservers\WWW\htdocs\odma\support\vssver.scc --> www.infonuovo.com /www/htdocs/odma/support vssver.scc
2000.09.14 10:49 B C:\crea\publicca\vservers\WWW\htdocs\odma\support\WS_FTP.LOG --> www.infonuovo.com /www/htdocs/odma/support WS_FTP.LOG
2000.09.14 13:16 A C:\crea\publicca\vservers\WWW\htdocs\odma\support\default.htm --> www.infonuovo.com /www/htdocs/odma/support default.htm
2000.09.14 13:16 B C:\crea\publicca\vservers\WWW\htdocs\odma\support\vssver.scc --> www.infonuovo.com /www/htdocs/odma/support vssver.scc
2000.09.14 13:16 B C:\crea\publicca\vservers\WWW\htdocs\odma\support\WS_FTP.LOG --> www.infonuovo.com /www/htdocs/odma/support WS_FTP.LOG
2000.09.19 14:50 A C:\crea\publicca\vservers\WWW\htdocs\odma\support\default.htm --> www.infonuovo.com /www/htdocs/odma/support default.htm
2000.09.19 14:50 B C:\crea\publicca\vservers\WWW\htdocs\odma\support\vssver.scc --> www.infonuovo.com /www/htdocs/odma/support vssver.scc
2000.09.19 14:50 B C:\crea\publicca\vservers\WWW\htdocs\odma\support\WS_FTP.LOG --> www.infonuovo.com /www/htdocs/odma/support WS_FTP.LOG
2000.09.19 14:50 A C:\crea\publicca\vservers\WWW\htdocs\odma\support\X00-log.htm --> www.infonuovo.com /www/htdocs/odma/support X00-log.htm
2000.09.20 20:32 A C:\crea\publicca\vservers\WWW\htdocs\odma\support\active.htm --> www.infonuovo.com /www/htdocs/odma/support active.htm
2000.09.20 20:32 A C:\crea\publicca\vservers\WWW\htdocs\odma\support\default.htm --> www.infonuovo.com /www/htdocs/odma/support default.htm
2000.09.20 20:32 B C:\crea\publicca\vservers\WWW\htdocs\odma\support\vssver.scc --> www.infonuovo.com /www/htdocs/odma/support vssver.scc
2000.09.20 20:32 B C:\crea\publicca\vservers\WWW\htdocs\odma\support\WS_FTP.LOG --> www.infonuovo.com /www/htdocs/odma/support WS_FTP.LOG
2000.09.20 20:32 A C:\crea\publicca\vservers\WWW\htdocs\odma\support\X00-log.htm --> www.infonuovo.com /www/htdocs/odma/support X00-log.htm
2000.09.20 20:32 A C:\crea\publicca\vservers\WWW\htdocs\odma\support\X000903.htm --> www.infonuovo.com /www/htdocs/odma/support X000903.htm
2000.09.20 20:32 A C:\crea\publicca\vservers\WWW\htdocs\odma\support\X000903a.htm --> www.infonuovo.com /www/htdocs/odma/support X000903a.htm
2000.09.20 20:32 B C:\crea\publicca\vservers\WWW\htdocs\odma\support\X000903a.msg --> www.infonuovo.com /www/htdocs/odma/support X000903a.msg
2000.09.20 20:32 A C:\crea\publicca\vservers\WWW\htdocs\odma\support\X000903b.htm --> www.infonuovo.com /www/htdocs/odma/support X000903b.htm
2000.09.20 20:32 B C:\crea\publicca\vservers\WWW\htdocs\odma\support\X000903b.msg --> www.infonuovo.com /www/htdocs/odma/support X000903b.msg
2000.09.20 20:41 A C:\crea\publicca\vservers\WWW\htdocs\odma\support\active.htm --> www.infonuovo.com /www/htdocs/odma/support active.htm
2000.09.20 20:41 B C:\crea\publicca\vservers\WWW\htdocs\odma\support\vssver.scc --> www.infonuovo.com /www/htdocs/odma/support vssver.scc
2000.09.20 20:41 B C:\crea\publicca\vservers\WWW\htdocs\odma\support\WS_FTP.LOG --> www.infonuovo.com /www/htdocs/odma/support WS_FTP.LOG
2000.09.24 13:07 A C:\crea\publicca\vservers\WWW\htdocs\odma\support\default.htm --> www.infonuovo.com /www/htdocs/odma/support default.htm
2000.09.24 13:07 B C:\crea\publicca\vservers\WWW\htdocs\odma\support\vssver.scc --> www.infonuovo.com /www/htdocs/odma/support vssver.scc
2000.09.24 13:07 B C:\crea\publicca\vservers\WWW\htdocs\odma\support\WS_FTP.LOG --> www.infonuovo.com /www/htdocs/odma/support WS_FTP.LOG
2000.09.24 20:58 A C:\crea\publicca\vservers\WWW\htdocs\odma\support\default.htm --> www.infonuovo.com /www/htdocs/odma/support default.htm
2000.09.24 20:58 B C:\crea\publicca\vservers\WWW\htdocs\odma\support\vssver.scc --> www.infonuovo.com /www/htdocs/odma/support vssver.scc
2000.09.25 14:59 A C:\crea\publicca\vservers\WWW\htdocs\odma\support\default.htm --> www.infonuovo.com /www/htdocs/odma/support default.htm
2000.09.25 14:59 B C:\crea\publicca\vservers\WWW\htdocs\odma\support\vssver.scc --> www.infonuovo.com /www/htdocs/odma/support vssver.scc
2000.09.25 14:59 B C:\crea\publicca\vservers\WWW\htdocs\odma\support\WS_FTP.LOG --> www.infonuovo.com /www/htdocs/odma/support WS_FTP.LOG
2000.09.26 13:10 A C:\crea\publicca\vservers\WWW\htdocs\odma\support\default.htm --> www.infonuovo.com /www/htdocs/odma/support default.htm
2000.09.26 13:10 A C:\crea\publicca\vservers\WWW\htdocs\odma\support\odma20st.htm --> www.infonuovo.com /www/htdocs/odma/support odma20st.htm
2000.09.26 13:10 B C:\crea\publicca\vservers\WWW\htdocs\odma\support\vssver.scc --> www.infonuovo.com /www/htdocs/odma/support vssver.scc
2000.09.29 17:30 A C:\crea\publicca\vservers\WWW\htdocs\odma\support\default.htm --> www.infonuovo.com /www/htdocs/odma/support default.htm
2000.09.29 17:30 B C:\crea\publicca\vservers\WWW\htdocs\odma\support\vssver.scc --> www.infonuovo.com /www/htdocs/odma/support vssver.scc
2000.09.29 17:30 B C:\crea\publicca\vservers\WWW\htdocs\odma\support\WS_FTP.LOG --> www.infonuovo.com /www/htdocs/odma/support WS_FTP.LOG
2000.09.29 20:19 A C:\crea\publicca\vservers\WWW\htdocs\odma\support\odma15st.htm --> www.infonuovo.com /www/htdocs/odma/support odma15st.htm
2000.09.29 20:19 B C:\crea\publicca\vservers\WWW\htdocs\odma\support\vssver.scc --> www.infonuovo.com /www/htdocs/odma/support vssver.scc
2000.09.29 20:19 B C:\crea\publicca\vservers\WWW\htdocs\odma\support\WS_FTP.LOG --> www.infonuovo.com /www/htdocs/odma/support WS_FTP.LOG
2000.10.06 09:23 B C:\crea\publicca\vservers\WWW\htdocs\odma\support\vssver.scc --> www.infonuovo.com /www/htdocs/odma/support vssver.scc
2000.10.06 09:23 B C:\crea\publicca\vservers\WWW\htdocs\odma\support\WS_FTP.LOG --> www.infonuovo.com /www/htdocs/odma/support WS_FTP.LOG
2000.10.06 09:23 A C:\crea\publicca\vservers\WWW\htdocs\odma\support\X000500.htm --> www.infonuovo.com /www/htdocs/odma/support X000500.htm
2000.10.20 09:09 A C:\crea\publicca\vservers\WWW\htdocs\odma\support\active.htm --> www.infonuovo.com /www/htdocs/odma/support active.htm
2000.10.20 09:09 A C:\crea\publicca\vservers\WWW\htdocs\odma\support\default.htm --> www.infonuovo.com /www/htdocs/odma/support default.htm
2000.10.20 09:09 B C:\crea\publicca\vservers\WWW\htdocs\odma\support\vssver.scc --> www.infonuovo.com /www/htdocs/odma/support vssver.scc
2000.10.20 09:09 B C:\crea\publicca\vservers\WWW\htdocs\odma\support\WS_FTP.LOG --> www.infonuovo.com /www/htdocs/odma/support WS_FTP.LOG
2000.10.20 09:09 A C:\crea\publicca\vservers\WWW\htdocs\odma\support\X00-log.htm --> www.infonuovo.com /www/htdocs/odma/support X00-log.htm
2000.10.20 09:09 A C:\crea\publicca\vservers\WWW\htdocs\odma\support\X000600.htm --> www.infonuovo.com /www/htdocs/odma/support X000600.htm
2000.10.20 09:09 A C:\crea\publicca\vservers\WWW\htdocs\odma\support\x000600a.htm --> www.infonuovo.com /www/htdocs/odma/support x000600a.htm
2000.10.20 09:09 A C:\crea\publicca\vservers\WWW\htdocs\odma\support\x000600b.htm --> www.infonuovo.com /www/htdocs/odma/support x000600b.htm
2000.10.20 09:09 A C:\crea\publicca\vservers\WWW\htdocs\odma\support\x000600c.htm --> www.infonuovo.com /www/htdocs/odma/support x000600c.htm
2000.10.20 09:09 A C:\crea\publicca\vservers\WWW\htdocs\odma\support\X000901.htm --> www.infonuovo.com /www/htdocs/odma/support X000901.htm
2000.10.20 10:49 B C:\crea\publicca\vservers\WWW\htdocs\odma\support\vssver.scc --> www.infonuovo.com /www/htdocs/odma/support vssver.scc
2000.10.20 10:50 B C:\crea\publicca\vservers\WWW\htdocs\odma\support\WS_FTP.LOG --> www.infonuovo.com /www/htdocs/odma/support WS_FTP.LOG
2000.10.20 10:50 A C:\crea\publicca\vservers\WWW\htdocs\odma\support\x000600e.htm --> www.infonuovo.com /www/htdocs/odma/support x000600e.htm
2000.10.20 10:50 B C:\crea\publicca\vservers\WWW\htdocs\odma\support\x000600e.msg --> www.infonuovo.com /www/htdocs/odma/support x000600e.msg
2000.10.20 10:50 A C:\crea\publicca\vservers\WWW\htdocs\odma\support\x000600f.htm --> www.infonuovo.com /www/htdocs/odma/support x000600f.htm
2000.10.20 10:50 B C:\crea\publicca\vservers\WWW\htdocs\odma\support\x000600f.msg --> www.infonuovo.com /www/htdocs/odma/support x000600f.msg
2000.10.23 12:54 A C:\crea\publicca\vservers\WWW\htdocs\odma\support\default.htm --> www.infonuovo.com /www/htdocs/odma/support default.htm
2000.10.23 12:54 B C:\crea\publicca\vservers\WWW\htdocs\odma\support\vssver.scc --> www.infonuovo.com /www/htdocs/odma/support vssver.scc
2000.10.23 12:54 B C:\crea\publicca\vservers\WWW\htdocs\odma\support\WS_FTP.LOG --> www.infonuovo.com /www/htdocs/odma/support WS_FTP.LOG
2000.10.23 12:54 A C:\crea\publicca\vservers\WWW\htdocs\odma\support\X00-log.htm --> www.infonuovo.com /www/htdocs/odma/support X00-log.htm
2000.10.23 12:57 A C:\crea\publicca\vservers\WWW\htdocs\odma\support\odma10st.htm --> www.infonuovo.com /www/htdocs/odma/support odma10st.htm
2000.10.23 12:58 B C:\crea\publicca\vservers\WWW\htdocs\odma\support\vssver.scc --> www.infonuovo.com /www/htdocs/odma/support vssver.scc
2000.10.23 12:58 B C:\crea\publicca\vservers\WWW\htdocs\odma\support\WS_FTP.LOG --> www.infonuovo.com /www/htdocs/odma/support WS_FTP.LOG
2000.11.01 14:34 A C:\crea\publicca\vservers\WWW\htdocs\odma\support\default.htm --> www.infonuovo.com /www/htdocs/odma/support default.htm
2000.11.01 14:34 A C:\crea\publicca\vservers\WWW\htdocs\odma\support\odma10st.htm --> www.infonuovo.com /www/htdocs/odma/support odma10st.htm
2000.11.01 14:34 A C:\crea\publicca\vservers\WWW\htdocs\odma\support\odma15st.htm --> www.infonuovo.com /www/htdocs/odma/support odma15st.htm
2000.11.01 14:34 A C:\crea\publicca\vservers\WWW\htdocs\odma\support\odma20st.htm --> www.infonuovo.com /www/htdocs/odma/support odma20st.htm
2000.11.01 14:34 B C:\crea\publicca\vservers\WWW\htdocs\odma\support\vssver.scc --> www.infonuovo.com /www/htdocs/odma/support vssver.scc
2000.11.01 14:34 B C:\crea\publicca\vservers\WWW\htdocs\odma\support\WS_FTP.LOG --> www.infonuovo.com /www/htdocs/odma/support WS_FTP.LOG
2000.11.01 14:34 A C:\crea\publicca\vservers\WWW\htdocs\odma\support\X00-log.htm --> www.infonuovo.com /www/htdocs/odma/support X00-log.htm
2000.11.01 14:34 A C:\crea\publicca\vservers\WWW\htdocs\odma\support\x000500z.htm --> www.infonuovo.com /www/htdocs/odma/support x000500z.htm
2000.11.01 14:34 B C:\crea\publicca\vservers\WWW\htdocs\odma\support\x000500z.msg --> www.infonuovo.com /www/htdocs/odma/support x000500z.msg
2000.11.01 14:34 B C:\crea\publicca\vservers\WWW\htdocs\odma\support\x000600c.msg --> www.infonuovo.com /www/htdocs/odma/support x000600c.msg
2000.11.01 14:34 A C:\crea\publicca\vservers\WWW\htdocs\odma\support\X000700.htm --> www.infonuovo.com /www/htdocs/odma/support X000700.htm
2000.11.01 14:34 A C:\crea\publicca\vservers\WWW\htdocs\odma\support\X000802.htm --> www.infonuovo.com /www/htdocs/odma/support X000802.htm
2000.11.01 14:34 A C:\crea\publicca\vservers\WWW\htdocs\odma\support\X000807.htm --> www.infonuovo.com /www/htdocs/odma/support X000807.htm
2000.11.01 14:34 A C:\crea\publicca\vservers\WWW\htdocs\odma\support\X000810.htm --> www.infonuovo.com /www/htdocs/odma/support X000810.htm
2000.11.01 14:34 A C:\crea\publicca\vservers\WWW\htdocs\odma\support\X000810a.htm --> www.infonuovo.com /www/htdocs/odma/support X000810a.htm
2000.11.01 14:34 B C:\crea\publicca\vservers\WWW\htdocs\odma\support\x000810a.msg --> www.infonuovo.com /www/htdocs/odma/support x000810a.msg
2000.11.01 14:34 A C:\crea\publicca\vservers\WWW\htdocs\odma\support\X000810b.htm --> www.infonuovo.com /www/htdocs/odma/support X000810b.htm
2000.11.01 14:34 B C:\crea\publicca\vservers\WWW\htdocs\odma\support\x000810b.msg --> www.infonuovo.com /www/htdocs/odma/support x000810b.msg
2000.11.01 14:35 A C:\crea\publicca\vservers\WWW\htdocs\odma\support\X000900.htm --> www.infonuovo.com /www/htdocs/odma/support X000900.htm
2000.11.01 14:35 A C:\crea\publicca\vservers\WWW\htdocs\odma\support\X000902.htm --> www.infonuovo.com /www/htdocs/odma/support X000902.htm
2000.11.01 19:45 A C:\crea\publicca\vservers\WWW\htdocs\odma\support\odma10st.htm --> www.infonuovo.com /www/htdocs/odma/support odma10st.htm
2000.11.01 19:45 B C:\crea\publicca\vservers\WWW\htdocs\odma\support\vssver.scc --> www.infonuovo.com /www/htdocs/odma/support vssver.scc
2000.11.01 19:45 B C:\crea\publicca\vservers\WWW\htdocs\odma\support\WS_FTP.LOG --> www.infonuovo.com /www/htdocs/odma/support WS_FTP.LOG
2000.11.03 14:46 A C:\crea\publicca\vservers\WWW\htdocs\odma\support\default.htm --> www.infonuovo.com /www/htdocs/odma/support default.htm
2000.11.03 14:46 A C:\crea\publicca\vservers\WWW\htdocs\odma\support\odma10st.htm --> www.infonuovo.com /www/htdocs/odma/support odma10st.htm
2000.11.03 14:46 B C:\crea\publicca\vservers\WWW\htdocs\odma\support\vssver.scc --> www.infonuovo.com /www/htdocs/odma/support vssver.scc
2000.11.13 23:23 B C:\crea\publicca\vservers\WWW\htdocs\odma\support\vssver.scc --> www.infonuovo.com /www/htdocs/odma/support vssver.scc
2000.11.13 23:24 B C:\crea\publicca\vservers\WWW\htdocs\odma\support\WS_FTP.LOG --> www.infonuovo.com /www/htdocs/odma/support WS_FTP.LOG
2000.11.13 23:24 A C:\crea\publicca\vservers\WWW\htdocs\odma\support\X000802.htm --> www.infonuovo.com /www/htdocs/odma/support X000802.htm
2000.11.23 19:43 A C:\crea\publicca\vservers\WWW\htdocs\odma\support\default.htm --> www.infonuovo.com /www/htdocs/odma/support default.htm
2000.11.23 19:43 B C:\crea\publicca\vservers\WWW\htdocs\odma\support\vssver.scc --> www.infonuovo.com /www/htdocs/odma/support vssver.scc
2000.12.05 15:10 A C:\crea\publicca\vservers\WWW\htdocs\odma\support\default.htm --> www.infonuovo.com /www/htdocs/odma/support default.htm
2000.12.05 15:11 A C:\crea\publicca\vservers\WWW\htdocs\odma\support\odma10st.htm --> www.infonuovo.com /www/htdocs/odma/support odma10st.htm
2000.12.05 15:11 B C:\crea\publicca\vservers\WWW\htdocs\odma\support\vssver.scc --> www.infonuovo.com /www/htdocs/odma/support vssver.scc
2000.12.05 15:11 B C:\crea\publicca\vservers\WWW\htdocs\odma\support\WS_FTP.LOG --> www.infonuovo.com /www/htdocs/odma/support WS_FTP.LOG
2000.12.05 15:11 A C:\crea\publicca\vservers\WWW\htdocs\odma\support\X00-log.htm --> www.infonuovo.com /www/htdocs/odma/support X00-log.htm
2000.12.06 08:54 A C:\crea\publicca\vservers\WWW\htdocs\odma\support\odma10st.htm --> www.infonuovo.com /www/htdocs/odma/support odma10st.htm
2000.12.06 08:54 B C:\crea\publicca\vservers\WWW\htdocs\odma\support\vssver.scc --> www.infonuovo.com /www/htdocs/odma/support vssver.scc
2000.12.12 11:28 A C:\crea\publicca\vservers\WWW\htdocs\odma\support\default.htm --> www.infonuovo.com /www/htdocs/odma/support default.htm
2000.12.12 11:28 A C:\crea\publicca\vservers\WWW\htdocs\odma\support\odma15st.htm --> www.infonuovo.com /www/htdocs/odma/support odma15st.htm
2000.12.12 11:28 B C:\crea\publicca\vservers\WWW\htdocs\odma\support\vssver.scc --> www.infonuovo.com /www/htdocs/odma/support vssver.scc
2000.12.12 11:28 B C:\crea\publicca\vservers\WWW\htdocs\odma\support\WS_FTP.LOG --> www.infonuovo.com /www/htdocs/odma/support WS_FTP.LOG
2000.12.12 11:28 B C:\crea\publicca\vservers\WWW\htdocs\odma\support\X000801.cpp --> www.infonuovo.com /www/htdocs/odma/support X000801.cpp
2000.12.12 11:28 B C:\crea\publicca\vservers\WWW\htdocs\odma\support\X001000c.msg --> www.infonuovo.com /www/htdocs/odma/support X001000c.msg
2000.12.12 16:13 A C:\crea\publicca\vservers\WWW\htdocs\odma\support\odma15st.htm --> www.infonuovo.com /www/htdocs/odma/support odma15st.htm
2000.12.12 16:13 B C:\crea\publicca\vservers\WWW\htdocs\odma\support\vssver.scc --> www.infonuovo.com /www/htdocs/odma/support vssver.scc
2000.12.12 16:13 A C:\crea\publicca\vservers\WWW\htdocs\odma\support\X00-log.htm --> www.infonuovo.com /www/htdocs/odma/support X00-log.htm
2000.12.13 12:57 A C:\crea\publicca\vservers\WWW\htdocs\odma\support\odma15st.htm --> www.infonuovo.com /www/htdocs/odma/support odma15st.htm
2000.12.13 12:57 B C:\crea\publicca\vservers\WWW\htdocs\odma\support\vssver.scc --> www.infonuovo.com /www/htdocs/odma/support vssver.scc
2000.12.13 12:58 B C:\crea\publicca\vservers\WWW\htdocs\odma\support\WS_FTP.LOG --> www.infonuovo.com /www/htdocs/odma/support WS_FTP.LOG
2001.01.11 10:42 B C:\crea\publicca\vservers\WWW\htdocs\odma\support\vssver.scc --> www.infonuovo.com /www/htdocs/odma/support vssver.scc
2001.01.11 10:43 A C:\crea\publicca\vservers\WWW\htdocs\odma\support\X00-log.htm --> www.infonuovo.com /www/htdocs/odma/support X00-log.htm
2001.01.11 10:43 A C:\crea\publicca\vservers\WWW\htdocs\odma\support\X000600.htm --> www.infonuovo.com /www/htdocs/odma/support X000600.htm
2001.01.13 08:38 A C:\crea\publicca\vservers\WWW\htdocs\odma\support\default.htm --> www.infonuovo.com /www/htdocs/odma/support default.htm
2001.01.13 08:38 B C:\crea\publicca\vservers\WWW\htdocs\odma\support\vssver.scc --> www.infonuovo.com /www/htdocs/odma/support vssver.scc
2001.01.13 08:38 B C:\crea\publicca\vservers\WWW\htdocs\odma\support\WS_FTP.LOG --> www.infonuovo.com /www/htdocs/odma/support WS_FTP.LOG
2001.01.13 08:38 A C:\crea\publicca\vservers\WWW\htdocs\odma\support\X00-log.htm --> www.infonuovo.com /www/htdocs/odma/support X00-log.htm
2001.01.17 15:26 A C:\crea\publicca\vservers\WWW\htdocs\odma\support\default.htm --> www.infonuovo.com /www/htdocs/odma/support default.htm
2001.01.17 15:26 A C:\crea\publicca\vservers\WWW\htdocs\odma\support\odma10st.htm --> www.infonuovo.com /www/htdocs/odma/support odma10st.htm
2001.01.17 15:26 B C:\crea\publicca\vservers\WWW\htdocs\odma\support\vssver.scc --> www.infonuovo.com /www/htdocs/odma/support vssver.scc
2001.01.29 14:20 A C:\crea\publicca\vservers\WWW\htdocs\odma\support\active.htm --> www.infonuovo.com /www/htdocs/odma/support active.htm
2001.01.29 14:20 A C:\crea\publicca\vservers\WWW\htdocs\odma\support\default.htm --> www.infonuovo.com /www/htdocs/odma/support default.htm
2001.01.29 14:20 B C:\crea\publicca\vservers\WWW\htdocs\odma\support\vssver.scc --> www.infonuovo.com /www/htdocs/odma/support vssver.scc
2001.01.29 14:20 B C:\crea\publicca\vservers\WWW\htdocs\odma\support\WS_FTP.LOG --> www.infonuovo.com /www/htdocs/odma/support WS_FTP.LOG
2001.01.29 14:20 A C:\crea\publicca\vservers\WWW\htdocs\odma\support\X00-log.htm --> www.infonuovo.com /www/htdocs/odma/support X00-log.htm
2001.01.29 14:20 A C:\crea\publicca\vservers\WWW\htdocs\odma\support\X000903.htm --> www.infonuovo.com /www/htdocs/odma/support X000903.htm
2001.01.29 14:20 A C:\crea\publicca\vservers\WWW\htdocs\odma\support\X010100.htm --> www.infonuovo.com /www/htdocs/odma/support X010100.htm
2001.01.29 14:20 B C:\crea\publicca\vservers\WWW\htdocs\odma\support\x010100a.msg --> www.infonuovo.com /www/htdocs/odma/support x010100a.msg
2001.01.29 14:22 B C:\crea\publicca\vservers\WWW\htdocs\odma\support\x010100b.bmp --> www.infonuovo.com /www/htdocs/odma/support x010100b.bmp
2001.01.29 14:22 B C:\crea\publicca\vservers\WWW\htdocs\odma\support\x010100b.gif --> www.infonuovo.com /www/htdocs/odma/support x010100b.gif
2001.01.29 17:57 A C:\crea\publicca\vservers\WWW\htdocs\odma\support\active.htm --> www.infonuovo.com /www/htdocs/odma/support active.htm
2001.01.29 17:58 A C:\crea\publicca\vservers\WWW\htdocs\odma\support\default.htm --> www.infonuovo.com /www/htdocs/odma/support default.htm
2001.01.29 17:58 B C:\crea\publicca\vservers\WWW\htdocs\odma\support\vssver.scc --> www.infonuovo.com /www/htdocs/odma/support vssver.scc
2001.01.29 17:58 A C:\crea\publicca\vservers\WWW\htdocs\odma\support\X00-log.htm --> www.infonuovo.com /www/htdocs/odma/support X00-log.htm
2001.01.29 17:58 A C:\crea\publicca\vservers\WWW\htdocs\odma\support\X010100.htm --> www.infonuovo.com /www/htdocs/odma/support X010100.htm
2001.01.29 17:58 A C:\crea\publicca\vservers\WWW\htdocs\odma\support\X010101.htm --> www.infonuovo.com /www/htdocs/odma/support X010101.htm
2001.01.29 17:58 B C:\crea\publicca\vservers\WWW\htdocs\odma\support\x010101c.log --> www.infonuovo.com /www/htdocs/odma/support x010101c.log
2001.01.29 17:58 B C:\crea\publicca\vservers\WWW\htdocs\odma\support\x010101d.log --> www.infonuovo.com /www/htdocs/odma/support x010101d.log
2001.02.12 14:00 A C:\crea\publicca\vservers\WWW\htdocs\odma\support\default.htm --> www.infonuovo.com /www/htdocs/odma/support default.htm
2001.02.12 14:00 B C:\crea\publicca\vservers\WWW\htdocs\odma\support\vssver.scc --> www.infonuovo.com /www/htdocs/odma/support vssver.scc
2001.02.12 14:00 B C:\crea\publicca\vservers\WWW\htdocs\odma\support\WS_FTP.LOG --> www.infonuovo.com /www/htdocs/odma/support WS_FTP.LOG
2001.02.12 14:00 A C:\crea\publicca\vservers\WWW\htdocs\odma\support\X00-log.htm --> www.infonuovo.com /www/htdocs/odma/support X00-log.htm
2001.02.12 14:00 A C:\crea\publicca\vservers\WWW\htdocs\odma\support\X010100.htm --> www.infonuovo.com /www/htdocs/odma/support X010100.htm
2001.02.12 14:00 B C:\crea\publicca\vservers\WWW\htdocs\odma\support\x010101e.msg --> www.infonuovo.com /www/htdocs/odma/support x010101e.msg
2001.02.12 14:00 A C:\crea\publicca\vservers\WWW\htdocs\odma\support\x010101f.txt --> www.infonuovo.com /www/htdocs/odma/support x010101f.txt
2001.02.12 14:00 B C:\crea\publicca\vservers\WWW\htdocs\odma\support\x010101f.wpd --> www.infonuovo.com /www/htdocs/odma/support x010101f.wpd
2001.02.12 14:00 B C:\crea\publicca\vservers\WWW\htdocs\odma\support\x010101g.log --> www.infonuovo.com /www/htdocs/odma/support x010101g.log
2001.02.12 14:01 B C:\crea\publicca\vservers\WWW\htdocs\odma\support\x010101h.log --> www.infonuovo.com /www/htdocs/odma/support x010101h.log
2001.03.01 23:50 A C:\crea\publicca\vservers\WWW\htdocs\odma\support\default.htm --> www.infonuovo.com /www/htdocs/odma/support default.htm
2001.03.01 23:50 B C:\crea\publicca\vservers\WWW\htdocs\odma\support\vssver.scc --> www.infonuovo.com /www/htdocs/odma/support vssver.scc
2001.03.02 12:13 A C:\crea\publicca\vservers\WWW\htdocs\odma\support\active.htm --> www.infonuovo.com /www/htdocs/odma/support active.htm
2001.03.02 12:13 A C:\crea\publicca\vservers\WWW\htdocs\odma\support\default.htm --> www.infonuovo.com /www/htdocs/odma/support default.htm
2001.03.02 12:13 B C:\crea\publicca\vservers\WWW\htdocs\odma\support\vssver.scc --> www.infonuovo.com /www/htdocs/odma/support vssver.scc
2001.03.02 12:13 B C:\crea\publicca\vservers\WWW\htdocs\odma\support\WS_FTP.LOG --> www.infonuovo.com /www/htdocs/odma/support WS_FTP.LOG
2001.03.02 12:13 A C:\crea\publicca\vservers\WWW\htdocs\odma\support\X00-log.htm --> www.infonuovo.com /www/htdocs/odma/support X00-log.htm
2001.03.02 12:13 A C:\crea\publicca\vservers\WWW\htdocs\odma\support\X001000.htm --> www.infonuovo.com /www/htdocs/odma/support X001000.htm
2001.03.02 12:13 B C:\crea\publicca\vservers\WWW\htdocs\odma\support\x001000a.msg --> www.infonuovo.com /www/htdocs/odma/support x001000a.msg
2001.03.02 12:13 B C:\crea\publicca\vservers\WWW\htdocs\odma\support\x001000b.msg --> www.infonuovo.com /www/htdocs/odma/support x001000b.msg
2001.03.02 12:13 B C:\crea\publicca\vservers\WWW\htdocs\odma\support\x001000d.msg --> www.infonuovo.com /www/htdocs/odma/support x001000d.msg
2001.03.02 12:13 B C:\crea\publicca\vservers\WWW\htdocs\odma\support\x001000e.msg --> www.infonuovo.com /www/htdocs/odma/support x001000e.msg
2001.03.02 12:13 B C:\crea\publicca\vservers\WWW\htdocs\odma\support\x001000f.msg --> www.infonuovo.com /www/htdocs/odma/support x001000f.msg
2001.03.04 20:55 A C:\crea\publicca\vservers\WWW\htdocs\odma\support\active.htm --> www.infonuovo.com /www/htdocs/odma/support active.htm
2001.03.04 20:55 A C:\crea\publicca\vservers\WWW\htdocs\odma\support\default.htm --> www.infonuovo.com /www/htdocs/odma/support default.htm
2001.03.04 20:55 B C:\crea\publicca\vservers\WWW\htdocs\odma\support\vssver.scc --> www.infonuovo.com /www/htdocs/odma/support vssver.scc
2001.03.04 20:55 A C:\crea\publicca\vservers\WWW\htdocs\odma\support\X00-log.htm --> www.infonuovo.com /www/htdocs/odma/support X00-log.htm
2001.03.04 20:55 A C:\crea\publicca\vservers\WWW\htdocs\odma\support\X000100.htm --> www.infonuovo.com /www/htdocs/odma/support X000100.htm
2001.03.04 20:55 B C:\crea\publicca\vservers\WWW\htdocs\odma\support\x000100a.msg --> www.infonuovo.com /www/htdocs/odma/support x000100a.msg
2001.03.04 20:55 A C:\crea\publicca\vservers\WWW\htdocs\odma\support\X000200.htm --> www.infonuovo.com /www/htdocs/odma/support X000200.htm
2001.03.04 20:55 B C:\crea\publicca\vservers\WWW\htdocs\odma\support\x000200A.msg --> www.infonuovo.com /www/htdocs/odma/support x000200A.msg
2001.03.04 20:55 A C:\crea\publicca\vservers\WWW\htdocs\odma\support\X001000.htm --> www.infonuovo.com /www/htdocs/odma/support X001000.htm
2001.03.05 12:35 A C:\crea\publicca\vservers\WWW\htdocs\odma\support\active.htm --> www.infonuovo.com /www/htdocs/odma/support active.htm
2001.03.05 12:35 A C:\crea\publicca\vservers\WWW\htdocs\odma\support\default.htm --> www.infonuovo.com /www/htdocs/odma/support default.htm
2001.03.05 12:35 B C:\crea\publicca\vservers\WWW\htdocs\odma\support\vssver.scc --> www.infonuovo.com /www/htdocs/odma/support vssver.scc
2001.03.05 12:35 B C:\crea\publicca\vservers\WWW\htdocs\odma\support\WS_FTP.LOG --> www.infonuovo.com /www/htdocs/odma/support WS_FTP.LOG
2001.03.05 12:36 A C:\crea\publicca\vservers\WWW\htdocs\odma\support\X00-log.htm --> www.infonuovo.com /www/htdocs/odma/support X00-log.htm
2001.03.05 12:36 A C:\crea\publicca\vservers\WWW\htdocs\odma\support\X000011.htm --> www.infonuovo.com /www/htdocs/odma/support X000011.htm
2001.03.05 12:36 B C:\crea\publicca\vservers\WWW\htdocs\odma\support\x000011a.msg --> www.infonuovo.com /www/htdocs/odma/support x000011a.msg
2001.03.05 12:36 B C:\crea\publicca\vservers\WWW\htdocs\odma\support\x000011b.msg --> www.infonuovo.com /www/htdocs/odma/support x000011b.msg
2001.03.05 16:09 B C:\crea\publicca\vservers\WWW\htdocs\odma\support\vssver.scc --> www.infonuovo.com /www/htdocs/odma/support vssver.scc
2001.03.05 16:09 A C:\crea\publicca\vservers\WWW\htdocs\odma\support\X000100.htm --> www.infonuovo.com /www/htdocs/odma/support X000100.htm
2001.03.05 16:09 B C:\crea\publicca\vservers\WWW\htdocs\odma\support\x000100c.gif --> www.infonuovo.com /www/htdocs/odma/support x000100c.gif
2001.03.05 16:09 B C:\crea\publicca\vservers\WWW\htdocs\odma\support\x000100d.gif --> www.infonuovo.com /www/htdocs/odma/support x000100d.gif
2001.03.05 16:10 B C:\crea\publicca\vservers\WWW\htdocs\odma\support\x000100e.gif --> www.infonuovo.com /www/htdocs/odma/support x000100e.gif
2001.03.05 16:10 B C:\crea\publicca\vservers\WWW\htdocs\odma\support\x000100f.gif --> www.infonuovo.com /www/htdocs/odma/support x000100f.gif
2001.03.05 16:10 A C:\crea\publicca\vservers\WWW\htdocs\odma\support\X000200.htm --> www.infonuovo.com /www/htdocs/odma/support X000200.htm
2001.03.06 13:26 A C:\crea\publicca\vservers\WWW\htdocs\odma\support\active.htm --> www.infonuovo.com /www/htdocs/odma/support active.htm
2001.03.06 13:26 A C:\crea\publicca\vservers\WWW\htdocs\odma\support\default.htm --> www.infonuovo.com /www/htdocs/odma/support default.htm
2001.03.06 13:26 B C:\crea\publicca\vservers\WWW\htdocs\odma\support\vssver.scc --> www.infonuovo.com /www/htdocs/odma/support vssver.scc
2001.03.06 13:26 B C:\crea\publicca\vservers\WWW\htdocs\odma\support\WS_FTP.LOG --> www.infonuovo.com /www/htdocs/odma/support WS_FTP.LOG
2001.03.06 13:26 A C:\crea\publicca\vservers\WWW\htdocs\odma\support\X00-log.htm --> www.infonuovo.com /www/htdocs/odma/support X00-log.htm
2001.03.06 13:26 A C:\crea\publicca\vservers\WWW\htdocs\odma\support\X000009.htm --> www.infonuovo.com /www/htdocs/odma/support X000009.htm
2001.03.06 13:26 B C:\crea\publicca\vservers\WWW\htdocs\odma\support\x000009a.msg --> www.infonuovo.com /www/htdocs/odma/support x000009a.msg
2001.03.06 13:26 A C:\crea\publicca\vservers\WWW\htdocs\odma\support\X000903.htm --> www.infonuovo.com /www/htdocs/odma/support X000903.htm
2001.03.06 23:51 A C:\crea\publicca\vservers\WWW\htdocs\odma\support\active.htm --> www.infonuovo.com /www/htdocs/odma/support active.htm
2001.03.06 23:51 A C:\crea\publicca\vservers\WWW\htdocs\odma\support\default.htm --> www.infonuovo.com /www/htdocs/odma/support default.htm
2001.03.06 23:51 B C:\crea\publicca\vservers\WWW\htdocs\odma\support\vssver.scc --> www.infonuovo.com /www/htdocs/odma/support vssver.scc
2001.03.06 23:52 A C:\crea\publicca\vservers\WWW\htdocs\odma\support\X00-log.htm --> www.infonuovo.com /www/htdocs/odma/support X00-log.htm
2001.03.06 23:52 A C:\crea\publicca\vservers\WWW\htdocs\odma\support\X000010.htm --> www.infonuovo.com /www/htdocs/odma/support X000010.htm
2001.03.06 23:52 B C:\crea\publicca\vservers\WWW\htdocs\odma\support\x000010a.msg --> www.infonuovo.com /www/htdocs/odma/support x000010a.msg
2001.03.06 23:52 B C:\crea\publicca\vservers\WWW\htdocs\odma\support\x000010b.msg --> www.infonuovo.com /www/htdocs/odma/support x000010b.msg
2001.03.07 15:40 A C:\crea\publicca\vservers\WWW\htdocs\odma\support\odma10st.htm --> www.infonuovo.com /www/htdocs/odma/support odma10st.htm
2001.03.07 15:40 B C:\crea\publicca\vservers\WWW\htdocs\odma\support\vssver.scc --> www.infonuovo.com /www/htdocs/odma/support vssver.scc
2001.03.07 15:40 B C:\crea\publicca\vservers\WWW\htdocs\odma\support\WS_FTP.LOG --> www.infonuovo.com /www/htdocs/odma/support WS_FTP.LOG
2001.03.10 16:20 A C:\crea\publicca\vservers\WWW\htdocs\odma\support\active.htm --> www.infonuovo.com /www/htdocs/odma/support active.htm
2001.03.10 16:21 A C:\crea\publicca\vservers\WWW\htdocs\odma\support\default.htm --> www.infonuovo.com /www/htdocs/odma/support default.htm
2001.03.10 16:21 A C:\crea\publicca\vservers\WWW\htdocs\odma\support\odma20st.htm --> www.infonuovo.com /www/htdocs/odma/support odma20st.htm
2001.03.10 16:21 B C:\crea\publicca\vservers\WWW\htdocs\odma\support\vssver.scc --> www.infonuovo.com /www/htdocs/odma/support vssver.scc
2001.03.10 16:21 A C:\crea\publicca\vservers\WWW\htdocs\odma\support\X00-log.htm --> www.infonuovo.com /www/htdocs/odma/support X00-log.htm
2001.03.10 16:21 A C:\crea\publicca\vservers\WWW\htdocs\odma\support\X000006.htm --> www.infonuovo.com /www/htdocs/odma/support X000006.htm
2001.03.10 16:21 B C:\crea\publicca\vservers\WWW\htdocs\odma\support\x000006a.msg --> www.infonuovo.com /www/htdocs/odma/support x000006a.msg
2001.03.10 16:21 B C:\crea\publicca\vservers\WWW\htdocs\odma\support\x000006b.msg --> www.infonuovo.com /www/htdocs/odma/support x000006b.msg
2001.03.30 08:49 A C:\crea\publicca\vservers\WWW\htdocs\odma\support\default.htm --> www.infonuovo.com /www/htdocs/odma/support default.htm
2001.03.30 08:49 B C:\crea\publicca\vservers\WWW\htdocs\odma\support\vssver.scc --> www.infonuovo.com /www/htdocs/odma/support vssver.scc
2001.03.30 08:49 B C:\crea\publicca\vservers\WWW\htdocs\odma\support\WS_FTP.LOG --> www.infonuovo.com /www/htdocs/odma/support WS_FTP.LOG
2001.03.30 08:49 A C:\crea\publicca\vservers\WWW\htdocs\odma\support\X000006.htm --> www.infonuovo.com /www/htdocs/odma/support X000006.htm
2001.04.11 17:30 A C:\crea\publicca\vservers\WWW\htdocs\odma\support\construction.htm --> www.infonuovo.com /www/htdocs/odma/support construction.htm
2001.04.11 17:30 A C:\crea\publicca\vservers\WWW\htdocs\odma\support\default.htm --> www.infonuovo.com /www/htdocs/odma/support default.htm
2001.04.11 17:30 B C:\crea\publicca\vservers\WWW\htdocs\odma\support\vssver.scc --> www.infonuovo.com /www/htdocs/odma/support vssver.scc
