01/22/01	19:23:55	WPWin Start
 
01/22/01  19:24:03
	ODMRegisterApp Start
 		Version=100
 		AppID=WordPerfect
 		EnvData=006A042A
 		Reserved=0
 		APPHandle=000F02BA
 
	ODMRegisterApp End
 		ReturnCode=0
 		Version=100
 		AppID=WordPerfect
 		OdmHandle=033406F0
 		EnvData=006A042A
 		Reserved=0
 
01/22/01  19:24:03
	ODMSelectDoc - Start
 		OdmHandle=033406F0
 		ODMDocID=
 		SelectFlags=0x1
 		hwndApp=000F02BA
 
	ODMSelectDoc - End
 		ReturnCode=0
 		OdmHandle=033406F0
 		ODMDocID=::ODMA\WORLDOX\F:\DOCS\WD\DRAFT\JUR\A0023349.WPD
 		SelectFlags=0x1
 
01/22/01  19:24:06
	ODMGetDocInfo - Start
 		OdmHandle=033406F0
 		ODMDocID=::ODMA\WORLDOX\F:\DOCS\WD\DRAFT\JUR\A0023349.WPD
 		RequestedItem=0x4
 		DataLength=0xff
 		hwndApp=000F02BA
 
	ODMGetDocInfo - End
 		ReturnCode=0
 		OdmHandle=033406F0
 		ODMDocID=::ODMA\WORLDOX\F:\DOCS\WD\DRAFT\JUR\A0023349.WPD
 		RequestedItem=0x4
 		ItemReturned=REG new clients form  (A0023349.WPD;1)
 		DataLength=0xff
 
01/22/01  19:24:07
	ODMOpenDoc - Start
 		OdmHandle=033406F0
 		SelectFlags=0x11
 		ODMDocID=::ODMA\WORLDOX\F:\DOCS\WD\DRAFT\JUR\A0023349.WPD
 		FileName=
 		hwndApp=000F02BA
 
	ODMOpenDoc - End
 		ReturnCode=0
 		OdmHandle=033406F0
 		SelectFlags=0x11
 		ODMDocID=::ODMA\WORLDOX\F:\DOCS\WD\DRAFT\JUR\A0023349.WPD
 		FileName=F:\DOCS\WD\DRAFT\JUR\A0023349.WPD
 		FileSize=2531
 
01/22/01  19:24:07
	ODMCloseDoc - Start
 		OdmHandle=033406F0
 		ODMDocID=::ODMA\WORLDOX\F:\DOCS\WD\DRAFT\JUR\A0023349.WPD
 		ActiveTime=0xffffffff
 		PagesPrinted=0xffffffff
 		SessionData=0
 		DataLen=0
 		FileName=F:\DOCS\WD\DRAFT\JUR\A0023349.WPD
 		FileSize=2531
 		hwndApp=000F02BA
 
	ODMCloseDoc - End
 		ReturnCode=0
 		OdmHandle=033406F0
 		ODMDocID=::ODMA\WORLDOX\F:\DOCS\WD\DRAFT\JUR\A0023349.WPD
 		ActiveTime=0xffffffff
 		PagesPrinted=0xffffffff
 		SessionData=0
 		DataLen=0
 
01/22/01  19:24:08
	ODMSelectDoc - Start
 		OdmHandle=033406F0
 		ODMDocID=
 		SelectFlags=0x1
 		hwndApp=000F02BA
 
	ODMSelectDoc - End
 		ReturnCode=0
 		OdmHandle=033406F0
 		ODMDocID=::ODMA\WORLDOX\F:\DOCS\WD\DRAFT\JUR\A0023344.DAT
 		SelectFlags=0x1
 
01/22/01  19:24:09
	ODMGetDocInfo - Start
 		OdmHandle=033406F0
 		ODMDocID=::ODMA\WORLDOX\F:\DOCS\WD\DRAFT\JUR\A0023344.DAT
 		RequestedItem=0x4
 		DataLength=0xff
 		hwndApp=000F02BA
 
	ODMGetDocInfo - End
 		ReturnCode=0
 		OdmHandle=033406F0
 		ODMDocID=::ODMA\WORLDOX\F:\DOCS\WD\DRAFT\JUR\A0023344.DAT
 		RequestedItem=0x4
 		ItemReturned=REG new clients 11/99 on  (A0023344.DAT;1)
 		DataLength=0xff
 
01/22/01  19:24:11
	ODMGetDocInfo - Start
 		OdmHandle=033406F0
 		ODMDocID=::ODMA\::ODMA\WORLDOX\F:\DOCS\WD\DRAFT\JUR\A0023349.WPD
 		RequestedItem=0x4
 		DataLength=0xff
 		hwndApp=000F02BA
