2000.08.18 14:27 A C:\crea\publicca\vservers\WWW\htdocs\odma\projects\construction.htm --> www.infonuovo.com /www/htdocs/odma/projects construction.htm
2000.08.18 14:27 A C:\crea\publicca\vservers\WWW\htdocs\odma\projects\default.htm --> www.infonuovo.com /www/htdocs/odma/projects default.htm
2000.08.18 14:27 A C:\crea\publicca\vservers\WWW\htdocs\odma\projects\index.htm --> www.infonuovo.com /www/htdocs/odma/projects index.htm
2000.08.18 14:27 A C:\crea\publicca\vservers\WWW\htdocs\odma\projects\p00-log.htm --> www.infonuovo.com /www/htdocs/odma/projects p00-log.htm
2000.08.18 14:27 B C:\crea\publicca\vservers\WWW\htdocs\odma\projects\vssver.scc --> www.infonuovo.com /www/htdocs/odma/projects vssver.scc
2000.08.20 11:23 A C:\crea\publicca\vservers\WWW\htdocs\odma\projects\construction.htm --> www.infonuovo.com /www/htdocs/odma/projects construction.htm
2000.08.20 11:23 A C:\crea\publicca\vservers\WWW\htdocs\odma\projects\p00-log.htm --> www.infonuovo.com /www/htdocs/odma/projects p00-log.htm
2000.08.20 11:23 B C:\crea\publicca\vservers\WWW\htdocs\odma\projects\vssver.scc --> www.infonuovo.com /www/htdocs/odma/projects vssver.scc
2000.08.20 11:23 B C:\crea\publicca\vservers\WWW\htdocs\odma\projects\WS_FTP.LOG --> www.infonuovo.com /www/htdocs/odma/projects WS_FTP.LOG
2000.08.21 21:41 A C:\crea\publicca\vservers\WWW\htdocs\odma\projects\default.htm --> www.infonuovo.com /www/htdocs/odma/projects default.htm
2000.08.21 21:41 A C:\crea\publicca\vservers\WWW\htdocs\odma\projects\p00-log.htm --> www.infonuovo.com /www/htdocs/odma/projects p00-log.htm
2000.08.21 21:41 B C:\crea\publicca\vservers\WWW\htdocs\odma\projects\vssver.scc --> www.infonuovo.com /www/htdocs/odma/projects vssver.scc
2000.08.23 12:41 A C:\crea\publicca\vservers\WWW\htdocs\odma\projects\default.htm --> www.infonuovo.com /www/htdocs/odma/projects default.htm
2000.08.23 12:41 A C:\crea\publicca\vservers\WWW\htdocs\odma\projects\p00-log.htm --> www.infonuovo.com /www/htdocs/odma/projects p00-log.htm
2000.08.23 12:41 B C:\crea\publicca\vservers\WWW\htdocs\odma\projects\vssver.scc --> www.infonuovo.com /www/htdocs/odma/projects vssver.scc
2000.08.23 12:42 B C:\crea\publicca\vservers\WWW\htdocs\odma\projects\WS_FTP.LOG --> www.infonuovo.com /www/htdocs/odma/projects WS_FTP.LOG
2000.09.11 06:59 A C:\crea\publicca\vservers\WWW\htdocs\odma\projects\default.htm --> www.infonuovo.com /www/htdocs/odma/projects default.htm
2000.09.11 06:59 A C:\crea\publicca\vservers\WWW\htdocs\odma\projects\p00-log.htm --> www.infonuovo.com /www/htdocs/odma/projects p00-log.htm
2000.09.11 06:59 B C:\crea\publicca\vservers\WWW\htdocs\odma\projects\vssver.scc --> www.infonuovo.com /www/htdocs/odma/projects vssver.scc
2000.09.14 10:48 A C:\crea\publicca\vservers\WWW\htdocs\odma\projects\default.htm --> www.infonuovo.com /www/htdocs/odma/projects default.htm
2000.09.14 10:48 A C:\crea\publicca\vservers\WWW\htdocs\odma\projects\p00-log.htm --> www.infonuovo.com /www/htdocs/odma/projects p00-log.htm
2000.09.14 10:48 A C:\crea\publicca\vservers\WWW\htdocs\odma\projects\P000400.htm --> www.infonuovo.com /www/htdocs/odma/projects P000400.htm
2000.09.14 10:48 B C:\crea\publicca\vservers\WWW\htdocs\odma\projects\vssver.scc --> www.infonuovo.com /www/htdocs/odma/projects vssver.scc
2000.09.14 10:48 B C:\crea\publicca\vservers\WWW\htdocs\odma\projects\WS_FTP.LOG --> www.infonuovo.com /www/htdocs/odma/projects WS_FTP.LOG
2000.09.14 13:15 A C:\crea\publicca\vservers\WWW\htdocs\odma\projects\default.htm --> www.infonuovo.com /www/htdocs/odma/projects default.htm
2000.09.14 13:16 A C:\crea\publicca\vservers\WWW\htdocs\odma\projects\p00-log.htm --> www.infonuovo.com /www/htdocs/odma/projects p00-log.htm
2000.09.14 13:16 A C:\crea\publicca\vservers\WWW\htdocs\odma\projects\P000901.htm --> www.infonuovo.com /www/htdocs/odma/projects P000901.htm
2000.09.14 13:16 B C:\crea\publicca\vservers\WWW\htdocs\odma\projects\vssver.scc --> www.infonuovo.com /www/htdocs/odma/projects vssver.scc
2000.09.14 13:16 B C:\crea\publicca\vservers\WWW\htdocs\odma\projects\WS_FTP.LOG --> www.infonuovo.com /www/htdocs/odma/projects WS_FTP.LOG
2000.09.14 15:06 A C:\crea\publicca\vservers\WWW\htdocs\odma\projects\p00-log.htm --> www.infonuovo.com /www/htdocs/odma/projects p00-log.htm
2000.09.14 15:06 A C:\crea\publicca\vservers\WWW\htdocs\odma\projects\P000901.htm --> www.infonuovo.com /www/htdocs/odma/projects P000901.htm
2000.09.14 15:06 B C:\crea\publicca\vservers\WWW\htdocs\odma\projects\vssver.scc --> www.infonuovo.com /www/htdocs/odma/projects vssver.scc
2000.09.14 15:06 B C:\crea\publicca\vservers\WWW\htdocs\odma\projects\WS_FTP.LOG --> www.infonuovo.com /www/htdocs/odma/projects WS_FTP.LOG
2000.09.15 00:31 A C:\crea\publicca\vservers\WWW\htdocs\odma\projects\P000901.htm --> www.infonuovo.com /www/htdocs/odma/projects P000901.htm
2000.09.15 00:31 A C:\crea\publicca\vservers\WWW\htdocs\odma\projects\P000901a.htm --> www.infonuovo.com /www/htdocs/odma/projects P000901a.htm
2000.09.15 00:31 B C:\crea\publicca\vservers\WWW\htdocs\odma\projects\vssver.scc --> www.infonuovo.com /www/htdocs/odma/projects vssver.scc
2000.09.15 00:31 B C:\crea\publicca\vservers\WWW\htdocs\odma\projects\WS_FTP.LOG --> www.infonuovo.com /www/htdocs/odma/projects WS_FTP.LOG
2000.09.16 05:26 A C:\crea\publicca\vservers\WWW\htdocs\odma\projects\p00-log.htm --> www.infonuovo.com /www/htdocs/odma/projects p00-log.htm
2000.09.16 05:26 A C:\crea\publicca\vservers\WWW\htdocs\odma\projects\P000901.htm --> www.infonuovo.com /www/htdocs/odma/projects P000901.htm
2000.09.16 05:26 A C:\crea\publicca\vservers\WWW\htdocs\odma\projects\P000901a.htm --> www.infonuovo.com /www/htdocs/odma/projects P000901a.htm
2000.09.16 05:26 B C:\crea\publicca\vservers\WWW\htdocs\odma\projects\vssver.scc --> www.infonuovo.com /www/htdocs/odma/projects vssver.scc
2000.09.20 20:31 A C:\crea\publicca\vservers\WWW\htdocs\odma\projects\p00-log.htm --> www.infonuovo.com /www/htdocs/odma/projects p00-log.htm
2000.09.20 20:31 B C:\crea\publicca\vservers\WWW\htdocs\odma\projects\vssver.scc --> www.infonuovo.com /www/htdocs/odma/projects vssver.scc
2000.09.20 20:31 B C:\crea\publicca\vservers\WWW\htdocs\odma\projects\WS_FTP.LOG --> www.infonuovo.com /www/htdocs/odma/projects WS_FTP.LOG
2000.09.26 13:10 A C:\crea\publicca\vservers\WWW\htdocs\odma\projects\P000901.htm --> www.infonuovo.com /www/htdocs/odma/projects P000901.htm
2000.09.26 13:10 A C:\crea\publicca\vservers\WWW\htdocs\odma\projects\P000901a.htm --> www.infonuovo.com /www/htdocs/odma/projects P000901a.htm
2000.09.26 13:10 B C:\crea\publicca\vservers\WWW\htdocs\odma\projects\vssver.scc --> www.infonuovo.com /www/htdocs/odma/projects vssver.scc
2000.09.29 17:30 A C:\crea\publicca\vservers\WWW\htdocs\odma\projects\default.htm --> www.infonuovo.com /www/htdocs/odma/projects default.htm
2000.09.29 17:30 A C:\crea\publicca\vservers\WWW\htdocs\odma\projects\p00-log.htm --> www.infonuovo.com /www/htdocs/odma/projects p00-log.htm
2000.09.29 17:30 A C:\crea\publicca\vservers\WWW\htdocs\odma\projects\P000902.htm --> www.infonuovo.com /www/htdocs/odma/projects P000902.htm
2000.09.29 17:30 B C:\crea\publicca\vservers\WWW\htdocs\odma\projects\vssver.scc --> www.infonuovo.com /www/htdocs/odma/projects vssver.scc
2000.09.29 17:30 B C:\crea\publicca\vservers\WWW\htdocs\odma\projects\WS_FTP.LOG --> www.infonuovo.com /www/htdocs/odma/projects WS_FTP.LOG
2000.09.29 20:19 A C:\crea\publicca\vservers\WWW\htdocs\odma\projects\P000901a.htm --> www.infonuovo.com /www/htdocs/odma/projects P000901a.htm
2000.09.29 20:19 B C:\crea\publicca\vservers\WWW\htdocs\odma\projects\vssver.scc --> www.infonuovo.com /www/htdocs/odma/projects vssver.scc
2000.09.29 20:19 B C:\crea\publicca\vservers\WWW\htdocs\odma\projects\WS_FTP.LOG --> www.infonuovo.com /www/htdocs/odma/projects WS_FTP.LOG
2000.10.23 12:53 A C:\crea\publicca\vservers\WWW\htdocs\odma\projects\p00-log.htm --> www.infonuovo.com /www/htdocs/odma/projects p00-log.htm
2000.10.23 12:53 A C:\crea\publicca\vservers\WWW\htdocs\odma\projects\P000901.htm --> www.infonuovo.com /www/htdocs/odma/projects P000901.htm
2000.10.23 12:54 B C:\crea\publicca\vservers\WWW\htdocs\odma\projects\vssver.scc --> www.infonuovo.com /www/htdocs/odma/projects vssver.scc
2000.10.23 12:54 B C:\crea\publicca\vservers\WWW\htdocs\odma\projects\WS_FTP.LOG --> www.infonuovo.com /www/htdocs/odma/projects WS_FTP.LOG
2000.11.01 14:33 A C:\crea\publicca\vservers\WWW\htdocs\odma\projects\construction.htm --> www.infonuovo.com /www/htdocs/odma/projects construction.htm
2000.11.01 14:33 A C:\crea\publicca\vservers\WWW\htdocs\odma\projects\default.htm --> www.infonuovo.com /www/htdocs/odma/projects default.htm
2000.11.01 14:33 A C:\crea\publicca\vservers\WWW\htdocs\odma\projects\P000400.htm --> www.infonuovo.com /www/htdocs/odma/projects P000400.htm
2000.11.01 14:33 A C:\crea\publicca\vservers\WWW\htdocs\odma\projects\P000901a.htm --> www.infonuovo.com /www/htdocs/odma/projects P000901a.htm
2000.11.01 14:33 A C:\crea\publicca\vservers\WWW\htdocs\odma\projects\P000902.htm --> www.infonuovo.com /www/htdocs/odma/projects P000902.htm
2000.11.01 14:33 B C:\crea\publicca\vservers\WWW\htdocs\odma\projects\vssver.scc --> www.infonuovo.com /www/htdocs/odma/projects vssver.scc
2000.11.01 14:33 B C:\crea\publicca\vservers\WWW\htdocs\odma\projects\WS_FTP.LOG --> www.infonuovo.com /www/htdocs/odma/projects WS_FTP.LOG
2000.12.05 15:10 A C:\crea\publicca\vservers\WWW\htdocs\odma\projects\P000901a.htm --> www.infonuovo.com /www/htdocs/odma/projects P000901a.htm
2000.12.05 15:10 B C:\crea\publicca\vservers\WWW\htdocs\odma\projects\vssver.scc --> www.infonuovo.com /www/htdocs/odma/projects vssver.scc
2000.12.12 11:28 B C:\crea\publicca\vservers\WWW\htdocs\odma\projects\WS_FTP.LOG --> www.infonuovo.com /www/htdocs/odma/projects WS_FTP.LOG
2000.12.13 12:57 A C:\crea\publicca\vservers\WWW\htdocs\odma\projects\P000901a.htm --> www.infonuovo.com /www/htdocs/odma/projects P000901a.htm
2000.12.13 12:57 B C:\crea\publicca\vservers\WWW\htdocs\odma\projects\vssver.scc --> www.infonuovo.com /www/htdocs/odma/projects vssver.scc
2001.01.11 10:42 B C:\crea\publicca\vservers\WWW\htdocs\odma\projects\WS_FTP.LOG --> www.infonuovo.com /www/htdocs/odma/projects WS_FTP.LOG
2001.01.29 17:57 A C:\crea\publicca\vservers\WWW\htdocs\odma\projects\P000902.htm --> www.infonuovo.com /www/htdocs/odma/projects P000902.htm
2001.01.29 17:57 B C:\crea\publicca\vservers\WWW\htdocs\odma\projects\vssver.scc --> www.infonuovo.com /www/htdocs/odma/projects vssver.scc
2001.02.16 16:07 A C:\crea\publicca\vservers\WWW\htdocs\odma\projects\p00-log.htm --> www.infonuovo.com /www/htdocs/odma/projects p00-log.htm
2001.02.16 16:07 A C:\crea\publicca\vservers\WWW\htdocs\odma\projects\P000804.htm --> www.infonuovo.com /www/htdocs/odma/projects P000804.htm
2001.02.16 16:07 A C:\crea\publicca\vservers\WWW\htdocs\odma\projects\P000901.htm --> www.infonuovo.com /www/htdocs/odma/projects P000901.htm
2001.02.16 16:07 A C:\crea\publicca\vservers\WWW\htdocs\odma\projects\P000901a.htm --> www.infonuovo.com /www/htdocs/odma/projects P000901a.htm
2001.02.16 16:07 B C:\crea\publicca\vservers\WWW\htdocs\odma\projects\vssver.scc --> www.infonuovo.com /www/htdocs/odma/projects vssver.scc
2001.02.16 16:07 B C:\crea\publicca\vservers\WWW\htdocs\odma\projects\WS_FTP.LOG --> www.infonuovo.com /www/htdocs/odma/projects WS_FTP.LOG
2001.03.01 23:50 A C:\crea\publicca\vservers\WWW\htdocs\odma\projects\default.htm --> www.infonuovo.com /www/htdocs/odma/projects default.htm
2001.03.01 23:50 A C:\crea\publicca\vservers\WWW\htdocs\odma\projects\p00-log.htm --> www.infonuovo.com /www/htdocs/odma/projects p00-log.htm
2001.03.01 23:50 A C:\crea\publicca\vservers\WWW\htdocs\odma\projects\P010200.htm --> www.infonuovo.com /www/htdocs/odma/projects P010200.htm
2001.03.01 23:50 B C:\crea\publicca\vservers\WWW\htdocs\odma\projects\vssver.scc --> www.infonuovo.com /www/htdocs/odma/projects vssver.scc
2001.03.02 12:14 A C:\crea\publicca\vservers\WWW\htdocs\odma\projects\P010200.htm --> www.infonuovo.com /www/htdocs/odma/projects P010200.htm
2001.03.02 12:14 B C:\crea\publicca\vservers\WWW\htdocs\odma\projects\vssver.scc --> www.infonuovo.com /www/htdocs/odma/projects vssver.scc
2001.03.02 12:14 B C:\crea\publicca\vservers\WWW\htdocs\odma\projects\WS_FTP.LOG --> www.infonuovo.com /www/htdocs/odma/projects WS_FTP.LOG
2001.03.04 20:56 A C:\crea\publicca\vservers\WWW\htdocs\odma\projects\P010200.htm --> www.infonuovo.com /www/htdocs/odma/projects P010200.htm
2001.03.04 20:56 B C:\crea\publicca\vservers\WWW\htdocs\odma\projects\vssver.scc --> www.infonuovo.com /www/htdocs/odma/projects vssver.scc
2001.03.05 12:36 A C:\crea\publicca\vservers\WWW\htdocs\odma\projects\P010200.htm --> www.infonuovo.com /www/htdocs/odma/projects P010200.htm
2001.03.05 12:36 B C:\crea\publicca\vservers\WWW\htdocs\odma\projects\vssver.scc --> www.infonuovo.com /www/htdocs/odma/projects vssver.scc
2001.03.05 12:36 B C:\crea\publicca\vservers\WWW\htdocs\odma\projects\WS_FTP.LOG --> www.infonuovo.com /www/htdocs/odma/projects WS_FTP.LOG
2001.03.06 13:26 A C:\crea\publicca\vservers\WWW\htdocs\odma\projects\p00-log.htm --> www.infonuovo.com /www/htdocs/odma/projects p00-log.htm
2001.03.06 13:27 A C:\crea\publicca\vservers\WWW\htdocs\odma\projects\P010200.htm --> www.infonuovo.com /www/htdocs/odma/projects P010200.htm
2001.03.06 13:27 B C:\crea\publicca\vservers\WWW\htdocs\odma\projects\vssver.scc --> www.infonuovo.com /www/htdocs/odma/projects vssver.scc
2001.03.06 23:52 A C:\crea\publicca\vservers\WWW\htdocs\odma\projects\P000902.htm --> www.infonuovo.com /www/htdocs/odma/projects P000902.htm
2001.03.06 23:52 A C:\crea\publicca\vservers\WWW\htdocs\odma\projects\P010200.htm --> www.infonuovo.com /www/htdocs/odma/projects P010200.htm
2001.03.06 23:52 B C:\crea\publicca\vservers\WWW\htdocs\odma\projects\vssver.scc --> www.infonuovo.com /www/htdocs/odma/projects vssver.scc
2001.03.06 23:52 B C:\crea\publicca\vservers\WWW\htdocs\odma\projects\WS_FTP.LOG --> www.infonuovo.com /www/htdocs/odma/projects WS_FTP.LOG
2001.03.10 16:21 A C:\crea\publicca\vservers\WWW\htdocs\odma\projects\P010200.htm --> www.infonuovo.com /www/htdocs/odma/projects P010200.htm
2001.03.10 16:21 B C:\crea\publicca\vservers\WWW\htdocs\odma\projects\vssver.scc --> www.infonuovo.com /www/htdocs/odma/projects vssver.scc
2001.03.13 22:53 A C:\crea\publicca\vservers\WWW\htdocs\odma\projects\P010200.htm --> www.infonuovo.com /www/htdocs/odma/projects P010200.htm
2001.03.13 22:53 B C:\crea\publicca\vservers\WWW\htdocs\odma\projects\vssver.scc --> www.infonuovo.com /www/htdocs/odma/projects vssver.scc
2001.03.13 22:53 B C:\crea\publicca\vservers\WWW\htdocs\odma\projects\WS_FTP.LOG --> www.infonuovo.com /www/htdocs/odma/projects WS_FTP.LOG
