2002.10.28 16:16 B c:\crea\publicca\bCentral\web\orcmid\blog\construction.htm --> ftp.nfocentrale.net /web/orcmid/blog construction.htm
2002.10.28 16:16 B c:\crea\publicca\bCentral\web\orcmid\blog\index.htm --> ftp.nfocentrale.net /web/orcmid/blog index.htm
2002.10.28 16:16 B c:\crea\publicca\bCentral\web\orcmid\blog\vssver.scc --> ftp.nfocentrale.net /web/orcmid/blog vssver.scc
2002.10.29 13:16 B c:\crea\publicca\bCentral\web\orcmid\blog\2002_10_27_lair-chive.htm <-- nfoCentrale on bCentral /web/orcmid/blog 2002_10_27_lair-chive.htm
2002.10.29 13:16 B c:\crea\publicca\bCentral\web\orcmid\blog\lair-chive.htm <-- nfoCentrale on bCentral /web/orcmid/blog lair-chive.htm
2002.10.29 13:16 B c:\crea\publicca\bCentral\web\orcmid\blog\lair.asp <-- nfoCentrale on bCentral /web/orcmid/blog lair.asp
2002.10.29 13:34 B c:\crea\publicca\bCentral\web\orcmid\blog\vssver.scc --> ftp.nfocentrale.net /web/orcmid/blog vssver.scc
2002.10.29 13:34 B c:\crea\publicca\bCentral\web\orcmid\blog\WS_FTP.LOG --> ftp.nfocentrale.net /web/orcmid/blog WS_FTP.LOG
2002.11.10 13:47 B c:\crea\publicca\bCentral\web\orcmid\blog\2002_10_27_lair-chive.asp <-- nfoCentrale on bCentral /web/orcmid/blog 2002_10_27_lair-chive.asp
2002.11.10 13:47 B c:\crea\publicca\bCentral\web\orcmid\blog\2002_10_27_lair-chive.htm <-- nfoCentrale on bCentral /web/orcmid/blog 2002_10_27_lair-chive.htm
2002.11.10 13:47 B c:\crea\publicca\bCentral\web\orcmid\blog\2002_11_03_lair-chive.asp <-- nfoCentrale on bCentral /web/orcmid/blog 2002_11_03_lair-chive.asp
2002.11.10 13:47 B c:\crea\publicca\bCentral\web\orcmid\blog\2002_11_10_lair-chive.asp <-- nfoCentrale on bCentral /web/orcmid/blog 2002_11_10_lair-chive.asp
2002.11.10 13:47 B c:\crea\publicca\bCentral\web\orcmid\blog\lair-chive.asp <-- nfoCentrale on bCentral /web/orcmid/blog lair-chive.asp
2002.11.10 13:47 B c:\crea\publicca\bCentral\web\orcmid\blog\lair.asp <-- nfoCentrale on bCentral /web/orcmid/blog lair.asp
2002.11.10 14:06 B c:\crea\publicca\bCentral\web\orcmid\blog\2002_10_27_lair-chive.asp --> ftp.nfocentrale.net /web/orcmid/blog 2002_10_27_lair-chive.asp
2002.11.10 14:06 B c:\crea\publicca\bCentral\web\orcmid\blog\2002_11_03_lair-chive.asp --> ftp.nfocentrale.net /web/orcmid/blog 2002_11_03_lair-chive.asp
2002.11.10 14:06 B c:\crea\publicca\bCentral\web\orcmid\blog\2002_11_10_lair-chive.asp --> ftp.nfocentrale.net /web/orcmid/blog 2002_11_10_lair-chive.asp
2002.11.10 14:06 B c:\crea\publicca\bCentral\web\orcmid\blog\lair.asp --> ftp.nfocentrale.net /web/orcmid/blog lair.asp
2002.11.10 14:06 B c:\crea\publicca\bCentral\web\orcmid\blog\vssver.scc --> ftp.nfocentrale.net /web/orcmid/blog vssver.scc
2002.11.10 14:06 B c:\crea\publicca\bCentral\web\orcmid\blog\WS_FTP.LOG --> ftp.nfocentrale.net /web/orcmid/blog WS_FTP.LOG
2002.11.13 12:01 B c:\crea\publicca\bCentral\web\orcmid\blog\2002_10_27_lair-chive.asp <-- Blogger on nfoCentrale.net /web/orcmid/blog 2002_10_27_lair-chive.asp
2002.11.13 12:01 B c:\crea\publicca\bCentral\web\orcmid\blog\2002_11_03_lair-chive.asp <-- Blogger on nfoCentrale.net /web/orcmid/blog 2002_11_03_lair-chive.asp
2002.11.13 12:01 B c:\crea\publicca\bCentral\web\orcmid\blog\2002_11_10_lair-chive.asp <-- Blogger on nfoCentrale.net /web/orcmid/blog 2002_11_10_lair-chive.asp
2002.11.13 12:01 B c:\crea\publicca\bCentral\web\orcmid\blog\lair-chive.asp <-- Blogger on nfoCentrale.net /web/orcmid/blog lair-chive.asp
2002.11.13 12:01 B c:\crea\publicca\bCentral\web\orcmid\blog\lair.asp <-- Blogger on nfoCentrale.net /web/orcmid/blog lair.asp
2002.11.18 22:58 B c:\crea\publicca\bCentral\web\orcmid\blog\2002_10_27_lair-chive.asp <-- nfoCentrale on bCentral /web/orcmid/blog 2002_10_27_lair-chive.asp
2002.11.18 22:58 B c:\crea\publicca\bCentral\web\orcmid\blog\2002_11_03_lair-chive.asp <-- nfoCentrale on bCentral /web/orcmid/blog 2002_11_03_lair-chive.asp
2002.11.18 22:59 B c:\crea\publicca\bCentral\web\orcmid\blog\2002_11_10_lair-chive.asp <-- nfoCentrale on bCentral /web/orcmid/blog 2002_11_10_lair-chive.asp
2002.11.18 22:59 B c:\crea\publicca\bCentral\web\orcmid\blog\2002_11_17_lair-chive.asp <-- nfoCentrale on bCentral /web/orcmid/blog 2002_11_17_lair-chive.asp
2002.11.18 22:59 B c:\crea\publicca\bCentral\web\orcmid\blog\lair-chive.asp <-- nfoCentrale on bCentral /web/orcmid/blog lair-chive.asp
2002.11.18 22:59 B c:\crea\publicca\bCentral\web\orcmid\blog\lair.asp <-- nfoCentrale on bCentral /web/orcmid/blog lair.asp
2002.11.28 10:00 B c:\crea\publicca\bCentral\web\orcmid\blog\2002_10_27_lair-chive.asp --> ftp.nfocentrale.net /web/orcmid/blog 2002_10_27_lair-chive.asp
2002.11.28 10:00 B c:\crea\publicca\bCentral\web\orcmid\blog\2002_11_03_lair-chive.asp --> ftp.nfocentrale.net /web/orcmid/blog 2002_11_03_lair-chive.asp
2002.11.28 10:00 B c:\crea\publicca\bCentral\web\orcmid\blog\2002_11_10_lair-chive.asp --> ftp.nfocentrale.net /web/orcmid/blog 2002_11_10_lair-chive.asp
2002.11.28 10:00 B c:\crea\publicca\bCentral\web\orcmid\blog\vssver.scc --> ftp.nfocentrale.net /web/orcmid/blog vssver.scc
2002.11.28 10:00 B c:\crea\publicca\bCentral\web\orcmid\blog\WS_FTP.LOG --> ftp.nfocentrale.net /web/orcmid/blog WS_FTP.LOG
2003.01.06 18:02 B c:\crea\publicca\bCentral\web\orcmid\blog\lair-chive.template.asp --> ftp.nfocentrale.net /web/orcmid/blog lair-chive.template.asp
2003.01.06 18:02 B c:\crea\publicca\bCentral\web\orcmid\blog\lair.template.asp --> ftp.nfocentrale.net /web/orcmid/blog lair.template.asp
2003.01.06 18:02 B c:\crea\publicca\bCentral\web\orcmid\blog\vssver.scc --> ftp.nfocentrale.net /web/orcmid/blog vssver.scc
2003.01.06 18:02 B c:\crea\publicca\bCentral\web\orcmid\blog\WS_FTP.LOG --> ftp.nfocentrale.net /web/orcmid/blog WS_FTP.LOG
