2002.10.08 17:32 B c:\crea\publicca\bCentral\web\dmware\FAQ\construction.htm --> ftp.nfocentrale.net /web/dmware/FAQ construction.htm
2002.10.08 17:32 B c:\crea\publicca\bCentral\web\dmware\FAQ\default.htm --> ftp.nfocentrale.net /web/dmware/FAQ default.htm
2002.10.08 17:32 B c:\crea\publicca\bCentral\web\dmware\FAQ\index.htm --> ftp.nfocentrale.net /web/dmware/FAQ index.htm
2002.10.08 17:32 B c:\crea\publicca\bCentral\web\dmware\FAQ\Q02-log.htm --> ftp.nfocentrale.net /web/dmware/FAQ Q02-log.htm
2002.10.08 17:32 B c:\crea\publicca\bCentral\web\dmware\FAQ\vssver.scc --> ftp.nfocentrale.net /web/dmware/FAQ vssver.scc
2002.10.08 23:03 B c:\crea\publicca\bCentral\web\dmware\FAQ\default.htm --> ftp.nfocentrale.net /web/dmware/FAQ default.htm
2002.10.08 23:03 B c:\crea\publicca\bCentral\web\dmware\FAQ\index.htm --> ftp.nfocentrale.net /web/dmware/FAQ index.htm
2002.10.08 23:03 B c:\crea\publicca\bCentral\web\dmware\FAQ\Q02-log.htm --> ftp.nfocentrale.net /web/dmware/FAQ Q02-log.htm
2002.10.08 23:03 B c:\crea\publicca\bCentral\web\dmware\FAQ\vssver.scc --> ftp.nfocentrale.net /web/dmware/FAQ vssver.scc
2002.10.08 23:03 B c:\crea\publicca\bCentral\web\dmware\FAQ\WS_FTP.LOG --> ftp.nfocentrale.net /web/dmware/FAQ WS_FTP.LOG
2002.10.15 17:32 B c:\crea\publicca\bCentral\web\dmware\FAQ\Q02-log.htm --> ftp.nfocentrale.net /web/dmware/FAQ Q02-log.htm
2002.10.15 17:32 B c:\crea\publicca\bCentral\web\dmware\FAQ\vssver.scc --> ftp.nfocentrale.net /web/dmware/FAQ vssver.scc
2002.10.15 17:32 B c:\crea\publicca\bCentral\web\dmware\FAQ\WS_FTP.LOG --> ftp.nfocentrale.net /web/dmware/FAQ WS_FTP.LOG
2002.12.10 16:12 B c:\crea\publicca\bCentral\web\dmware\FAQ\Q010300.htm --> ftp.nfocentrale.net /web/dmware/FAQ Q010300.htm
2002.12.10 16:12 B c:\crea\publicca\bCentral\web\dmware\FAQ\Q02-log.htm --> ftp.nfocentrale.net /web/dmware/FAQ Q02-log.htm
2002.12.10 16:12 B c:\crea\publicca\bCentral\web\dmware\FAQ\vssver.scc --> ftp.nfocentrale.net /web/dmware/FAQ vssver.scc
2002.12.11 17:56 B c:\crea\publicca\bCentral\web\dmware\FAQ\Q000400.htm --> ftp.nfocentrale.net /web/dmware/FAQ Q000400.htm
2002.12.11 17:56 B c:\crea\publicca\bCentral\web\dmware\FAQ\Q000400A.txt --> ftp.nfocentrale.net /web/dmware/FAQ Q000400A.txt
2002.12.11 17:56 B c:\crea\publicca\bCentral\web\dmware\FAQ\Q010300.htm --> ftp.nfocentrale.net /web/dmware/FAQ Q010300.htm
2002.12.11 17:56 B c:\crea\publicca\bCentral\web\dmware\FAQ\Q010301.htm --> ftp.nfocentrale.net /web/dmware/FAQ Q010301.htm
2002.12.11 17:56 B c:\crea\publicca\bCentral\web\dmware\FAQ\Q02-log.htm --> ftp.nfocentrale.net /web/dmware/FAQ Q02-log.htm
2002.12.11 17:56 B c:\crea\publicca\bCentral\web\dmware\FAQ\vssver.scc --> ftp.nfocentrale.net /web/dmware/FAQ vssver.scc
2002.12.11 17:56 B c:\crea\publicca\bCentral\web\dmware\FAQ\WS_FTP.LOG --> ftp.nfocentrale.net /web/dmware/FAQ WS_FTP.LOG
2002.12.11 22:05 B c:\crea\publicca\bCentral\web\dmware\FAQ\default.htm --> ftp.nfocentrale.net /web/dmware/FAQ default.htm
2002.12.11 22:05 B c:\crea\publicca\bCentral\web\dmware\FAQ\Q000400.htm --> ftp.nfocentrale.net /web/dmware/FAQ Q000400.htm
2002.12.11 22:05 B c:\crea\publicca\bCentral\web\dmware\FAQ\Q010300.htm --> ftp.nfocentrale.net /web/dmware/FAQ Q010300.htm
2002.12.11 22:05 B c:\crea\publicca\bCentral\web\dmware\FAQ\Q010301.htm --> ftp.nfocentrale.net /web/dmware/FAQ Q010301.htm
2002.12.11 22:05 B c:\crea\publicca\bCentral\web\dmware\FAQ\Q02-log.htm --> ftp.nfocentrale.net /web/dmware/FAQ Q02-log.htm
2002.12.11 22:05 B c:\crea\publicca\bCentral\web\dmware\FAQ\vssver.scc --> ftp.nfocentrale.net /web/dmware/FAQ vssver.scc
2002.12.12 08:37 B c:\crea\publicca\bCentral\web\dmware\FAQ\WS_FTP.LOG --> ftp.nfocentrale.net /web/dmware/FAQ WS_FTP.LOG
