2002.09.03 22:32 B c:\crea\publicca\bCentral\web\dmware\construction\construction.htm --> ftp.nfocentrale.net /web/dmware/construction construction.htm
2002.09.03 22:32 B c:\crea\publicca\bCentral\web\dmware\construction\index.htm --> ftp.nfocentrale.net /web/dmware/construction index.htm
2002.09.03 22:32 B c:\crea\publicca\bCentral\web\dmware\construction\orcmid.htm --> ftp.nfocentrale.net /web/dmware/construction orcmid.htm
2002.09.03 22:32 B c:\crea\publicca\bCentral\web\dmware\construction\vssver.scc --> ftp.nfocentrale.net /web/dmware/construction vssver.scc
2002.09.04 08:15 B c:\crea\publicca\bCentral\web\dmware\construction\WS_FTP.LOG --> ftp.nfocentrale.net /web/dmware/construction WS_FTP.LOG
2002.10.07 23:30 B c:\crea\publicca\bCentral\web\dmware\construction\orcmid.htm --> ftp.nfocentrale.net /web/dmware/construction orcmid.htm
2002.10.07 23:30 B c:\crea\publicca\bCentral\web\dmware\construction\vssver.scc --> ftp.nfocentrale.net /web/dmware/construction vssver.scc
2002.10.08 17:32 B c:\crea\publicca\bCentral\web\dmware\construction\WS_FTP.LOG --> ftp.nfocentrale.net /web/dmware/construction WS_FTP.LOG
2002.12.13 16:45 B c:\crea\publicca\bCentral\web\dmware\construction\orcmid.htm --> ftp.nfocentrale.net /web/dmware/construction orcmid.htm
2002.12.13 16:45 B c:\crea\publicca\bCentral\web\dmware\construction\vssver.scc --> ftp.nfocentrale.net /web/dmware/construction vssver.scc
2002.12.13 18:36 B c:\crea\publicca\bCentral\web\dmware\construction\orcmid.htm --> ftp.nfocentrale.net /web/dmware/construction orcmid.htm
2002.12.13 18:36 B c:\crea\publicca\bCentral\web\dmware\construction\vssver.scc --> ftp.nfocentrale.net /web/dmware/construction vssver.scc
2002.12.13 18:36 B c:\crea\publicca\bCentral\web\dmware\construction\WS_FTP.LOG --> ftp.nfocentrale.net /web/dmware/construction WS_FTP.LOG
2002.12.18 15:19 B c:\crea\publicca\bCentral\web\dmware\construction\c00-log.htm --> ftp.nfocentrale.net /web/dmware/construction c00-log.htm
2002.12.18 15:19 B c:\crea\publicca\bCentral\web\dmware\construction\C000000.htm --> ftp.nfocentrale.net /web/dmware/construction C000000.htm
2002.12.18 15:19 B c:\crea\publicca\bCentral\web\dmware\construction\C000001.htm --> ftp.nfocentrale.net /web/dmware/construction C000001.htm
2002.12.18 15:19 B c:\crea\publicca\bCentral\web\dmware\construction\C000002.htm --> ftp.nfocentrale.net /web/dmware/construction C000002.htm
2002.12.18 15:19 B c:\crea\publicca\bCentral\web\dmware\construction\C000003.htm --> ftp.nfocentrale.net /web/dmware/construction C000003.htm
2002.12.18 15:19 B c:\crea\publicca\bCentral\web\dmware\construction\C000004.htm --> ftp.nfocentrale.net /web/dmware/construction C000004.htm
2002.12.18 15:19 B c:\crea\publicca\bCentral\web\dmware\construction\C021200.htm --> ftp.nfocentrale.net /web/dmware/construction C021200.htm
2002.12.18 15:19 B c:\crea\publicca\bCentral\web\dmware\construction\construction.htm --> ftp.nfocentrale.net /web/dmware/construction construction.htm
2002.12.18 15:19 B c:\crea\publicca\bCentral\web\dmware\construction\index.htm --> ftp.nfocentrale.net /web/dmware/construction index.htm
2002.12.18 15:19 B c:\crea\publicca\bCentral\web\dmware\construction\orcmid.htm --> ftp.nfocentrale.net /web/dmware/construction orcmid.htm
2002.12.18 15:19 B c:\crea\publicca\bCentral\web\dmware\construction\vssver.scc --> ftp.nfocentrale.net /web/dmware/construction vssver.scc
2003.01.06 17:35 B c:\crea\publicca\bCentral\web\dmware\construction\construction.htm --> ftp.nfocentrale.net /web/dmware/construction construction.htm
2003.01.06 17:35 B c:\crea\publicca\bCentral\web\dmware\construction\vssver.scc --> ftp.nfocentrale.net /web/dmware/construction vssver.scc
2003.01.06 17:35 B c:\crea\publicca\bCentral\web\dmware\construction\WS_FTP.LOG --> ftp.nfocentrale.net /web/dmware/construction WS_FTP.LOG
