2002.09.04 08:19 B c:\crea\publicca\bCentral\web\dmware\aiim2000-faq.txt --> ftp.nfocentrale.net /web/dmware aiim2000-faq.txt
2002.09.04 08:19 B c:\crea\publicca\bCentral\web\dmware\aiim2000.htm --> ftp.nfocentrale.net /web/dmware aiim2000.htm
2002.09.04 08:19 B c:\crea\publicca\bCentral\web\dmware\C010300.htm --> ftp.nfocentrale.net /web/dmware C010300.htm
2002.09.04 08:19 B c:\crea\publicca\bCentral\web\dmware\construction.htm --> ftp.nfocentrale.net /web/dmware construction.htm
2002.09.04 08:19 B c:\crea\publicca\bCentral\web\dmware\default.htm --> ftp.nfocentrale.net /web/dmware default.htm
2002.09.04 08:19 B c:\crea\publicca\bCentral\web\dmware\index.htm --> ftp.nfocentrale.net /web/dmware index.htm
2002.09.04 08:19 B c:\crea\publicca\bCentral\web\dmware\vssver.scc --> ftp.nfocentrale.net /web/dmware vssver.scc
2002.09.09 13:23 B c:\crea\publicca\bCentral\web\dmware\WS_FTP.LOG --> ftp.nfocentrale.net /web/dmware WS_FTP.LOG
2002.10.07 23:31 B c:\crea\publicca\bCentral\web\dmware\vssver.scc --> ftp.nfocentrale.net /web/dmware vssver.scc
2002.10.08 17:33 B c:\crea\publicca\bCentral\web\dmware\default.htm --> ftp.nfocentrale.net /web/dmware default.htm
2002.10.08 17:33 B c:\crea\publicca\bCentral\web\dmware\vssver.scc --> ftp.nfocentrale.net /web/dmware vssver.scc
2002.10.08 17:33 B c:\crea\publicca\bCentral\web\dmware\WS_FTP.LOG --> ftp.nfocentrale.net /web/dmware WS_FTP.LOG
2002.12.10 16:13 B c:\crea\publicca\bCentral\web\dmware\C010300.htm --> ftp.nfocentrale.net /web/dmware C010300.htm
2002.12.10 16:13 B c:\crea\publicca\bCentral\web\dmware\vssver.scc --> ftp.nfocentrale.net /web/dmware vssver.scc
2002.12.11 17:57 B c:\crea\publicca\bCentral\web\dmware\aiim2000-faq.txt --> ftp.nfocentrale.net /web/dmware aiim2000-faq.txt
2002.12.11 17:57 B c:\crea\publicca\bCentral\web\dmware\aiim2000.htm --> ftp.nfocentrale.net /web/dmware aiim2000.htm
2002.12.11 17:57 B c:\crea\publicca\bCentral\web\dmware\C010300.htm --> ftp.nfocentrale.net /web/dmware C010300.htm
2002.12.11 17:57 B c:\crea\publicca\bCentral\web\dmware\construction.htm --> ftp.nfocentrale.net /web/dmware construction.htm
2002.12.11 17:57 B c:\crea\publicca\bCentral\web\dmware\default.htm --> ftp.nfocentrale.net /web/dmware default.htm
2002.12.11 17:57 B c:\crea\publicca\bCentral\web\dmware\index.htm --> ftp.nfocentrale.net /web/dmware index.htm
2002.12.11 17:57 B c:\crea\publicca\bCentral\web\dmware\vssver.scc --> ftp.nfocentrale.net /web/dmware vssver.scc
2002.12.11 17:57 B c:\crea\publicca\bCentral\web\dmware\WS_FTP.LOG --> ftp.nfocentrale.net /web/dmware WS_FTP.LOG
2002.12.11 22:06 B c:\crea\publicca\bCentral\web\dmware\default.htm --> ftp.nfocentrale.net /web/dmware default.htm
2002.12.11 22:06 B c:\crea\publicca\bCentral\web\dmware\index.htm --> ftp.nfocentrale.net /web/dmware index.htm
2002.12.11 22:06 B c:\crea\publicca\bCentral\web\dmware\vssver.scc --> ftp.nfocentrale.net /web/dmware vssver.scc
2002.12.12 08:38 B c:\crea\publicca\bCentral\web\dmware\default.htm --> ftp.nfocentrale.net /web/dmware default.htm
2002.12.12 08:38 B c:\crea\publicca\bCentral\web\dmware\vssver.scc --> ftp.nfocentrale.net /web/dmware vssver.scc
2002.12.12 08:38 B c:\crea\publicca\bCentral\web\dmware\WS_FTP.LOG --> ftp.nfocentrale.net /web/dmware WS_FTP.LOG
2002.12.12 09:18 B c:\crea\publicca\bCentral\web\dmware\default.htm --> ftp.nfocentrale.net /web/dmware default.htm
2002.12.12 09:18 B c:\crea\publicca\bCentral\web\dmware\vssver.scc --> ftp.nfocentrale.net /web/dmware vssver.scc
2002.12.12 09:18 B c:\crea\publicca\bCentral\web\dmware\WS_FTP.LOG --> ftp.nfocentrale.net /web/dmware WS_FTP.LOG
