2000.05.17 18:30 A C:\crea\publicca\vservers\WWW\htdocs\odma\status\construction.htm --> www.infonuovo.com /www/htdocs/odma/status construction.htm
2000.05.17 18:30 A C:\crea\publicca\vservers\WWW\htdocs\odma\status\default.htm --> www.infonuovo.com /www/htdocs/odma/status default.htm
2000.05.17 18:30 A C:\crea\publicca\vservers\WWW\htdocs\odma\status\index.htm --> www.infonuovo.com /www/htdocs/odma/status index.htm
2000.05.17 18:30 B C:\crea\publicca\vservers\WWW\htdocs\odma\status\vssver.scc --> www.infonuovo.com /www/htdocs/odma/status vssver.scc
2000.05.18 00:09 A C:\crea\publicca\vservers\WWW\htdocs\odma\status\20000509.htm --> www.infonuovo.com /www/htdocs/odma/status 20000509.htm
2000.05.18 00:09 A C:\crea\publicca\vservers\WWW\htdocs\odma\status\construction.htm --> www.infonuovo.com /www/htdocs/odma/status construction.htm
2000.05.18 00:09 A C:\crea\publicca\vservers\WWW\htdocs\odma\status\default.htm --> www.infonuovo.com /www/htdocs/odma/status default.htm
2000.05.18 00:09 A C:\crea\publicca\vservers\WWW\htdocs\odma\status\index.htm --> www.infonuovo.com /www/htdocs/odma/status index.htm
2000.05.18 00:10 B C:\crea\publicca\vservers\WWW\htdocs\odma\status\vssver.scc --> www.infonuovo.com /www/htdocs/odma/status vssver.scc
2000.05.18 00:10 B C:\crea\publicca\vservers\WWW\htdocs\odma\status\WS_FTP.LOG --> www.infonuovo.com /www/htdocs/odma/status WS_FTP.LOG
2000.05.29 09:08 A C:\crea\publicca\vservers\WWW\htdocs\odma\status\20000509.htm --> www.infonuovo.com /www/htdocs/odma/status 20000509.htm
2000.05.29 09:08 A C:\crea\publicca\vservers\WWW\htdocs\odma\status\construction.htm --> www.infonuovo.com /www/htdocs/odma/status construction.htm
2000.05.29 09:08 A C:\crea\publicca\vservers\WWW\htdocs\odma\status\default.htm --> www.infonuovo.com /www/htdocs/odma/status default.htm
2000.05.29 09:08 B C:\crea\publicca\vservers\WWW\htdocs\odma\status\vssver.scc --> www.infonuovo.com /www/htdocs/odma/status vssver.scc
2000.05.29 09:08 B C:\crea\publicca\vservers\WWW\htdocs\odma\status\WS_FTP.LOG --> www.infonuovo.com /www/htdocs/odma/status WS_FTP.LOG
2000.05.29 09:08 A C:\crea\publicca\vservers\WWW\htdocs\odma\status\X000500.htm --> www.infonuovo.com /www/htdocs/odma/status X000500.htm
2000.05.30 00:36 A C:\crea\publicca\vservers\WWW\htdocs\odma\status\construction.htm --> www.infonuovo.com /www/htdocs/odma/status construction.htm
2000.05.30 00:36 B C:\crea\publicca\vservers\WWW\htdocs\odma\status\vssver.scc --> www.infonuovo.com /www/htdocs/odma/status vssver.scc
2000.05.30 00:36 A C:\crea\publicca\vservers\WWW\htdocs\odma\status\X000500.htm --> www.infonuovo.com /www/htdocs/odma/status X000500.htm
2000.06.15 17:18 A C:\crea\publicca\vservers\WWW\htdocs\odma\status\20000509.htm --> www.infonuovo.com /www/htdocs/odma/status 20000509.htm
2000.06.15 17:18 A C:\crea\publicca\vservers\WWW\htdocs\odma\status\construction.htm --> www.infonuovo.com /www/htdocs/odma/status construction.htm
2000.06.15 17:18 A C:\crea\publicca\vservers\WWW\htdocs\odma\status\default.htm --> www.infonuovo.com /www/htdocs/odma/status default.htm
2000.06.15 17:18 A C:\crea\publicca\vservers\WWW\htdocs\odma\status\index.htm --> www.infonuovo.com /www/htdocs/odma/status index.htm
2000.06.15 17:19 B C:\crea\publicca\vservers\WWW\htdocs\odma\status\vssver.scc --> www.infonuovo.com /www/htdocs/odma/status vssver.scc
2000.06.15 17:19 B C:\crea\publicca\vservers\WWW\htdocs\odma\status\WS_FTP.LOG --> www.infonuovo.com /www/htdocs/odma/status WS_FTP.LOG
2000.06.15 17:19 A C:\crea\publicca\vservers\WWW\htdocs\odma\status\X000500.htm --> www.infonuovo.com /www/htdocs/odma/status X000500.htm
2000.06.19 15:16 B C:\crea\publicca\vservers\WWW\htdocs\odma\status\WS_FTP.LOG --> www.infonuovo.com /www/htdocs/odma/status WS_FTP.LOG
2000.06.23 12:19 B C:\crea\publicca\vservers\WWW\htdocs\odma\status\WS_FTP.LOG --> www.infonuovo.com /www/htdocs/odma/status WS_FTP.LOG
2000.06.24 12:48 B C:\crea\publicca\vservers\WWW\htdocs\odma\status\WS_FTP.LOG --> www.infonuovo.com /www/htdocs/odma/status WS_FTP.LOG
2000.08.11 16:08 B C:\crea\publicca\vservers\WWW\htdocs\odma\status\WS_FTP.LOG --> www.infonuovo.com /www/htdocs/odma/status WS_FTP.LOG
2000.12.12 11:28 A C:\crea\publicca\vservers\WWW\htdocs\odma\status\20000509.htm --> www.infonuovo.com /www/htdocs/odma/status 20000509.htm
2000.12.12 11:28 A C:\crea\publicca\vservers\WWW\htdocs\odma\status\construction.htm --> www.infonuovo.com /www/htdocs/odma/status construction.htm
2000.12.12 11:28 A C:\crea\publicca\vservers\WWW\htdocs\odma\status\default.htm --> www.infonuovo.com /www/htdocs/odma/status default.htm
2000.12.12 11:28 A C:\crea\publicca\vservers\WWW\htdocs\odma\status\index.htm --> www.infonuovo.com /www/htdocs/odma/status index.htm
2000.12.12 11:28 B C:\crea\publicca\vservers\WWW\htdocs\odma\status\vssver.scc --> www.infonuovo.com /www/htdocs/odma/status vssver.scc
2000.12.12 11:28 B C:\crea\publicca\vservers\WWW\htdocs\odma\status\WS_FTP.LOG --> www.infonuovo.com /www/htdocs/odma/status WS_FTP.LOG
2000.12.12 11:28 A C:\crea\publicca\vservers\WWW\htdocs\odma\status\X000500.htm --> www.infonuovo.com /www/htdocs/odma/status X000500.htm
