2002.01.30 11:29 B c:\crea\publicca\bCentral\web\NuovoDoc\activities\construction.htm --> ftp.nfocentrale.net /web/NuovoDoc/activities construction.htm
2002.01.30 11:30 B c:\crea\publicca\bCentral\web\NuovoDoc\activities\current-calendar.htm --> ftp.nfocentrale.net /web/NuovoDoc/activities current-calendar.htm
2002.01.30 11:30 B c:\crea\publicca\bCentral\web\NuovoDoc\activities\index.htm --> ftp.nfocentrale.net /web/NuovoDoc/activities index.htm
2002.01.30 11:30 B c:\crea\publicca\bCentral\web\NuovoDoc\activities\vssver.scc --> ftp.nfocentrale.net /web/NuovoDoc/activities vssver.scc
2002.02.06 14:00 B c:\crea\publicca\bCentral\web\NuovoDoc\activities\a02-log.htm --> ftp.nfocentrale.net /web/NuovoDoc/activities a02-log.htm
2002.02.06 14:00 B c:\crea\publicca\bCentral\web\NuovoDoc\activities\construction.htm --> ftp.nfocentrale.net /web/NuovoDoc/activities construction.htm
2002.02.06 14:00 B c:\crea\publicca\bCentral\web\NuovoDoc\activities\current-calendar.htm --> ftp.nfocentrale.net /web/NuovoDoc/activities current-calendar.htm
2002.02.06 14:00 B c:\crea\publicca\bCentral\web\NuovoDoc\activities\index.htm --> ftp.nfocentrale.net /web/NuovoDoc/activities index.htm
2002.02.06 14:00 B c:\crea\publicca\bCentral\web\NuovoDoc\activities\vssver.scc --> ftp.nfocentrale.net /web/NuovoDoc/activities vssver.scc
2002.02.06 14:00 B c:\crea\publicca\bCentral\web\NuovoDoc\activities\WS_FTP.LOG --> ftp.nfocentrale.net /web/NuovoDoc/activities WS_FTP.LOG
2002.04.09 12:23 B c:\crea\publicca\bCentral\web\NuovoDoc\activities\2002-04-09.htm --> ftp.nfocentrale.net /web/NuovoDoc/activities 2002-04-09.htm
2002.04.09 12:23 B c:\crea\publicca\bCentral\web\NuovoDoc\activities\current-calendar.htm --> ftp.nfocentrale.net /web/NuovoDoc/activities current-calendar.htm
2002.04.09 12:23 B c:\crea\publicca\bCentral\web\NuovoDoc\activities\past-calendar.htm --> ftp.nfocentrale.net /web/NuovoDoc/activities past-calendar.htm
2002.04.09 12:23 B c:\crea\publicca\bCentral\web\NuovoDoc\activities\vssver.scc --> ftp.nfocentrale.net /web/NuovoDoc/activities vssver.scc
2002.04.09 14:21 B c:\crea\publicca\bCentral\web\NuovoDoc\activities\2002-04-09-dinner.ppt --> ftp.nfocentrale.net /web/NuovoDoc/activities 2002-04-09-dinner.ppt
2002.04.09 14:21 B c:\crea\publicca\bCentral\web\NuovoDoc\activities\2002-04-09.htm --> ftp.nfocentrale.net /web/NuovoDoc/activities 2002-04-09.htm
2002.04.09 14:21 B c:\crea\publicca\bCentral\web\NuovoDoc\activities\vssver.scc --> ftp.nfocentrale.net /web/NuovoDoc/activities vssver.scc
2002.04.09 14:21 B c:\crea\publicca\bCentral\web\NuovoDoc\activities\WS_FTP.LOG --> ftp.nfocentrale.net /web/NuovoDoc/activities WS_FTP.LOG
2002.04.09 21:36 B c:\crea\publicca\bCentral\web\NuovoDoc\activities\2002-04-09-workshop.ppt --> ftp.nfocentrale.net /web/NuovoDoc/activities 2002-04-09-workshop.ppt
2002.04.09 21:36 B c:\crea\publicca\bCentral\web\NuovoDoc\activities\2002-04-09.htm --> ftp.nfocentrale.net /web/NuovoDoc/activities 2002-04-09.htm
2002.04.09 21:36 B c:\crea\publicca\bCentral\web\NuovoDoc\activities\vssver.scc --> ftp.nfocentrale.net /web/NuovoDoc/activities vssver.scc
2002.04.10 10:52 B c:\crea\publicca\bCentral\web\NuovoDoc\activities\2002-04-09-dinner.ppt --> ftp.nfocentrale.net /web/NuovoDoc/activities 2002-04-09-dinner.ppt
2002.04.10 10:53 B c:\crea\publicca\bCentral\web\NuovoDoc\activities\2002-04-09-workshop.ppt --> ftp.nfocentrale.net /web/NuovoDoc/activities 2002-04-09-workshop.ppt
2002.04.10 10:53 B c:\crea\publicca\bCentral\web\NuovoDoc\activities\vssver.scc --> ftp.nfocentrale.net /web/NuovoDoc/activities vssver.scc
2002.04.10 10:53 B c:\crea\publicca\bCentral\web\NuovoDoc\activities\WS_FTP.LOG --> ftp.nfocentrale.net /web/NuovoDoc/activities WS_FTP.LOG
2002.04.23 02:47 B c:\crea\publicca\bCentral\web\NuovoDoc\activities\2002-04-23-Convergence.htm --> ftp.nfocentrale.net /web/NuovoDoc/activities 2002-04-23-Convergence.htm
2002.04.23 02:48 B c:\crea\publicca\bCentral\web\NuovoDoc\activities\2002-04-23-Convergence.ppt --> ftp.nfocentrale.net /web/NuovoDoc/activities 2002-04-23-Convergence.ppt
2002.04.23 02:48 B c:\crea\publicca\bCentral\web\NuovoDoc\activities\vssver.scc --> ftp.nfocentrale.net /web/NuovoDoc/activities vssver.scc
2002.04.23 03:01 B c:\crea\publicca\bCentral\web\NuovoDoc\activities\2002-04-23-Convergence.ppt --> ftp.nfocentrale.net /web/NuovoDoc/activities 2002-04-23-Convergence.ppt
2002.04.23 10:15 B c:\crea\publicca\bCentral\web\NuovoDoc\activities\2002-04-23-Convergence.ppt --> ftp.nfocentrale.net /web/NuovoDoc/activities 2002-04-23-Convergence.ppt
2002.04.24 07:01 B c:\crea\publicca\bCentral\web\NuovoDoc\activities\2002-04-23-Convergence.htm --> ftp.nfocentrale.net /web/NuovoDoc/activities 2002-04-23-Convergence.htm
2002.04.24 07:02 B c:\crea\publicca\bCentral\web\NuovoDoc\activities\2002-04-23-Convergence.ppt --> ftp.nfocentrale.net /web/NuovoDoc/activities 2002-04-23-Convergence.ppt
2002.04.24 07:02 B c:\crea\publicca\bCentral\web\NuovoDoc\activities\2002-04-24-trends.htm --> ftp.nfocentrale.net /web/NuovoDoc/activities 2002-04-24-trends.htm
2002.04.24 07:03 B c:\crea\publicca\bCentral\web\NuovoDoc\activities\2002-04-24-trends.ppt --> ftp.nfocentrale.net /web/NuovoDoc/activities 2002-04-24-trends.ppt
2002.04.24 07:03 B c:\crea\publicca\bCentral\web\NuovoDoc\activities\2002-04-25-directions.htm --> ftp.nfocentrale.net /web/NuovoDoc/activities 2002-04-25-directions.htm
2002.04.24 07:04 B c:\crea\publicca\bCentral\web\NuovoDoc\activities\2002-04-25-directions.ppt --> ftp.nfocentrale.net /web/NuovoDoc/activities 2002-04-25-directions.ppt
2002.04.24 07:04 B c:\crea\publicca\bCentral\web\NuovoDoc\activities\vssver.scc --> ftp.nfocentrale.net /web/NuovoDoc/activities vssver.scc
2002.04.24 07:04 B c:\crea\publicca\bCentral\web\NuovoDoc\activities\WS_FTP.LOG --> ftp.nfocentrale.net /web/NuovoDoc/activities WS_FTP.LOG
2002.04.24 08:17 B c:\crea\publicca\bCentral\web\NuovoDoc\activities\2002-04-23-Convergence.htm --> ftp.nfocentrale.net /web/NuovoDoc/activities 2002-04-23-Convergence.htm
2002.04.24 08:17 B c:\crea\publicca\bCentral\web\NuovoDoc\activities\2002-04-24-metadata.htm --> ftp.nfocentrale.net /web/NuovoDoc/activities 2002-04-24-metadata.htm
2002.04.24 08:17 B c:\crea\publicca\bCentral\web\NuovoDoc\activities\2002-04-24-trends.htm --> ftp.nfocentrale.net /web/NuovoDoc/activities 2002-04-24-trends.htm
2002.04.24 08:18 B c:\crea\publicca\bCentral\web\NuovoDoc\activities\2002-04-24-trends.ppt --> ftp.nfocentrale.net /web/NuovoDoc/activities 2002-04-24-trends.ppt
2002.04.24 08:18 B c:\crea\publicca\bCentral\web\NuovoDoc\activities\2002-04-25-directions.htm --> ftp.nfocentrale.net /web/NuovoDoc/activities 2002-04-25-directions.htm
2002.04.24 08:19 B c:\crea\publicca\bCentral\web\NuovoDoc\activities\2002-04-25-directions.ppt --> ftp.nfocentrale.net /web/NuovoDoc/activities 2002-04-25-directions.ppt
2002.04.24 08:19 B c:\crea\publicca\bCentral\web\NuovoDoc\activities\vssver.scc --> ftp.nfocentrale.net /web/NuovoDoc/activities vssver.scc
2002.04.24 08:19 B c:\crea\publicca\bCentral\web\NuovoDoc\activities\WS_FTP.LOG --> ftp.nfocentrale.net /web/NuovoDoc/activities WS_FTP.LOG
2002.05.06 00:14 B c:\crea\publicca\bCentral\web\NuovoDoc\activities\2002-04-23-Convergence.htm --> ftp.nfocentrale.net /web/NuovoDoc/activities 2002-04-23-Convergence.htm
2002.05.06 00:14 B c:\crea\publicca\bCentral\web\NuovoDoc\activities\2002-04-23-Convergence.ppt --> ftp.nfocentrale.net /web/NuovoDoc/activities 2002-04-23-Convergence.ppt
2002.05.06 00:14 B c:\crea\publicca\bCentral\web\NuovoDoc\activities\2002-04-24-metadata.htm --> ftp.nfocentrale.net /web/NuovoDoc/activities 2002-04-24-metadata.htm
2002.05.06 00:14 B c:\crea\publicca\bCentral\web\NuovoDoc\activities\2002-04-24-trends.htm --> ftp.nfocentrale.net /web/NuovoDoc/activities 2002-04-24-trends.htm
2002.05.06 00:14 B c:\crea\publicca\bCentral\web\NuovoDoc\activities\2002-04-24-trends.ppt --> ftp.nfocentrale.net /web/NuovoDoc/activities 2002-04-24-trends.ppt
2002.05.06 00:14 B c:\crea\publicca\bCentral\web\NuovoDoc\activities\2002-04-25-directions.htm --> ftp.nfocentrale.net /web/NuovoDoc/activities 2002-04-25-directions.htm
2002.05.06 00:15 B c:\crea\publicca\bCentral\web\NuovoDoc\activities\2002-04-25-directions.ppt --> ftp.nfocentrale.net /web/NuovoDoc/activities 2002-04-25-directions.ppt
2002.05.06 00:15 B c:\crea\publicca\bCentral\web\NuovoDoc\activities\2002-04-japan.htm --> ftp.nfocentrale.net /web/NuovoDoc/activities 2002-04-japan.htm
2002.05.06 00:15 B c:\crea\publicca\bCentral\web\NuovoDoc\activities\2002-04-japan.ppt --> ftp.nfocentrale.net /web/NuovoDoc/activities 2002-04-japan.ppt
2002.05.06 00:15 B c:\crea\publicca\bCentral\web\NuovoDoc\activities\vssver.scc --> ftp.nfocentrale.net /web/NuovoDoc/activities vssver.scc
2002.05.06 00:15 B c:\crea\publicca\bCentral\web\NuovoDoc\activities\WS_FTP.LOG --> ftp.nfocentrale.net /web/NuovoDoc/activities WS_FTP.LOG
2002.05.07 16:36 B c:\crea\publicca\bCentral\web\NuovoDoc\activities\2002-04-23-Convergence.htm --> ftp.nfocentrale.net /web/NuovoDoc/activities 2002-04-23-Convergence.htm
2002.05.07 16:36 B c:\crea\publicca\bCentral\web\NuovoDoc\activities\vssver.scc --> ftp.nfocentrale.net /web/NuovoDoc/activities vssver.scc
2002.05.07 16:36 B c:\crea\publicca\bCentral\web\NuovoDoc\activities\WS_FTP.LOG --> ftp.nfocentrale.net /web/NuovoDoc/activities WS_FTP.LOG
2002.06.05 16:09 B c:\crea\publicca\bCentral\web\NuovoDoc\activities\2002-04-23-Convergence.htm --> ftp.nfocentrale.net /web/NuovoDoc/activities 2002-04-23-Convergence.htm
2002.06.05 16:09 B c:\crea\publicca\bCentral\web\NuovoDoc\activities\2002-04-japan.htm --> ftp.nfocentrale.net /web/NuovoDoc/activities 2002-04-japan.htm
2002.06.05 16:09 B c:\crea\publicca\bCentral\web\NuovoDoc\activities\current-calendar.htm --> ftp.nfocentrale.net /web/NuovoDoc/activities current-calendar.htm
2002.06.05 16:09 B c:\crea\publicca\bCentral\web\NuovoDoc\activities\vssver.scc --> ftp.nfocentrale.net /web/NuovoDoc/activities vssver.scc
2002.08.10 14:06 B c:\crea\publicca\bCentral\web\NuovoDoc\activities\2002-06-20-SecureScalableSolutions.htm --> ftp.nfocentrale.net /web/NuovoDoc/activities 2002-06-20-SecureScalableSolutions.htm
2002.08.10 14:06 B c:\crea\publicca\bCentral\web\NuovoDoc\activities\a02-log.htm --> ftp.nfocentrale.net /web/NuovoDoc/activities a02-log.htm
2002.08.10 14:06 B c:\crea\publicca\bCentral\web\NuovoDoc\activities\construction.htm --> ftp.nfocentrale.net /web/NuovoDoc/activities construction.htm
2002.08.10 14:06 B c:\crea\publicca\bCentral\web\NuovoDoc\activities\current-calendar.htm --> ftp.nfocentrale.net /web/NuovoDoc/activities current-calendar.htm
2002.08.10 14:06 B c:\crea\publicca\bCentral\web\NuovoDoc\activities\index.htm --> ftp.nfocentrale.net /web/NuovoDoc/activities index.htm
2002.08.10 14:06 B c:\crea\publicca\bCentral\web\NuovoDoc\activities\past-calendar.htm --> ftp.nfocentrale.net /web/NuovoDoc/activities past-calendar.htm
2002.08.10 14:06 B c:\crea\publicca\bCentral\web\NuovoDoc\activities\vssver.scc --> ftp.nfocentrale.net /web/NuovoDoc/activities vssver.scc
2002.08.10 14:06 B c:\crea\publicca\bCentral\web\NuovoDoc\activities\WS_FTP.LOG --> ftp.nfocentrale.net /web/NuovoDoc/activities WS_FTP.LOG
2002.11.18 20:23 B c:\crea\publicca\bCentral\web\NuovoDoc\activities\2002-04-09-dinner.ppt --> ftp.nfocentrale.net /web/NuovoDoc/activities 2002-04-09-dinner.ppt
2002.11.18 20:23 B c:\crea\publicca\bCentral\web\NuovoDoc\activities\2002-04-09-workshop.ppt --> ftp.nfocentrale.net /web/NuovoDoc/activities 2002-04-09-workshop.ppt
2002.11.18 20:23 B c:\crea\publicca\bCentral\web\NuovoDoc\activities\2002-04-24-trends.htm --> ftp.nfocentrale.net /web/NuovoDoc/activities 2002-04-24-trends.htm
2002.11.18 20:23 B c:\crea\publicca\bCentral\web\NuovoDoc\activities\a02-log.htm --> ftp.nfocentrale.net /web/NuovoDoc/activities a02-log.htm
2002.11.18 20:24 B c:\crea\publicca\bCentral\web\NuovoDoc\activities\A020100-CurrentCalendar.htm --> ftp.nfocentrale.net /web/NuovoDoc/activities A020100-CurrentCalendar.htm
2002.11.18 20:24 B c:\crea\publicca\bCentral\web\NuovoDoc\activities\A020300-PastCalendar.htm --> ftp.nfocentrale.net /web/NuovoDoc/activities A020300-PastCalendar.htm
2002.11.18 20:24 B c:\crea\publicca\bCentral\web\NuovoDoc\activities\A020400.htm --> ftp.nfocentrale.net /web/NuovoDoc/activities A020400.htm
2002.11.18 20:24 B c:\crea\publicca\bCentral\web\NuovoDoc\activities\A020400A-workshop.ppt --> ftp.nfocentrale.net /web/NuovoDoc/activities A020400A-workshop.ppt
2002.11.18 20:24 B c:\crea\publicca\bCentral\web\NuovoDoc\activities\A020400B-dinner.ppt --> ftp.nfocentrale.net /web/NuovoDoc/activities A020400B-dinner.ppt
2002.11.18 20:24 B c:\crea\publicca\bCentral\web\NuovoDoc\activities\A020401-japan.htm --> ftp.nfocentrale.net /web/NuovoDoc/activities A020401-japan.htm
2002.11.18 20:25 B c:\crea\publicca\bCentral\web\NuovoDoc\activities\A020401A-japan.ppt --> ftp.nfocentrale.net /web/NuovoDoc/activities A020401A-japan.ppt
2002.11.18 20:25 B c:\crea\publicca\bCentral\web\NuovoDoc\activities\A020600-SecureScalableSolutions.htm --> ftp.nfocentrale.net /web/NuovoDoc/activities A020600-SecureScalableSolutions.htm
2002.11.18 20:25 B c:\crea\publicca\bCentral\web\NuovoDoc\activities\A021100.htm --> ftp.nfocentrale.net /web/NuovoDoc/activities A021100.htm
2002.11.18 20:25 B c:\crea\publicca\bCentral\web\NuovoDoc\activities\A021100A.htm --> ftp.nfocentrale.net /web/NuovoDoc/activities A021100A.htm
2002.11.18 20:25 B c:\crea\publicca\bCentral\web\NuovoDoc\activities\A021101.htm --> ftp.nfocentrale.net /web/NuovoDoc/activities A021101.htm
2002.11.18 20:25 B c:\crea\publicca\bCentral\web\NuovoDoc\activities\index.htm --> ftp.nfocentrale.net /web/NuovoDoc/activities index.htm
2002.11.18 20:25 B c:\crea\publicca\bCentral\web\NuovoDoc\activities\vssver.scc --> ftp.nfocentrale.net /web/NuovoDoc/activities vssver.scc
2002.11.21 16:14 B c:\crea\publicca\bCentral\web\NuovoDoc\activities\2002-04-09-dinner.ppt --> ftp.nfocentrale.net /web/NuovoDoc/activities 2002-04-09-dinner.ppt
2002.11.21 16:15 B c:\crea\publicca\bCentral\web\NuovoDoc\activities\2002-04-09-workshop.ppt --> ftp.nfocentrale.net /web/NuovoDoc/activities 2002-04-09-workshop.ppt
2002.11.21 16:15 B c:\crea\publicca\bCentral\web\NuovoDoc\activities\2002-04-09.htm --> ftp.nfocentrale.net /web/NuovoDoc/activities 2002-04-09.htm
2002.11.21 16:15 B c:\crea\publicca\bCentral\web\NuovoDoc\activities\2002-04-japan.htm --> ftp.nfocentrale.net /web/NuovoDoc/activities 2002-04-japan.htm
2002.11.21 16:15 B c:\crea\publicca\bCentral\web\NuovoDoc\activities\2002-04-japan.ppt --> ftp.nfocentrale.net /web/NuovoDoc/activities 2002-04-japan.ppt
2002.11.21 16:15 B c:\crea\publicca\bCentral\web\NuovoDoc\activities\2002-06-20-SecureScalableSolutions.htm --> ftp.nfocentrale.net /web/NuovoDoc/activities 2002-06-20-SecureScalableSolutions.htm
2002.11.21 16:15 B c:\crea\publicca\bCentral\web\NuovoDoc\activities\a02-log.htm --> ftp.nfocentrale.net /web/NuovoDoc/activities a02-log.htm
2002.11.21 16:15 B c:\crea\publicca\bCentral\web\NuovoDoc\activities\A020100-CurrentCalendar.htm --> ftp.nfocentrale.net /web/NuovoDoc/activities A020100-CurrentCalendar.htm
2002.11.21 16:15 B c:\crea\publicca\bCentral\web\NuovoDoc\activities\current-calendar.htm --> ftp.nfocentrale.net /web/NuovoDoc/activities current-calendar.htm
2002.11.21 16:15 B c:\crea\publicca\bCentral\web\NuovoDoc\activities\past-calendar.htm --> ftp.nfocentrale.net /web/NuovoDoc/activities past-calendar.htm
2002.11.21 16:15 B c:\crea\publicca\bCentral\web\NuovoDoc\activities\vssver.scc --> ftp.nfocentrale.net /web/NuovoDoc/activities vssver.scc
2002.11.21 16:15 B c:\crea\publicca\bCentral\web\NuovoDoc\activities\WS_FTP.LOG --> ftp.nfocentrale.net /web/NuovoDoc/activities WS_FTP.LOG
2002.11.21 16:50 B c:\crea\publicca\bCentral\web\NuovoDoc\activities\2002-04-23-Convergence.ppt --> ftp.nfocentrale.net /web/NuovoDoc/activities 2002-04-23-Convergence.ppt
2002.11.21 16:51 B c:\crea\publicca\bCentral\web\NuovoDoc\activities\A020400A-workshop.ppt --> ftp.nfocentrale.net /web/NuovoDoc/activities A020400A-workshop.ppt
2002.11.21 16:51 B c:\crea\publicca\bCentral\web\NuovoDoc\activities\A020400B-dinner.ppt --> ftp.nfocentrale.net /web/NuovoDoc/activities A020400B-dinner.ppt
2002.11.21 16:51 B c:\crea\publicca\bCentral\web\NuovoDoc\activities\A020401A-japan.ppt --> ftp.nfocentrale.net /web/NuovoDoc/activities A020401A-japan.ppt
2002.11.21 16:51 B c:\crea\publicca\bCentral\web\NuovoDoc\activities\vssver.scc --> ftp.nfocentrale.net /web/NuovoDoc/activities vssver.scc
2003.01.06 17:19 B c:\crea\publicca\bCentral\web\NuovoDoc\activities\2002-04-23-Convergence.htm --> ftp.nfocentrale.net /web/NuovoDoc/activities 2002-04-23-Convergence.htm
2003.01.06 17:19 B c:\crea\publicca\bCentral\web\NuovoDoc\activities\2002-04-25-directions.htm --> ftp.nfocentrale.net /web/NuovoDoc/activities 2002-04-25-directions.htm
2003.01.06 17:20 B c:\crea\publicca\bCentral\web\NuovoDoc\activities\A020100-CurrentCalendar.htm --> ftp.nfocentrale.net /web/NuovoDoc/activities A020100-CurrentCalendar.htm
2003.01.06 17:20 B c:\crea\publicca\bCentral\web\NuovoDoc\activities\vssver.scc --> ftp.nfocentrale.net /web/NuovoDoc/activities vssver.scc
2003.01.06 17:20 B c:\crea\publicca\bCentral\web\NuovoDoc\activities\WS_FTP.LOG --> ftp.nfocentrale.net /web/NuovoDoc/activities WS_FTP.LOG
