2002.03.30 23:02 B c:\crea\publicca\bCentral\web\miser\projects\construction.htm --> ftp.nfocentrale.net /web/miser/projects construction.htm
2002.03.30 23:02 B c:\crea\publicca\bCentral\web\miser\projects\default.htm --> ftp.nfocentrale.net /web/miser/projects default.htm
2002.03.30 23:02 B c:\crea\publicca\bCentral\web\miser\projects\index.htm --> ftp.nfocentrale.net /web/miser/projects index.htm
2002.03.30 23:02 B c:\crea\publicca\bCentral\web\miser\projects\p00-log.htm --> ftp.nfocentrale.net /web/miser/projects p00-log.htm
2002.03.30 23:02 B c:\crea\publicca\bCentral\web\miser\projects\vssver.scc --> ftp.nfocentrale.net /web/miser/projects vssver.scc
2002.03.31 20:10 B c:\crea\publicca\bCentral\web\miser\projects\WS_FTP.LOG --> ftp.nfocentrale.net /web/miser/projects WS_FTP.LOG
2002.07.11 15:46 B c:\crea\publicca\bCentral\web\miser\projects\construction.htm --> ftp.nfocentrale.net /web/miser/projects construction.htm
2002.07.11 15:46 B c:\crea\publicca\bCentral\web\miser\projects\default.htm --> ftp.nfocentrale.net /web/miser/projects default.htm
2002.07.11 15:46 B c:\crea\publicca\bCentral\web\miser\projects\index.htm --> ftp.nfocentrale.net /web/miser/projects index.htm
2002.07.11 15:46 B c:\crea\publicca\bCentral\web\miser\projects\p00-log.htm --> ftp.nfocentrale.net /web/miser/projects p00-log.htm
2002.07.11 15:46 B c:\crea\publicca\bCentral\web\miser\projects\vssver.scc --> ftp.nfocentrale.net /web/miser/projects vssver.scc
2002.07.11 19:50 B c:\crea\publicca\bCentral\web\miser\projects\WS_FTP.LOG --> ftp.nfocentrale.net /web/miser/projects WS_FTP.LOG
2002.07.14 12:54 B c:\crea\publicca\bCentral\web\miser\projects\construction.htm --> ftp.nfocentrale.net /web/miser/projects construction.htm
2002.07.14 12:54 B c:\crea\publicca\bCentral\web\miser\projects\default.htm --> ftp.nfocentrale.net /web/miser/projects default.htm
2002.07.14 12:54 B c:\crea\publicca\bCentral\web\miser\projects\index.htm --> ftp.nfocentrale.net /web/miser/projects index.htm
2002.07.14 12:54 B c:\crea\publicca\bCentral\web\miser\projects\p00-log.htm --> ftp.nfocentrale.net /web/miser/projects p00-log.htm
2002.07.14 12:54 B c:\crea\publicca\bCentral\web\miser\projects\vssver.scc --> ftp.nfocentrale.net /web/miser/projects vssver.scc
2002.07.16 11:52 B c:\crea\publicca\bCentral\web\miser\projects\WS_FTP.LOG --> ftp.nfocentrale.net /web/miser/projects WS_FTP.LOG
2002.07.17 15:31 B c:\crea\publicca\bCentral\web\miser\projects\default.htm --> ftp.nfocentrale.net /web/miser/projects default.htm
2002.07.17 15:31 B c:\crea\publicca\bCentral\web\miser\projects\p00-log.htm --> ftp.nfocentrale.net /web/miser/projects p00-log.htm
2002.07.17 15:31 B c:\crea\publicca\bCentral\web\miser\projects\P020700.htm --> ftp.nfocentrale.net /web/miser/projects P020700.htm
2002.07.17 15:31 B c:\crea\publicca\bCentral\web\miser\projects\vssver.scc --> ftp.nfocentrale.net /web/miser/projects vssver.scc
2002.07.17 15:38 B c:\crea\publicca\bCentral\web\miser\projects\default.htm --> ftp.nfocentrale.net /web/miser/projects default.htm
2002.07.17 15:38 B c:\crea\publicca\bCentral\web\miser\projects\vssver.scc --> ftp.nfocentrale.net /web/miser/projects vssver.scc
2002.07.17 15:38 B c:\crea\publicca\bCentral\web\miser\projects\WS_FTP.LOG --> ftp.nfocentrale.net /web/miser/projects WS_FTP.LOG
2002.07.17 17:15 B c:\crea\publicca\bCentral\web\miser\projects\P020700.htm --> ftp.nfocentrale.net /web/miser/projects P020700.htm
2002.07.17 17:15 B c:\crea\publicca\bCentral\web\miser\projects\vssver.scc --> ftp.nfocentrale.net /web/miser/projects vssver.scc
2002.08.15 22:31 B c:\crea\publicca\bCentral\web\miser\projects\WS_FTP.LOG --> ftp.nfocentrale.net /web/miser/projects WS_FTP.LOG
2002.10.10 17:31 B c:\crea\publicca\bCentral\web\miser\projects\vssver.scc --> ftp.nfocentrale.net /web/miser/projects vssver.scc
2002.10.13 22:09 B c:\crea\publicca\bCentral\web\miser\projects\P020700.htm --> ftp.nfocentrale.net /web/miser/projects P020700.htm
2002.10.13 22:09 B c:\crea\publicca\bCentral\web\miser\projects\vssver.scc --> ftp.nfocentrale.net /web/miser/projects vssver.scc
2002.10.13 22:09 B c:\crea\publicca\bCentral\web\miser\projects\WS_FTP.LOG --> ftp.nfocentrale.net /web/miser/projects WS_FTP.LOG
2003.01.06 17:49 B c:\crea\publicca\bCentral\web\miser\projects\P020701.htm --> ftp.nfocentrale.net /web/miser/projects P020701.htm
2003.01.06 17:49 B c:\crea\publicca\bCentral\web\miser\projects\P020702.htm --> ftp.nfocentrale.net /web/miser/projects P020702.htm
2003.01.06 17:49 B c:\crea\publicca\bCentral\web\miser\projects\vssver.scc --> ftp.nfocentrale.net /web/miser/projects vssver.scc
