2002.10.04 16:55 B c:\crea\publicca\bCentral\web\dmware\WebDAV\FAQ\construction.htm --> ftp.nfocentrale.net /web/dmware/WebDAV/FAQ construction.htm
2002.10.04 16:55 B c:\crea\publicca\bCentral\web\dmware\WebDAV\FAQ\default.htm --> ftp.nfocentrale.net /web/dmware/WebDAV/FAQ default.htm
2002.10.04 16:55 B c:\crea\publicca\bCentral\web\dmware\WebDAV\FAQ\index.htm --> ftp.nfocentrale.net /web/dmware/WebDAV/FAQ index.htm
2002.10.04 16:55 B c:\crea\publicca\bCentral\web\dmware\WebDAV\FAQ\Q02-log.htm --> ftp.nfocentrale.net /web/dmware/WebDAV/FAQ Q02-log.htm
2002.10.04 16:55 B c:\crea\publicca\bCentral\web\dmware\WebDAV\FAQ\Q021000.htm --> ftp.nfocentrale.net /web/dmware/WebDAV/FAQ Q021000.htm
2002.10.04 16:55 B c:\crea\publicca\bCentral\web\dmware\WebDAV\FAQ\Q021001.htm --> ftp.nfocentrale.net /web/dmware/WebDAV/FAQ Q021001.htm
2002.10.04 16:55 B c:\crea\publicca\bCentral\web\dmware\WebDAV\FAQ\vssver.scc --> ftp.nfocentrale.net /web/dmware/WebDAV/FAQ vssver.scc
2002.10.07 21:49 B c:\crea\publicca\bCentral\web\dmware\WebDAV\FAQ\Q02-log.htm --> ftp.nfocentrale.net /web/dmware/WebDAV/FAQ Q02-log.htm
2002.10.07 21:49 B c:\crea\publicca\bCentral\web\dmware\WebDAV\FAQ\Q021001.htm --> ftp.nfocentrale.net /web/dmware/WebDAV/FAQ Q021001.htm
2002.10.07 21:49 B c:\crea\publicca\bCentral\web\dmware\WebDAV\FAQ\vssver.scc --> ftp.nfocentrale.net /web/dmware/WebDAV/FAQ vssver.scc
2002.10.07 21:49 B c:\crea\publicca\bCentral\web\dmware\WebDAV\FAQ\WS_FTP.LOG --> ftp.nfocentrale.net /web/dmware/WebDAV/FAQ WS_FTP.LOG
2002.10.07 23:30 B c:\crea\publicca\bCentral\web\dmware\WebDAV\FAQ\q021001a.txt --> ftp.nfocentrale.net /web/dmware/WebDAV/FAQ q021001a.txt
2002.10.07 23:30 B c:\crea\publicca\bCentral\web\dmware\WebDAV\FAQ\q021001b.txt --> ftp.nfocentrale.net /web/dmware/WebDAV/FAQ q021001b.txt
2002.10.08 08:07 B c:\crea\publicca\bCentral\web\dmware\WebDAV\FAQ\Q021001.htm --> ftp.nfocentrale.net /web/dmware/WebDAV/FAQ Q021001.htm
2002.10.08 08:08 B c:\crea\publicca\bCentral\web\dmware\WebDAV\FAQ\Q02-log.htm --> ftp.nfocentrale.net /web/dmware/WebDAV/FAQ Q02-log.htm
2002.10.08 17:33 B c:\crea\publicca\bCentral\web\dmware\WebDAV\FAQ\default.htm --> ftp.nfocentrale.net /web/dmware/WebDAV/FAQ default.htm
2002.10.08 17:33 B c:\crea\publicca\bCentral\web\dmware\WebDAV\FAQ\Q021000.htm --> ftp.nfocentrale.net /web/dmware/WebDAV/FAQ Q021000.htm
2002.10.08 17:33 B c:\crea\publicca\bCentral\web\dmware\WebDAV\FAQ\Q021001.htm --> ftp.nfocentrale.net /web/dmware/WebDAV/FAQ Q021001.htm
2002.10.08 17:33 B c:\crea\publicca\bCentral\web\dmware\WebDAV\FAQ\vssver.scc --> ftp.nfocentrale.net /web/dmware/WebDAV/FAQ vssver.scc
2002.10.08 17:33 B c:\crea\publicca\bCentral\web\dmware\WebDAV\FAQ\WS_FTP.LOG --> ftp.nfocentrale.net /web/dmware/WebDAV/FAQ WS_FTP.LOG
2002.10.08 23:04 B c:\crea\publicca\bCentral\web\dmware\WebDAV\FAQ\Q02-log.htm --> ftp.nfocentrale.net /web/dmware/WebDAV/FAQ Q02-log.htm
2002.10.08 23:04 B c:\crea\publicca\bCentral\web\dmware\WebDAV\FAQ\Q021001.htm --> ftp.nfocentrale.net /web/dmware/WebDAV/FAQ Q021001.htm
2002.10.08 23:04 B c:\crea\publicca\bCentral\web\dmware\WebDAV\FAQ\vssver.scc --> ftp.nfocentrale.net /web/dmware/WebDAV/FAQ vssver.scc
2002.10.15 17:33 B c:\crea\publicca\bCentral\web\dmware\WebDAV\FAQ\Q021001.htm --> ftp.nfocentrale.net /web/dmware/WebDAV/FAQ Q021001.htm
2002.10.15 17:33 B c:\crea\publicca\bCentral\web\dmware\WebDAV\FAQ\vssver.scc --> ftp.nfocentrale.net /web/dmware/WebDAV/FAQ vssver.scc
2002.10.15 17:33 B c:\crea\publicca\bCentral\web\dmware\WebDAV\FAQ\WS_FTP.LOG --> ftp.nfocentrale.net /web/dmware/WebDAV/FAQ WS_FTP.LOG
2002.10.16 22:42 B c:\crea\publicca\bCentral\web\dmware\WebDAV\FAQ\1996-06.gz --> ftp.nfocentrale.net /web/dmware/WebDAV/FAQ 1996-06.gz
2002.10.16 22:42 B c:\crea\publicca\bCentral\web\dmware\WebDAV\FAQ\Q021001.htm --> ftp.nfocentrale.net /web/dmware/WebDAV/FAQ Q021001.htm
2002.10.16 22:42 B c:\crea\publicca\bCentral\web\dmware\WebDAV\FAQ\vssver.scc --> ftp.nfocentrale.net /web/dmware/WebDAV/FAQ vssver.scc
2002.12.10 16:13 B c:\crea\publicca\bCentral\web\dmware\WebDAV\FAQ\WS_FTP.LOG --> ftp.nfocentrale.net /web/dmware/WebDAV/FAQ WS_FTP.LOG
2002.12.11 17:57 B c:\crea\publicca\bCentral\web\dmware\WebDAV\FAQ\WS_FTP.LOG --> ftp.nfocentrale.net /web/dmware/WebDAV/FAQ WS_FTP.LOG
