2002.10.08 17:33 B c:\crea\publicca\bCentral\web\dmware\standards\IETF\construction.htm --> ftp.nfocentrale.net /web/dmware/standards/IETF construction.htm
2002.10.08 17:33 B c:\crea\publicca\bCentral\web\dmware\standards\IETF\default.htm --> ftp.nfocentrale.net /web/dmware/standards/IETF default.htm
2002.10.08 17:33 B c:\crea\publicca\bCentral\web\dmware\standards\IETF\index.htm --> ftp.nfocentrale.net /web/dmware/standards/IETF index.htm
2002.10.08 17:33 B c:\crea\publicca\bCentral\web\dmware\standards\IETF\vssver.scc --> ftp.nfocentrale.net /web/dmware/standards/IETF vssver.scc
2002.10.08 23:03 B c:\crea\publicca\bCentral\web\dmware\standards\IETF\WS_FTP.LOG --> ftp.nfocentrale.net /web/dmware/standards/IETF WS_FTP.LOG
2002.10.15 17:33 B c:\crea\publicca\bCentral\web\dmware\standards\IETF\1id-guidelines-2002-09-05.txt --> ftp.nfocentrale.net /web/dmware/standards/IETF 1id-guidelines-2002-09-05.txt
2002.10.15 17:33 B c:\crea\publicca\bCentral\web\dmware\standards\IETF\2-Word.template.rtf --> ftp.nfocentrale.net /web/dmware/standards/IETF 2-Word.template.rtf
2002.10.15 17:33 B c:\crea\publicca\bCentral\web\dmware\standards\IETF\crlf.exe --> ftp.nfocentrale.net /web/dmware/standards/IETF crlf.exe
2002.10.15 17:33 B c:\crea\publicca\bCentral\web\dmware\standards\IETF\rfc2026-InternetStandardsProcess-v3.txt --> ftp.nfocentrale.net /web/dmware/standards/IETF rfc2026-InternetStandardsProcess-v3.txt
2002.10.15 17:33 B c:\crea\publicca\bCentral\web\dmware\standards\IETF\rfc2119-KeywordsForRequirementsLevels.txt --> ftp.nfocentrale.net /web/dmware/standards/IETF rfc2119-KeywordsForRequirementsLevels.txt
2002.10.15 17:33 B c:\crea\publicca\bCentral\web\dmware\standards\IETF\rfc2223-RFC-InstructionsToAuthors.txt --> ftp.nfocentrale.net /web/dmware/standards/IETF rfc2223-RFC-InstructionsToAuthors.txt
2002.10.15 17:33 B c:\crea\publicca\bCentral\web\dmware\standards\IETF\rfc3285-UsingWordForDraftsRFCs.txt --> ftp.nfocentrale.net /web/dmware/standards/IETF rfc3285-UsingWordForDraftsRFCs.txt
2002.10.15 17:33 B c:\crea\publicca\bCentral\web\dmware\standards\IETF\vssver.scc --> ftp.nfocentrale.net /web/dmware/standards/IETF vssver.scc
2002.10.16 22:42 B c:\crea\publicca\bCentral\web\dmware\standards\IETF\WS_FTP.LOG --> ftp.nfocentrale.net /web/dmware/standards/IETF WS_FTP.LOG
2003.01.06 17:36 B c:\crea\publicca\bCentral\web\dmware\standards\IETF\1rfc_index-2002-10-08.txt --> ftp.nfocentrale.net /web/dmware/standards/IETF 1rfc_index-2002-10-08.txt
2003.01.06 17:36 B c:\crea\publicca\bCentral\web\dmware\standards\IETF\draft-mealling-iana-xmlns-registry-00.txt --> ftp.nfocentrale.net /web/dmware/standards/IETF draft-mealling-iana-xmlns-registry-00.txt
2003.01.06 17:36 B c:\crea\publicca\bCentral\web\dmware\standards\IETF\draft-rfc-editor-rfc2223bis-02.txt --> ftp.nfocentrale.net /web/dmware/standards/IETF draft-rfc-editor-rfc2223bis-02.txt
2003.01.06 17:36 B c:\crea\publicca\bCentral\web\dmware\standards\IETF\id-nits.mht --> ftp.nfocentrale.net /web/dmware/standards/IETF id-nits.mht
2003.01.06 17:36 B c:\crea\publicca\bCentral\web\dmware\standards\IETF\IESG-DocumentGuidelines.mht --> ftp.nfocentrale.net /web/dmware/standards/IETF IESG-DocumentGuidelines.mht
2003.01.06 17:36 B c:\crea\publicca\bCentral\web\dmware\standards\IETF\IETF-HowToPublishAnRFC.mht --> ftp.nfocentrale.net /web/dmware/standards/IETF IETF-HowToPublishAnRFC.mht
2003.01.06 17:36 B c:\crea\publicca\bCentral\web\dmware\standards\IETF\IETF-RFC-copyright-story.mht --> ftp.nfocentrale.net /web/dmware/standards/IETF IETF-RFC-copyright-story.mht
2003.01.06 17:36 B c:\crea\publicca\bCentral\web\dmware\standards\IETF\IETF-RFC-FAQ.mht --> ftp.nfocentrale.net /web/dmware/standards/IETF IETF-RFC-FAQ.mht
2003.01.06 17:36 B c:\crea\publicca\bCentral\web\dmware\standards\IETF\Q021006.htm --> ftp.nfocentrale.net /web/dmware/standards/IETF Q021006.htm
2003.01.06 17:36 B c:\crea\publicca\bCentral\web\dmware\standards\IETF\rfc1718-IETF-Tao.txt --> ftp.nfocentrale.net /web/dmware/standards/IETF rfc1718-IETF-Tao.txt
2003.01.06 17:36 B c:\crea\publicca\bCentral\web\dmware\standards\IETF\rfc1796-NotAllRFCStandards.txt --> ftp.nfocentrale.net /web/dmware/standards/IETF rfc1796-NotAllRFCStandards.txt
2003.01.06 17:36 B c:\crea\publicca\bCentral\web\dmware\standards\IETF\rfc1818-BestCurrentPractices.txt --> ftp.nfocentrale.net /web/dmware/standards/IETF rfc1818-BestCurrentPractices.txt
2003.01.06 17:36 B c:\crea\publicca\bCentral\web\dmware\standards\IETF\rfc2048-MIME-RegistrationProcedures.txt --> ftp.nfocentrale.net /web/dmware/standards/IETF rfc2048-MIME-RegistrationProcedures.txt
2003.01.06 17:36 B c:\crea\publicca\bCentral\web\dmware\standards\IETF\rfc2418-WorkingGroupGuidelines.txt --> ftp.nfocentrale.net /web/dmware/standards/IETF rfc2418-WorkingGroupGuidelines.txt
2003.01.06 17:36 B c:\crea\publicca\bCentral\web\dmware\standards\IETF\rfc2629-dtd.mht --> ftp.nfocentrale.net /web/dmware/standards/IETF rfc2629-dtd.mht
2003.01.06 17:36 B c:\crea\publicca\bCentral\web\dmware\standards\IETF\rfc2629-writing-rfcs.xml --> ftp.nfocentrale.net /web/dmware/standards/IETF rfc2629-writing-rfcs.xml
2003.01.06 17:36 B c:\crea\publicca\bCentral\web\dmware\standards\IETF\rfc2629-writing-rfcs.xml.mht --> ftp.nfocentrale.net /web/dmware/standards/IETF rfc2629-writing-rfcs.xml.mht
2003.01.06 17:36 B c:\crea\publicca\bCentral\web\dmware\standards\IETF\rfc2629-writing-rfcsUsingXML.mht --> ftp.nfocentrale.net /web/dmware/standards/IETF rfc2629-writing-rfcsUsingXML.mht
2003.01.06 17:36 B c:\crea\publicca\bCentral\web\dmware\standards\IETF\rfc2629-writing-rfcsUsingXML.txt --> ftp.nfocentrale.net /web/dmware/standards/IETF rfc2629-writing-rfcsUsingXML.txt
2003.01.06 17:36 B c:\crea\publicca\bCentral\web\dmware\standards\IETF\rfc2629.dtd --> ftp.nfocentrale.net /web/dmware/standards/IETF rfc2629.dtd
2003.01.06 17:36 B c:\crea\publicca\bCentral\web\dmware\standards\IETF\rfc2629.dtd.txt --> ftp.nfocentrale.net /web/dmware/standards/IETF rfc2629.dtd.txt
2003.01.06 17:36 B c:\crea\publicca\bCentral\web\dmware\standards\IETF\vssver.scc --> ftp.nfocentrale.net /web/dmware/standards/IETF vssver.scc
2003.01.06 17:37 B c:\crea\publicca\bCentral\web\dmware\standards\IETF\xml2rfc.zip --> ftp.nfocentrale.net /web/dmware/standards/IETF xml2rfc.zip
