2002.09.02 22:49 B c:\crea\publicca\bCentral\web\millennia-antica\projects\20020829s.pdf --> ftp.nfocentrale.net /web/millennia-antica/projects 20020829s.pdf
2002.09.02 22:49 B c:\crea\publicca\bCentral\web\millennia-antica\projects\construction.htm --> ftp.nfocentrale.net /web/millennia-antica/projects construction.htm
2002.09.02 22:49 B c:\crea\publicca\bCentral\web\millennia-antica\projects\FOT0222-03-2002-09-02C.png --> ftp.nfocentrale.net /web/millennia-antica/projects FOT0222-03-2002-09-02C.png
2002.09.02 22:50 B c:\crea\publicca\bCentral\web\millennia-antica\projects\FOT0222-03-2002-09-02E.png --> ftp.nfocentrale.net /web/millennia-antica/projects FOT0222-03-2002-09-02E.png
2002.09.02 22:50 B c:\crea\publicca\bCentral\web\millennia-antica\projects\FOT0222-22-2002-08-29-postal.doc --> ftp.nfocentrale.net /web/millennia-antica/projects FOT0222-22-2002-08-29-postal.doc
2002.09.02 22:50 B c:\crea\publicca\bCentral\web\millennia-antica\projects\FOT0222-22-2002-08-29-postal.tif --> ftp.nfocentrale.net /web/millennia-antica/projects FOT0222-22-2002-08-29-postal.tif
2002.09.02 22:54 B c:\crea\publicca\bCentral\web\millennia-antica\projects\FOT0222-22-2002-08-29F.tif --> ftp.nfocentrale.net /web/millennia-antica/projects FOT0222-22-2002-08-29F.tif
2002.09.02 22:54 B c:\crea\publicca\bCentral\web\millennia-antica\projects\FOT0222-ReadMe.txt --> ftp.nfocentrale.net /web/millennia-antica/projects FOT0222-ReadMe.txt
2002.09.02 22:54 B c:\crea\publicca\bCentral\web\millennia-antica\projects\index.htm --> ftp.nfocentrale.net /web/millennia-antica/projects index.htm
2002.09.02 22:54 B c:\crea\publicca\bCentral\web\millennia-antica\projects\JunctionArtsCraft-2002-2.1in-100dpi.png --> ftp.nfocentrale.net /web/millennia-antica/projects JunctionArtsCraft-2002-2.1in-100dpi.png
2002.09.02 22:54 B c:\crea\publicca\bCentral\web\millennia-antica\projects\JunctionArtsCraft-2002-2.1in-200dpi.png --> ftp.nfocentrale.net /web/millennia-antica/projects JunctionArtsCraft-2002-2.1in-200dpi.png
2002.09.02 22:54 B c:\crea\publicca\bCentral\web\millennia-antica\projects\JunctionArtsCraft-2002-200dpi.png --> ftp.nfocentrale.net /web/millennia-antica/projects JunctionArtsCraft-2002-200dpi.png
2002.09.02 22:54 B c:\crea\publicca\bCentral\web\millennia-antica\projects\vssver.scc --> ftp.nfocentrale.net /web/millennia-antica/projects vssver.scc
2002.09.24 20:50 B c:\crea\publicca\bCentral\web\millennia-antica\projects\WS_FTP.LOG --> ftp.nfocentrale.net /web/millennia-antica/projects WS_FTP.LOG
2002.10.03 17:02 B c:\crea\publicca\bCentral\web\millennia-antica\projects\FOT0222-03-2002-09-02D.png --> ftp.nfocentrale.net /web/millennia-antica/projects FOT0222-03-2002-09-02D.png
2002.10.03 17:02 B c:\crea\publicca\bCentral\web\millennia-antica\projects\FOT0222-03-2002-09-02E-thumb.png --> ftp.nfocentrale.net /web/millennia-antica/projects FOT0222-03-2002-09-02E-thumb.png
2002.10.03 17:03 B c:\crea\publicca\bCentral\web\millennia-antica\projects\FOT0222-22-2002-08-29F-20%.png --> ftp.nfocentrale.net /web/millennia-antica/projects FOT0222-22-2002-08-29F-20%.png
2002.10.03 17:06 B c:\crea\publicca\bCentral\web\millennia-antica\projects\FOT0222-22-2002-08-29F.png --> ftp.nfocentrale.net /web/millennia-antica/projects FOT0222-22-2002-08-29F.png
2002.10.03 17:06 B c:\crea\publicca\bCentral\web\millennia-antica\projects\vssver.scc --> ftp.nfocentrale.net /web/millennia-antica/projects vssver.scc
2002.10.04 01:19 B c:\crea\publicca\bCentral\web\millennia-antica\projects\WS_FTP.LOG --> ftp.nfocentrale.net /web/millennia-antica/projects WS_FTP.LOG
2002.10.04 11:55 B c:\crea\publicca\bCentral\web\millennia-antica\projects\FOT8301-01-2002-10-04E-snap.png --> ftp.nfocentrale.net /web/millennia-antica/projects FOT8301-01-2002-10-04E-snap.png
2002.10.04 11:56 B c:\crea\publicca\bCentral\web\millennia-antica\projects\FOT8301-01-2002-10-04E.png --> ftp.nfocentrale.net /web/millennia-antica/projects FOT8301-01-2002-10-04E.png
2002.10.04 11:56 B c:\crea\publicca\bCentral\web\millennia-antica\projects\FOT8301-02-2002-10-04B-snap.png --> ftp.nfocentrale.net /web/millennia-antica/projects FOT8301-02-2002-10-04B-snap.png
2002.10.04 11:56 B c:\crea\publicca\bCentral\web\millennia-antica\projects\FOT8301-02-2002-10-04B.png --> ftp.nfocentrale.net /web/millennia-antica/projects FOT8301-02-2002-10-04B.png
2002.10.04 11:56 B c:\crea\publicca\bCentral\web\millennia-antica\projects\vssver.scc --> ftp.nfocentrale.net /web/millennia-antica/projects vssver.scc
2002.10.12 10:10 B c:\crea\publicca\bCentral\web\millennia-antica\projects\FOT0222-22-2002-08-29F-20pc.png --> ftp.nfocentrale.net /web/millennia-antica/projects FOT0222-22-2002-08-29F-20pc.png
2002.10.12 10:10 B c:\crea\publicca\bCentral\web\millennia-antica\projects\vssver.scc --> ftp.nfocentrale.net /web/millennia-antica/projects vssver.scc
2002.10.12 10:10 B c:\crea\publicca\bCentral\web\millennia-antica\projects\WS_FTP.LOG --> ftp.nfocentrale.net /web/millennia-antica/projects WS_FTP.LOG
2002.10.12 14:26 B c:\crea\publicca\bCentral\web\millennia-antica\projects\construction.htm --> ftp.nfocentrale.net /web/millennia-antica/projects construction.htm
2002.10.12 14:26 B c:\crea\publicca\bCentral\web\millennia-antica\projects\index.htm --> ftp.nfocentrale.net /web/millennia-antica/projects index.htm
2002.10.12 14:26 B c:\crea\publicca\bCentral\web\millennia-antica\projects\vssver.scc --> ftp.nfocentrale.net /web/millennia-antica/projects vssver.scc
2002.10.12 16:31 B c:\crea\publicca\bCentral\web\millennia-antica\projects\WS_FTP.LOG --> ftp.nfocentrale.net /web/millennia-antica/projects WS_FTP.LOG
