2000.06.23 19:09 A C:\crea\publicca\vservers\WWW\htdocs\odma\faq\Q000600.htm --> www.infonuovo.com /www/htdocs/odma/faq Q000600.htm
2000.06.23 19:09 B C:\crea\publicca\vservers\WWW\htdocs\odma\faq\vssver.scc --> www.infonuovo.com /www/htdocs/odma/faq vssver.scc
2000.06.24 12:47 A C:\crea\publicca\vservers\WWW\htdocs\odma\faq\construction.htm --> www.infonuovo.com /www/htdocs/odma/faq construction.htm
2000.06.24 12:48 A C:\crea\publicca\vservers\WWW\htdocs\odma\faq\default.htm --> www.infonuovo.com /www/htdocs/odma/faq default.htm
2000.06.24 12:48 A C:\crea\publicca\vservers\WWW\htdocs\odma\faq\FAQtip.htm --> www.infonuovo.com /www/htdocs/odma/faq FAQtip.htm
2000.06.24 12:48 A C:\crea\publicca\vservers\WWW\htdocs\odma\faq\index.htm --> www.infonuovo.com /www/htdocs/odma/faq index.htm
2000.06.24 12:48 A C:\crea\publicca\vservers\WWW\htdocs\odma\faq\Q000600.htm --> www.infonuovo.com /www/htdocs/odma/faq Q000600.htm
2000.06.24 12:48 B C:\crea\publicca\vservers\WWW\htdocs\odma\faq\vssver.scc --> www.infonuovo.com /www/htdocs/odma/faq vssver.scc
2000.06.24 12:48 B C:\crea\publicca\vservers\WWW\htdocs\odma\faq\WS_FTP.LOG --> www.infonuovo.com /www/htdocs/odma/faq WS_FTP.LOG
2000.07.10 22:06 A C:\crea\publicca\vservers\WWW\htdocs\odma\faq\construction.htm --> www.infonuovo.com /www/htdocs/odma/faq construction.htm
2000.07.10 22:06 A C:\crea\publicca\vservers\WWW\htdocs\odma\faq\default.htm --> www.infonuovo.com /www/htdocs/odma/faq default.htm
2000.07.10 22:06 A C:\crea\publicca\vservers\WWW\htdocs\odma\faq\ODMAapps.htm --> www.infonuovo.com /www/htdocs/odma/faq ODMAapps.htm
2000.07.10 22:07 A C:\crea\publicca\vservers\WWW\htdocs\odma\faq\ODMAdmss.htm --> www.infonuovo.com /www/htdocs/odma/faq ODMAdmss.htm
2000.07.10 22:07 A C:\crea\publicca\vservers\WWW\htdocs\odma\faq\ODMAdone.htm --> www.infonuovo.com /www/htdocs/odma/faq ODMAdone.htm
2000.07.10 22:07 A C:\crea\publicca\vservers\WWW\htdocs\odma\faq\ODMAmeto.htm --> www.infonuovo.com /www/htdocs/odma/faq ODMAmeto.htm
2000.07.10 22:07 A C:\crea\publicca\vservers\WWW\htdocs\odma\faq\Q00-log.htm --> www.infonuovo.com /www/htdocs/odma/faq Q00-log.htm
2000.07.10 22:07 A C:\crea\publicca\vservers\WWW\htdocs\odma\faq\Q000600.htm --> www.infonuovo.com /www/htdocs/odma/faq Q000600.htm
2000.07.10 22:07 B C:\crea\publicca\vservers\WWW\htdocs\odma\faq\vssver.scc --> www.infonuovo.com /www/htdocs/odma/faq vssver.scc
2000.07.10 22:07 B C:\crea\publicca\vservers\WWW\htdocs\odma\faq\WS_FTP.LOG --> www.infonuovo.com /www/htdocs/odma/faq WS_FTP.LOG
2000.07.10 22:22 A C:\crea\publicca\vservers\WWW\htdocs\odma\faq\ODMAmeto.htm --> www.infonuovo.com /www/htdocs/odma/faq ODMAmeto.htm
2000.07.10 22:22 B C:\crea\publicca\vservers\WWW\htdocs\odma\faq\vssver.scc --> www.infonuovo.com /www/htdocs/odma/faq vssver.scc
2000.07.10 22:22 B C:\crea\publicca\vservers\WWW\htdocs\odma\faq\WS_FTP.LOG --> www.infonuovo.com /www/htdocs/odma/faq WS_FTP.LOG
2000.07.11 11:35 A C:\crea\publicca\vservers\WWW\htdocs\odma\faq\construction.htm --> www.infonuovo.com /www/htdocs/odma/faq construction.htm
2000.07.11 11:35 A C:\crea\publicca\vservers\WWW\htdocs\odma\faq\default.htm --> www.infonuovo.com /www/htdocs/odma/faq default.htm
2000.07.11 11:35 A C:\crea\publicca\vservers\WWW\htdocs\odma\faq\FAQtip.htm --> www.infonuovo.com /www/htdocs/odma/faq FAQtip.htm
2000.07.11 11:35 A C:\crea\publicca\vservers\WWW\htdocs\odma\faq\odmaprod.htm --> www.infonuovo.com /www/htdocs/odma/faq odmaprod.htm
2000.07.11 11:36 A C:\crea\publicca\vservers\WWW\htdocs\odma\faq\Q00-next.htm --> www.infonuovo.com /www/htdocs/odma/faq Q00-next.htm
2000.07.11 11:36 B C:\crea\publicca\vservers\WWW\htdocs\odma\faq\vssver.scc --> www.infonuovo.com /www/htdocs/odma/faq vssver.scc
2000.07.26 14:23 A C:\crea\publicca\vservers\WWW\htdocs\odma\faq\construction.htm --> www.infonuovo.com /www/htdocs/odma/faq construction.htm
2000.07.26 14:23 A C:\crea\publicca\vservers\WWW\htdocs\odma\faq\ODMAapps.htm --> www.infonuovo.com /www/htdocs/odma/faq ODMAapps.htm
2000.07.26 14:30 A C:\crea\publicca\vservers\WWW\htdocs\odma\faq\ODMAdone.htm --> www.infonuovo.com /www/htdocs/odma/faq ODMAdone.htm
2000.07.26 14:30 A C:\crea\publicca\vservers\WWW\htdocs\odma\faq\ODMAmeto.htm --> www.infonuovo.com /www/htdocs/odma/faq ODMAmeto.htm
2000.07.26 14:30 A C:\crea\publicca\vservers\WWW\htdocs\odma\faq\Q00-log.htm --> www.infonuovo.com /www/htdocs/odma/faq Q00-log.htm
2000.07.26 14:30 A C:\crea\publicca\vservers\WWW\htdocs\odma\faq\Q00-next.htm --> www.infonuovo.com /www/htdocs/odma/faq Q00-next.htm
2000.07.26 14:30 B C:\crea\publicca\vservers\WWW\htdocs\odma\faq\vssver.scc --> www.infonuovo.com /www/htdocs/odma/faq vssver.scc
2000.07.26 14:30 B C:\crea\publicca\vservers\WWW\htdocs\odma\faq\WS_FTP.LOG --> www.infonuovo.com /www/htdocs/odma/faq WS_FTP.LOG
2000.07.26 14:31 A C:\crea\publicca\vservers\WWW\htdocs\odma\faq\Q000703.htm --> www.infonuovo.com /www/htdocs/odma/faq Q000703.htm
2000.07.26 14:31 A C:\crea\publicca\vservers\WWW\htdocs\odma\faq\Q000703a.htm --> www.infonuovo.com /www/htdocs/odma/faq Q000703a.htm
2000.07.26 15:31 A C:\crea\publicca\vservers\WWW\htdocs\odma\faq\ODMAdmss.htm --> www.infonuovo.com /www/htdocs/odma/faq ODMAdmss.htm
2000.07.26 15:31 A C:\crea\publicca\vservers\WWW\htdocs\odma\faq\Q000703a.htm --> www.infonuovo.com /www/htdocs/odma/faq Q000703a.htm
2000.07.26 15:31 B C:\crea\publicca\vservers\WWW\htdocs\odma\faq\vssver.scc --> www.infonuovo.com /www/htdocs/odma/faq vssver.scc
2000.07.28 09:38 A C:\crea\publicca\vservers\WWW\htdocs\odma\faq\Q000703.htm --> www.infonuovo.com /www/htdocs/odma/faq Q000703.htm
2000.07.28 09:39 A C:\crea\publicca\vservers\WWW\htdocs\odma\faq\Q000703a.htm --> www.infonuovo.com /www/htdocs/odma/faq Q000703a.htm
2000.07.28 09:39 B C:\crea\publicca\vservers\WWW\htdocs\odma\faq\vssver.scc --> www.infonuovo.com /www/htdocs/odma/faq vssver.scc
2000.07.28 09:39 B C:\crea\publicca\vservers\WWW\htdocs\odma\faq\WS_FTP.LOG --> www.infonuovo.com /www/htdocs/odma/faq WS_FTP.LOG
2000.08.02 21:32 A C:\crea\publicca\vservers\WWW\htdocs\odma\faq\construction.htm --> www.infonuovo.com /www/htdocs/odma/faq construction.htm
2000.08.02 21:35 A C:\crea\publicca\vservers\WWW\htdocs\odma\faq\Q00-log.htm --> www.infonuovo.com /www/htdocs/odma/faq Q00-log.htm
2000.08.02 21:35 A C:\crea\publicca\vservers\WWW\htdocs\odma\faq\Q00-next.htm --> www.infonuovo.com /www/htdocs/odma/faq Q00-next.htm
2000.08.02 21:35 A C:\crea\publicca\vservers\WWW\htdocs\odma\faq\Q000703.htm --> www.infonuovo.com /www/htdocs/odma/faq Q000703.htm
2000.08.02 21:35 A C:\crea\publicca\vservers\WWW\htdocs\odma\faq\Q000703a.htm --> www.infonuovo.com /www/htdocs/odma/faq Q000703a.htm
2000.08.02 21:35 B C:\crea\publicca\vservers\WWW\htdocs\odma\faq\vssver.scc --> www.infonuovo.com /www/htdocs/odma/faq vssver.scc
2000.08.02 21:35 B C:\crea\publicca\vservers\WWW\htdocs\odma\faq\WS_FTP.LOG --> www.infonuovo.com /www/htdocs/odma/faq WS_FTP.LOG
2000.08.11 16:08 A C:\crea\publicca\vservers\WWW\htdocs\odma\faq\default.htm --> www.infonuovo.com /www/htdocs/odma/faq default.htm
2000.08.11 16:08 A C:\crea\publicca\vservers\WWW\htdocs\odma\faq\Q00-next.htm --> www.infonuovo.com /www/htdocs/odma/faq Q00-next.htm
2000.08.11 16:08 B C:\crea\publicca\vservers\WWW\htdocs\odma\faq\vssver.scc --> www.infonuovo.com /www/htdocs/odma/faq vssver.scc
2000.08.18 14:26 A C:\crea\publicca\vservers\WWW\htdocs\odma\faq\default.htm --> www.infonuovo.com /www/htdocs/odma/faq default.htm
2000.08.18 14:26 A C:\crea\publicca\vservers\WWW\htdocs\odma\faq\index.htm --> www.infonuovo.com /www/htdocs/odma/faq index.htm
2000.08.18 14:27 A C:\crea\publicca\vservers\WWW\htdocs\odma\faq\Q00-next.htm --> www.infonuovo.com /www/htdocs/odma/faq Q00-next.htm
2000.08.18 14:27 B C:\crea\publicca\vservers\WWW\htdocs\odma\faq\vssver.scc --> www.infonuovo.com /www/htdocs/odma/faq vssver.scc
2000.08.18 14:27 B C:\crea\publicca\vservers\WWW\htdocs\odma\faq\WS_FTP.LOG --> www.infonuovo.com /www/htdocs/odma/faq WS_FTP.LOG
2000.08.23 12:41 A C:\crea\publicca\vservers\WWW\htdocs\odma\faq\Q00-next.htm --> www.infonuovo.com /www/htdocs/odma/faq Q00-next.htm
2000.08.23 12:41 A C:\crea\publicca\vservers\WWW\htdocs\odma\faq\Q000605.htm --> www.infonuovo.com /www/htdocs/odma/faq Q000605.htm
2000.08.23 12:41 B C:\crea\publicca\vservers\WWW\htdocs\odma\faq\vssver.scc --> www.infonuovo.com /www/htdocs/odma/faq vssver.scc
2000.08.23 20:36 A C:\crea\publicca\vservers\WWW\htdocs\odma\faq\Q00-log.htm --> www.infonuovo.com /www/htdocs/odma/faq Q00-log.htm
2000.08.23 20:36 A C:\crea\publicca\vservers\WWW\htdocs\odma\faq\Q00-next.htm --> www.infonuovo.com /www/htdocs/odma/faq Q00-next.htm
2000.08.23 20:36 A C:\crea\publicca\vservers\WWW\htdocs\odma\faq\Q000600.htm --> www.infonuovo.com /www/htdocs/odma/faq Q000600.htm
2000.08.23 20:36 A C:\crea\publicca\vservers\WWW\htdocs\odma\faq\Q000601.htm --> www.infonuovo.com /www/htdocs/odma/faq Q000601.htm
2000.08.23 20:36 B C:\crea\publicca\vservers\WWW\htdocs\odma\faq\vssver.scc --> www.infonuovo.com /www/htdocs/odma/faq vssver.scc
2000.08.23 20:36 B C:\crea\publicca\vservers\WWW\htdocs\odma\faq\WS_FTP.LOG --> www.infonuovo.com /www/htdocs/odma/faq WS_FTP.LOG
2000.08.24 17:31 A C:\crea\publicca\vservers\WWW\htdocs\odma\faq\Q00-log.htm --> www.infonuovo.com /www/htdocs/odma/faq Q00-log.htm
2000.08.24 17:31 A C:\crea\publicca\vservers\WWW\htdocs\odma\faq\Q00-next.htm --> www.infonuovo.com /www/htdocs/odma/faq Q00-next.htm
2000.08.24 17:31 A C:\crea\publicca\vservers\WWW\htdocs\odma\faq\Q000603.htm --> www.infonuovo.com /www/htdocs/odma/faq Q000603.htm
2000.08.24 17:31 B C:\crea\publicca\vservers\WWW\htdocs\odma\faq\vssver.scc --> www.infonuovo.com /www/htdocs/odma/faq vssver.scc
2000.08.28 19:41 A C:\crea\publicca\vservers\WWW\htdocs\odma\faq\Q00-log.htm --> www.infonuovo.com /www/htdocs/odma/faq Q00-log.htm
2000.08.28 19:41 A C:\crea\publicca\vservers\WWW\htdocs\odma\faq\Q000600.htm --> www.infonuovo.com /www/htdocs/odma/faq Q000600.htm
2000.08.28 19:41 B C:\crea\publicca\vservers\WWW\htdocs\odma\faq\vssver.scc --> www.infonuovo.com /www/htdocs/odma/faq vssver.scc
2000.08.28 19:41 B C:\crea\publicca\vservers\WWW\htdocs\odma\faq\WS_FTP.LOG --> www.infonuovo.com /www/htdocs/odma/faq WS_FTP.LOG
2000.08.28 22:12 A C:\crea\publicca\vservers\WWW\htdocs\odma\faq\Q000603.htm --> www.infonuovo.com /www/htdocs/odma/faq Q000603.htm
2000.08.28 22:12 B C:\crea\publicca\vservers\WWW\htdocs\odma\faq\vssver.scc --> www.infonuovo.com /www/htdocs/odma/faq vssver.scc
2000.08.30 11:00 A C:\crea\publicca\vservers\WWW\htdocs\odma\faq\default.htm --> www.infonuovo.com /www/htdocs/odma/faq default.htm
2000.08.30 11:00 A C:\crea\publicca\vservers\WWW\htdocs\odma\faq\Q00-log.htm --> www.infonuovo.com /www/htdocs/odma/faq Q00-log.htm
2000.08.30 11:00 A C:\crea\publicca\vservers\WWW\htdocs\odma\faq\Q00-next.htm --> www.infonuovo.com /www/htdocs/odma/faq Q00-next.htm
2000.08.30 11:00 B C:\crea\publicca\vservers\WWW\htdocs\odma\faq\vssver.scc --> www.infonuovo.com /www/htdocs/odma/faq vssver.scc
2000.08.30 11:00 B C:\crea\publicca\vservers\WWW\htdocs\odma\faq\WS_FTP.LOG --> www.infonuovo.com /www/htdocs/odma/faq WS_FTP.LOG
2000.09.10 13:40 A C:\crea\publicca\vservers\WWW\htdocs\odma\faq\default.htm --> www.infonuovo.com /www/htdocs/odma/faq default.htm
2000.09.10 13:40 A C:\crea\publicca\vservers\WWW\htdocs\odma\faq\ODMAdone.htm --> www.infonuovo.com /www/htdocs/odma/faq ODMAdone.htm
2000.09.10 13:40 A C:\crea\publicca\vservers\WWW\htdocs\odma\faq\Q00-next.htm --> www.infonuovo.com /www/htdocs/odma/faq Q00-next.htm
2000.09.10 13:40 B C:\crea\publicca\vservers\WWW\htdocs\odma\faq\vssver.scc --> www.infonuovo.com /www/htdocs/odma/faq vssver.scc
2000.09.10 21:28 A C:\crea\publicca\vservers\WWW\htdocs\odma\faq\default.htm --> www.infonuovo.com /www/htdocs/odma/faq default.htm
2000.09.10 21:28 A C:\crea\publicca\vservers\WWW\htdocs\odma\faq\Q00-next.htm --> www.infonuovo.com /www/htdocs/odma/faq Q00-next.htm
2000.09.10 21:28 B C:\crea\publicca\vservers\WWW\htdocs\odma\faq\vssver.scc --> www.infonuovo.com /www/htdocs/odma/faq vssver.scc
2000.09.10 21:28 B C:\crea\publicca\vservers\WWW\htdocs\odma\faq\WS_FTP.LOG --> www.infonuovo.com /www/htdocs/odma/faq WS_FTP.LOG
2000.09.11 13:38 A C:\crea\publicca\vservers\WWW\htdocs\odma\faq\default.htm --> www.infonuovo.com /www/htdocs/odma/faq default.htm
2000.09.11 13:38 A C:\crea\publicca\vservers\WWW\htdocs\odma\faq\Q00-log.htm --> www.infonuovo.com /www/htdocs/odma/faq Q00-log.htm
2000.09.11 13:38 A C:\crea\publicca\vservers\WWW\htdocs\odma\faq\Q00-next.htm --> www.infonuovo.com /www/htdocs/odma/faq Q00-next.htm
2000.09.11 13:38 A C:\crea\publicca\vservers\WWW\htdocs\odma\faq\Q000703a.htm --> www.infonuovo.com /www/htdocs/odma/faq Q000703a.htm
2000.09.11 13:38 B C:\crea\publicca\vservers\WWW\htdocs\odma\faq\vssver.scc --> www.infonuovo.com /www/htdocs/odma/faq vssver.scc
2000.09.13 11:56 A C:\crea\publicca\vservers\WWW\htdocs\odma\faq\Q000603.htm --> www.infonuovo.com /www/htdocs/odma/faq Q000603.htm
2000.09.13 11:56 B C:\crea\publicca\vservers\WWW\htdocs\odma\faq\vssver.scc --> www.infonuovo.com /www/htdocs/odma/faq vssver.scc
2000.09.13 11:56 B C:\crea\publicca\vservers\WWW\htdocs\odma\faq\WS_FTP.LOG --> www.infonuovo.com /www/htdocs/odma/faq WS_FTP.LOG
2000.09.13 22:02 A C:\crea\publicca\vservers\WWW\htdocs\odma\faq\default.htm --> www.infonuovo.com /www/htdocs/odma/faq default.htm
2000.09.13 22:02 A C:\crea\publicca\vservers\WWW\htdocs\odma\faq\Q00-log.htm --> www.infonuovo.com /www/htdocs/odma/faq Q00-log.htm
2000.09.13 22:03 A C:\crea\publicca\vservers\WWW\htdocs\odma\faq\Q00-next.htm --> www.infonuovo.com /www/htdocs/odma/faq Q00-next.htm
2000.09.13 22:03 B C:\crea\publicca\vservers\WWW\htdocs\odma\faq\vssver.scc --> www.infonuovo.com /www/htdocs/odma/faq vssver.scc
2000.09.13 22:03 B C:\crea\publicca\vservers\WWW\htdocs\odma\faq\WS_FTP.LOG --> www.infonuovo.com /www/htdocs/odma/faq WS_FTP.LOG
2000.09.19 14:57 A C:\crea\publicca\vservers\WWW\htdocs\odma\faq\Q000600.htm --> www.infonuovo.com /www/htdocs/odma/faq Q000600.htm
2000.09.19 14:57 B C:\crea\publicca\vservers\WWW\htdocs\odma\faq\vssver.scc --> www.infonuovo.com /www/htdocs/odma/faq vssver.scc
2000.09.19 14:57 B C:\crea\publicca\vservers\WWW\htdocs\odma\faq\WS_FTP.LOG --> www.infonuovo.com /www/htdocs/odma/faq WS_FTP.LOG
2000.09.20 20:31 B C:\crea\publicca\vservers\WWW\htdocs\odma\faq\WS_FTP.LOG --> www.infonuovo.com /www/htdocs/odma/faq WS_FTP.LOG
2000.09.20 20:40 A C:\crea\publicca\vservers\WWW\htdocs\odma\faq\Q000605.htm --> www.infonuovo.com /www/htdocs/odma/faq Q000605.htm
2000.09.20 20:40 B C:\crea\publicca\vservers\WWW\htdocs\odma\faq\vssver.scc --> www.infonuovo.com /www/htdocs/odma/faq vssver.scc
2000.09.24 13:08 A C:\crea\publicca\vservers\WWW\htdocs\odma\faq\default.htm --> www.infonuovo.com /www/htdocs/odma/faq default.htm
2000.09.24 13:08 A C:\crea\publicca\vservers\WWW\htdocs\odma\faq\Q00-log.htm --> www.infonuovo.com /www/htdocs/odma/faq Q00-log.htm
2000.09.24 13:08 A C:\crea\publicca\vservers\WWW\htdocs\odma\faq\Q00-next.htm --> www.infonuovo.com /www/htdocs/odma/faq Q00-next.htm
2000.09.24 13:08 A C:\crea\publicca\vservers\WWW\htdocs\odma\faq\Q000605.htm --> www.infonuovo.com /www/htdocs/odma/faq Q000605.htm
2000.09.24 13:08 A C:\crea\publicca\vservers\WWW\htdocs\odma\faq\Q000902.htm --> www.infonuovo.com /www/htdocs/odma/faq Q000902.htm
2000.09.24 13:08 A C:\crea\publicca\vservers\WWW\htdocs\odma\faq\Q000902a.htm --> www.infonuovo.com /www/htdocs/odma/faq Q000902a.htm
2000.09.24 13:08 B C:\crea\publicca\vservers\WWW\htdocs\odma\faq\Q000902a.msg --> www.infonuovo.com /www/htdocs/odma/faq Q000902a.msg
2000.09.24 13:08 B C:\crea\publicca\vservers\WWW\htdocs\odma\faq\vssver.scc --> www.infonuovo.com /www/htdocs/odma/faq vssver.scc
2000.09.24 13:08 B C:\crea\publicca\vservers\WWW\htdocs\odma\faq\WS_FTP.LOG --> www.infonuovo.com /www/htdocs/odma/faq WS_FTP.LOG
2000.09.24 20:58 A C:\crea\publicca\vservers\WWW\htdocs\odma\faq\default.htm --> www.infonuovo.com /www/htdocs/odma/faq default.htm
2000.09.24 20:58 A C:\crea\publicca\vservers\WWW\htdocs\odma\faq\Q00-log.htm --> www.infonuovo.com /www/htdocs/odma/faq Q00-log.htm
2000.09.24 20:58 A C:\crea\publicca\vservers\WWW\htdocs\odma\faq\Q00-next.htm --> www.infonuovo.com /www/htdocs/odma/faq Q00-next.htm
2000.09.24 20:58 A C:\crea\publicca\vservers\WWW\htdocs\odma\faq\Q000900.htm --> www.infonuovo.com /www/htdocs/odma/faq Q000900.htm
2000.09.24 20:58 B C:\crea\publicca\vservers\WWW\htdocs\odma\faq\vssver.scc --> www.infonuovo.com /www/htdocs/odma/faq vssver.scc
2000.09.25 13:32 A C:\crea\publicca\vservers\WWW\htdocs\odma\faq\Q000605.htm --> www.infonuovo.com /www/htdocs/odma/faq Q000605.htm
2000.09.25 13:32 A C:\crea\publicca\vservers\WWW\htdocs\odma\faq\Q000902.htm --> www.infonuovo.com /www/htdocs/odma/faq Q000902.htm
2000.09.25 13:32 B C:\crea\publicca\vservers\WWW\htdocs\odma\faq\vssver.scc --> www.infonuovo.com /www/htdocs/odma/faq vssver.scc
2000.09.25 13:32 B C:\crea\publicca\vservers\WWW\htdocs\odma\faq\WS_FTP.LOG --> www.infonuovo.com /www/htdocs/odma/faq WS_FTP.LOG
2000.09.25 14:58 A C:\crea\publicca\vservers\WWW\htdocs\odma\faq\default.htm --> www.infonuovo.com /www/htdocs/odma/faq default.htm
2000.09.25 14:58 A C:\crea\publicca\vservers\WWW\htdocs\odma\faq\Q00-log.htm --> www.infonuovo.com /www/htdocs/odma/faq Q00-log.htm
2000.09.25 14:58 A C:\crea\publicca\vservers\WWW\htdocs\odma\faq\Q00-next.htm --> www.infonuovo.com /www/htdocs/odma/faq Q00-next.htm
2000.09.25 14:58 A C:\crea\publicca\vservers\WWW\htdocs\odma\faq\Q000500.htm --> www.infonuovo.com /www/htdocs/odma/faq Q000500.htm
2000.09.25 14:58 B C:\crea\publicca\vservers\WWW\htdocs\odma\faq\Q000500a.gif --> www.infonuovo.com /www/htdocs/odma/faq Q000500a.gif
2000.09.25 14:58 A C:\crea\publicca\vservers\WWW\htdocs\odma\faq\Q000605.htm --> www.infonuovo.com /www/htdocs/odma/faq Q000605.htm
2000.09.25 14:58 B C:\crea\publicca\vservers\WWW\htdocs\odma\faq\vssver.scc --> www.infonuovo.com /www/htdocs/odma/faq vssver.scc
2000.09.25 14:58 B C:\crea\publicca\vservers\WWW\htdocs\odma\faq\WS_FTP.LOG --> www.infonuovo.com /www/htdocs/odma/faq WS_FTP.LOG
2000.09.26 13:09 A C:\crea\publicca\vservers\WWW\htdocs\odma\faq\default.htm --> www.infonuovo.com /www/htdocs/odma/faq default.htm
2000.09.26 13:09 A C:\crea\publicca\vservers\WWW\htdocs\odma\faq\Q00-log.htm --> www.infonuovo.com /www/htdocs/odma/faq Q00-log.htm
2000.09.26 13:09 A C:\crea\publicca\vservers\WWW\htdocs\odma\faq\Q00-next.htm --> www.infonuovo.com /www/htdocs/odma/faq Q00-next.htm
2000.09.26 13:09 A C:\crea\publicca\vservers\WWW\htdocs\odma\faq\Q000017.htm --> www.infonuovo.com /www/htdocs/odma/faq Q000017.htm
2000.09.26 13:09 A C:\crea\publicca\vservers\WWW\htdocs\odma\faq\Q000500.htm --> www.infonuovo.com /www/htdocs/odma/faq Q000500.htm
2000.09.26 13:10 A C:\crea\publicca\vservers\WWW\htdocs\odma\faq\Q000605.htm --> www.infonuovo.com /www/htdocs/odma/faq Q000605.htm
2000.09.26 13:10 B C:\crea\publicca\vservers\WWW\htdocs\odma\faq\vssver.scc --> www.infonuovo.com /www/htdocs/odma/faq vssver.scc
2000.09.29 17:30 A C:\crea\publicca\vservers\WWW\htdocs\odma\faq\Q00-log.htm --> www.infonuovo.com /www/htdocs/odma/faq Q00-log.htm
2000.09.29 17:30 A C:\crea\publicca\vservers\WWW\htdocs\odma\faq\Q00-next.htm --> www.infonuovo.com /www/htdocs/odma/faq Q00-next.htm
2000.09.29 17:30 B C:\crea\publicca\vservers\WWW\htdocs\odma\faq\vssver.scc --> www.infonuovo.com /www/htdocs/odma/faq vssver.scc
2000.09.29 17:30 B C:\crea\publicca\vservers\WWW\htdocs\odma\faq\WS_FTP.LOG --> www.infonuovo.com /www/htdocs/odma/faq WS_FTP.LOG
2000.09.29 20:19 A C:\crea\publicca\vservers\WWW\htdocs\odma\faq\Q000605.htm --> www.infonuovo.com /www/htdocs/odma/faq Q000605.htm
2000.09.29 20:19 B C:\crea\publicca\vservers\WWW\htdocs\odma\faq\vssver.scc --> www.infonuovo.com /www/htdocs/odma/faq vssver.scc
2000.09.29 20:19 B C:\crea\publicca\vservers\WWW\htdocs\odma\faq\WS_FTP.LOG --> www.infonuovo.com /www/htdocs/odma/faq WS_FTP.LOG
2000.10.20 09:08 A C:\crea\publicca\vservers\WWW\htdocs\odma\faq\default.htm --> www.infonuovo.com /www/htdocs/odma/faq default.htm
2000.10.20 09:08 A C:\crea\publicca\vservers\WWW\htdocs\odma\faq\Q00-log.htm --> www.infonuovo.com /www/htdocs/odma/faq Q00-log.htm
2000.10.20 09:08 A C:\crea\publicca\vservers\WWW\htdocs\odma\faq\Q00-next.htm --> www.infonuovo.com /www/htdocs/odma/faq Q00-next.htm
2000.10.20 09:08 A C:\crea\publicca\vservers\WWW\htdocs\odma\faq\Q000001.htm --> www.infonuovo.com /www/htdocs/odma/faq Q000001.htm
2000.10.20 09:08 A C:\crea\publicca\vservers\WWW\htdocs\odma\faq\Q000001a.htm --> www.infonuovo.com /www/htdocs/odma/faq Q000001a.htm
2000.10.20 09:08 B C:\crea\publicca\vservers\WWW\htdocs\odma\faq\q000001a.msg --> www.infonuovo.com /www/htdocs/odma/faq q000001a.msg
2000.10.20 09:08 B C:\crea\publicca\vservers\WWW\htdocs\odma\faq\Q000001B.mht --> www.infonuovo.com /www/htdocs/odma/faq Q000001B.mht
2000.10.20 09:09 A C:\crea\publicca\vservers\WWW\htdocs\odma\faq\Q000605.htm --> www.infonuovo.com /www/htdocs/odma/faq Q000605.htm
2000.10.20 09:09 B C:\crea\publicca\vservers\WWW\htdocs\odma\faq\vssver.scc --> www.infonuovo.com /www/htdocs/odma/faq vssver.scc
2000.10.20 09:09 B C:\crea\publicca\vservers\WWW\htdocs\odma\faq\WS_FTP.LOG --> www.infonuovo.com /www/htdocs/odma/faq WS_FTP.LOG
2000.10.20 10:33 A C:\crea\publicca\vservers\WWW\htdocs\odma\faq\Q000001.htm --> www.infonuovo.com /www/htdocs/odma/faq Q000001.htm
2000.10.20 10:33 B C:\crea\publicca\vservers\WWW\htdocs\odma\faq\vssver.scc --> www.infonuovo.com /www/htdocs/odma/faq vssver.scc
2000.10.20 10:33 B C:\crea\publicca\vservers\WWW\htdocs\odma\faq\WS_FTP.LOG --> www.infonuovo.com /www/htdocs/odma/faq WS_FTP.LOG
2000.10.23 12:53 A C:\crea\publicca\vservers\WWW\htdocs\odma\faq\Q000605.htm --> www.infonuovo.com /www/htdocs/odma/faq Q000605.htm
2000.10.23 12:53 B C:\crea\publicca\vservers\WWW\htdocs\odma\faq\vssver.scc --> www.infonuovo.com /www/htdocs/odma/faq vssver.scc
2000.10.23 12:53 B C:\crea\publicca\vservers\WWW\htdocs\odma\faq\WS_FTP.LOG --> www.infonuovo.com /www/htdocs/odma/faq WS_FTP.LOG
2000.11.01 14:32 A C:\crea\publicca\vservers\WWW\htdocs\odma\faq\ODMAapps.htm --> www.infonuovo.com /www/htdocs/odma/faq ODMAapps.htm
2000.11.01 14:32 A C:\crea\publicca\vservers\WWW\htdocs\odma\faq\ODMAmeto.htm --> www.infonuovo.com /www/htdocs/odma/faq ODMAmeto.htm
2000.11.01 14:32 A C:\crea\publicca\vservers\WWW\htdocs\odma\faq\Q000001.htm --> www.infonuovo.com /www/htdocs/odma/faq Q000001.htm
2000.11.01 14:32 A C:\crea\publicca\vservers\WWW\htdocs\odma\faq\Q000001a.htm --> www.infonuovo.com /www/htdocs/odma/faq Q000001a.htm
2000.11.01 14:32 B C:\crea\publicca\vservers\WWW\htdocs\odma\faq\q000001a.msg --> www.infonuovo.com /www/htdocs/odma/faq q000001a.msg
2000.11.01 14:32 B C:\crea\publicca\vservers\WWW\htdocs\odma\faq\Q000001B.mht --> www.infonuovo.com /www/htdocs/odma/faq Q000001B.mht
2000.11.01 14:32 A C:\crea\publicca\vservers\WWW\htdocs\odma\faq\Q000017.htm --> www.infonuovo.com /www/htdocs/odma/faq Q000017.htm
2000.11.01 14:32 B C:\crea\publicca\vservers\WWW\htdocs\odma\faq\Q000500a.gif --> www.infonuovo.com /www/htdocs/odma/faq Q000500a.gif
2000.11.01 14:33 A C:\crea\publicca\vservers\WWW\htdocs\odma\faq\Q000600.htm --> www.infonuovo.com /www/htdocs/odma/faq Q000600.htm
2000.11.01 14:33 A C:\crea\publicca\vservers\WWW\htdocs\odma\faq\Q000603.htm --> www.infonuovo.com /www/htdocs/odma/faq Q000603.htm
2000.11.01 14:33 A C:\crea\publicca\vservers\WWW\htdocs\odma\faq\Q000605.htm --> www.infonuovo.com /www/htdocs/odma/faq Q000605.htm
2000.11.01 14:33 A C:\crea\publicca\vservers\WWW\htdocs\odma\faq\Q000703a.htm --> www.infonuovo.com /www/htdocs/odma/faq Q000703a.htm
2000.11.01 14:33 A C:\crea\publicca\vservers\WWW\htdocs\odma\faq\Q000900.htm --> www.infonuovo.com /www/htdocs/odma/faq Q000900.htm
2000.11.01 14:33 A C:\crea\publicca\vservers\WWW\htdocs\odma\faq\Q000902.htm --> www.infonuovo.com /www/htdocs/odma/faq Q000902.htm
2000.11.01 14:33 A C:\crea\publicca\vservers\WWW\htdocs\odma\faq\Q000902a.htm --> www.infonuovo.com /www/htdocs/odma/faq Q000902a.htm
2000.11.01 14:33 B C:\crea\publicca\vservers\WWW\htdocs\odma\faq\Q000902a.msg --> www.infonuovo.com /www/htdocs/odma/faq Q000902a.msg
2000.11.01 14:33 B C:\crea\publicca\vservers\WWW\htdocs\odma\faq\vssver.scc --> www.infonuovo.com /www/htdocs/odma/faq vssver.scc
2000.11.01 14:33 B C:\crea\publicca\vservers\WWW\htdocs\odma\faq\WS_FTP.LOG --> www.infonuovo.com /www/htdocs/odma/faq WS_FTP.LOG
2000.11.01 19:45 A C:\crea\publicca\vservers\WWW\htdocs\odma\faq\Q00-log.htm --> www.infonuovo.com /www/htdocs/odma/faq Q00-log.htm
2000.11.01 19:45 B C:\crea\publicca\vservers\WWW\htdocs\odma\faq\vssver.scc --> www.infonuovo.com /www/htdocs/odma/faq vssver.scc
2000.11.01 19:45 B C:\crea\publicca\vservers\WWW\htdocs\odma\faq\WS_FTP.LOG --> www.infonuovo.com /www/htdocs/odma/faq WS_FTP.LOG
2000.11.03 14:45 A C:\crea\publicca\vservers\WWW\htdocs\odma\faq\default.htm --> www.infonuovo.com /www/htdocs/odma/faq default.htm
2000.11.03 14:45 A C:\crea\publicca\vservers\WWW\htdocs\odma\faq\Q00-next.htm --> www.infonuovo.com /www/htdocs/odma/faq Q00-next.htm
2000.11.03 14:46 A C:\crea\publicca\vservers\WWW\htdocs\odma\faq\Q000605.htm --> www.infonuovo.com /www/htdocs/odma/faq Q000605.htm
2000.11.03 14:46 B C:\crea\publicca\vservers\WWW\htdocs\odma\faq\vssver.scc --> www.infonuovo.com /www/htdocs/odma/faq vssver.scc
2000.11.03 14:46 B C:\crea\publicca\vservers\WWW\htdocs\odma\faq\WS_FTP.LOG --> www.infonuovo.com /www/htdocs/odma/faq WS_FTP.LOG
2000.11.09 21:49 A C:\crea\publicca\vservers\WWW\htdocs\odma\faq\ODMAdmss.htm --> www.infonuovo.com /www/htdocs/odma/faq ODMAdmss.htm
2000.11.09 21:49 B C:\crea\publicca\vservers\WWW\htdocs\odma\faq\vssver.scc --> www.infonuovo.com /www/htdocs/odma/faq vssver.scc
2000.11.09 21:49 B C:\crea\publicca\vservers\WWW\htdocs\odma\faq\WS_FTP.LOG --> www.infonuovo.com /www/htdocs/odma/faq WS_FTP.LOG
2000.11.23 19:43 A C:\crea\publicca\vservers\WWW\htdocs\odma\faq\default.htm --> www.infonuovo.com /www/htdocs/odma/faq default.htm
2000.11.23 19:43 A C:\crea\publicca\vservers\WWW\htdocs\odma\faq\Q00-log.htm --> www.infonuovo.com /www/htdocs/odma/faq Q00-log.htm
2000.11.23 19:43 A C:\crea\publicca\vservers\WWW\htdocs\odma\faq\Q00-next.htm --> www.infonuovo.com /www/htdocs/odma/faq Q00-next.htm
2000.11.23 19:43 A C:\crea\publicca\vservers\WWW\htdocs\odma\faq\Q000601.htm --> www.infonuovo.com /www/htdocs/odma/faq Q000601.htm
2000.11.23 19:43 B C:\crea\publicca\vservers\WWW\htdocs\odma\faq\vssver.scc --> www.infonuovo.com /www/htdocs/odma/faq vssver.scc
2000.12.05 15:10 A C:\crea\publicca\vservers\WWW\htdocs\odma\faq\default.htm --> www.infonuovo.com /www/htdocs/odma/faq default.htm
2000.12.05 15:10 A C:\crea\publicca\vservers\WWW\htdocs\odma\faq\Q00-log.htm --> www.infonuovo.com /www/htdocs/odma/faq Q00-log.htm
2000.12.05 15:10 A C:\crea\publicca\vservers\WWW\htdocs\odma\faq\Q00-next.htm --> www.infonuovo.com /www/htdocs/odma/faq Q00-next.htm
2000.12.05 15:10 A C:\crea\publicca\vservers\WWW\htdocs\odma\faq\Q000015.htm --> www.infonuovo.com /www/htdocs/odma/faq Q000015.htm
2000.12.05 15:10 B C:\crea\publicca\vservers\WWW\htdocs\odma\faq\q000015a.msg --> www.infonuovo.com /www/htdocs/odma/faq q000015a.msg
2000.12.05 15:10 B C:\crea\publicca\vservers\WWW\htdocs\odma\faq\q000015b.msg --> www.infonuovo.com /www/htdocs/odma/faq q000015b.msg
2000.12.05 15:10 A C:\crea\publicca\vservers\WWW\htdocs\odma\faq\Q000605.htm --> www.infonuovo.com /www/htdocs/odma/faq Q000605.htm
2000.12.05 15:10 B C:\crea\publicca\vservers\WWW\htdocs\odma\faq\vssver.scc --> www.infonuovo.com /www/htdocs/odma/faq vssver.scc
2000.12.05 15:10 B C:\crea\publicca\vservers\WWW\htdocs\odma\faq\WS_FTP.LOG --> www.infonuovo.com /www/htdocs/odma/faq WS_FTP.LOG
2000.12.12 11:27 A C:\crea\publicca\vservers\WWW\htdocs\odma\faq\default.htm --> www.infonuovo.com /www/htdocs/odma/faq default.htm
2000.12.12 11:27 A C:\crea\publicca\vservers\WWW\htdocs\odma\faq\Q00-log.htm --> www.infonuovo.com /www/htdocs/odma/faq Q00-log.htm
2000.12.12 11:27 A C:\crea\publicca\vservers\WWW\htdocs\odma\faq\Q00-next.htm --> www.infonuovo.com /www/htdocs/odma/faq Q00-next.htm
2000.12.12 11:27 B C:\crea\publicca\vservers\WWW\htdocs\odma\faq\vssver.scc --> www.infonuovo.com /www/htdocs/odma/faq vssver.scc
2000.12.12 16:12 B C:\crea\publicca\vservers\WWW\htdocs\odma\faq\WS_FTP.LOG --> www.infonuovo.com /www/htdocs/odma/faq WS_FTP.LOG
2000.12.13 12:57 A C:\crea\publicca\vservers\WWW\htdocs\odma\faq\Q000605.htm --> www.infonuovo.com /www/htdocs/odma/faq Q000605.htm
2000.12.13 12:57 B C:\crea\publicca\vservers\WWW\htdocs\odma\faq\vssver.scc --> www.infonuovo.com /www/htdocs/odma/faq vssver.scc
2001.01.11 10:42 A C:\crea\publicca\vservers\WWW\htdocs\odma\faq\Q00-log.htm --> www.infonuovo.com /www/htdocs/odma/faq Q00-log.htm
2001.01.11 10:42 A C:\crea\publicca\vservers\WWW\htdocs\odma\faq\Q00-next.htm --> www.infonuovo.com /www/htdocs/odma/faq Q00-next.htm
2001.01.11 10:42 B C:\crea\publicca\vservers\WWW\htdocs\odma\faq\vssver.scc --> www.infonuovo.com /www/htdocs/odma/faq vssver.scc
2001.01.11 10:42 B C:\crea\publicca\vservers\WWW\htdocs\odma\faq\WS_FTP.LOG --> www.infonuovo.com /www/htdocs/odma/faq WS_FTP.LOG
2001.01.13 08:38 A C:\crea\publicca\vservers\WWW\htdocs\odma\faq\default.htm --> www.infonuovo.com /www/htdocs/odma/faq default.htm
2001.01.13 08:38 A C:\crea\publicca\vservers\WWW\htdocs\odma\faq\Q00-next.htm --> www.infonuovo.com /www/htdocs/odma/faq Q00-next.htm
2001.01.13 08:38 B C:\crea\publicca\vservers\WWW\htdocs\odma\faq\vssver.scc --> www.infonuovo.com /www/htdocs/odma/faq vssver.scc
2001.01.17 15:26 A C:\crea\publicca\vservers\WWW\htdocs\odma\faq\default.htm --> www.infonuovo.com /www/htdocs/odma/faq default.htm
2001.01.17 15:26 A C:\crea\publicca\vservers\WWW\htdocs\odma\faq\Q00-log.htm --> www.infonuovo.com /www/htdocs/odma/faq Q00-log.htm
2001.01.17 15:26 A C:\crea\publicca\vservers\WWW\htdocs\odma\faq\Q00-next.htm --> www.infonuovo.com /www/htdocs/odma/faq Q00-next.htm
2001.01.17 15:26 B C:\crea\publicca\vservers\WWW\htdocs\odma\faq\vssver.scc --> www.infonuovo.com /www/htdocs/odma/faq vssver.scc
2001.01.17 15:26 B C:\crea\publicca\vservers\WWW\htdocs\odma\faq\WS_FTP.LOG --> www.infonuovo.com /www/htdocs/odma/faq WS_FTP.LOG
2001.01.29 14:20 A C:\crea\publicca\vservers\WWW\htdocs\odma\faq\Q000605.htm --> www.infonuovo.com /www/htdocs/odma/faq Q000605.htm
2001.01.29 14:20 B C:\crea\publicca\vservers\WWW\htdocs\odma\faq\vssver.scc --> www.infonuovo.com /www/htdocs/odma/faq vssver.scc
2001.01.29 17:57 A C:\crea\publicca\vservers\WWW\htdocs\odma\faq\Q000605.htm --> www.infonuovo.com /www/htdocs/odma/faq Q000605.htm
2001.01.29 17:57 B C:\crea\publicca\vservers\WWW\htdocs\odma\faq\vssver.scc --> www.infonuovo.com /www/htdocs/odma/faq vssver.scc
2001.01.29 17:57 B C:\crea\publicca\vservers\WWW\htdocs\odma\faq\WS_FTP.LOG --> www.infonuovo.com /www/htdocs/odma/faq WS_FTP.LOG
2001.01.30 17:05 A C:\crea\publicca\vservers\WWW\htdocs\odma\faq\Q000605.htm --> www.infonuovo.com /www/htdocs/odma/faq Q000605.htm
2001.01.30 17:05 B C:\crea\publicca\vservers\WWW\htdocs\odma\faq\vssver.scc --> www.infonuovo.com /www/htdocs/odma/faq vssver.scc
2001.02.06 13:35 A C:\crea\publicca\vservers\WWW\htdocs\odma\faq\ODMAapps.htm --> www.infonuovo.com /www/htdocs/odma/faq ODMAapps.htm
2001.02.06 13:35 A C:\crea\publicca\vservers\WWW\htdocs\odma\faq\ODMAdmss.htm --> www.infonuovo.com /www/htdocs/odma/faq ODMAdmss.htm
2001.02.06 13:35 A C:\crea\publicca\vservers\WWW\htdocs\odma\faq\ODMAdone.htm --> www.infonuovo.com /www/htdocs/odma/faq ODMAdone.htm
2001.02.06 13:35 A C:\crea\publicca\vservers\WWW\htdocs\odma\faq\ODMAmeto.htm --> www.infonuovo.com /www/htdocs/odma/faq ODMAmeto.htm
2001.02.06 13:35 A C:\crea\publicca\vservers\WWW\htdocs\odma\faq\odmaprod.htm --> www.infonuovo.com /www/htdocs/odma/faq odmaprod.htm
2001.02.06 13:35 A C:\crea\publicca\vservers\WWW\htdocs\odma\faq\Q00-log.htm --> www.infonuovo.com /www/htdocs/odma/faq Q00-log.htm
2001.02.06 13:35 A C:\crea\publicca\vservers\WWW\htdocs\odma\faq\Q00-next.htm --> www.infonuovo.com /www/htdocs/odma/faq Q00-next.htm
2001.02.06 13:36 A C:\crea\publicca\vservers\WWW\htdocs\odma\faq\Q000017.htm --> www.infonuovo.com /www/htdocs/odma/faq Q000017.htm
2001.02.06 13:36 A C:\crea\publicca\vservers\WWW\htdocs\odma\faq\Q000500.htm --> www.infonuovo.com /www/htdocs/odma/faq Q000500.htm
2001.02.06 13:36 B C:\crea\publicca\vservers\WWW\htdocs\odma\faq\Q000500a.gif --> www.infonuovo.com /www/htdocs/odma/faq Q000500a.gif
2001.02.06 13:36 B C:\crea\publicca\vservers\WWW\htdocs\odma\faq\vssver.scc --> www.infonuovo.com /www/htdocs/odma/faq vssver.scc
2001.02.06 13:36 B C:\crea\publicca\vservers\WWW\htdocs\odma\faq\WS_FTP.LOG --> www.infonuovo.com /www/htdocs/odma/faq WS_FTP.LOG
2001.02.16 16:06 A C:\crea\publicca\vservers\WWW\htdocs\odma\faq\ODMAapps.htm --> www.infonuovo.com /www/htdocs/odma/faq ODMAapps.htm
2001.02.16 16:07 A C:\crea\publicca\vservers\WWW\htdocs\odma\faq\ODMAmeto.htm --> www.infonuovo.com /www/htdocs/odma/faq ODMAmeto.htm
2001.02.16 16:07 B C:\crea\publicca\vservers\WWW\htdocs\odma\faq\vssver.scc --> www.infonuovo.com /www/htdocs/odma/faq vssver.scc
2001.02.17 16:41 A C:\crea\publicca\vservers\WWW\htdocs\odma\faq\default.htm --> www.infonuovo.com /www/htdocs/odma/faq default.htm
2001.02.17 16:41 A C:\crea\publicca\vservers\WWW\htdocs\odma\faq\ODMAapps.htm --> www.infonuovo.com /www/htdocs/odma/faq ODMAapps.htm
2001.02.17 16:41 A C:\crea\publicca\vservers\WWW\htdocs\odma\faq\ODMAdmss.htm --> www.infonuovo.com /www/htdocs/odma/faq ODMAdmss.htm
2001.02.17 16:41 B C:\crea\publicca\vservers\WWW\htdocs\odma\faq\vssver.scc --> www.infonuovo.com /www/htdocs/odma/faq vssver.scc
2001.02.17 16:41 B C:\crea\publicca\vservers\WWW\htdocs\odma\faq\WS_FTP.LOG --> www.infonuovo.com /www/htdocs/odma/faq WS_FTP.LOG
2001.02.19 09:18 A C:\crea\publicca\vservers\WWW\htdocs\odma\faq\ODMAapps.htm --> www.infonuovo.com /www/htdocs/odma/faq ODMAapps.htm
2001.02.19 09:18 B C:\crea\publicca\vservers\WWW\htdocs\odma\faq\vssver.scc --> www.infonuovo.com /www/htdocs/odma/faq vssver.scc
2001.02.19 14:09 A C:\crea\publicca\vservers\WWW\htdocs\odma\faq\ODMAdmss.htm --> www.infonuovo.com /www/htdocs/odma/faq ODMAdmss.htm
2001.02.19 14:09 B C:\crea\publicca\vservers\WWW\htdocs\odma\faq\vssver.scc --> www.infonuovo.com /www/htdocs/odma/faq vssver.scc
2001.02.19 14:09 B C:\crea\publicca\vservers\WWW\htdocs\odma\faq\WS_FTP.LOG --> www.infonuovo.com /www/htdocs/odma/faq WS_FTP.LOG
2001.02.20 14:46 A C:\crea\publicca\vservers\WWW\htdocs\odma\faq\ODMAdmss.htm --> www.infonuovo.com /www/htdocs/odma/faq ODMAdmss.htm
2001.02.20 14:46 B C:\crea\publicca\vservers\WWW\htdocs\odma\faq\vssver.scc --> www.infonuovo.com /www/htdocs/odma/faq vssver.scc
2001.02.20 22:34 A C:\crea\publicca\vservers\WWW\htdocs\odma\faq\ODMAapps.htm --> www.infonuovo.com /www/htdocs/odma/faq ODMAapps.htm
2001.02.20 22:34 B C:\crea\publicca\vservers\WWW\htdocs\odma\faq\vssver.scc --> www.infonuovo.com /www/htdocs/odma/faq vssver.scc
2001.02.20 22:34 B C:\crea\publicca\vservers\WWW\htdocs\odma\faq\WS_FTP.LOG --> www.infonuovo.com /www/htdocs/odma/faq WS_FTP.LOG
2001.02.21 08:27 A C:\crea\publicca\vservers\WWW\htdocs\odma\faq\ODMAapps.htm --> www.infonuovo.com /www/htdocs/odma/faq ODMAapps.htm
2001.02.21 08:27 B C:\crea\publicca\vservers\WWW\htdocs\odma\faq\vssver.scc --> www.infonuovo.com /www/htdocs/odma/faq vssver.scc
2001.02.21 13:08 A C:\crea\publicca\vservers\WWW\htdocs\odma\faq\ODMAapps.htm --> www.infonuovo.com /www/htdocs/odma/faq ODMAapps.htm
2001.02.21 13:08 A C:\crea\publicca\vservers\WWW\htdocs\odma\faq\ODMAdmss.htm --> www.infonuovo.com /www/htdocs/odma/faq ODMAdmss.htm
2001.02.21 13:08 B C:\crea\publicca\vservers\WWW\htdocs\odma\faq\vssver.scc --> www.infonuovo.com /www/htdocs/odma/faq vssver.scc
2001.02.21 13:08 B C:\crea\publicca\vservers\WWW\htdocs\odma\faq\WS_FTP.LOG --> www.infonuovo.com /www/htdocs/odma/faq WS_FTP.LOG
2001.03.02 08:47 A C:\crea\publicca\vservers\WWW\htdocs\odma\faq\ODMAdmss.htm --> www.infonuovo.com /www/htdocs/odma/faq ODMAdmss.htm
2001.03.02 08:47 B C:\crea\publicca\vservers\WWW\htdocs\odma\faq\vssver.scc --> www.infonuovo.com /www/htdocs/odma/faq vssver.scc
2001.03.02 12:14 A C:\crea\publicca\vservers\WWW\htdocs\odma\faq\Q000605.htm --> www.infonuovo.com /www/htdocs/odma/faq Q000605.htm
2001.03.02 12:14 B C:\crea\publicca\vservers\WWW\htdocs\odma\faq\vssver.scc --> www.infonuovo.com /www/htdocs/odma/faq vssver.scc
2001.03.02 12:14 B C:\crea\publicca\vservers\WWW\htdocs\odma\faq\WS_FTP.LOG --> www.infonuovo.com /www/htdocs/odma/faq WS_FTP.LOG
2001.03.04 20:55 A C:\crea\publicca\vservers\WWW\htdocs\odma\faq\Q000605.htm --> www.infonuovo.com /www/htdocs/odma/faq Q000605.htm
2001.03.04 20:55 B C:\crea\publicca\vservers\WWW\htdocs\odma\faq\vssver.scc --> www.infonuovo.com /www/htdocs/odma/faq vssver.scc
2001.03.05 12:35 A C:\crea\publicca\vservers\WWW\htdocs\odma\faq\Q000605.htm --> www.infonuovo.com /www/htdocs/odma/faq Q000605.htm
2001.03.05 12:35 B C:\crea\publicca\vservers\WWW\htdocs\odma\faq\vssver.scc --> www.infonuovo.com /www/htdocs/odma/faq vssver.scc
2001.03.05 12:35 B C:\crea\publicca\vservers\WWW\htdocs\odma\faq\WS_FTP.LOG --> www.infonuovo.com /www/htdocs/odma/faq WS_FTP.LOG
2001.03.06 13:25 A C:\crea\publicca\vservers\WWW\htdocs\odma\faq\default.htm --> www.infonuovo.com /www/htdocs/odma/faq default.htm
2001.03.06 13:25 A C:\crea\publicca\vservers\WWW\htdocs\odma\faq\Q00-next.htm --> www.infonuovo.com /www/htdocs/odma/faq Q00-next.htm
2001.03.06 13:26 A C:\crea\publicca\vservers\WWW\htdocs\odma\faq\Q000605.htm --> www.infonuovo.com /www/htdocs/odma/faq Q000605.htm
2001.03.06 13:26 B C:\crea\publicca\vservers\WWW\htdocs\odma\faq\vssver.scc --> www.infonuovo.com /www/htdocs/odma/faq vssver.scc
2001.03.06 23:51 A C:\crea\publicca\vservers\WWW\htdocs\odma\faq\Q000605.htm --> www.infonuovo.com /www/htdocs/odma/faq Q000605.htm
2001.03.06 23:51 B C:\crea\publicca\vservers\WWW\htdocs\odma\faq\vssver.scc --> www.infonuovo.com /www/htdocs/odma/faq vssver.scc
2001.03.06 23:51 B C:\crea\publicca\vservers\WWW\htdocs\odma\faq\WS_FTP.LOG --> www.infonuovo.com /www/htdocs/odma/faq WS_FTP.LOG
2001.03.07 10:08 A C:\crea\publicca\vservers\WWW\htdocs\odma\faq\Q00-log.htm --> www.infonuovo.com /www/htdocs/odma/faq Q00-log.htm
2001.03.07 10:09 A C:\crea\publicca\vservers\WWW\htdocs\odma\faq\Q00-next.htm --> www.infonuovo.com /www/htdocs/odma/faq Q00-next.htm
2001.03.07 10:09 A C:\crea\publicca\vservers\WWW\htdocs\odma\faq\Q000902.htm --> www.infonuovo.com /www/htdocs/odma/faq Q000902.htm
2001.03.07 10:09 B C:\crea\publicca\vservers\WWW\htdocs\odma\faq\vssver.scc --> www.infonuovo.com /www/htdocs/odma/faq vssver.scc
2001.03.07 15:39 A C:\crea\publicca\vservers\WWW\htdocs\odma\faq\ODMAapps.htm --> www.infonuovo.com /www/htdocs/odma/faq ODMAapps.htm
2001.03.07 15:39 A C:\crea\publicca\vservers\WWW\htdocs\odma\faq\ODMAdmss.htm --> www.infonuovo.com /www/htdocs/odma/faq ODMAdmss.htm
2001.03.07 15:39 A C:\crea\publicca\vservers\WWW\htdocs\odma\faq\Q000902.htm --> www.infonuovo.com /www/htdocs/odma/faq Q000902.htm
2001.03.07 15:39 B C:\crea\publicca\vservers\WWW\htdocs\odma\faq\vssver.scc --> www.infonuovo.com /www/htdocs/odma/faq vssver.scc
2001.03.07 15:39 B C:\crea\publicca\vservers\WWW\htdocs\odma\faq\WS_FTP.LOG --> www.infonuovo.com /www/htdocs/odma/faq WS_FTP.LOG
2001.03.10 16:20 A C:\crea\publicca\vservers\WWW\htdocs\odma\faq\ODMAapps.htm --> www.infonuovo.com /www/htdocs/odma/faq ODMAapps.htm
2001.03.10 16:20 A C:\crea\publicca\vservers\WWW\htdocs\odma\faq\Q00-log.htm --> www.infonuovo.com /www/htdocs/odma/faq Q00-log.htm
2001.03.10 16:20 A C:\crea\publicca\vservers\WWW\htdocs\odma\faq\Q000605.htm --> www.infonuovo.com /www/htdocs/odma/faq Q000605.htm
2001.03.10 16:20 A C:\crea\publicca\vservers\WWW\htdocs\odma\faq\Q000902.htm --> www.infonuovo.com /www/htdocs/odma/faq Q000902.htm
2001.03.10 16:20 B C:\crea\publicca\vservers\WWW\htdocs\odma\faq\vssver.scc --> www.infonuovo.com /www/htdocs/odma/faq vssver.scc
2001.03.30 08:48 A C:\crea\publicca\vservers\WWW\htdocs\odma\faq\default.htm --> www.infonuovo.com /www/htdocs/odma/faq default.htm
2001.03.30 08:48 A C:\crea\publicca\vservers\WWW\htdocs\odma\faq\ODMAdmss.htm --> www.infonuovo.com /www/htdocs/odma/faq ODMAdmss.htm
2001.03.30 08:49 A C:\crea\publicca\vservers\WWW\htdocs\odma\faq\Q00-next.htm --> www.infonuovo.com /www/htdocs/odma/faq Q00-next.htm
2001.03.30 08:49 A C:\crea\publicca\vservers\WWW\htdocs\odma\faq\Q000015.htm --> www.infonuovo.com /www/htdocs/odma/faq Q000015.htm
2001.03.30 08:49 B C:\crea\publicca\vservers\WWW\htdocs\odma\faq\vssver.scc --> www.infonuovo.com /www/htdocs/odma/faq vssver.scc
2001.03.30 08:49 B C:\crea\publicca\vservers\WWW\htdocs\odma\faq\WS_FTP.LOG --> www.infonuovo.com /www/htdocs/odma/faq WS_FTP.LOG
2001.04.11 17:30 A C:\crea\publicca\vservers\WWW\htdocs\odma\faq\default.htm --> www.infonuovo.com /www/htdocs/odma/faq default.htm
2001.04.11 17:30 A C:\crea\publicca\vservers\WWW\htdocs\odma\faq\ODMAapps.htm --> www.infonuovo.com /www/htdocs/odma/faq ODMAapps.htm
2001.04.11 17:30 A C:\crea\publicca\vservers\WWW\htdocs\odma\faq\ODMAdmss.htm --> www.infonuovo.com /www/htdocs/odma/faq ODMAdmss.htm
2001.04.11 17:30 B C:\crea\publicca\vservers\WWW\htdocs\odma\faq\vssver.scc --> www.infonuovo.com /www/htdocs/odma/faq vssver.scc
