2002.07.31 00:16 B c:\crea\publicca\bCentral\web\millennia-antica\activities\a02-log.htm --> ftp.nfocentrale.net /web/millennia-antica/activities a02-log.htm
2002.07.31 00:16 B c:\crea\publicca\bCentral\web\millennia-antica\activities\construction.htm --> ftp.nfocentrale.net /web/millennia-antica/activities construction.htm
2002.07.31 00:16 B c:\crea\publicca\bCentral\web\millennia-antica\activities\current-calendar.htm --> ftp.nfocentrale.net /web/millennia-antica/activities current-calendar.htm
2002.07.31 00:16 B c:\crea\publicca\bCentral\web\millennia-antica\activities\events.htm --> ftp.nfocentrale.net /web/millennia-antica/activities events.htm
2002.07.31 00:16 B c:\crea\publicca\bCentral\web\millennia-antica\activities\index.htm --> ftp.nfocentrale.net /web/millennia-antica/activities index.htm
2002.07.31 00:16 B c:\crea\publicca\bCentral\web\millennia-antica\activities\past-calendar.htm --> ftp.nfocentrale.net /web/millennia-antica/activities past-calendar.htm
2002.07.31 00:16 B c:\crea\publicca\bCentral\web\millennia-antica\activities\vssver.scc --> ftp.nfocentrale.net /web/millennia-antica/activities vssver.scc
2002.08.02 13:43 B c:\crea\publicca\bCentral\web\millennia-antica\activities\events.htm --> ftp.nfocentrale.net /web/millennia-antica/activities events.htm
2002.08.02 13:43 B c:\crea\publicca\bCentral\web\millennia-antica\activities\vssver.scc --> ftp.nfocentrale.net /web/millennia-antica/activities vssver.scc
2002.08.02 13:43 B c:\crea\publicca\bCentral\web\millennia-antica\activities\WS_FTP.LOG --> ftp.nfocentrale.net /web/millennia-antica/activities WS_FTP.LOG
2002.08.02 14:49 B c:\crea\publicca\bCentral\web\millennia-antica\activities\events.htm --> ftp.nfocentrale.net /web/millennia-antica/activities events.htm
2002.08.02 14:49 B c:\crea\publicca\bCentral\web\millennia-antica\activities\vssver.scc --> ftp.nfocentrale.net /web/millennia-antica/activities vssver.scc
2002.08.02 22:28 B c:\crea\publicca\bCentral\web\millennia-antica\activities\classes.htm --> ftp.nfocentrale.net /web/millennia-antica/activities classes.htm
2002.08.02 22:28 B c:\crea\publicca\bCentral\web\millennia-antica\activities\construction.htm --> ftp.nfocentrale.net /web/millennia-antica/activities construction.htm
2002.08.02 22:28 B c:\crea\publicca\bCentral\web\millennia-antica\activities\index.htm --> ftp.nfocentrale.net /web/millennia-antica/activities index.htm
2002.08.02 22:28 B c:\crea\publicca\bCentral\web\millennia-antica\activities\vssver.scc --> ftp.nfocentrale.net /web/millennia-antica/activities vssver.scc
2002.08.02 22:28 B c:\crea\publicca\bCentral\web\millennia-antica\activities\WS_FTP.LOG --> ftp.nfocentrale.net /web/millennia-antica/activities WS_FTP.LOG
2002.08.04 18:18 B c:\crea\publicca\bCentral\web\millennia-antica\activities\events.htm --> ftp.nfocentrale.net /web/millennia-antica/activities events.htm
2002.08.04 18:19 B c:\crea\publicca\bCentral\web\millennia-antica\activities\vssver.scc --> ftp.nfocentrale.net /web/millennia-antica/activities vssver.scc
2002.08.04 18:19 B c:\crea\publicca\bCentral\web\millennia-antica\activities\WS_FTP.LOG --> ftp.nfocentrale.net /web/millennia-antica/activities WS_FTP.LOG
2002.08.04 18:52 B c:\crea\publicca\bCentral\web\millennia-antica\activities\WS_FTP.LOG --> ftp.nfocentrale.net /web/millennia-antica/activities WS_FTP.LOG
2002.08.15 22:31 B c:\crea\publicca\bCentral\web\millennia-antica\activities\WS_FTP.LOG --> ftp.nfocentrale.net /web/millennia-antica/activities WS_FTP.LOG
2002.08.19 11:54 B c:\crea\publicca\bCentral\web\millennia-antica\activities\classes.htm --> ftp.nfocentrale.net /web/millennia-antica/activities classes.htm
2002.08.19 11:54 B c:\crea\publicca\bCentral\web\millennia-antica\activities\events.htm --> ftp.nfocentrale.net /web/millennia-antica/activities events.htm
2002.08.19 11:54 B c:\crea\publicca\bCentral\web\millennia-antica\activities\vssver.scc --> ftp.nfocentrale.net /web/millennia-antica/activities vssver.scc
2002.08.19 12:07 B c:\crea\publicca\bCentral\web\millennia-antica\activities\events.htm --> ftp.nfocentrale.net /web/millennia-antica/activities events.htm
2002.08.19 12:07 B c:\crea\publicca\bCentral\web\millennia-antica\activities\vssver.scc --> ftp.nfocentrale.net /web/millennia-antica/activities vssver.scc
2002.08.19 12:07 B c:\crea\publicca\bCentral\web\millennia-antica\activities\WS_FTP.LOG --> ftp.nfocentrale.net /web/millennia-antica/activities WS_FTP.LOG
2002.08.19 12:58 B c:\crea\publicca\bCentral\web\millennia-antica\activities\a02-log.htm --> ftp.nfocentrale.net /web/millennia-antica/activities a02-log.htm
2002.08.19 12:58 B c:\crea\publicca\bCentral\web\millennia-antica\activities\classes.htm --> ftp.nfocentrale.net /web/millennia-antica/activities classes.htm
2002.08.19 12:58 B c:\crea\publicca\bCentral\web\millennia-antica\activities\construction.htm --> ftp.nfocentrale.net /web/millennia-antica/activities construction.htm
2002.08.19 12:58 B c:\crea\publicca\bCentral\web\millennia-antica\activities\index.htm --> ftp.nfocentrale.net /web/millennia-antica/activities index.htm
2002.08.19 12:58 B c:\crea\publicca\bCentral\web\millennia-antica\activities\vssver.scc --> ftp.nfocentrale.net /web/millennia-antica/activities vssver.scc
2002.09.02 18:28 B c:\crea\publicca\bCentral\web\millennia-antica\activities\vssver.scc --> ftp.nfocentrale.net /web/millennia-antica/activities vssver.scc
2002.09.02 18:28 B c:\crea\publicca\bCentral\web\millennia-antica\activities\WS_FTP.LOG --> ftp.nfocentrale.net /web/millennia-antica/activities WS_FTP.LOG
2002.09.24 20:49 B c:\crea\publicca\bCentral\web\millennia-antica\activities\classes.htm --> ftp.nfocentrale.net /web/millennia-antica/activities classes.htm
2002.09.24 20:49 B c:\crea\publicca\bCentral\web\millennia-antica\activities\events.htm --> ftp.nfocentrale.net /web/millennia-antica/activities events.htm
2002.09.24 20:49 B c:\crea\publicca\bCentral\web\millennia-antica\activities\vssver.scc --> ftp.nfocentrale.net /web/millennia-antica/activities vssver.scc
2002.10.03 17:02 B c:\crea\publicca\bCentral\web\millennia-antica\activities\WS_FTP.LOG --> ftp.nfocentrale.net /web/millennia-antica/activities WS_FTP.LOG
2002.10.04 01:19 B c:\crea\publicca\bCentral\web\millennia-antica\activities\earthygarden.htm --> ftp.nfocentrale.net /web/millennia-antica/activities earthygarden.htm
2002.10.04 01:19 B c:\crea\publicca\bCentral\web\millennia-antica\activities\events.htm --> ftp.nfocentrale.net /web/millennia-antica/activities events.htm
2002.10.04 01:19 B c:\crea\publicca\bCentral\web\millennia-antica\activities\past-events.htm --> ftp.nfocentrale.net /web/millennia-antica/activities past-events.htm
2002.10.04 01:19 B c:\crea\publicca\bCentral\web\millennia-antica\activities\vssver.scc --> ftp.nfocentrale.net /web/millennia-antica/activities vssver.scc
2002.10.04 01:28 B c:\crea\publicca\bCentral\web\millennia-antica\activities\earthygarden.htm --> ftp.nfocentrale.net /web/millennia-antica/activities earthygarden.htm
2002.10.04 01:28 B c:\crea\publicca\bCentral\web\millennia-antica\activities\vssver.scc --> ftp.nfocentrale.net /web/millennia-antica/activities vssver.scc
2002.10.04 01:28 B c:\crea\publicca\bCentral\web\millennia-antica\activities\WS_FTP.LOG --> ftp.nfocentrale.net /web/millennia-antica/activities WS_FTP.LOG
2002.10.04 08:53 B c:\crea\publicca\bCentral\web\millennia-antica\activities\earthygarden.htm --> ftp.nfocentrale.net /web/millennia-antica/activities earthygarden.htm
2002.10.04 08:53 B c:\crea\publicca\bCentral\web\millennia-antica\activities\vssver.scc --> ftp.nfocentrale.net /web/millennia-antica/activities vssver.scc
2002.10.04 11:55 B c:\crea\publicca\bCentral\web\millennia-antica\activities\1983-06-BigCreekPottery.htm --> ftp.nfocentrale.net /web/millennia-antica/activities 1983-06-BigCreekPottery.htm
2002.10.04 11:55 B c:\crea\publicca\bCentral\web\millennia-antica\activities\earthygarden.htm --> ftp.nfocentrale.net /web/millennia-antica/activities earthygarden.htm
2002.10.04 11:55 B c:\crea\publicca\bCentral\web\millennia-antica\activities\events.htm --> ftp.nfocentrale.net /web/millennia-antica/activities events.htm
2002.10.04 11:55 B c:\crea\publicca\bCentral\web\millennia-antica\activities\index.htm --> ftp.nfocentrale.net /web/millennia-antica/activities index.htm
2002.10.04 11:55 B c:\crea\publicca\bCentral\web\millennia-antica\activities\past-events.htm --> ftp.nfocentrale.net /web/millennia-antica/activities past-events.htm
2002.10.04 11:55 B c:\crea\publicca\bCentral\web\millennia-antica\activities\vssver.scc --> ftp.nfocentrale.net /web/millennia-antica/activities vssver.scc
2002.10.04 11:55 B c:\crea\publicca\bCentral\web\millennia-antica\activities\WS_FTP.LOG --> ftp.nfocentrale.net /web/millennia-antica/activities WS_FTP.LOG
2002.10.06 19:59 B c:\crea\publicca\bCentral\web\millennia-antica\activities\past-events.htm --> ftp.nfocentrale.net /web/millennia-antica/activities past-events.htm
2002.10.06 19:59 B c:\crea\publicca\bCentral\web\millennia-antica\activities\vssver.scc --> ftp.nfocentrale.net /web/millennia-antica/activities vssver.scc
2002.10.06 19:59 B c:\crea\publicca\bCentral\web\millennia-antica\activities\WSJazz-2002-10-06A.png --> ftp.nfocentrale.net /web/millennia-antica/activities WSJazz-2002-10-06A.png
2002.10.06 20:07 B c:\crea\publicca\bCentral\web\millennia-antica\activities\events.htm --> ftp.nfocentrale.net /web/millennia-antica/activities events.htm
2002.10.06 20:07 B c:\crea\publicca\bCentral\web\millennia-antica\activities\vssver.scc --> ftp.nfocentrale.net /web/millennia-antica/activities vssver.scc
2002.10.06 20:07 B c:\crea\publicca\bCentral\web\millennia-antica\activities\WS_FTP.LOG --> ftp.nfocentrale.net /web/millennia-antica/activities WS_FTP.LOG
2002.10.12 10:10 B c:\crea\publicca\bCentral\web\millennia-antica\activities\earthygarden.htm --> ftp.nfocentrale.net /web/millennia-antica/activities earthygarden.htm
2002.10.12 10:10 B c:\crea\publicca\bCentral\web\millennia-antica\activities\vssver.scc --> ftp.nfocentrale.net /web/millennia-antica/activities vssver.scc
2002.10.12 10:10 B c:\crea\publicca\bCentral\web\millennia-antica\activities\WS_FTP.LOG --> ftp.nfocentrale.net /web/millennia-antica/activities WS_FTP.LOG
2002.10.12 14:26 B c:\crea\publicca\bCentral\web\millennia-antica\activities\1983-06-BigCreekPottery.htm --> ftp.nfocentrale.net /web/millennia-antica/activities 1983-06-BigCreekPottery.htm
2002.10.12 14:26 B c:\crea\publicca\bCentral\web\millennia-antica\activities\a02-log.htm --> ftp.nfocentrale.net /web/millennia-antica/activities a02-log.htm
2002.10.12 14:26 B c:\crea\publicca\bCentral\web\millennia-antica\activities\classes.htm --> ftp.nfocentrale.net /web/millennia-antica/activities classes.htm
2002.10.12 14:26 B c:\crea\publicca\bCentral\web\millennia-antica\activities\earthygarden.htm --> ftp.nfocentrale.net /web/millennia-antica/activities earthygarden.htm
2002.10.12 14:26 B c:\crea\publicca\bCentral\web\millennia-antica\activities\events.htm --> ftp.nfocentrale.net /web/millennia-antica/activities events.htm
2002.10.12 14:26 B c:\crea\publicca\bCentral\web\millennia-antica\activities\past-events.htm --> ftp.nfocentrale.net /web/millennia-antica/activities past-events.htm
2002.10.12 14:26 B c:\crea\publicca\bCentral\web\millennia-antica\activities\vssver.scc --> ftp.nfocentrale.net /web/millennia-antica/activities vssver.scc
2002.10.12 16:31 B c:\crea\publicca\bCentral\web\millennia-antica\activities\1983-06-BigCreekPottery.htm --> ftp.nfocentrale.net /web/millennia-antica/activities 1983-06-BigCreekPottery.htm
2002.10.12 16:31 B c:\crea\publicca\bCentral\web\millennia-antica\activities\classes.htm --> ftp.nfocentrale.net /web/millennia-antica/activities classes.htm
2002.10.12 16:31 B c:\crea\publicca\bCentral\web\millennia-antica\activities\events.htm --> ftp.nfocentrale.net /web/millennia-antica/activities events.htm
2002.10.12 16:31 B c:\crea\publicca\bCentral\web\millennia-antica\activities\past-events.htm --> ftp.nfocentrale.net /web/millennia-antica/activities past-events.htm
2002.10.12 16:31 B c:\crea\publicca\bCentral\web\millennia-antica\activities\vssver.scc --> ftp.nfocentrale.net /web/millennia-antica/activities vssver.scc
2002.10.12 16:31 B c:\crea\publicca\bCentral\web\millennia-antica\activities\WS_FTP.LOG --> ftp.nfocentrale.net /web/millennia-antica/activities WS_FTP.LOG
2002.10.13 10:15 B c:\crea\publicca\bCentral\web\millennia-antica\activities\1983-06-BigCreekPottery.htm --> ftp.nfocentrale.net /web/millennia-antica/activities 1983-06-BigCreekPottery.htm
2002.10.13 10:15 B c:\crea\publicca\bCentral\web\millennia-antica\activities\a02-log.htm --> ftp.nfocentrale.net /web/millennia-antica/activities a02-log.htm
2002.10.13 10:15 B c:\crea\publicca\bCentral\web\millennia-antica\activities\classes.htm --> ftp.nfocentrale.net /web/millennia-antica/activities classes.htm
2002.10.13 10:15 B c:\crea\publicca\bCentral\web\millennia-antica\activities\earthygarden.htm --> ftp.nfocentrale.net /web/millennia-antica/activities earthygarden.htm
2002.10.13 10:15 B c:\crea\publicca\bCentral\web\millennia-antica\activities\events.htm --> ftp.nfocentrale.net /web/millennia-antica/activities events.htm
2002.10.13 10:15 B c:\crea\publicca\bCentral\web\millennia-antica\activities\past-events.htm --> ftp.nfocentrale.net /web/millennia-antica/activities past-events.htm
2002.10.13 10:15 B c:\crea\publicca\bCentral\web\millennia-antica\activities\vssver.scc --> ftp.nfocentrale.net /web/millennia-antica/activities vssver.scc
2002.10.13 10:25 B c:\crea\publicca\bCentral\web\millennia-antica\activities\WS_FTP.LOG --> ftp.nfocentrale.net /web/millennia-antica/activities WS_FTP.LOG
2002.10.19 22:47 B c:\crea\publicca\bCentral\web\millennia-antica\activities\1983-06-BigCreekPottery.htm --> ftp.nfocentrale.net /web/millennia-antica/activities 1983-06-BigCreekPottery.htm
2002.10.19 22:47 B c:\crea\publicca\bCentral\web\millennia-antica\activities\FOT8301-03-2002-10-15B-snap.png --> ftp.nfocentrale.net /web/millennia-antica/activities FOT8301-03-2002-10-15B-snap.png
2002.10.19 22:47 B c:\crea\publicca\bCentral\web\millennia-antica\activities\FOT8301-03-2002-10-15B.png --> ftp.nfocentrale.net /web/millennia-antica/activities FOT8301-03-2002-10-15B.png
2002.10.19 22:47 B c:\crea\publicca\bCentral\web\millennia-antica\activities\FOT8301-04-2002-10-15A-snap.png --> ftp.nfocentrale.net /web/millennia-antica/activities FOT8301-04-2002-10-15A-snap.png
2002.10.19 22:47 B c:\crea\publicca\bCentral\web\millennia-antica\activities\vssver.scc --> ftp.nfocentrale.net /web/millennia-antica/activities vssver.scc
2002.10.20 08:13 B c:\crea\publicca\bCentral\web\millennia-antica\activities\1983-06-BigCreekPottery.htm --> ftp.nfocentrale.net /web/millennia-antica/activities 1983-06-BigCreekPottery.htm
2002.10.20 08:13 B c:\crea\publicca\bCentral\web\millennia-antica\activities\a02-log.htm --> ftp.nfocentrale.net /web/millennia-antica/activities a02-log.htm
2002.10.20 08:13 B c:\crea\publicca\bCentral\web\millennia-antica\activities\A020700-Events.htm --> ftp.nfocentrale.net /web/millennia-antica/activities A020700-Events.htm
2002.10.20 08:13 B c:\crea\publicca\bCentral\web\millennia-antica\activities\A020800-Classes.htm --> ftp.nfocentrale.net /web/millennia-antica/activities A020800-Classes.htm
2002.10.20 08:13 B c:\crea\publicca\bCentral\web\millennia-antica\activities\A021000-EarthyGarden.htm --> ftp.nfocentrale.net /web/millennia-antica/activities A021000-EarthyGarden.htm
2002.10.20 08:13 B c:\crea\publicca\bCentral\web\millennia-antica\activities\A021001-PastEvents.htm --> ftp.nfocentrale.net /web/millennia-antica/activities A021001-PastEvents.htm
2002.10.20 08:13 B c:\crea\publicca\bCentral\web\millennia-antica\activities\A830600-BigCreekPottery.htm --> ftp.nfocentrale.net /web/millennia-antica/activities A830600-BigCreekPottery.htm
2002.10.20 08:13 B c:\crea\publicca\bCentral\web\millennia-antica\activities\classes.htm --> ftp.nfocentrale.net /web/millennia-antica/activities classes.htm
2002.10.20 08:13 B c:\crea\publicca\bCentral\web\millennia-antica\activities\construction.htm --> ftp.nfocentrale.net /web/millennia-antica/activities construction.htm
2002.10.20 08:13 B c:\crea\publicca\bCentral\web\millennia-antica\activities\earthygarden.htm --> ftp.nfocentrale.net /web/millennia-antica/activities earthygarden.htm
2002.10.20 08:13 B c:\crea\publicca\bCentral\web\millennia-antica\activities\events.htm --> ftp.nfocentrale.net /web/millennia-antica/activities events.htm
2002.10.20 08:13 B c:\crea\publicca\bCentral\web\millennia-antica\activities\index.htm --> ftp.nfocentrale.net /web/millennia-antica/activities index.htm
2002.10.20 08:13 B c:\crea\publicca\bCentral\web\millennia-antica\activities\past-events.htm --> ftp.nfocentrale.net /web/millennia-antica/activities past-events.htm
2002.10.20 08:13 B c:\crea\publicca\bCentral\web\millennia-antica\activities\vssver.scc --> ftp.nfocentrale.net /web/millennia-antica/activities vssver.scc
2002.10.20 08:13 B c:\crea\publicca\bCentral\web\millennia-antica\activities\WS_FTP.LOG --> ftp.nfocentrale.net /web/millennia-antica/activities WS_FTP.LOG
2002.10.20 08:35 B c:\crea\publicca\bCentral\web\millennia-antica\activities\1983-06-BigCreekPottery.htm --> ftp.nfocentrale.net /web/millennia-antica/activities 1983-06-BigCreekPottery.htm
2002.10.20 08:35 B c:\crea\publicca\bCentral\web\millennia-antica\activities\a02-log.htm --> ftp.nfocentrale.net /web/millennia-antica/activities a02-log.htm
2002.10.20 08:35 B c:\crea\publicca\bCentral\web\millennia-antica\activities\A020700-Events.htm --> ftp.nfocentrale.net /web/millennia-antica/activities A020700-Events.htm
2002.10.20 08:35 B c:\crea\publicca\bCentral\web\millennia-antica\activities\A830600-BigCreekPottery.htm --> ftp.nfocentrale.net /web/millennia-antica/activities A830600-BigCreekPottery.htm
2002.10.20 08:35 B c:\crea\publicca\bCentral\web\millennia-antica\activities\vssver.scc --> ftp.nfocentrale.net /web/millennia-antica/activities vssver.scc
2002.10.20 08:46 B c:\crea\publicca\bCentral\web\millennia-antica\activities\1983-06-BigCreekPottery.htm --> ftp.nfocentrale.net /web/millennia-antica/activities 1983-06-BigCreekPottery.htm
2002.10.20 08:46 B c:\crea\publicca\bCentral\web\millennia-antica\activities\vssver.scc --> ftp.nfocentrale.net /web/millennia-antica/activities vssver.scc
2002.10.20 08:46 B c:\crea\publicca\bCentral\web\millennia-antica\activities\WS_FTP.LOG --> ftp.nfocentrale.net /web/millennia-antica/activities WS_FTP.LOG
2002.10.20 13:00 B c:\crea\publicca\bCentral\web\millennia-antica\activities\a02-log.htm --> ftp.nfocentrale.net /web/millennia-antica/activities a02-log.htm
2002.10.20 13:00 B c:\crea\publicca\bCentral\web\millennia-antica\activities\A830600-BigCreekPottery.htm --> ftp.nfocentrale.net /web/millennia-antica/activities A830600-BigCreekPottery.htm
2002.10.20 13:01 B c:\crea\publicca\bCentral\web\millennia-antica\activities\FOT8302-01-2002-10-15B-snap.png --> ftp.nfocentrale.net /web/millennia-antica/activities FOT8302-01-2002-10-15B-snap.png
2002.10.20 13:01 B c:\crea\publicca\bCentral\web\millennia-antica\activities\FOT8302-02-2002-10-15A-snap.png --> ftp.nfocentrale.net /web/millennia-antica/activities FOT8302-02-2002-10-15A-snap.png
2002.10.20 13:01 B c:\crea\publicca\bCentral\web\millennia-antica\activities\FOT8302-03-2002-10-15A-snap.png --> ftp.nfocentrale.net /web/millennia-antica/activities FOT8302-03-2002-10-15A-snap.png
2002.10.20 13:01 B c:\crea\publicca\bCentral\web\millennia-antica\activities\FOT8302-03-2002-10-15A.png --> ftp.nfocentrale.net /web/millennia-antica/activities FOT8302-03-2002-10-15A.png
2002.10.20 13:01 B c:\crea\publicca\bCentral\web\millennia-antica\activities\vssver.scc --> ftp.nfocentrale.net /web/millennia-antica/activities vssver.scc
2002.10.22 15:25 B c:\crea\publicca\bCentral\web\millennia-antica\activities\a02-log.htm --> ftp.nfocentrale.net /web/millennia-antica/activities a02-log.htm
2002.10.22 15:25 B c:\crea\publicca\bCentral\web\millennia-antica\activities\A021000-EarthyGarden.htm --> ftp.nfocentrale.net /web/millennia-antica/activities A021000-EarthyGarden.htm
2002.10.22 15:25 B c:\crea\publicca\bCentral\web\millennia-antica\activities\A021001-PastEvents.htm --> ftp.nfocentrale.net /web/millennia-antica/activities A021001-PastEvents.htm
2002.10.22 15:25 B c:\crea\publicca\bCentral\web\millennia-antica\activities\A830600-BigCreekPottery.htm --> ftp.nfocentrale.net /web/millennia-antica/activities A830600-BigCreekPottery.htm
2002.10.22 15:25 B c:\crea\publicca\bCentral\web\millennia-antica\activities\vssver.scc --> ftp.nfocentrale.net /web/millennia-antica/activities vssver.scc
2002.10.22 15:25 B c:\crea\publicca\bCentral\web\millennia-antica\activities\WS_FTP.LOG --> ftp.nfocentrale.net /web/millennia-antica/activities WS_FTP.LOG
2002.11.17 16:28 B c:\crea\publicca\bCentral\web\millennia-antica\activities\A020700-Events.htm --> ftp.nfocentrale.net /web/millennia-antica/activities A020700-Events.htm
2002.11.17 16:28 B c:\crea\publicca\bCentral\web\millennia-antica\activities\A020800-Classes.htm --> ftp.nfocentrale.net /web/millennia-antica/activities A020800-Classes.htm
2002.11.17 16:28 B c:\crea\publicca\bCentral\web\millennia-antica\activities\A021001-PastEvents.htm --> ftp.nfocentrale.net /web/millennia-antica/activities A021001-PastEvents.htm
2002.11.17 16:28 B c:\crea\publicca\bCentral\web\millennia-antica\activities\vssver.scc --> ftp.nfocentrale.net /web/millennia-antica/activities vssver.scc
2002.11.18 22:04 B c:\crea\publicca\bCentral\web\millennia-antica\activities\a02-log.htm --> ftp.nfocentrale.net /web/millennia-antica/activities a02-log.htm
2002.11.18 22:04 B c:\crea\publicca\bCentral\web\millennia-antica\activities\A020800-Classes.htm --> ftp.nfocentrale.net /web/millennia-antica/activities A020800-Classes.htm
2002.11.18 22:04 B c:\crea\publicca\bCentral\web\millennia-antica\activities\vssver.scc --> ftp.nfocentrale.net /web/millennia-antica/activities vssver.scc
2002.11.18 22:04 B c:\crea\publicca\bCentral\web\millennia-antica\activities\WS_FTP.LOG --> ftp.nfocentrale.net /web/millennia-antica/activities WS_FTP.LOG
