2002.08.19 18:37 B c:\crea\publicca\bCentral\web\orcmid\readings\authors.htm --> ftp.nfocentrale.net /web/orcmid/readings authors.htm
2002.08.19 18:37 B c:\crea\publicca\bCentral\web\orcmid\readings\being.htm --> ftp.nfocentrale.net /web/orcmid/readings being.htm
2002.08.19 18:37 B c:\crea\publicca\bCentral\web\orcmid\readings\compsci.htm --> ftp.nfocentrale.net /web/orcmid/readings compsci.htm
2002.08.19 18:37 B c:\crea\publicca\bCentral\web\orcmid\readings\construction.htm --> ftp.nfocentrale.net /web/orcmid/readings construction.htm
2002.08.19 18:37 B c:\crea\publicca\bCentral\web\orcmid\readings\default.htm --> ftp.nfocentrale.net /web/orcmid/readings default.htm
2002.08.19 18:37 B c:\crea\publicca\bCentral\web\orcmid\readings\index.htm --> ftp.nfocentrale.net /web/orcmid/readings index.htm
2002.08.19 18:37 B c:\crea\publicca\bCentral\web\orcmid\readings\logic.htm --> ftp.nfocentrale.net /web/orcmid/readings logic.htm
2002.08.19 18:37 B c:\crea\publicca\bCentral\web\orcmid\readings\math.htm --> ftp.nfocentrale.net /web/orcmid/readings math.htm
2002.08.19 18:37 B c:\crea\publicca\bCentral\web\orcmid\readings\milieu.htm --> ftp.nfocentrale.net /web/orcmid/readings milieu.htm
2002.08.19 18:37 B c:\crea\publicca\bCentral\web\orcmid\readings\philosophy.htm --> ftp.nfocentrale.net /web/orcmid/readings philosophy.htm
2002.08.19 18:37 B c:\crea\publicca\bCentral\web\orcmid\readings\progsys.htm --> ftp.nfocentrale.net /web/orcmid/readings progsys.htm
2002.08.19 18:37 B c:\crea\publicca\bCentral\web\orcmid\readings\quality.htm --> ftp.nfocentrale.net /web/orcmid/readings quality.htm
2002.08.19 18:37 B c:\crea\publicca\bCentral\web\orcmid\readings\R00-log.htm --> ftp.nfocentrale.net /web/orcmid/readings R00-log.htm
2002.08.19 18:37 B c:\crea\publicca\bCentral\web\orcmid\readings\R000701.htm --> ftp.nfocentrale.net /web/orcmid/readings R000701.htm
2002.08.19 18:37 B c:\crea\publicca\bCentral\web\orcmid\readings\R000702.htm --> ftp.nfocentrale.net /web/orcmid/readings R000702.htm
2002.08.19 18:37 B c:\crea\publicca\bCentral\web\orcmid\readings\R010100.htm --> ftp.nfocentrale.net /web/orcmid/readings R010100.htm
2002.08.19 18:37 B c:\crea\publicca\bCentral\web\orcmid\readings\R010101.htm --> ftp.nfocentrale.net /web/orcmid/readings R010101.htm
2002.08.19 18:37 B c:\crea\publicca\bCentral\web\orcmid\readings\R010101a.htm --> ftp.nfocentrale.net /web/orcmid/readings R010101a.htm
2002.08.19 18:37 B c:\crea\publicca\bCentral\web\orcmid\readings\R010300.htm --> ftp.nfocentrale.net /web/orcmid/readings R010300.htm
2002.08.19 18:37 B c:\crea\publicca\bCentral\web\orcmid\readings\R010400.htm --> ftp.nfocentrale.net /web/orcmid/readings R010400.htm
2002.08.19 18:37 B c:\crea\publicca\bCentral\web\orcmid\readings\R010501.htm --> ftp.nfocentrale.net /web/orcmid/readings R010501.htm
2002.08.19 18:37 B c:\crea\publicca\bCentral\web\orcmid\readings\R011000.htm --> ftp.nfocentrale.net /web/orcmid/readings R011000.htm
2002.08.19 18:38 B c:\crea\publicca\bCentral\web\orcmid\readings\R011100.htm --> ftp.nfocentrale.net /web/orcmid/readings R011100.htm
2002.08.19 18:38 B c:\crea\publicca\bCentral\web\orcmid\readings\R020100.htm --> ftp.nfocentrale.net /web/orcmid/readings R020100.htm
2002.08.19 18:38 B c:\crea\publicca\bCentral\web\orcmid\readings\R020100a.htm --> ftp.nfocentrale.net /web/orcmid/readings R020100a.htm
2002.08.19 18:38 B c:\crea\publicca\bCentral\web\orcmid\readings\R020100b.htm --> ftp.nfocentrale.net /web/orcmid/readings R020100b.htm
2002.08.19 18:38 B c:\crea\publicca\bCentral\web\orcmid\readings\R020100c.htm --> ftp.nfocentrale.net /web/orcmid/readings R020100c.htm
2002.08.19 18:38 B c:\crea\publicca\bCentral\web\orcmid\readings\R020200.htm --> ftp.nfocentrale.net /web/orcmid/readings R020200.htm
2002.08.19 18:38 B c:\crea\publicca\bCentral\web\orcmid\readings\R020700.htm --> ftp.nfocentrale.net /web/orcmid/readings R020700.htm
2002.08.19 18:38 B c:\crea\publicca\bCentral\web\orcmid\readings\R020701.htm --> ftp.nfocentrale.net /web/orcmid/readings R020701.htm
2002.08.19 18:38 B c:\crea\publicca\bCentral\web\orcmid\readings\science.htm --> ftp.nfocentrale.net /web/orcmid/readings science.htm
2002.08.19 18:38 B c:\crea\publicca\bCentral\web\orcmid\readings\softools.htm --> ftp.nfocentrale.net /web/orcmid/readings softools.htm
2002.08.19 18:38 B c:\crea\publicca\bCentral\web\orcmid\readings\swe.htm --> ftp.nfocentrale.net /web/orcmid/readings swe.htm
2002.08.19 18:38 B c:\crea\publicca\bCentral\web\orcmid\readings\sysarch.htm --> ftp.nfocentrale.net /web/orcmid/readings sysarch.htm
2002.08.19 18:38 B c:\crea\publicca\bCentral\web\orcmid\readings\trust.htm --> ftp.nfocentrale.net /web/orcmid/readings trust.htm
2002.08.19 18:38 B c:\crea\publicca\bCentral\web\orcmid\readings\vssver.scc --> ftp.nfocentrale.net /web/orcmid/readings vssver.scc
2002.08.19 22:34 B c:\crea\publicca\bCentral\web\orcmid\readings\logic.htm --> ftp.nfocentrale.net /web/orcmid/readings logic.htm
2002.08.19 22:34 B c:\crea\publicca\bCentral\web\orcmid\readings\vssver.scc --> ftp.nfocentrale.net /web/orcmid/readings vssver.scc
2002.08.19 22:34 B c:\crea\publicca\bCentral\web\orcmid\readings\WS_FTP.LOG --> ftp.nfocentrale.net /web/orcmid/readings WS_FTP.LOG
