2002.01.26 18:14 B c:\crea\publicca\bCentral\web\NuovoDoc\analysis\construction.htm --> ftp.nfocentrale.net /web/NuovoDoc/analysis construction.htm
2002.01.26 18:14 B c:\crea\publicca\bCentral\web\NuovoDoc\analysis\DMA-adoption-risk.htm --> ftp.nfocentrale.net /web/NuovoDoc/analysis DMA-adoption-risk.htm
2002.01.26 18:14 B c:\crea\publicca\bCentral\web\NuovoDoc\analysis\index.htm --> ftp.nfocentrale.net /web/NuovoDoc/analysis index.htm
2002.01.26 18:14 B c:\crea\publicca\bCentral\web\NuovoDoc\analysis\odm9905a.gif --> ftp.nfocentrale.net /web/NuovoDoc/analysis odm9905a.gif
2002.01.26 18:15 B c:\crea\publicca\bCentral\web\NuovoDoc\analysis\odm9905a.mic --> ftp.nfocentrale.net /web/NuovoDoc/analysis odm9905a.mic
2002.01.26 18:15 B c:\crea\publicca\bCentral\web\NuovoDoc\analysis\odm9905a.vsd --> ftp.nfocentrale.net /web/NuovoDoc/analysis odm9905a.vsd
2002.01.26 18:15 B c:\crea\publicca\bCentral\web\NuovoDoc\analysis\ODMA-Analysis.htm --> ftp.nfocentrale.net /web/NuovoDoc/analysis ODMA-Analysis.htm
2002.01.26 18:15 B c:\crea\publicca\bCentral\web\NuovoDoc\analysis\vssver.scc --> ftp.nfocentrale.net /web/NuovoDoc/analysis vssver.scc
2002.01.28 20:23 B c:\crea\publicca\bCentral\web\NuovoDoc\analysis\vssver.scc --> ftp.nfocentrale.net /web/NuovoDoc/analysis vssver.scc
2002.01.28 20:23 B c:\crea\publicca\bCentral\web\NuovoDoc\analysis\WS_FTP.LOG --> ftp.nfocentrale.net /web/NuovoDoc/analysis WS_FTP.LOG
2002.01.30 11:30 B c:\crea\publicca\bCentral\web\NuovoDoc\analysis\construction.htm --> ftp.nfocentrale.net /web/NuovoDoc/analysis construction.htm
2002.01.30 11:30 B c:\crea\publicca\bCentral\web\NuovoDoc\analysis\vssver.scc --> ftp.nfocentrale.net /web/NuovoDoc/analysis vssver.scc
2002.02.06 14:00 B c:\crea\publicca\bCentral\web\NuovoDoc\analysis\index.htm --> ftp.nfocentrale.net /web/NuovoDoc/analysis index.htm
2002.02.06 14:00 B c:\crea\publicca\bCentral\web\NuovoDoc\analysis\vssver.scc --> ftp.nfocentrale.net /web/NuovoDoc/analysis vssver.scc
2002.02.06 14:00 B c:\crea\publicca\bCentral\web\NuovoDoc\analysis\WS_FTP.LOG --> ftp.nfocentrale.net /web/NuovoDoc/analysis WS_FTP.LOG
2002.04.24 06:23 B c:\crea\publicca\bCentral\web\NuovoDoc\analysis\topics-2002-04-16.htm --> ftp.nfocentrale.net /web/NuovoDoc/analysis topics-2002-04-16.htm
2002.04.24 06:23 B c:\crea\publicca\bCentral\web\NuovoDoc\analysis\vssver.scc --> ftp.nfocentrale.net /web/NuovoDoc/analysis vssver.scc
2002.04.24 06:23 B c:\crea\publicca\bCentral\web\NuovoDoc\analysis\WebDAV-Arrives-2002-03-28.doc --> ftp.nfocentrale.net /web/NuovoDoc/analysis WebDAV-Arrives-2002-03-28.doc
2002.05.07 16:36 B c:\crea\publicca\bCentral\web\NuovoDoc\analysis\vssver.scc --> ftp.nfocentrale.net /web/NuovoDoc/analysis vssver.scc
2002.05.07 16:36 B c:\crea\publicca\bCentral\web\NuovoDoc\analysis\WS_FTP.LOG --> ftp.nfocentrale.net /web/NuovoDoc/analysis WS_FTP.LOG
2002.08.10 14:06 B c:\crea\publicca\bCentral\web\NuovoDoc\analysis\construction.htm --> ftp.nfocentrale.net /web/NuovoDoc/analysis construction.htm
2002.08.10 14:07 B c:\crea\publicca\bCentral\web\NuovoDoc\analysis\DMA-adoption-risk.htm --> ftp.nfocentrale.net /web/NuovoDoc/analysis DMA-adoption-risk.htm
2002.08.10 14:07 B c:\crea\publicca\bCentral\web\NuovoDoc\analysis\index.htm --> ftp.nfocentrale.net /web/NuovoDoc/analysis index.htm
2002.08.10 14:07 B c:\crea\publicca\bCentral\web\NuovoDoc\analysis\ODMA-Analysis.htm --> ftp.nfocentrale.net /web/NuovoDoc/analysis ODMA-Analysis.htm
2002.08.10 14:07 B c:\crea\publicca\bCentral\web\NuovoDoc\analysis\topics-2002-04-16.htm --> ftp.nfocentrale.net /web/NuovoDoc/analysis topics-2002-04-16.htm
2002.08.10 14:07 B c:\crea\publicca\bCentral\web\NuovoDoc\analysis\vssver.scc --> ftp.nfocentrale.net /web/NuovoDoc/analysis vssver.scc
2002.08.14 14:09 B c:\crea\publicca\bCentral\web\NuovoDoc\analysis\WS_FTP.LOG --> ftp.nfocentrale.net /web/NuovoDoc/analysis WS_FTP.LOG
