2001.12.30 10:25 B c:\crea\publicca\bCentral\web\millennia-antica\images\construction.htm --> ftp.nfocentrale.net /web/millennia-antica/images construction.htm
2001.12.30 10:25 B c:\crea\publicca\bCentral\web\millennia-antica\images\hardhat-logo.gif --> ftp.nfocentrale.net /web/millennia-antica/images hardhat-logo.gif
2001.12.30 10:25 B c:\crea\publicca\bCentral\web\millennia-antica\images\HardHatArea.gif --> ftp.nfocentrale.net /web/millennia-antica/images HardHatArea.gif
2001.12.30 10:25 B c:\crea\publicca\bCentral\web\millennia-antica\images\index.htm --> ftp.nfocentrale.net /web/millennia-antica/images index.htm
2001.12.30 10:31 B c:\crea\publicca\bCentral\web\millennia-antica\images\lidded-pot.bmp --> ftp.nfocentrale.net /web/millennia-antica/images lidded-pot.bmp
2001.12.30 10:31 B c:\crea\publicca\bCentral\web\millennia-antica\images\millennia-antica-logo.gif --> ftp.nfocentrale.net /web/millennia-antica/images millennia-antica-logo.gif
2001.12.30 10:31 B c:\crea\publicca\bCentral\web\millennia-antica\images\Millennia-antica-logo.mic --> ftp.nfocentrale.net /web/millennia-antica/images Millennia-antica-logo.mic
2001.12.30 10:31 B c:\crea\publicca\bCentral\web\millennia-antica\images\vssver.scc --> ftp.nfocentrale.net /web/millennia-antica/images vssver.scc
2001.12.30 10:31 B c:\crea\publicca\bCentral\web\millennia-antica\images\WS_FTP.LOG --> ftp.nfocentrale.net /web/millennia-antica/images WS_FTP.LOG
2002.01.01 23:23 B c:\crea\publicca\bCentral\web\millennia-antica\images\construction.htm --> ftp.nfocentrale.net /web/millennia-antica/images construction.htm
2002.01.01 23:23 B c:\crea\publicca\bCentral\web\millennia-antica\images\index.htm --> ftp.nfocentrale.net /web/millennia-antica/images index.htm
2002.01.01 23:23 B c:\crea\publicca\bCentral\web\millennia-antica\images\millennia-antica-logo.gif --> ftp.nfocentrale.net /web/millennia-antica/images millennia-antica-logo.gif
2002.01.01 23:23 B c:\crea\publicca\bCentral\web\millennia-antica\images\vssver.scc --> ftp.nfocentrale.net /web/millennia-antica/images vssver.scc
2002.01.07 21:00 B c:\crea\publicca\bCentral\web\millennia-antica\images\WS_FTP.LOG --> ftp.nfocentrale.net /web/millennia-antica/images WS_FTP.LOG
2002.01.07 22:39 B c:\crea\publicca\bCentral\web\millennia-antica\images\construction.htm --> ftp.nfocentrale.net /web/millennia-antica/images construction.htm
2002.01.07 22:39 B c:\crea\publicca\bCentral\web\millennia-antica\images\index.htm --> ftp.nfocentrale.net /web/millennia-antica/images index.htm
2002.01.07 22:39 B c:\crea\publicca\bCentral\web\millennia-antica\images\Lidded-Pot.gif --> ftp.nfocentrale.net /web/millennia-antica/images Lidded-Pot.gif
2002.01.07 22:39 B c:\crea\publicca\bCentral\web\millennia-antica\images\millennia-texture.gif --> ftp.nfocentrale.net /web/millennia-antica/images millennia-texture.gif
2002.01.07 22:39 B c:\crea\publicca\bCentral\web\millennia-antica\images\vssver.scc --> ftp.nfocentrale.net /web/millennia-antica/images vssver.scc
2002.01.07 22:59 B c:\crea\publicca\bCentral\web\millennia-antica\images\construction.htm --> ftp.nfocentrale.net /web/millennia-antica/images construction.htm
2002.01.07 22:59 B c:\crea\publicca\bCentral\web\millennia-antica\images\index.htm --> ftp.nfocentrale.net /web/millennia-antica/images index.htm
2002.01.08 15:15 B c:\crea\publicca\bCentral\web\millennia-antica\images\construction.htm --> ftp.nfocentrale.net /web/millennia-antica/images construction.htm
2002.01.08 15:15 B c:\crea\publicca\bCentral\web\millennia-antica\images\index.htm --> ftp.nfocentrale.net /web/millennia-antica/images index.htm
2002.01.08 15:15 B c:\crea\publicca\bCentral\web\millennia-antica\images\Millennia-Antica-logo.doc --> ftp.nfocentrale.net /web/millennia-antica/images Millennia-Antica-logo.doc
2002.01.08 15:15 B c:\crea\publicca\bCentral\web\millennia-antica\images\millennia-antica-logo.vsd --> ftp.nfocentrale.net /web/millennia-antica/images millennia-antica-logo.vsd
2002.01.08 15:15 B c:\crea\publicca\bCentral\web\millennia-antica\images\millennia-antica-sign.gif --> ftp.nfocentrale.net /web/millennia-antica/images millennia-antica-sign.gif
2002.01.08 15:15 B c:\crea\publicca\bCentral\web\millennia-antica\images\millennia-antica-sign.vsd --> ftp.nfocentrale.net /web/millennia-antica/images millennia-antica-sign.vsd
2002.01.08 15:15 B c:\crea\publicca\bCentral\web\millennia-antica\images\Millennia-signs.doc --> ftp.nfocentrale.net /web/millennia-antica/images Millennia-signs.doc
2002.01.08 15:15 B c:\crea\publicca\bCentral\web\millennia-antica\images\vssver.scc --> ftp.nfocentrale.net /web/millennia-antica/images vssver.scc
2002.01.08 21:38 B c:\crea\publicca\bCentral\web\millennia-antica\images\construction.htm --> ftp.nfocentrale.net /web/millennia-antica/images construction.htm
2002.01.08 21:38 B c:\crea\publicca\bCentral\web\millennia-antica\images\vssver.scc --> ftp.nfocentrale.net /web/millennia-antica/images vssver.scc
2002.01.08 21:38 B c:\crea\publicca\bCentral\web\millennia-antica\images\WS_FTP.LOG --> ftp.nfocentrale.net /web/millennia-antica/images WS_FTP.LOG
2002.01.12 16:01 B c:\crea\publicca\bCentral\web\millennia-antica\images\construction.htm --> ftp.nfocentrale.net /web/millennia-antica/images construction.htm
2002.01.12 16:01 B c:\crea\publicca\bCentral\web\millennia-antica\images\index.htm --> ftp.nfocentrale.net /web/millennia-antica/images index.htm
2002.01.12 16:01 B c:\crea\publicca\bCentral\web\millennia-antica\images\vssver.scc --> ftp.nfocentrale.net /web/millennia-antica/images vssver.scc
2002.01.14 11:49 B c:\crea\publicca\bCentral\web\millennia-antica\images\WS_FTP.LOG --> ftp.nfocentrale.net /web/millennia-antica/images WS_FTP.LOG
2002.01.30 20:08 B c:\crea\publicca\bCentral\web\millennia-antica\images\MA-BusinessCardT2.gif --> ftp.nfocentrale.net /web/millennia-antica/images MA-BusinessCardT2.gif
2002.01.30 20:08 B c:\crea\publicca\bCentral\web\millennia-antica\images\vssver.scc --> ftp.nfocentrale.net /web/millennia-antica/images vssver.scc
2002.01.30 20:12 B c:\crea\publicca\bCentral\web\millennia-antica\images\WS_FTP.LOG --> ftp.nfocentrale.net /web/millennia-antica/images WS_FTP.LOG
2002.07.31 00:17 B c:\crea\publicca\bCentral\web\millennia-antica\images\construction.htm --> ftp.nfocentrale.net /web/millennia-antica/images construction.htm
2002.07.31 00:17 B c:\crea\publicca\bCentral\web\millennia-antica\images\index.htm --> ftp.nfocentrale.net /web/millennia-antica/images index.htm
2002.07.31 00:17 B c:\crea\publicca\bCentral\web\millennia-antica\images\MA-BusinessCardT2.gif --> ftp.nfocentrale.net /web/millennia-antica/images MA-BusinessCardT2.gif
2002.07.31 00:17 B c:\crea\publicca\bCentral\web\millennia-antica\images\Millennia-Antica-logo.doc --> ftp.nfocentrale.net /web/millennia-antica/images Millennia-Antica-logo.doc
2002.07.31 00:17 B c:\crea\publicca\bCentral\web\millennia-antica\images\millennia-antica-logo.vsd --> ftp.nfocentrale.net /web/millennia-antica/images millennia-antica-logo.vsd
2002.07.31 00:17 B c:\crea\publicca\bCentral\web\millennia-antica\images\millennia-antica-sign.gif --> ftp.nfocentrale.net /web/millennia-antica/images millennia-antica-sign.gif
2002.07.31 00:17 B c:\crea\publicca\bCentral\web\millennia-antica\images\millennia-antica-sign.vsd --> ftp.nfocentrale.net /web/millennia-antica/images millennia-antica-sign.vsd
2002.07.31 00:17 B c:\crea\publicca\bCentral\web\millennia-antica\images\Millennia-signs.doc --> ftp.nfocentrale.net /web/millennia-antica/images Millennia-signs.doc
2002.07.31 00:17 B c:\crea\publicca\bCentral\web\millennia-antica\images\vssver.scc --> ftp.nfocentrale.net /web/millennia-antica/images vssver.scc
2002.07.31 00:17 B c:\crea\publicca\bCentral\web\millennia-antica\images\WS_FTP.LOG --> ftp.nfocentrale.net /web/millennia-antica/images WS_FTP.LOG
2002.08.02 14:49 B c:\crea\publicca\bCentral\web\millennia-antica\images\construction.htm --> ftp.nfocentrale.net /web/millennia-antica/images construction.htm
2002.08.02 14:49 B c:\crea\publicca\bCentral\web\millennia-antica\images\index.htm --> ftp.nfocentrale.net /web/millennia-antica/images index.htm
2002.08.02 14:49 B c:\crea\publicca\bCentral\web\millennia-antica\images\vssver.scc --> ftp.nfocentrale.net /web/millennia-antica/images vssver.scc
2002.08.02 14:49 B c:\crea\publicca\bCentral\web\millennia-antica\images\WS_FTP.LOG --> ftp.nfocentrale.net /web/millennia-antica/images WS_FTP.LOG
2002.08.02 22:28 B c:\crea\publicca\bCentral\web\millennia-antica\images\WS_FTP.LOG --> ftp.nfocentrale.net /web/millennia-antica/images WS_FTP.LOG
2002.08.04 18:19 B c:\crea\publicca\bCentral\web\millennia-antica\images\construction.htm --> ftp.nfocentrale.net /web/millennia-antica/images construction.htm
2002.08.04 18:19 B c:\crea\publicca\bCentral\web\millennia-antica\images\millennia-antica-sign-2002-08-04.gif --> ftp.nfocentrale.net /web/millennia-antica/images millennia-antica-sign-2002-08-04.gif
2002.08.04 18:19 B c:\crea\publicca\bCentral\web\millennia-antica\images\millennia-antica-sign-2002-08-04.htm --> ftp.nfocentrale.net /web/millennia-antica/images millennia-antica-sign-2002-08-04.htm
2002.08.04 18:19 B c:\crea\publicca\bCentral\web\millennia-antica\images\vssver.scc --> ftp.nfocentrale.net /web/millennia-antica/images vssver.scc
2002.08.04 18:19 B c:\crea\publicca\bCentral\web\millennia-antica\images\WS_FTP.LOG --> ftp.nfocentrale.net /web/millennia-antica/images WS_FTP.LOG
2002.08.04 18:52 B c:\crea\publicca\bCentral\web\millennia-antica\images\WS_FTP.LOG --> ftp.nfocentrale.net /web/millennia-antica/images WS_FTP.LOG
2002.08.15 22:31 B c:\crea\publicca\bCentral\web\millennia-antica\images\WS_FTP.LOG --> ftp.nfocentrale.net /web/millennia-antica/images WS_FTP.LOG
2002.08.19 12:58 B c:\crea\publicca\bCentral\web\millennia-antica\images\construction.htm --> ftp.nfocentrale.net /web/millennia-antica/images construction.htm
2002.08.19 12:58 B c:\crea\publicca\bCentral\web\millennia-antica\images\index.htm --> ftp.nfocentrale.net /web/millennia-antica/images index.htm
2002.08.19 12:58 B c:\crea\publicca\bCentral\web\millennia-antica\images\millennia-antica-sign-2002-08-04.htm --> ftp.nfocentrale.net /web/millennia-antica/images millennia-antica-sign-2002-08-04.htm
2002.08.19 12:58 B c:\crea\publicca\bCentral\web\millennia-antica\images\vssver.scc --> ftp.nfocentrale.net /web/millennia-antica/images vssver.scc
2002.09.02 18:28 B c:\crea\publicca\bCentral\web\millennia-antica\images\WS_FTP.LOG --> ftp.nfocentrale.net /web/millennia-antica/images WS_FTP.LOG
2002.10.13 10:16 B c:\crea\publicca\bCentral\web\millennia-antica\images\millennia-antica-sign-2002-08-04.htm --> ftp.nfocentrale.net /web/millennia-antica/images millennia-antica-sign-2002-08-04.htm
2002.10.13 10:16 B c:\crea\publicca\bCentral\web\millennia-antica\images\vssver.scc --> ftp.nfocentrale.net /web/millennia-antica/images vssver.scc
2002.10.13 10:25 B c:\crea\publicca\bCentral\web\millennia-antica\images\WS_FTP.LOG --> ftp.nfocentrale.net /web/millennia-antica/images WS_FTP.LOG
