2002.04.04 17:18 B c:\crea\publicca\bCentral\web\NuovoDoc\architettura\construction.htm --> ftp.nfocentrale.net /web/NuovoDoc/architettura construction.htm
2002.04.04 17:18 B c:\crea\publicca\bCentral\web\NuovoDoc\architettura\index.htm --> ftp.nfocentrale.net /web/NuovoDoc/architettura index.htm
2002.04.04 17:18 B c:\crea\publicca\bCentral\web\NuovoDoc\architettura\mda.htm --> ftp.nfocentrale.net /web/NuovoDoc/architettura mda.htm
2002.04.04 17:18 B c:\crea\publicca\bCentral\web\NuovoDoc\architettura\vssver.scc --> ftp.nfocentrale.net /web/NuovoDoc/architettura vssver.scc
2002.04.09 12:23 B c:\crea\publicca\bCentral\web\NuovoDoc\architettura\WS_FTP.LOG --> ftp.nfocentrale.net /web/NuovoDoc/architettura WS_FTP.LOG
2002.05.07 16:37 B c:\crea\publicca\bCentral\web\NuovoDoc\architettura\mda-2002-04-02.htm --> ftp.nfocentrale.net /web/NuovoDoc/architettura mda-2002-04-02.htm
2002.05.07 16:37 B c:\crea\publicca\bCentral\web\NuovoDoc\architettura\vssver.scc --> ftp.nfocentrale.net /web/NuovoDoc/architettura vssver.scc
2002.08.10 14:07 B c:\crea\publicca\bCentral\web\NuovoDoc\architettura\WS_FTP.LOG --> ftp.nfocentrale.net /web/NuovoDoc/architettura WS_FTP.LOG
2002.08.14 14:09 B c:\crea\publicca\bCentral\web\NuovoDoc\architettura\index.htm --> ftp.nfocentrale.net /web/NuovoDoc/architettura index.htm
2002.08.14 14:09 B c:\crea\publicca\bCentral\web\NuovoDoc\architettura\vssver.scc --> ftp.nfocentrale.net /web/NuovoDoc/architettura vssver.scc
2002.08.14 14:10 B c:\crea\publicca\bCentral\web\NuovoDoc\architettura\WS_FTP.LOG --> ftp.nfocentrale.net /web/NuovoDoc/architettura WS_FTP.LOG
2002.08.15 22:32 B c:\crea\publicca\bCentral\web\NuovoDoc\architettura\WS_FTP.LOG --> ftp.nfocentrale.net /web/NuovoDoc/architettura WS_FTP.LOG
2002.11.18 20:25 B c:\crea\publicca\bCentral\web\NuovoDoc\architettura\construction.htm --> ftp.nfocentrale.net /web/NuovoDoc/architettura construction.htm
2002.11.21 16:15 B c:\crea\publicca\bCentral\web\NuovoDoc\architettura\WS_FTP.LOG --> ftp.nfocentrale.net /web/NuovoDoc/architettura WS_FTP.LOG
2003.01.06 17:20 B c:\crea\publicca\bCentral\web\NuovoDoc\architettura\2001-10-09-DMwareSelf-Sufficiency.txt --> ftp.nfocentrale.net /web/NuovoDoc/architettura 2001-10-09-DMwareSelf-Sufficiency.txt
2003.01.06 17:20 B c:\crea\publicca\bCentral\web\NuovoDoc\architettura\2001-10-18-PreservingDocumentAccess-Use.txt --> ftp.nfocentrale.net /web/NuovoDoc/architettura 2001-10-18-PreservingDocumentAccess-Use.txt
2003.01.06 17:20 B c:\crea\publicca\bCentral\web\NuovoDoc\architettura\2001-10-24-SelfSufficiencyThemes.txt --> ftp.nfocentrale.net /web/NuovoDoc/architettura 2001-10-24-SelfSufficiencyThemes.txt
2003.01.06 17:20 B c:\crea\publicca\bCentral\web\NuovoDoc\architettura\2001-11-12ThemesPublishingTrainingEducation.txt --> ftp.nfocentrale.net /web/NuovoDoc/architettura 2001-11-12ThemesPublishingTrainingEducation.txt
2003.01.06 17:20 B c:\crea\publicca\bCentral\web\NuovoDoc\architettura\2001-11-28-AssumptionsAttributionsAttitude.txt --> ftp.nfocentrale.net /web/NuovoDoc/architettura 2001-11-28-AssumptionsAttributionsAttitude.txt
2003.01.06 17:20 B c:\crea\publicca\bCentral\web\NuovoDoc\architettura\2001-11-30-ThemesBuddyCall.txt --> ftp.nfocentrale.net /web/NuovoDoc/architettura 2001-11-30-ThemesBuddyCall.txt
2003.01.06 17:20 B c:\crea\publicca\bCentral\web\NuovoDoc\architettura\2001-12-07-BuddyCallConfirmableRequirements.txt --> ftp.nfocentrale.net /web/NuovoDoc/architettura 2001-12-07-BuddyCallConfirmableRequirements.txt
2003.01.06 17:20 B c:\crea\publicca\bCentral\web\NuovoDoc\architettura\2001-12-11-WhiteheadLanguageQuote.txt --> ftp.nfocentrale.net /web/NuovoDoc/architettura 2001-12-11-WhiteheadLanguageQuote.txt
2003.01.06 17:20 B c:\crea\publicca\bCentral\web\NuovoDoc\architettura\2001-12-14-ThemesBuddyCall.txt --> ftp.nfocentrale.net /web/NuovoDoc/architettura 2001-12-14-ThemesBuddyCall.txt
2003.01.06 17:20 B c:\crea\publicca\bCentral\web\NuovoDoc\architettura\2002-01-09-ConfirmingRequirementsWithWebDAV.txt --> ftp.nfocentrale.net /web/NuovoDoc/architettura 2002-01-09-ConfirmingRequirementsWithWebDAV.txt
2003.01.06 17:20 B c:\crea\publicca\bCentral\web\NuovoDoc\architettura\2002-01-29-TopicPlanning.txt --> ftp.nfocentrale.net /web/NuovoDoc/architettura 2002-01-29-TopicPlanning.txt
2003.01.06 17:20 B c:\crea\publicca\bCentral\web\NuovoDoc\architettura\2002-02-01-BuddyCallNotes.txt --> ftp.nfocentrale.net /web/NuovoDoc/architettura 2002-02-01-BuddyCallNotes.txt
2003.01.06 17:20 B c:\crea\publicca\bCentral\web\NuovoDoc\architettura\confirmable-experience.htm --> ftp.nfocentrale.net /web/NuovoDoc/architettura confirmable-experience.htm
2003.01.06 17:20 B c:\crea\publicca\bCentral\web\NuovoDoc\architettura\themes.htm --> ftp.nfocentrale.net /web/NuovoDoc/architettura themes.htm
2003.01.06 17:20 B c:\crea\publicca\bCentral\web\NuovoDoc\architettura\vssver.scc --> ftp.nfocentrale.net /web/NuovoDoc/architettura vssver.scc
