2002.03.30 23:02 B c:\crea\publicca\bCentral\web\miser\readings\construction.htm --> ftp.nfocentrale.net /web/miser/readings construction.htm
2002.03.30 23:02 B c:\crea\publicca\bCentral\web\miser\readings\default.htm --> ftp.nfocentrale.net /web/miser/readings default.htm
2002.03.30 23:02 B c:\crea\publicca\bCentral\web\miser\readings\index.htm --> ftp.nfocentrale.net /web/miser/readings index.htm
2002.03.30 23:02 B c:\crea\publicca\bCentral\web\miser\readings\progsys.htm --> ftp.nfocentrale.net /web/miser/readings progsys.htm
2002.03.30 23:02 B c:\crea\publicca\bCentral\web\miser\readings\R000700.htm --> ftp.nfocentrale.net /web/miser/readings R000700.htm
2002.03.30 23:02 B c:\crea\publicca\bCentral\web\miser\readings\R000800.htm --> ftp.nfocentrale.net /web/miser/readings R000800.htm
2002.03.30 23:02 B c:\crea\publicca\bCentral\web\miser\readings\R001000.htm --> ftp.nfocentrale.net /web/miser/readings R001000.htm
2002.03.30 23:02 B c:\crea\publicca\bCentral\web\miser\readings\R010800.htm --> ftp.nfocentrale.net /web/miser/readings R010800.htm
2002.03.30 23:02 B c:\crea\publicca\bCentral\web\miser\readings\R010800A.htm --> ftp.nfocentrale.net /web/miser/readings R010800A.htm
2002.03.30 23:02 B c:\crea\publicca\bCentral\web\miser\readings\theory.htm --> ftp.nfocentrale.net /web/miser/readings theory.htm
2002.03.30 23:02 B c:\crea\publicca\bCentral\web\miser\readings\vssver.scc --> ftp.nfocentrale.net /web/miser/readings vssver.scc
2002.03.31 20:10 B c:\crea\publicca\bCentral\web\miser\readings\WS_FTP.LOG --> ftp.nfocentrale.net /web/miser/readings WS_FTP.LOG
2002.06.21 20:11 B c:\crea\publicca\bCentral\web\miser\readings\vssver.scc --> ftp.nfocentrale.net /web/miser/readings vssver.scc
2002.07.03 14:32 B c:\crea\publicca\bCentral\web\miser\readings\WS_FTP.LOG --> ftp.nfocentrale.net /web/miser/readings WS_FTP.LOG
2002.07.11 15:46 B c:\crea\publicca\bCentral\web\miser\readings\default.htm --> ftp.nfocentrale.net /web/miser/readings default.htm
2002.07.11 15:46 B c:\crea\publicca\bCentral\web\miser\readings\funprog.htm --> ftp.nfocentrale.net /web/miser/readings funprog.htm
2002.07.11 15:46 B c:\crea\publicca\bCentral\web\miser\readings\index.htm --> ftp.nfocentrale.net /web/miser/readings index.htm
2002.07.11 15:46 B c:\crea\publicca\bCentral\web\miser\readings\progsys.htm --> ftp.nfocentrale.net /web/miser/readings progsys.htm
2002.07.11 15:46 B c:\crea\publicca\bCentral\web\miser\readings\vssver.scc --> ftp.nfocentrale.net /web/miser/readings vssver.scc
2002.07.11 19:50 B c:\crea\publicca\bCentral\web\miser\readings\WS_FTP.LOG --> ftp.nfocentrale.net /web/miser/readings WS_FTP.LOG
2002.07.14 12:54 B c:\crea\publicca\bCentral\web\miser\readings\construction.htm --> ftp.nfocentrale.net /web/miser/readings construction.htm
2002.07.14 12:54 B c:\crea\publicca\bCentral\web\miser\readings\default.htm --> ftp.nfocentrale.net /web/miser/readings default.htm
2002.07.14 12:54 B c:\crea\publicca\bCentral\web\miser\readings\index.htm --> ftp.nfocentrale.net /web/miser/readings index.htm
2002.07.14 12:54 B c:\crea\publicca\bCentral\web\miser\readings\vssver.scc --> ftp.nfocentrale.net /web/miser/readings vssver.scc
2002.07.16 11:52 B c:\crea\publicca\bCentral\web\miser\readings\WS_FTP.LOG --> ftp.nfocentrale.net /web/miser/readings WS_FTP.LOG
2002.08.15 22:31 B c:\crea\publicca\bCentral\web\miser\readings\theory.htm --> ftp.nfocentrale.net /web/miser/readings theory.htm
2002.08.15 22:31 B c:\crea\publicca\bCentral\web\miser\readings\vssver.scc --> ftp.nfocentrale.net /web/miser/readings vssver.scc
2002.10.10 17:31 B c:\crea\publicca\bCentral\web\miser\readings\theory.htm --> ftp.nfocentrale.net /web/miser/readings theory.htm
2002.10.10 17:31 B c:\crea\publicca\bCentral\web\miser\readings\vssver.scc --> ftp.nfocentrale.net /web/miser/readings vssver.scc
2002.10.10 17:31 B c:\crea\publicca\bCentral\web\miser\readings\WS_FTP.LOG --> ftp.nfocentrale.net /web/miser/readings WS_FTP.LOG
2002.10.13 22:09 B c:\crea\publicca\bCentral\web\miser\readings\construction.htm --> ftp.nfocentrale.net /web/miser/readings construction.htm
2002.10.13 22:09 B c:\crea\publicca\bCentral\web\miser\readings\funprog.htm --> ftp.nfocentrale.net /web/miser/readings funprog.htm
2002.10.13 22:09 B c:\crea\publicca\bCentral\web\miser\readings\progsys.htm --> ftp.nfocentrale.net /web/miser/readings progsys.htm
2002.10.13 22:09 B c:\crea\publicca\bCentral\web\miser\readings\R000700.htm --> ftp.nfocentrale.net /web/miser/readings R000700.htm
2002.10.13 22:09 B c:\crea\publicca\bCentral\web\miser\readings\R000800.htm --> ftp.nfocentrale.net /web/miser/readings R000800.htm
2002.10.13 22:09 B c:\crea\publicca\bCentral\web\miser\readings\R010800.htm --> ftp.nfocentrale.net /web/miser/readings R010800.htm
2002.10.13 22:09 B c:\crea\publicca\bCentral\web\miser\readings\R010800A.htm --> ftp.nfocentrale.net /web/miser/readings R010800A.htm
2002.10.13 22:09 B c:\crea\publicca\bCentral\web\miser\readings\theory.htm --> ftp.nfocentrale.net /web/miser/readings theory.htm
2002.10.13 22:09 B c:\crea\publicca\bCentral\web\miser\readings\vssver.scc --> ftp.nfocentrale.net /web/miser/readings vssver.scc
2002.10.13 22:09 B c:\crea\publicca\bCentral\web\miser\readings\WS_FTP.LOG --> ftp.nfocentrale.net /web/miser/readings WS_FTP.LOG
