2002.06.21 07:37 B c:\crea\publicca\bCentral\web\miser\sketch\construction.htm --> ftp.nfocentrale.net /web/miser/sketch construction.htm
2002.06.21 07:37 B c:\crea\publicca\bCentral\web\miser\sketch\index.htm --> ftp.nfocentrale.net /web/miser/sketch index.htm
2002.06.21 07:37 B c:\crea\publicca\bCentral\web\miser\sketch\sketch-AnOb.png --> ftp.nfocentrale.net /web/miser/sketch sketch-AnOb.png
2002.06.21 07:37 B c:\crea\publicca\bCentral\web\miser\sketch\sketch-AnOb.vsd --> ftp.nfocentrale.net /web/miser/sketch sketch-AnOb.vsd
2002.06.21 07:37 B c:\crea\publicca\bCentral\web\miser\sketch\sketch-AnotherOb.png --> ftp.nfocentrale.net /web/miser/sketch sketch-AnotherOb.png
2002.06.21 07:37 B c:\crea\publicca\bCentral\web\miser\sketch\sketch-AnotherOb.vsd --> ftp.nfocentrale.net /web/miser/sketch sketch-AnotherOb.vsd
2002.06.21 07:37 B c:\crea\publicca\bCentral\web\miser\sketch\sketch.htm --> ftp.nfocentrale.net /web/miser/sketch sketch.htm
2002.06.21 07:37 B c:\crea\publicca\bCentral\web\miser\sketch\vssver.scc --> ftp.nfocentrale.net /web/miser/sketch vssver.scc
2002.06.21 20:11 B c:\crea\publicca\bCentral\web\miser\sketch\sketch-anObManifest.png --> ftp.nfocentrale.net /web/miser/sketch sketch-anObManifest.png
2002.06.21 20:11 B c:\crea\publicca\bCentral\web\miser\sketch\sketch-anObManifest.vsd --> ftp.nfocentrale.net /web/miser/sketch sketch-anObManifest.vsd
2002.06.21 20:11 B c:\crea\publicca\bCentral\web\miser\sketch\sketch.htm --> ftp.nfocentrale.net /web/miser/sketch sketch.htm
2002.06.21 20:11 B c:\crea\publicca\bCentral\web\miser\sketch\vssver.scc --> ftp.nfocentrale.net /web/miser/sketch vssver.scc
2002.06.21 20:11 B c:\crea\publicca\bCentral\web\miser\sketch\WS_FTP.LOG --> ftp.nfocentrale.net /web/miser/sketch WS_FTP.LOG
2002.06.21 22:27 B c:\crea\publicca\bCentral\web\miser\sketch\sketch-someObs.png --> ftp.nfocentrale.net /web/miser/sketch sketch-someObs.png
2002.06.21 22:27 B c:\crea\publicca\bCentral\web\miser\sketch\sketch-someObs.vsd --> ftp.nfocentrale.net /web/miser/sketch sketch-someObs.vsd
2002.06.21 22:27 B c:\crea\publicca\bCentral\web\miser\sketch\vssver.scc --> ftp.nfocentrale.net /web/miser/sketch vssver.scc
2002.06.22 00:29 B c:\crea\publicca\bCentral\web\miser\sketch\sketch-anObManifest.png --> ftp.nfocentrale.net /web/miser/sketch sketch-anObManifest.png
2002.06.22 00:29 B c:\crea\publicca\bCentral\web\miser\sketch\sketch-anObManifest.vsd --> ftp.nfocentrale.net /web/miser/sketch sketch-anObManifest.vsd
2002.06.22 00:29 B c:\crea\publicca\bCentral\web\miser\sketch\sketch-someObs.png --> ftp.nfocentrale.net /web/miser/sketch sketch-someObs.png
2002.06.22 00:29 B c:\crea\publicca\bCentral\web\miser\sketch\sketch-someObs.vsd --> ftp.nfocentrale.net /web/miser/sketch sketch-someObs.vsd
2002.06.22 00:29 B c:\crea\publicca\bCentral\web\miser\sketch\sketch.htm --> ftp.nfocentrale.net /web/miser/sketch sketch.htm
2002.06.22 00:29 B c:\crea\publicca\bCentral\web\miser\sketch\vssver.scc --> ftp.nfocentrale.net /web/miser/sketch vssver.scc
2002.06.22 00:29 B c:\crea\publicca\bCentral\web\miser\sketch\WS_FTP.LOG --> ftp.nfocentrale.net /web/miser/sketch WS_FTP.LOG
2002.06.23 14:12 B c:\crea\publicca\bCentral\web\miser\sketch\sketch.htm --> ftp.nfocentrale.net /web/miser/sketch sketch.htm
2002.06.23 14:12 B c:\crea\publicca\bCentral\web\miser\sketch\vssver.scc --> ftp.nfocentrale.net /web/miser/sketch vssver.scc
2002.07.03 14:32 B c:\crea\publicca\bCentral\web\miser\sketch\sketch.htm --> ftp.nfocentrale.net /web/miser/sketch sketch.htm
2002.07.03 14:32 B c:\crea\publicca\bCentral\web\miser\sketch\vssver.scc --> ftp.nfocentrale.net /web/miser/sketch vssver.scc
2002.07.03 14:32 B c:\crea\publicca\bCentral\web\miser\sketch\WS_FTP.LOG --> ftp.nfocentrale.net /web/miser/sketch WS_FTP.LOG
2002.07.03 16:11 B c:\crea\publicca\bCentral\web\miser\sketch\index.htm --> ftp.nfocentrale.net /web/miser/sketch index.htm
2002.07.03 16:11 B c:\crea\publicca\bCentral\web\miser\sketch\osketch.htm --> ftp.nfocentrale.net /web/miser/sketch osketch.htm
2002.07.03 16:11 B c:\crea\publicca\bCentral\web\miser\sketch\vssver.scc --> ftp.nfocentrale.net /web/miser/sketch vssver.scc
2002.07.04 15:00 B c:\crea\publicca\bCentral\web\miser\sketch\osketch.htm --> ftp.nfocentrale.net /web/miser/sketch osketch.htm
2002.07.04 15:00 B c:\crea\publicca\bCentral\web\miser\sketch\sketch.htm --> ftp.nfocentrale.net /web/miser/sketch sketch.htm
2002.07.04 15:00 B c:\crea\publicca\bCentral\web\miser\sketch\vssver.scc --> ftp.nfocentrale.net /web/miser/sketch vssver.scc
2002.07.04 15:00 B c:\crea\publicca\bCentral\web\miser\sketch\WS_FTP.LOG --> ftp.nfocentrale.net /web/miser/sketch WS_FTP.LOG
2002.07.05 01:44 B c:\crea\publicca\bCentral\web\miser\sketch\osketch.htm --> ftp.nfocentrale.net /web/miser/sketch osketch.htm
2002.07.05 01:44 B c:\crea\publicca\bCentral\web\miser\sketch\vssver.scc --> ftp.nfocentrale.net /web/miser/sketch vssver.scc
2002.07.05 10:21 B c:\crea\publicca\bCentral\web\miser\sketch\osketch.htm --> ftp.nfocentrale.net /web/miser/sketch osketch.htm
2002.07.05 10:21 B c:\crea\publicca\bCentral\web\miser\sketch\vssver.scc --> ftp.nfocentrale.net /web/miser/sketch vssver.scc
2002.07.05 10:21 B c:\crea\publicca\bCentral\web\miser\sketch\WS_FTP.LOG --> ftp.nfocentrale.net /web/miser/sketch WS_FTP.LOG
2002.07.06 14:14 B c:\crea\publicca\bCentral\web\miser\sketch\osketch.htm --> ftp.nfocentrale.net /web/miser/sketch osketch.htm
2002.07.06 14:14 B c:\crea\publicca\bCentral\web\miser\sketch\vssver.scc --> ftp.nfocentrale.net /web/miser/sketch vssver.scc
2002.07.08 01:36 B c:\crea\publicca\bCentral\web\miser\sketch\osketch.htm --> ftp.nfocentrale.net /web/miser/sketch osketch.htm
2002.07.08 01:36 B c:\crea\publicca\bCentral\web\miser\sketch\vssver.scc --> ftp.nfocentrale.net /web/miser/sketch vssver.scc
2002.07.08 01:36 B c:\crea\publicca\bCentral\web\miser\sketch\WS_FTP.LOG --> ftp.nfocentrale.net /web/miser/sketch WS_FTP.LOG
2002.07.08 17:01 B c:\crea\publicca\bCentral\web\miser\sketch\osketch.htm --> ftp.nfocentrale.net /web/miser/sketch osketch.htm
2002.07.08 17:01 B c:\crea\publicca\bCentral\web\miser\sketch\vssver.scc --> ftp.nfocentrale.net /web/miser/sketch vssver.scc
2002.07.09 00:10 B c:\crea\publicca\bCentral\web\miser\sketch\osketch.htm --> ftp.nfocentrale.net /web/miser/sketch osketch.htm
2002.07.09 00:10 B c:\crea\publicca\bCentral\web\miser\sketch\vssver.scc --> ftp.nfocentrale.net /web/miser/sketch vssver.scc
2002.07.09 00:10 B c:\crea\publicca\bCentral\web\miser\sketch\WS_FTP.LOG --> ftp.nfocentrale.net /web/miser/sketch WS_FTP.LOG
2002.07.09 12:09 B c:\crea\publicca\bCentral\web\miser\sketch\osketch.htm --> ftp.nfocentrale.net /web/miser/sketch osketch.htm
2002.07.09 12:09 B c:\crea\publicca\bCentral\web\miser\sketch\vssver.scc --> ftp.nfocentrale.net /web/miser/sketch vssver.scc
2002.07.09 16:21 B c:\crea\publicca\bCentral\web\miser\sketch\osketch.htm --> ftp.nfocentrale.net /web/miser/sketch osketch.htm
2002.07.09 16:21 B c:\crea\publicca\bCentral\web\miser\sketch\vssver.scc --> ftp.nfocentrale.net /web/miser/sketch vssver.scc
2002.07.09 16:21 B c:\crea\publicca\bCentral\web\miser\sketch\WS_FTP.LOG --> ftp.nfocentrale.net /web/miser/sketch WS_FTP.LOG
2002.07.10 10:11 B c:\crea\publicca\bCentral\web\miser\sketch\osketch.htm --> ftp.nfocentrale.net /web/miser/sketch osketch.htm
2002.07.10 10:11 B c:\crea\publicca\bCentral\web\miser\sketch\vssver.scc --> ftp.nfocentrale.net /web/miser/sketch vssver.scc
2002.07.10 14:29 B c:\crea\publicca\bCentral\web\miser\sketch\WS_FTP.LOG --> ftp.nfocentrale.net /web/miser/sketch WS_FTP.LOG
2002.07.10 15:46 B c:\crea\publicca\bCentral\web\miser\sketch\osketch.htm --> ftp.nfocentrale.net /web/miser/sketch osketch.htm
2002.07.10 15:46 B c:\crea\publicca\bCentral\web\miser\sketch\vssver.scc --> ftp.nfocentrale.net /web/miser/sketch vssver.scc
2002.07.11 10:26 B c:\crea\publicca\bCentral\web\miser\sketch\osketch.htm --> ftp.nfocentrale.net /web/miser/sketch osketch.htm
2002.07.11 10:27 B c:\crea\publicca\bCentral\web\miser\sketch\vssver.scc --> ftp.nfocentrale.net /web/miser/sketch vssver.scc
2002.07.11 10:27 B c:\crea\publicca\bCentral\web\miser\sketch\WS_FTP.LOG --> ftp.nfocentrale.net /web/miser/sketch WS_FTP.LOG
2002.07.11 15:47 B c:\crea\publicca\bCentral\web\miser\sketch\construction.htm --> ftp.nfocentrale.net /web/miser/sketch construction.htm
2002.07.11 15:47 B c:\crea\publicca\bCentral\web\miser\sketch\index.htm --> ftp.nfocentrale.net /web/miser/sketch index.htm
2002.07.11 15:47 B c:\crea\publicca\bCentral\web\miser\sketch\osketch.htm --> ftp.nfocentrale.net /web/miser/sketch osketch.htm
2002.07.11 15:47 B c:\crea\publicca\bCentral\web\miser\sketch\vssver.scc --> ftp.nfocentrale.net /web/miser/sketch vssver.scc
2002.07.11 19:50 B c:\crea\publicca\bCentral\web\miser\sketch\osketch.htm --> ftp.nfocentrale.net /web/miser/sketch osketch.htm
2002.07.11 19:50 B c:\crea\publicca\bCentral\web\miser\sketch\vssver.scc --> ftp.nfocentrale.net /web/miser/sketch vssver.scc
2002.07.11 19:50 B c:\crea\publicca\bCentral\web\miser\sketch\WS_FTP.LOG --> ftp.nfocentrale.net /web/miser/sketch WS_FTP.LOG
2002.07.12 14:25 B c:\crea\publicca\bCentral\web\miser\sketch\osketch.htm --> ftp.nfocentrale.net /web/miser/sketch osketch.htm
2002.07.12 14:25 B c:\crea\publicca\bCentral\web\miser\sketch\vssver.scc --> ftp.nfocentrale.net /web/miser/sketch vssver.scc
2002.07.12 19:12 B c:\crea\publicca\bCentral\web\miser\sketch\osketch.htm --> ftp.nfocentrale.net /web/miser/sketch osketch.htm
2002.07.12 19:12 B c:\crea\publicca\bCentral\web\miser\sketch\vssver.scc --> ftp.nfocentrale.net /web/miser/sketch vssver.scc
2002.07.12 19:12 B c:\crea\publicca\bCentral\web\miser\sketch\WS_FTP.LOG --> ftp.nfocentrale.net /web/miser/sketch WS_FTP.LOG
2002.07.14 12:55 B c:\crea\publicca\bCentral\web\miser\sketch\construction.htm --> ftp.nfocentrale.net /web/miser/sketch construction.htm
2002.07.14 12:55 B c:\crea\publicca\bCentral\web\miser\sketch\index.htm --> ftp.nfocentrale.net /web/miser/sketch index.htm
2002.07.14 12:55 B c:\crea\publicca\bCentral\web\miser\sketch\osketch.htm --> ftp.nfocentrale.net /web/miser/sketch osketch.htm
2002.07.14 12:55 B c:\crea\publicca\bCentral\web\miser\sketch\vssver.scc --> ftp.nfocentrale.net /web/miser/sketch vssver.scc
2002.07.14 13:24 B c:\crea\publicca\bCentral\web\miser\sketch\WS_FTP.LOG --> ftp.nfocentrale.net /web/miser/sketch WS_FTP.LOG
2002.07.14 13:26 B c:\crea\publicca\bCentral\web\miser\sketch\osketch.htm --> ftp.nfocentrale.net /web/miser/sketch osketch.htm
2002.07.14 13:26 B c:\crea\publicca\bCentral\web\miser\sketch\vssver.scc --> ftp.nfocentrale.net /web/miser/sketch vssver.scc
2002.07.16 11:53 B c:\crea\publicca\bCentral\web\miser\sketch\osketch.htm --> ftp.nfocentrale.net /web/miser/sketch osketch.htm
2002.07.16 11:53 B c:\crea\publicca\bCentral\web\miser\sketch\vssver.scc --> ftp.nfocentrale.net /web/miser/sketch vssver.scc
2002.07.17 02:41 B c:\crea\publicca\bCentral\web\miser\sketch\osketch.htm --> ftp.nfocentrale.net /web/miser/sketch osketch.htm
2002.07.17 02:41 B c:\crea\publicca\bCentral\web\miser\sketch\vssver.scc --> ftp.nfocentrale.net /web/miser/sketch vssver.scc
2002.07.17 02:41 B c:\crea\publicca\bCentral\web\miser\sketch\WS_FTP.LOG --> ftp.nfocentrale.net /web/miser/sketch WS_FTP.LOG
2002.07.17 03:25 B c:\crea\publicca\bCentral\web\miser\sketch\osketch.htm --> ftp.nfocentrale.net /web/miser/sketch osketch.htm
2002.07.17 03:25 B c:\crea\publicca\bCentral\web\miser\sketch\vssver.scc --> ftp.nfocentrale.net /web/miser/sketch vssver.scc
2002.07.17 15:38 B c:\crea\publicca\bCentral\web\miser\sketch\WS_FTP.LOG --> ftp.nfocentrale.net /web/miser/sketch WS_FTP.LOG
2002.10.13 22:09 B c:\crea\publicca\bCentral\web\miser\sketch\sketch.htm --> ftp.nfocentrale.net /web/miser/sketch sketch.htm
2002.10.13 22:09 B c:\crea\publicca\bCentral\web\miser\sketch\vssver.scc --> ftp.nfocentrale.net /web/miser/sketch vssver.scc
2003.01.06 17:49 B c:\crea\publicca\bCentral\web\miser\sketch\WS_FTP.LOG --> ftp.nfocentrale.net /web/miser/sketch WS_FTP.LOG
