2000.05.17 00:46 B C:\crea\publicca\vservers\WWW\htdocs\odma\downloads\5_11_98Odma20.zip --> www.infonuovo.com /www/htdocs/odma/downloads 5_11_98Odma20.zip
2000.05.17 00:46 A C:\crea\publicca\vservers\WWW\htdocs\odma\downloads\construction.htm --> www.infonuovo.com /www/htdocs/odma/downloads construction.htm
2000.05.17 00:46 A C:\crea\publicca\vservers\WWW\htdocs\odma\downloads\default.htm --> www.infonuovo.com /www/htdocs/odma/downloads default.htm
2000.05.17 00:47 A C:\crea\publicca\vservers\WWW\htdocs\odma\downloads\index.htm --> www.infonuovo.com /www/htdocs/odma/downloads index.htm
2000.05.17 00:54 B C:\crea\publicca\vservers\WWW\htdocs\odma\downloads\odma20.exe --> www.infonuovo.com /www/htdocs/odma/downloads odma20.exe
2000.05.17 00:56 B C:\crea\publicca\vservers\WWW\htdocs\odma\downloads\ODMA200-src.zip --> www.infonuovo.com /www/htdocs/odma/downloads ODMA200-src.zip
2000.05.17 00:59 B C:\crea\publicca\vservers\WWW\htdocs\odma\downloads\odma2095.doc --> www.infonuovo.com /www/htdocs/odma/downloads odma2095.doc
2000.05.17 00:59 B C:\crea\publicca\vservers\WWW\htdocs\odma\downloads\vssver.scc --> www.infonuovo.com /www/htdocs/odma/downloads vssver.scc
2000.05.17 18:29 A C:\crea\publicca\vservers\WWW\htdocs\odma\downloads\construction.htm --> www.infonuovo.com /www/htdocs/odma/downloads construction.htm
2000.05.17 18:29 A C:\crea\publicca\vservers\WWW\htdocs\odma\downloads\default.htm --> www.infonuovo.com /www/htdocs/odma/downloads default.htm
2000.05.21 00:12 A C:\crea\publicca\vservers\WWW\htdocs\odma\downloads\construction.htm --> www.infonuovo.com /www/htdocs/odma/downloads construction.htm
2000.05.21 00:12 A C:\crea\publicca\vservers\WWW\htdocs\odma\downloads\default.htm --> www.infonuovo.com /www/htdocs/odma/downloads default.htm
2000.05.30 00:07 B C:\crea\publicca\vservers\WWW\htdocs\odma\downloads\5_11_98Odma20.zip --> www.infonuovo.com /www/htdocs/odma/downloads 5_11_98Odma20.zip
2000.05.30 00:08 A C:\crea\publicca\vservers\WWW\htdocs\odma\downloads\construction.htm --> www.infonuovo.com /www/htdocs/odma/downloads construction.htm
2000.05.30 00:08 A C:\crea\publicca\vservers\WWW\htdocs\odma\downloads\default.htm --> www.infonuovo.com /www/htdocs/odma/downloads default.htm
2000.05.30 00:08 A C:\crea\publicca\vservers\WWW\htdocs\odma\downloads\index.htm --> www.infonuovo.com /www/htdocs/odma/downloads index.htm
2000.05.30 00:34 A C:\crea\publicca\vservers\WWW\htdocs\odma\downloads\odma200.htm --> www.infonuovo.com /www/htdocs/odma/downloads odma200.htm
2000.05.30 19:32 A C:\crea\publicca\vservers\WWW\htdocs\odma\downloads\construction.htm --> www.infonuovo.com /www/htdocs/odma/downloads construction.htm
2000.05.30 19:32 A C:\crea\publicca\vservers\WWW\htdocs\odma\downloads\default.htm --> www.infonuovo.com /www/htdocs/odma/downloads default.htm
2000.05.30 19:34 A C:\crea\publicca\vservers\WWW\htdocs\odma\downloads\odma20-2.htm --> www.infonuovo.com /www/htdocs/odma/downloads odma20-2.htm
2000.05.30 19:37 B C:\crea\publicca\vservers\WWW\htdocs\odma\downloads\ODMA200-src.zip --> www.infonuovo.com /www/htdocs/odma/downloads ODMA200-src.zip
2000.05.30 19:37 A C:\crea\publicca\vservers\WWW\htdocs\odma\downloads\odma200.htm --> www.infonuovo.com /www/htdocs/odma/downloads odma200.htm
2000.05.30 19:41 B C:\crea\publicca\vservers\WWW\htdocs\odma\downloads\odma2095.doc --> www.infonuovo.com /www/htdocs/odma/downloads odma2095.doc
2000.05.30 19:41 B C:\crea\publicca\vservers\WWW\htdocs\odma\downloads\vssver.scc --> www.infonuovo.com /www/htdocs/odma/downloads vssver.scc
2000.05.30 19:41 B C:\crea\publicca\vservers\WWW\htdocs\odma\downloads\WS_FTP.LOG --> www.infonuovo.com /www/htdocs/odma/downloads WS_FTP.LOG
2000.06.03 22:58 A C:\crea\publicca\vservers\WWW\htdocs\odma\downloads\construction.htm --> www.infonuovo.com /www/htdocs/odma/downloads construction.htm
2000.06.03 22:59 A C:\crea\publicca\vservers\WWW\htdocs\odma\downloads\default.htm --> www.infonuovo.com /www/htdocs/odma/downloads default.htm
2000.06.03 22:59 A C:\crea\publicca\vservers\WWW\htdocs\odma\downloads\odma20.htm --> www.infonuovo.com /www/htdocs/odma/downloads odma20.htm
2000.06.03 22:59 A C:\crea\publicca\vservers\WWW\htdocs\odma\downloads\odma200.htm --> www.infonuovo.com /www/htdocs/odma/downloads odma200.htm
2000.06.03 22:59 B C:\crea\publicca\vservers\WWW\htdocs\odma\downloads\vssver.scc --> www.infonuovo.com /www/htdocs/odma/downloads vssver.scc
2000.06.03 22:59 B C:\crea\publicca\vservers\WWW\htdocs\odma\downloads\WS_FTP.LOG --> www.infonuovo.com /www/htdocs/odma/downloads WS_FTP.LOG
2000.06.04 16:03 A C:\crea\publicca\vservers\WWW\htdocs\odma\downloads\construction.htm --> www.infonuovo.com /www/htdocs/odma/downloads construction.htm
2000.06.04 16:04 A C:\crea\publicca\vservers\WWW\htdocs\odma\downloads\odma20.htm --> www.infonuovo.com /www/htdocs/odma/downloads odma20.htm
2000.06.04 16:04 B C:\crea\publicca\vservers\WWW\htdocs\odma\downloads\vssver.scc --> www.infonuovo.com /www/htdocs/odma/downloads vssver.scc
2000.06.04 16:04 B C:\crea\publicca\vservers\WWW\htdocs\odma\downloads\WS_FTP.LOG --> www.infonuovo.com /www/htdocs/odma/downloads WS_FTP.LOG
2000.06.15 17:18 A C:\crea\publicca\vservers\WWW\htdocs\odma\downloads\construction.htm --> www.infonuovo.com /www/htdocs/odma/downloads construction.htm
2000.06.15 17:18 A C:\crea\publicca\vservers\WWW\htdocs\odma\downloads\odma20.htm --> www.infonuovo.com /www/htdocs/odma/downloads odma20.htm
2000.06.15 17:18 A C:\crea\publicca\vservers\WWW\htdocs\odma\downloads\odma200.htm --> www.infonuovo.com /www/htdocs/odma/downloads odma200.htm
2000.06.15 17:18 B C:\crea\publicca\vservers\WWW\htdocs\odma\downloads\vssver.scc --> www.infonuovo.com /www/htdocs/odma/downloads vssver.scc
2000.06.15 17:18 B C:\crea\publicca\vservers\WWW\htdocs\odma\downloads\WS_FTP.LOG --> www.infonuovo.com /www/htdocs/odma/downloads WS_FTP.LOG
2000.06.19 15:16 B C:\crea\publicca\vservers\WWW\htdocs\odma\downloads\WS_FTP.LOG --> www.infonuovo.com /www/htdocs/odma/downloads WS_FTP.LOG
2000.06.20 13:57 A C:\crea\publicca\vservers\WWW\htdocs\odma\downloads\construction.htm --> www.infonuovo.com /www/htdocs/odma/downloads construction.htm
2000.06.20 13:57 A C:\crea\publicca\vservers\WWW\htdocs\odma\downloads\default.htm --> www.infonuovo.com /www/htdocs/odma/downloads default.htm
2000.06.20 13:58 B C:\crea\publicca\vservers\WWW\htdocs\odma\downloads\Odma32-200.zip --> www.infonuovo.com /www/htdocs/odma/downloads Odma32-200.zip
2000.06.20 13:58 B C:\crea\publicca\vservers\WWW\htdocs\odma\downloads\vssver.scc --> www.infonuovo.com /www/htdocs/odma/downloads vssver.scc
2000.06.20 13:58 B C:\crea\publicca\vservers\WWW\htdocs\odma\downloads\WS_FTP.LOG --> www.infonuovo.com /www/htdocs/odma/downloads WS_FTP.LOG
2000.06.20 14:25 A C:\crea\publicca\vservers\WWW\htdocs\odma\downloads\construction.htm --> www.infonuovo.com /www/htdocs/odma/downloads construction.htm
2000.06.20 14:25 A C:\crea\publicca\vservers\WWW\htdocs\odma\downloads\default.htm --> www.infonuovo.com /www/htdocs/odma/downloads default.htm
2000.06.20 14:25 B C:\crea\publicca\vservers\WWW\htdocs\odma\downloads\vssver.scc --> www.infonuovo.com /www/htdocs/odma/downloads vssver.scc
2000.06.20 14:25 B C:\crea\publicca\vservers\WWW\htdocs\odma\downloads\WS_FTP.LOG --> www.infonuovo.com /www/htdocs/odma/downloads WS_FTP.LOG
2000.06.23 12:19 B C:\crea\publicca\vservers\WWW\htdocs\odma\downloads\WS_FTP.LOG --> www.infonuovo.com /www/htdocs/odma/downloads WS_FTP.LOG
2000.06.24 12:47 B C:\crea\publicca\vservers\WWW\htdocs\odma\downloads\WS_FTP.LOG --> www.infonuovo.com /www/htdocs/odma/downloads WS_FTP.LOG
2000.07.05 06:56 A C:\crea\publicca\vservers\WWW\htdocs\odma\downloads\construction.htm --> www.infonuovo.com /www/htdocs/odma/downloads construction.htm
2000.07.05 06:57 B C:\crea\publicca\vservers\WWW\htdocs\odma\downloads\odma20-0.mht --> www.infonuovo.com /www/htdocs/odma/downloads odma20-0.mht
2000.07.05 06:58 A C:\crea\publicca\vservers\WWW\htdocs\odma\downloads\odma20-3.htm --> www.infonuovo.com /www/htdocs/odma/downloads odma20-3.htm
2000.07.05 06:58 B C:\crea\publicca\vservers\WWW\htdocs\odma\downloads\vssver.scc --> www.infonuovo.com /www/htdocs/odma/downloads vssver.scc
2000.07.05 06:58 B C:\crea\publicca\vservers\WWW\htdocs\odma\downloads\WS_FTP.LOG --> www.infonuovo.com /www/htdocs/odma/downloads WS_FTP.LOG
2000.07.09 10:22 A C:\crea\publicca\vservers\WWW\htdocs\odma\downloads\construction.htm --> www.infonuovo.com /www/htdocs/odma/downloads construction.htm
2000.07.09 10:23 A C:\crea\publicca\vservers\WWW\htdocs\odma\downloads\odma20-3.htm --> www.infonuovo.com /www/htdocs/odma/downloads odma20-3.htm
2000.07.09 10:23 B C:\crea\publicca\vservers\WWW\htdocs\odma\downloads\vssver.scc --> www.infonuovo.com /www/htdocs/odma/downloads vssver.scc
2000.07.09 10:23 B C:\crea\publicca\vservers\WWW\htdocs\odma\downloads\WS_FTP.LOG --> www.infonuovo.com /www/htdocs/odma/downloads WS_FTP.LOG
2000.07.27 08:33 B C:\crea\publicca\vservers\WWW\htdocs\odma\downloads\15devkit.zip --> www.infonuovo.com /www/htdocs/odma/downloads 15devkit.zip
2000.07.27 08:34 B C:\crea\publicca\vservers\WWW\htdocs\odma\downloads\AIIM-ODMA-Specification-1.0a.mht --> www.infonuovo.com /www/htdocs/odma/downloads AIIM-ODMA-Specification-1.0a.mht
2000.07.27 08:36 B C:\crea\publicca\vservers\WWW\htdocs\odma\downloads\oddev.zip --> www.infonuovo.com /www/htdocs/odma/downloads oddev.zip
2000.08.02 21:32 A C:\crea\publicca\vservers\WWW\htdocs\odma\downloads\Q000703.htm --> www.infonuovo.com /www/htdocs/odma/downloads Q000703.htm
2000.08.02 21:32 A C:\crea\publicca\vservers\WWW\htdocs\odma\downloads\Q000703a.htm --> www.infonuovo.com /www/htdocs/odma/downloads Q000703a.htm
2000.08.02 21:32 B C:\crea\publicca\vservers\WWW\htdocs\odma\downloads\vssver.scc --> www.infonuovo.com /www/htdocs/odma/downloads vssver.scc
2000.08.02 21:32 B C:\crea\publicca\vservers\WWW\htdocs\odma\downloads\WS_FTP.LOG --> www.infonuovo.com /www/htdocs/odma/downloads WS_FTP.LOG
2000.08.03 21:22 A C:\crea\publicca\vservers\WWW\htdocs\odma\downloads\default.htm --> www.infonuovo.com /www/htdocs/odma/downloads default.htm
2000.08.03 21:22 A C:\crea\publicca\vservers\WWW\htdocs\odma\downloads\odma200c.htm --> www.infonuovo.com /www/htdocs/odma/downloads odma200c.htm
2000.08.03 21:22 A C:\crea\publicca\vservers\WWW\htdocs\odma\downloads\odma200h.htm --> www.infonuovo.com /www/htdocs/odma/downloads odma200h.htm
2000.08.03 21:22 A C:\crea\publicca\vservers\WWW\htdocs\odma\downloads\odma20L.htm --> www.infonuovo.com /www/htdocs/odma/downloads odma20L.htm
2000.08.03 21:22 A C:\crea\publicca\vservers\WWW\htdocs\odma\downloads\rata20-1.htm --> www.infonuovo.com /www/htdocs/odma/downloads rata20-1.htm
2000.08.03 21:22 B C:\crea\publicca\vservers\WWW\htdocs\odma\downloads\vssver.scc --> www.infonuovo.com /www/htdocs/odma/downloads vssver.scc
2000.08.03 21:23 A C:\crea\publicca\vservers\WWW\htdocs\odma\downloads\construction.htm --> www.infonuovo.com /www/htdocs/odma/downloads construction.htm
2000.08.03 21:24 A C:\crea\publicca\vservers\WWW\htdocs\odma\downloads\odma20-3.htm --> www.infonuovo.com /www/htdocs/odma/downloads odma20-3.htm
2000.08.03 21:24 B C:\crea\publicca\vservers\WWW\htdocs\odma\downloads\WS_FTP.LOG --> www.infonuovo.com /www/htdocs/odma/downloads WS_FTP.LOG
2000.08.05 16:27 A C:\crea\publicca\vservers\WWW\htdocs\odma\downloads\rata20-1.htm --> www.infonuovo.com /www/htdocs/odma/downloads rata20-1.htm
2000.08.05 16:27 B C:\crea\publicca\vservers\WWW\htdocs\odma\downloads\vssver.scc --> www.infonuovo.com /www/htdocs/odma/downloads vssver.scc
2000.08.11 16:08 B C:\crea\publicca\vservers\WWW\htdocs\odma\downloads\WS_FTP.LOG --> www.infonuovo.com /www/htdocs/odma/downloads WS_FTP.LOG
2000.08.17 12:08 A C:\crea\publicca\vservers\WWW\htdocs\odma\downloads\odma20-3.htm --> www.infonuovo.com /www/htdocs/odma/downloads odma20-3.htm
2000.08.17 12:08 A C:\crea\publicca\vservers\WWW\htdocs\odma\downloads\odma200h.htm --> www.infonuovo.com /www/htdocs/odma/downloads odma200h.htm
2000.08.17 12:08 A C:\crea\publicca\vservers\WWW\htdocs\odma\downloads\rata20-1.htm --> www.infonuovo.com /www/htdocs/odma/downloads rata20-1.htm
2000.08.17 12:08 B C:\crea\publicca\vservers\WWW\htdocs\odma\downloads\vssver.scc --> www.infonuovo.com /www/htdocs/odma/downloads vssver.scc
2000.08.18 14:26 B C:\crea\publicca\vservers\WWW\htdocs\odma\downloads\WS_FTP.LOG --> www.infonuovo.com /www/htdocs/odma/downloads WS_FTP.LOG
2000.08.19 15:35 A C:\crea\publicca\vservers\WWW\htdocs\odma\downloads\odma200c.htm --> www.infonuovo.com /www/htdocs/odma/downloads odma200c.htm
2000.08.19 15:36 A C:\crea\publicca\vservers\WWW\htdocs\odma\downloads\odma20L.htm --> www.infonuovo.com /www/htdocs/odma/downloads odma20L.htm
2000.08.19 15:36 B C:\crea\publicca\vservers\WWW\htdocs\odma\downloads\vssver.scc --> www.infonuovo.com /www/htdocs/odma/downloads vssver.scc
2000.08.24 17:31 A C:\crea\publicca\vservers\WWW\htdocs\odma\downloads\default.htm --> www.infonuovo.com /www/htdocs/odma/downloads default.htm
2000.08.24 17:31 B C:\crea\publicca\vservers\WWW\htdocs\odma\downloads\vssver.scc --> www.infonuovo.com /www/htdocs/odma/downloads vssver.scc
2000.08.24 17:31 B C:\crea\publicca\vservers\WWW\htdocs\odma\downloads\WS_FTP.LOG --> www.infonuovo.com /www/htdocs/odma/downloads WS_FTP.LOG
2000.09.08 08:39 A C:\crea\publicca\vservers\WWW\htdocs\odma\downloads\construction.htm --> www.infonuovo.com /www/htdocs/odma/downloads construction.htm
2000.09.08 08:39 A C:\crea\publicca\vservers\WWW\htdocs\odma\downloads\default.htm --> www.infonuovo.com /www/htdocs/odma/downloads default.htm
2000.09.08 08:39 A C:\crea\publicca\vservers\WWW\htdocs\odma\downloads\Q000705.htm --> www.infonuovo.com /www/htdocs/odma/downloads Q000705.htm
2000.09.08 08:39 B C:\crea\publicca\vservers\WWW\htdocs\odma\downloads\vssver.scc --> www.infonuovo.com /www/htdocs/odma/downloads vssver.scc
2000.09.10 13:40 A C:\crea\publicca\vservers\WWW\htdocs\odma\downloads\odma20D.htm --> www.infonuovo.com /www/htdocs/odma/downloads odma20D.htm
2000.09.10 13:40 A C:\crea\publicca\vservers\WWW\htdocs\odma\downloads\Q000705.htm --> www.infonuovo.com /www/htdocs/odma/downloads Q000705.htm
2000.09.10 13:40 B C:\crea\publicca\vservers\WWW\htdocs\odma\downloads\vssver.scc --> www.infonuovo.com /www/htdocs/odma/downloads vssver.scc
2000.09.10 13:40 B C:\crea\publicca\vservers\WWW\htdocs\odma\downloads\WS_FTP.LOG --> www.infonuovo.com /www/htdocs/odma/downloads WS_FTP.LOG
2000.09.10 21:27 A C:\crea\publicca\vservers\WWW\htdocs\odma\downloads\Q000705.htm --> www.infonuovo.com /www/htdocs/odma/downloads Q000705.htm
2000.09.10 21:27 B C:\crea\publicca\vservers\WWW\htdocs\odma\downloads\vssver.scc --> www.infonuovo.com /www/htdocs/odma/downloads vssver.scc
2000.09.11 08:34 A C:\crea\publicca\vservers\WWW\htdocs\odma\downloads\Q000705.htm --> www.infonuovo.com /www/htdocs/odma/downloads Q000705.htm
2000.09.11 08:34 A C:\crea\publicca\vservers\WWW\htdocs\odma\downloads\rata20-1.htm --> www.infonuovo.com /www/htdocs/odma/downloads rata20-1.htm
2000.09.11 08:34 B C:\crea\publicca\vservers\WWW\htdocs\odma\downloads\vssver.scc --> www.infonuovo.com /www/htdocs/odma/downloads vssver.scc
2000.09.11 08:34 B C:\crea\publicca\vservers\WWW\htdocs\odma\downloads\WS_FTP.LOG --> www.infonuovo.com /www/htdocs/odma/downloads WS_FTP.LOG
2000.09.11 13:38 A C:\crea\publicca\vservers\WWW\htdocs\odma\downloads\default.htm --> www.infonuovo.com /www/htdocs/odma/downloads default.htm
2000.09.11 13:38 A C:\crea\publicca\vservers\WWW\htdocs\odma\downloads\odma20D.htm --> www.infonuovo.com /www/htdocs/odma/downloads odma20D.htm
2000.09.11 13:38 A C:\crea\publicca\vservers\WWW\htdocs\odma\downloads\Q000703.htm --> www.infonuovo.com /www/htdocs/odma/downloads Q000703.htm
2000.09.11 13:38 A C:\crea\publicca\vservers\WWW\htdocs\odma\downloads\q000703a.htm --> www.infonuovo.com /www/htdocs/odma/downloads q000703a.htm
2000.09.11 13:38 A C:\crea\publicca\vservers\WWW\htdocs\odma\downloads\Q000706.htm --> www.infonuovo.com /www/htdocs/odma/downloads Q000706.htm
2000.09.11 13:38 B C:\crea\publicca\vservers\WWW\htdocs\odma\downloads\vssver.scc --> www.infonuovo.com /www/htdocs/odma/downloads vssver.scc
2000.09.13 11:55 A C:\crea\publicca\vservers\WWW\htdocs\odma\downloads\default.htm --> www.infonuovo.com /www/htdocs/odma/downloads default.htm
2000.09.13 11:55 A C:\crea\publicca\vservers\WWW\htdocs\odma\downloads\odma20D.htm --> www.infonuovo.com /www/htdocs/odma/downloads odma20D.htm
2000.09.13 11:56 A C:\crea\publicca\vservers\WWW\htdocs\odma\downloads\odma20L.htm --> www.infonuovo.com /www/htdocs/odma/downloads odma20L.htm
2000.09.13 11:56 A C:\crea\publicca\vservers\WWW\htdocs\odma\downloads\rata20-1.htm --> www.infonuovo.com /www/htdocs/odma/downloads rata20-1.htm
2000.09.13 11:56 B C:\crea\publicca\vservers\WWW\htdocs\odma\downloads\vssver.scc --> www.infonuovo.com /www/htdocs/odma/downloads vssver.scc
2000.09.13 11:56 B C:\crea\publicca\vservers\WWW\htdocs\odma\downloads\WS_FTP.LOG --> www.infonuovo.com /www/htdocs/odma/downloads WS_FTP.LOG
2000.09.13 22:02 A C:\crea\publicca\vservers\WWW\htdocs\odma\downloads\odma20L.htm --> www.infonuovo.com /www/htdocs/odma/downloads odma20L.htm
2000.09.13 22:02 A C:\crea\publicca\vservers\WWW\htdocs\odma\downloads\Q000901.htm --> www.infonuovo.com /www/htdocs/odma/downloads Q000901.htm
2000.09.13 22:02 B C:\crea\publicca\vservers\WWW\htdocs\odma\downloads\vssver.scc --> www.infonuovo.com /www/htdocs/odma/downloads vssver.scc
2000.09.13 22:02 B C:\crea\publicca\vservers\WWW\htdocs\odma\downloads\WS_FTP.LOG --> www.infonuovo.com /www/htdocs/odma/downloads WS_FTP.LOG
2000.09.14 13:15 A C:\crea\publicca\vservers\WWW\htdocs\odma\downloads\odma200D-1.htm --> www.infonuovo.com /www/htdocs/odma/downloads odma200D-1.htm
2000.09.14 13:15 A C:\crea\publicca\vservers\WWW\htdocs\odma\downloads\odma200L-1.htm --> www.infonuovo.com /www/htdocs/odma/downloads odma200L-1.htm
2000.09.14 13:15 A C:\crea\publicca\vservers\WWW\htdocs\odma\downloads\odma20D.htm --> www.infonuovo.com /www/htdocs/odma/downloads odma20D.htm
2000.09.14 13:15 A C:\crea\publicca\vservers\WWW\htdocs\odma\downloads\odma20L.htm --> www.infonuovo.com /www/htdocs/odma/downloads odma20L.htm
2000.09.14 13:15 B C:\crea\publicca\vservers\WWW\htdocs\odma\downloads\vssver.scc --> www.infonuovo.com /www/htdocs/odma/downloads vssver.scc
2000.09.14 13:15 B C:\crea\publicca\vservers\WWW\htdocs\odma\downloads\WS_FTP.LOG --> www.infonuovo.com /www/htdocs/odma/downloads WS_FTP.LOG
2000.09.20 20:31 A C:\crea\publicca\vservers\WWW\htdocs\odma\downloads\rata20-1.htm --> www.infonuovo.com /www/htdocs/odma/downloads rata20-1.htm
2000.09.20 20:31 B C:\crea\publicca\vservers\WWW\htdocs\odma\downloads\vssver.scc --> www.infonuovo.com /www/htdocs/odma/downloads vssver.scc
2000.09.20 20:31 B C:\crea\publicca\vservers\WWW\htdocs\odma\downloads\WS_FTP.LOG --> www.infonuovo.com /www/htdocs/odma/downloads WS_FTP.LOG
2000.09.29 17:30 A C:\crea\publicca\vservers\WWW\htdocs\odma\downloads\Q000901.htm --> www.infonuovo.com /www/htdocs/odma/downloads Q000901.htm
2000.09.29 17:30 B C:\crea\publicca\vservers\WWW\htdocs\odma\downloads\vssver.scc --> www.infonuovo.com /www/htdocs/odma/downloads vssver.scc
2000.10.20 09:02 A C:\crea\publicca\vservers\WWW\htdocs\odma\downloads\odma20D.htm --> www.infonuovo.com /www/htdocs/odma/downloads odma20D.htm
2000.10.20 09:02 A C:\crea\publicca\vservers\WWW\htdocs\odma\downloads\Q000014.htm --> www.infonuovo.com /www/htdocs/odma/downloads Q000014.htm
2000.10.20 09:03 A C:\crea\publicca\vservers\WWW\htdocs\odma\downloads\Q000014a.htm --> www.infonuovo.com /www/htdocs/odma/downloads Q000014a.htm
2000.10.20 09:03 B C:\crea\publicca\vservers\WWW\htdocs\odma\downloads\q000014a.msg --> www.infonuovo.com /www/htdocs/odma/downloads q000014a.msg
2000.10.20 09:03 A C:\crea\publicca\vservers\WWW\htdocs\odma\downloads\Q000014b.htm --> www.infonuovo.com /www/htdocs/odma/downloads Q000014b.htm
2000.10.20 09:03 B C:\crea\publicca\vservers\WWW\htdocs\odma\downloads\q000014b.msg --> www.infonuovo.com /www/htdocs/odma/downloads q000014b.msg
2000.10.20 09:03 A C:\crea\publicca\vservers\WWW\htdocs\odma\downloads\Q001000.htm --> www.infonuovo.com /www/htdocs/odma/downloads Q001000.htm
2000.10.20 09:03 A C:\crea\publicca\vservers\WWW\htdocs\odma\downloads\Q001000a.htm --> www.infonuovo.com /www/htdocs/odma/downloads Q001000a.htm
2000.10.20 09:03 B C:\crea\publicca\vservers\WWW\htdocs\odma\downloads\q001000a.msg --> www.infonuovo.com /www/htdocs/odma/downloads q001000a.msg
2000.10.20 09:03 A C:\crea\publicca\vservers\WWW\htdocs\odma\downloads\Q001000b.htm --> www.infonuovo.com /www/htdocs/odma/downloads Q001000b.htm
2000.10.20 09:03 B C:\crea\publicca\vservers\WWW\htdocs\odma\downloads\q001000b.msg --> www.infonuovo.com /www/htdocs/odma/downloads q001000b.msg
2000.10.20 09:03 A C:\crea\publicca\vservers\WWW\htdocs\odma\downloads\rata20-1.htm --> www.infonuovo.com /www/htdocs/odma/downloads rata20-1.htm
2000.10.20 09:03 B C:\crea\publicca\vservers\WWW\htdocs\odma\downloads\vssver.scc --> www.infonuovo.com /www/htdocs/odma/downloads vssver.scc
2000.10.20 09:03 B C:\crea\publicca\vservers\WWW\htdocs\odma\downloads\WS_FTP.LOG --> www.infonuovo.com /www/htdocs/odma/downloads WS_FTP.LOG
2000.10.20 09:05 B C:\crea\publicca\vservers\WWW\htdocs\odma\faq\downloads\15devkit.zip --> www.infonuovo.com /www/htdocs/odma/faq/downloads 15devkit.zip
2000.10.20 10:33 A C:\crea\publicca\vservers\WWW\htdocs\odma\downloads\Q000014.htm --> www.infonuovo.com /www/htdocs/odma/downloads Q000014.htm
2000.10.20 10:33 A C:\crea\publicca\vservers\WWW\htdocs\odma\downloads\Q001000.htm --> www.infonuovo.com /www/htdocs/odma/downloads Q001000.htm
2000.10.20 10:33 B C:\crea\publicca\vservers\WWW\htdocs\odma\downloads\vssver.scc --> www.infonuovo.com /www/htdocs/odma/downloads vssver.scc
2000.10.20 10:33 B C:\crea\publicca\vservers\WWW\htdocs\odma\downloads\WS_FTP.LOG --> www.infonuovo.com /www/htdocs/odma/downloads WS_FTP.LOG
2000.10.23 12:54 B C:\crea\publicca\vservers\WWW\htdocs\odma\downloads\WS_FTP.LOG --> www.infonuovo.com /www/htdocs/odma/downloads WS_FTP.LOG
2000.10.26 00:08 A C:\crea\publicca\vservers\WWW\htdocs\odma\downloads\odma10-2.htm --> www.infonuovo.com /www/htdocs/odma/downloads odma10-2.htm
2000.10.26 00:08 B C:\crea\publicca\vservers\WWW\htdocs\odma\downloads\odma10a.doc --> www.infonuovo.com /www/htdocs/odma/downloads odma10a.doc
2000.10.26 00:08 B C:\crea\publicca\vservers\WWW\htdocs\odma\downloads\vssver.scc --> www.infonuovo.com /www/htdocs/odma/downloads vssver.scc
2000.10.26 00:08 B C:\crea\publicca\vservers\WWW\htdocs\odma\downloads\WS_FTP.LOG --> www.infonuovo.com /www/htdocs/odma/downloads WS_FTP.LOG
2000.11.01 14:28 B C:\crea\publicca\vservers\WWW\htdocs\odma\downloads\15devkit.zip --> www.infonuovo.com /www/htdocs/odma/downloads 15devkit.zip
2000.11.01 14:28 B C:\crea\publicca\vservers\WWW\htdocs\odma\downloads\AIIM-ODMA-Specification-1.0a.mht --> www.infonuovo.com /www/htdocs/odma/downloads AIIM-ODMA-Specification-1.0a.mht
2000.11.01 14:30 B C:\crea\publicca\vservers\WWW\htdocs\odma\downloads\oddev.zip --> www.infonuovo.com /www/htdocs/odma/downloads oddev.zip
2000.11.01 14:30 A C:\crea\publicca\vservers\WWW\htdocs\odma\downloads\odma10-2.htm --> www.infonuovo.com /www/htdocs/odma/downloads odma10-2.htm
2000.11.01 14:31 A C:\crea\publicca\vservers\WWW\htdocs\odma\downloads\odma20-2.htm --> www.infonuovo.com /www/htdocs/odma/downloads odma20-2.htm
2000.11.01 14:31 A C:\crea\publicca\vservers\WWW\htdocs\odma\downloads\odma200.htm --> www.infonuovo.com /www/htdocs/odma/downloads odma200.htm
2000.11.01 14:31 A C:\crea\publicca\vservers\WWW\htdocs\odma\downloads\odma200D-1.htm --> www.infonuovo.com /www/htdocs/odma/downloads odma200D-1.htm
2000.11.01 14:31 A C:\crea\publicca\vservers\WWW\htdocs\odma\downloads\odma200L-1.htm --> www.infonuovo.com /www/htdocs/odma/downloads odma200L-1.htm
2000.11.01 14:31 A C:\crea\publicca\vservers\WWW\htdocs\odma\downloads\odma20L.htm --> www.infonuovo.com /www/htdocs/odma/downloads odma20L.htm
2000.11.01 14:31 B C:\crea\publicca\vservers\WWW\htdocs\odma\downloads\Odma32-200.zip --> www.infonuovo.com /www/htdocs/odma/downloads Odma32-200.zip
2000.11.01 14:31 A C:\crea\publicca\vservers\WWW\htdocs\odma\downloads\Q000014.htm --> www.infonuovo.com /www/htdocs/odma/downloads Q000014.htm
2000.11.01 14:31 A C:\crea\publicca\vservers\WWW\htdocs\odma\downloads\Q000703.htm --> www.infonuovo.com /www/htdocs/odma/downloads Q000703.htm
2000.11.01 14:31 A C:\crea\publicca\vservers\WWW\htdocs\odma\downloads\q000703a.htm --> www.infonuovo.com /www/htdocs/odma/downloads q000703a.htm
2000.11.01 14:31 A C:\crea\publicca\vservers\WWW\htdocs\odma\downloads\Q000705.htm --> www.infonuovo.com /www/htdocs/odma/downloads Q000705.htm
2000.11.01 14:32 A C:\crea\publicca\vservers\WWW\htdocs\odma\downloads\Q000706.htm --> www.infonuovo.com /www/htdocs/odma/downloads Q000706.htm
2000.11.01 14:32 A C:\crea\publicca\vservers\WWW\htdocs\odma\downloads\Q000901.htm --> www.infonuovo.com /www/htdocs/odma/downloads Q000901.htm
2000.11.01 14:32 A C:\crea\publicca\vservers\WWW\htdocs\odma\downloads\Q001000.htm --> www.infonuovo.com /www/htdocs/odma/downloads Q001000.htm
2000.11.01 14:32 A C:\crea\publicca\vservers\WWW\htdocs\odma\downloads\rata20-1.htm --> www.infonuovo.com /www/htdocs/odma/downloads rata20-1.htm
2000.11.01 14:32 B C:\crea\publicca\vservers\WWW\htdocs\odma\downloads\vssver.scc --> www.infonuovo.com /www/htdocs/odma/downloads vssver.scc
2000.11.01 14:32 B C:\crea\publicca\vservers\WWW\htdocs\odma\downloads\WS_FTP.LOG --> www.infonuovo.com /www/htdocs/odma/downloads WS_FTP.LOG
2000.11.01 19:44 A C:\crea\publicca\vservers\WWW\htdocs\odma\downloads\odma20-3.htm --> www.infonuovo.com /www/htdocs/odma/downloads odma20-3.htm
2000.11.01 19:44 A C:\crea\publicca\vservers\WWW\htdocs\odma\downloads\Q000706.htm --> www.infonuovo.com /www/htdocs/odma/downloads Q000706.htm
2000.11.01 19:44 A C:\crea\publicca\vservers\WWW\htdocs\odma\downloads\rata20-1.htm --> www.infonuovo.com /www/htdocs/odma/downloads rata20-1.htm
2000.11.01 19:44 B C:\crea\publicca\vservers\WWW\htdocs\odma\downloads\vssver.scc --> www.infonuovo.com /www/htdocs/odma/downloads vssver.scc
2000.11.01 19:45 B C:\crea\publicca\vservers\WWW\htdocs\odma\downloads\WS_FTP.LOG --> www.infonuovo.com /www/htdocs/odma/downloads WS_FTP.LOG
2000.11.03 14:45 B C:\crea\publicca\vservers\WWW\htdocs\odma\downloads\odma10.zip --> www.infonuovo.com /www/htdocs/odma/downloads odma10.zip
2000.11.03 14:45 B C:\crea\publicca\vservers\WWW\htdocs\odma\downloads\vssver.scc --> www.infonuovo.com /www/htdocs/odma/downloads vssver.scc
2000.11.03 14:45 B C:\crea\publicca\vservers\WWW\htdocs\odma\downloads\WS_FTP.LOG --> www.infonuovo.com /www/htdocs/odma/downloads WS_FTP.LOG
2000.11.09 21:49 A C:\crea\publicca\vservers\WWW\htdocs\odma\downloads\Q000014.htm --> www.infonuovo.com /www/htdocs/odma/downloads Q000014.htm
2000.11.09 21:49 A C:\crea\publicca\vservers\WWW\htdocs\odma\downloads\Q000014c.htm --> www.infonuovo.com /www/htdocs/odma/downloads Q000014c.htm
2000.11.09 21:49 B C:\crea\publicca\vservers\WWW\htdocs\odma\downloads\q000014c.msg --> www.infonuovo.com /www/htdocs/odma/downloads q000014c.msg
2000.11.09 21:49 B C:\crea\publicca\vservers\WWW\htdocs\odma\downloads\vssver.scc --> www.infonuovo.com /www/htdocs/odma/downloads vssver.scc
2000.11.13 23:22 A C:\crea\publicca\vservers\WWW\htdocs\odma\downloads\Q000014.htm --> www.infonuovo.com /www/htdocs/odma/downloads Q000014.htm
2000.11.13 23:23 A C:\crea\publicca\vservers\WWW\htdocs\odma\downloads\rata20-1.htm --> www.infonuovo.com /www/htdocs/odma/downloads rata20-1.htm
2000.11.13 23:23 B C:\crea\publicca\vservers\WWW\htdocs\odma\downloads\vssver.scc --> www.infonuovo.com /www/htdocs/odma/downloads vssver.scc
2000.11.13 23:23 B C:\crea\publicca\vservers\WWW\htdocs\odma\downloads\WS_FTP.LOG --> www.infonuovo.com /www/htdocs/odma/downloads WS_FTP.LOG
2000.12.05 15:09 B C:\crea\publicca\vservers\WWW\htdocs\odma\downloads\odmawf.zip --> www.infonuovo.com /www/htdocs/odma/downloads odmawf.zip
2000.12.05 15:09 A C:\crea\publicca\vservers\WWW\htdocs\odma\downloads\Q000014.htm --> www.infonuovo.com /www/htdocs/odma/downloads Q000014.htm
2000.12.05 15:09 A C:\crea\publicca\vservers\WWW\htdocs\odma\downloads\readmewf.txt --> www.infonuovo.com /www/htdocs/odma/downloads readmewf.txt
2000.12.05 15:09 B C:\crea\publicca\vservers\WWW\htdocs\odma\downloads\vssver.scc --> www.infonuovo.com /www/htdocs/odma/downloads vssver.scc
2000.12.05 15:09 B C:\crea\publicca\vservers\WWW\htdocs\odma\downloads\workflo3.rtf --> www.infonuovo.com /www/htdocs/odma/downloads workflo3.rtf
2000.12.06 08:54 B C:\crea\publicca\vservers\WWW\htdocs\odma\downloads\odspwp.zip --> www.infonuovo.com /www/htdocs/odma/downloads odspwp.zip
2000.12.06 08:54 B C:\crea\publicca\vservers\WWW\htdocs\odma\downloads\vssver.scc --> www.infonuovo.com /www/htdocs/odma/downloads vssver.scc
2000.12.06 08:54 B C:\crea\publicca\vservers\WWW\htdocs\odma\downloads\WS_FTP.LOG --> www.infonuovo.com /www/htdocs/odma/downloads WS_FTP.LOG
2000.12.12 11:27 A C:\crea\publicca\vservers\WWW\htdocs\odma\downloads\odma20L.htm --> www.infonuovo.com /www/htdocs/odma/downloads odma20L.htm
2000.12.12 11:27 A C:\crea\publicca\vservers\WWW\htdocs\odma\downloads\Q001201.htm --> www.infonuovo.com /www/htdocs/odma/downloads Q001201.htm
2000.12.12 11:27 B C:\crea\publicca\vservers\WWW\htdocs\odma\downloads\vssver.scc --> www.infonuovo.com /www/htdocs/odma/downloads vssver.scc
2000.12.12 16:12 A C:\crea\publicca\vservers\WWW\htdocs\odma\downloads\odma15-2.htm --> www.infonuovo.com /www/htdocs/odma/downloads odma15-2.htm
2000.12.12 16:12 B C:\crea\publicca\vservers\WWW\htdocs\odma\downloads\odma15.zip --> www.infonuovo.com /www/htdocs/odma/downloads odma15.zip
2000.12.12 16:12 B C:\crea\publicca\vservers\WWW\htdocs\odma\downloads\vssver.scc --> www.infonuovo.com /www/htdocs/odma/downloads vssver.scc
2000.12.12 16:12 B C:\crea\publicca\vservers\WWW\htdocs\odma\downloads\WS_FTP.LOG --> www.infonuovo.com /www/htdocs/odma/downloads WS_FTP.LOG
2000.12.13 12:56 B C:\crea\publicca\vservers\WWW\htdocs\odma\downloads\MultODMA150-1.ZIP --> www.infonuovo.com /www/htdocs/odma/downloads MultODMA150-1.ZIP
2000.12.13 12:56 B C:\crea\publicca\vservers\WWW\htdocs\odma\downloads\vssver.scc --> www.infonuovo.com /www/htdocs/odma/downloads vssver.scc
2001.01.11 10:42 A C:\crea\publicca\vservers\WWW\htdocs\odma\downloads\odma20L.htm --> www.infonuovo.com /www/htdocs/odma/downloads odma20L.htm
2001.01.11 10:42 A C:\crea\publicca\vservers\WWW\htdocs\odma\downloads\Q001201.htm --> www.infonuovo.com /www/htdocs/odma/downloads Q001201.htm
2001.01.11 10:42 B C:\crea\publicca\vservers\WWW\htdocs\odma\downloads\vssver.scc --> www.infonuovo.com /www/htdocs/odma/downloads vssver.scc
2001.01.11 10:42 B C:\crea\publicca\vservers\WWW\htdocs\odma\downloads\WS_FTP.LOG --> www.infonuovo.com /www/htdocs/odma/downloads WS_FTP.LOG
2001.01.17 15:25 B C:\crea\publicca\vservers\WWW\htdocs\odma\downloads\ODMA-OCX-200-0.zip --> www.infonuovo.com /www/htdocs/odma/downloads ODMA-OCX-200-0.zip
2001.01.17 15:26 A C:\crea\publicca\vservers\WWW\htdocs\odma\downloads\Q010103.htm --> www.infonuovo.com /www/htdocs/odma/downloads Q010103.htm
2001.01.17 15:26 B C:\crea\publicca\vservers\WWW\htdocs\odma\downloads\vssver.scc --> www.infonuovo.com /www/htdocs/odma/downloads vssver.scc
2001.01.30 17:05 A C:\crea\publicca\vservers\WWW\htdocs\odma\downloads\Q010103.htm --> www.infonuovo.com /www/htdocs/odma/downloads Q010103.htm
2001.01.30 17:05 B C:\crea\publicca\vservers\WWW\htdocs\odma\downloads\q010103a.msg --> www.infonuovo.com /www/htdocs/odma/downloads q010103a.msg
2001.01.30 17:05 B C:\crea\publicca\vservers\WWW\htdocs\odma\downloads\vssver.scc --> www.infonuovo.com /www/htdocs/odma/downloads vssver.scc
2001.01.30 17:05 B C:\crea\publicca\vservers\WWW\htdocs\odma\downloads\WS_FTP.LOG --> www.infonuovo.com /www/htdocs/odma/downloads WS_FTP.LOG
2001.02.06 13:35 A C:\crea\publicca\vservers\WWW\htdocs\odma\downloads\odma20D.htm --> www.infonuovo.com /www/htdocs/odma/downloads odma20D.htm
2001.02.06 13:35 A C:\crea\publicca\vservers\WWW\htdocs\odma\downloads\Q000500.htm --> www.infonuovo.com /www/htdocs/odma/downloads Q000500.htm
2001.02.06 13:35 B C:\crea\publicca\vservers\WWW\htdocs\odma\downloads\Q000500a.gif --> www.infonuovo.com /www/htdocs/odma/downloads Q000500a.gif
2001.02.06 13:35 B C:\crea\publicca\vservers\WWW\htdocs\odma\downloads\vssver.scc --> www.infonuovo.com /www/htdocs/odma/downloads vssver.scc
2001.02.12 14:00 A C:\crea\publicca\vservers\WWW\htdocs\odma\downloads\Q000014.htm --> www.infonuovo.com /www/htdocs/odma/downloads Q000014.htm
2001.02.12 14:00 B C:\crea\publicca\vservers\WWW\htdocs\odma\downloads\vssver.scc --> www.infonuovo.com /www/htdocs/odma/downloads vssver.scc
2001.02.12 14:00 B C:\crea\publicca\vservers\WWW\htdocs\odma\downloads\WS_FTP.LOG --> www.infonuovo.com /www/htdocs/odma/downloads WS_FTP.LOG
2001.03.10 16:20 A C:\crea\publicca\vservers\WWW\htdocs\odma\downloads\Q000705.htm --> www.infonuovo.com /www/htdocs/odma/downloads Q000705.htm
2001.03.10 16:20 B C:\crea\publicca\vservers\WWW\htdocs\odma\downloads\vssver.scc --> www.infonuovo.com /www/htdocs/odma/downloads vssver.scc
