2002.12.12 08:36 B c:\crea\publicca\bCentral\web\dmware\activities\a00-log.htm --> ftp.nfocentrale.net /web/dmware/activities a00-log.htm
2002.12.12 08:36 B c:\crea\publicca\bCentral\web\dmware\activities\A000000-PastCalendar.htm --> ftp.nfocentrale.net /web/dmware/activities A000000-PastCalendar.htm
2002.12.12 08:37 B c:\crea\publicca\bCentral\web\dmware\activities\A000001-CurrentCalendar.htm --> ftp.nfocentrale.net /web/dmware/activities A000001-CurrentCalendar.htm
2002.12.12 08:37 B c:\crea\publicca\bCentral\web\dmware\activities\construction.htm --> ftp.nfocentrale.net /web/dmware/activities construction.htm
2002.12.12 08:37 B c:\crea\publicca\bCentral\web\dmware\activities\index.htm --> ftp.nfocentrale.net /web/dmware/activities index.htm
2002.12.12 08:37 B c:\crea\publicca\bCentral\web\dmware\activities\vssver.scc --> ftp.nfocentrale.net /web/dmware/activities vssver.scc
2002.12.12 09:17 B c:\crea\publicca\bCentral\web\dmware\activities\a00-log.htm --> ftp.nfocentrale.net /web/dmware/activities a00-log.htm
2002.12.12 09:17 B c:\crea\publicca\bCentral\web\dmware\activities\A000001-CurrentCalendar.htm --> ftp.nfocentrale.net /web/dmware/activities A000001-CurrentCalendar.htm
2002.12.12 09:17 B c:\crea\publicca\bCentral\web\dmware\activities\index.htm --> ftp.nfocentrale.net /web/dmware/activities index.htm
2002.12.12 09:17 B c:\crea\publicca\bCentral\web\dmware\activities\vssver.scc --> ftp.nfocentrale.net /web/dmware/activities vssver.scc
2002.12.12 09:17 B c:\crea\publicca\bCentral\web\dmware\activities\WS_FTP.LOG --> ftp.nfocentrale.net /web/dmware/activities WS_FTP.LOG
2002.12.12 16:06 B c:\crea\publicca\bCentral\web\dmware\activities\a00-log.htm --> ftp.nfocentrale.net /web/dmware/activities a00-log.htm
2002.12.12 16:06 B c:\crea\publicca\bCentral\web\dmware\activities\A000000-PastCalendar.htm --> ftp.nfocentrale.net /web/dmware/activities A000000-PastCalendar.htm
2002.12.12 16:06 B c:\crea\publicca\bCentral\web\dmware\activities\A000001-CurrentCalendar.htm --> ftp.nfocentrale.net /web/dmware/activities A000001-CurrentCalendar.htm
2002.12.12 16:06 B c:\crea\publicca\bCentral\web\dmware\activities\A030100.htm --> ftp.nfocentrale.net /web/dmware/activities A030100.htm
2002.12.12 16:06 B c:\crea\publicca\bCentral\web\dmware\activities\construction.htm --> ftp.nfocentrale.net /web/dmware/activities construction.htm
2002.12.12 16:06 B c:\crea\publicca\bCentral\web\dmware\activities\vssver.scc --> ftp.nfocentrale.net /web/dmware/activities vssver.scc
2002.12.13 07:15 B c:\crea\publicca\bCentral\web\dmware\activities\a00-log.htm --> ftp.nfocentrale.net /web/dmware/activities a00-log.htm
2002.12.13 07:15 B c:\crea\publicca\bCentral\web\dmware\activities\A000001-CurrentCalendar.htm --> ftp.nfocentrale.net /web/dmware/activities A000001-CurrentCalendar.htm
2002.12.13 07:15 B c:\crea\publicca\bCentral\web\dmware\activities\vssver.scc --> ftp.nfocentrale.net /web/dmware/activities vssver.scc
2002.12.13 07:15 B c:\crea\publicca\bCentral\web\dmware\activities\WS_FTP.LOG --> ftp.nfocentrale.net /web/dmware/activities WS_FTP.LOG
2002.12.13 08:22 B c:\crea\publicca\bCentral\web\dmware\activities\a00-log.htm --> ftp.nfocentrale.net /web/dmware/activities a00-log.htm
2002.12.13 08:22 B c:\crea\publicca\bCentral\web\dmware\activities\A000000-PastCalendar.htm --> ftp.nfocentrale.net /web/dmware/activities A000000-PastCalendar.htm
2002.12.13 08:22 B c:\crea\publicca\bCentral\web\dmware\activities\A000001-CurrentCalendar.htm --> ftp.nfocentrale.net /web/dmware/activities A000001-CurrentCalendar.htm
2002.12.13 08:22 B c:\crea\publicca\bCentral\web\dmware\activities\vssver.scc --> ftp.nfocentrale.net /web/dmware/activities vssver.scc
2002.12.13 09:19 B c:\crea\publicca\bCentral\web\dmware\activities\a00-log.htm --> ftp.nfocentrale.net /web/dmware/activities a00-log.htm
2002.12.13 09:19 B c:\crea\publicca\bCentral\web\dmware\activities\A030100.htm --> ftp.nfocentrale.net /web/dmware/activities A030100.htm
2002.12.13 09:19 B c:\crea\publicca\bCentral\web\dmware\activities\A030101.htm --> ftp.nfocentrale.net /web/dmware/activities A030101.htm
2002.12.13 09:19 B c:\crea\publicca\bCentral\web\dmware\activities\construction.htm --> ftp.nfocentrale.net /web/dmware/activities construction.htm
2002.12.13 09:19 B c:\crea\publicca\bCentral\web\dmware\activities\vssver.scc --> ftp.nfocentrale.net /web/dmware/activities vssver.scc
2002.12.13 09:19 B c:\crea\publicca\bCentral\web\dmware\activities\WS_FTP.LOG --> ftp.nfocentrale.net /web/dmware/activities WS_FTP.LOG
2002.12.13 16:44 B c:\crea\publicca\bCentral\web\dmware\activities\a00-log.htm --> ftp.nfocentrale.net /web/dmware/activities a00-log.htm
2002.12.13 16:45 B c:\crea\publicca\bCentral\web\dmware\activities\A000001-CurrentCalendar.htm --> ftp.nfocentrale.net /web/dmware/activities A000001-CurrentCalendar.htm
2002.12.13 16:45 B c:\crea\publicca\bCentral\web\dmware\activities\A020900.htm --> ftp.nfocentrale.net /web/dmware/activities A020900.htm
2002.12.13 16:45 B c:\crea\publicca\bCentral\web\dmware\activities\A020900A.htm --> ftp.nfocentrale.net /web/dmware/activities A020900A.htm
2002.12.13 16:45 B c:\crea\publicca\bCentral\web\dmware\activities\A020900A.jpg --> ftp.nfocentrale.net /web/dmware/activities A020900A.jpg
2002.12.13 16:45 B c:\crea\publicca\bCentral\web\dmware\activities\A020900B.htm --> ftp.nfocentrale.net /web/dmware/activities A020900B.htm
2002.12.13 16:45 B c:\crea\publicca\bCentral\web\dmware\activities\A030101.htm --> ftp.nfocentrale.net /web/dmware/activities A030101.htm
2002.12.13 16:45 B c:\crea\publicca\bCentral\web\dmware\activities\vssver.scc --> ftp.nfocentrale.net /web/dmware/activities vssver.scc
2002.12.13 18:36 B c:\crea\publicca\bCentral\web\dmware\activities\a00-log.htm --> ftp.nfocentrale.net /web/dmware/activities a00-log.htm
2002.12.13 18:36 B c:\crea\publicca\bCentral\web\dmware\activities\A000000-PastCalendar.htm --> ftp.nfocentrale.net /web/dmware/activities A000000-PastCalendar.htm
2002.12.13 18:36 B c:\crea\publicca\bCentral\web\dmware\activities\A000001-CurrentCalendar.htm --> ftp.nfocentrale.net /web/dmware/activities A000001-CurrentCalendar.htm
2002.12.13 18:36 B c:\crea\publicca\bCentral\web\dmware\activities\A020900B.htm --> ftp.nfocentrale.net /web/dmware/activities A020900B.htm
2002.12.13 18:36 B c:\crea\publicca\bCentral\web\dmware\activities\A030101.htm --> ftp.nfocentrale.net /web/dmware/activities A030101.htm
2002.12.13 18:36 B c:\crea\publicca\bCentral\web\dmware\activities\vssver.scc --> ftp.nfocentrale.net /web/dmware/activities vssver.scc
2002.12.13 18:36 B c:\crea\publicca\bCentral\web\dmware\activities\WS_FTP.LOG --> ftp.nfocentrale.net /web/dmware/activities WS_FTP.LOG
2003.01.06 17:35 B c:\crea\publicca\bCentral\web\dmware\activities\A020900B.htm --> ftp.nfocentrale.net /web/dmware/activities A020900B.htm
2003.01.06 17:35 B c:\crea\publicca\bCentral\web\dmware\activities\DMwareAIIM2002-CG2-C29XML-Imaging.mht --> ftp.nfocentrale.net /web/dmware/activities DMwareAIIM2002-CG2-C29XML-Imaging.mht
2003.01.06 17:35 B c:\crea\publicca\bCentral\web\dmware\activities\DMwareAIIM2002-CG2-C29XML-Metadata.mht --> ftp.nfocentrale.net /web/dmware/activities DMwareAIIM2002-CG2-C29XML-Metadata.mht
2003.01.06 17:35 B c:\crea\publicca\bCentral\web\dmware\activities\DMwareAIIM2002-CG2WebDAVTutorial.mht --> ftp.nfocentrale.net /web/dmware/activities DMwareAIIM2002-CG2WebDAVTutorial.mht
2003.01.06 17:35 B c:\crea\publicca\bCentral\web\dmware\activities\DMwareAIIM2002-CG2WebDocuments.mht --> ftp.nfocentrale.net /web/dmware/activities DMwareAIIM2002-CG2WebDocuments.mht
2003.01.06 17:35 B c:\crea\publicca\bCentral\web\dmware\activities\DMwareCalendar-2002-03-03.mht --> ftp.nfocentrale.net /web/dmware/activities DMwareCalendar-2002-03-03.mht
2003.01.06 17:35 B c:\crea\publicca\bCentral\web\dmware\activities\DMwareCalendar-2002-03.mht --> ftp.nfocentrale.net /web/dmware/activities DMwareCalendar-2002-03.mht
2003.01.06 17:35 B c:\crea\publicca\bCentral\web\dmware\activities\DMwareWelcome-2002-03-11.mht --> ftp.nfocentrale.net /web/dmware/activities DMwareWelcome-2002-03-11.mht
2003.01.06 17:35 B c:\crea\publicca\bCentral\web\dmware\activities\vssver.scc --> ftp.nfocentrale.net /web/dmware/activities vssver.scc
