2002.10.04 16:56 B c:\crea\publicca\bCentral\web\dmware\WebDAV\resources\construction.htm --> ftp.nfocentrale.net /web/dmware/WebDAV/resources construction.htm
2002.10.04 16:56 B c:\crea\publicca\bCentral\web\dmware\WebDAV\resources\default.htm --> ftp.nfocentrale.net /web/dmware/WebDAV/resources default.htm
2002.10.04 16:56 B c:\crea\publicca\bCentral\web\dmware\WebDAV\resources\index.htm --> ftp.nfocentrale.net /web/dmware/WebDAV/resources index.htm
2002.10.04 16:56 B c:\crea\publicca\bCentral\web\dmware\WebDAV\resources\vssver.scc --> ftp.nfocentrale.net /web/dmware/WebDAV/resources vssver.scc
2002.10.07 21:49 B c:\crea\publicca\bCentral\web\dmware\WebDAV\resources\WS_FTP.LOG --> ftp.nfocentrale.net /web/dmware/WebDAV/resources WS_FTP.LOG
2002.10.07 23:30 B c:\crea\publicca\bCentral\web\dmware\WebDAV\resources\vssver.scc --> ftp.nfocentrale.net /web/dmware/WebDAV/resources vssver.scc
2003.01.06 17:37 B c:\crea\publicca\bCentral\web\dmware\WebDAV\resources\DAV-Requirements-slein.pdf --> ftp.nfocentrale.net /web/dmware/WebDAV/resources DAV-Requirements-slein.pdf
2003.01.06 17:37 B c:\crea\publicca\bCentral\web\dmware\WebDAV\resources\draft-ietf-webdav-acl-09.txt --> ftp.nfocentrale.net /web/dmware/WebDAV/resources draft-ietf-webdav-acl-09.txt
2003.01.06 17:37 B c:\crea\publicca\bCentral\web\dmware\WebDAV\resources\draft-ietf-webdav-bind-00.txt --> ftp.nfocentrale.net /web/dmware/WebDAV/resources draft-ietf-webdav-bind-00.txt
2003.01.06 17:37 B c:\crea\publicca\bCentral\web\dmware\WebDAV\resources\draft-ietf-webdav-ordering-protocol-03.txt --> ftp.nfocentrale.net /web/dmware/WebDAV/resources draft-ietf-webdav-ordering-protocol-03.txt
2003.01.06 17:37 B c:\crea\publicca\bCentral\web\dmware\WebDAV\resources\draft-ietf-webdav-redirectref-protocol-02.txt --> ftp.nfocentrale.net /web/dmware/WebDAV/resources draft-ietf-webdav-redirectref-protocol-02.txt
2003.01.06 17:38 B c:\crea\publicca\bCentral\web\dmware\WebDAV\resources\draft-ietf-webdav-rfc2518bis-02.txt --> ftp.nfocentrale.net /web/dmware/WebDAV/resources draft-ietf-webdav-rfc2518bis-02.txt
2003.01.06 17:38 B c:\crea\publicca\bCentral\web\dmware\WebDAV\resources\rfc2291-DAV-reqs.txt --> ftp.nfocentrale.net /web/dmware/WebDAV/resources rfc2291-DAV-reqs.txt
2003.01.06 17:38 B c:\crea\publicca\bCentral\web\dmware\WebDAV\resources\rfc2518-WebDAV-A4.pdf --> ftp.nfocentrale.net /web/dmware/WebDAV/resources rfc2518-WebDAV-A4.pdf
2003.01.06 17:38 B c:\crea\publicca\bCentral\web\dmware\WebDAV\resources\rfc2518-WebDAV-TOC.doc --> ftp.nfocentrale.net /web/dmware/WebDAV/resources rfc2518-WebDAV-TOC.doc
2003.01.06 17:38 B c:\crea\publicca\bCentral\web\dmware\WebDAV\resources\rfc2518-WebDAV.doc --> ftp.nfocentrale.net /web/dmware/WebDAV/resources rfc2518-WebDAV.doc
2003.01.06 17:38 B c:\crea\publicca\bCentral\web\dmware\WebDAV\resources\rfc2518-WebDAV.html --> ftp.nfocentrale.net /web/dmware/WebDAV/resources rfc2518-WebDAV.html
2003.01.06 17:38 B c:\crea\publicca\bCentral\web\dmware\WebDAV\resources\rfc2518-WebDAV.mht --> ftp.nfocentrale.net /web/dmware/WebDAV/resources rfc2518-WebDAV.mht
2003.01.06 17:39 B c:\crea\publicca\bCentral\web\dmware\WebDAV\resources\rfc2518-WebDAV.txt --> ftp.nfocentrale.net /web/dmware/WebDAV/resources rfc2518-WebDAV.txt
2003.01.06 17:39 B c:\crea\publicca\bCentral\web\dmware\WebDAV\resources\rfc3253-DeltaV-WebDAV-VersioningExtensions.txt --> ftp.nfocentrale.net /web/dmware/WebDAV/resources rfc3253-DeltaV-WebDAV-VersioningExtensions.txt
2003.01.06 17:39 B c:\crea\publicca\bCentral\web\dmware\WebDAV\resources\vssver.scc --> ftp.nfocentrale.net /web/dmware/WebDAV/resources vssver.scc
2003.01.06 17:39 B c:\crea\publicca\bCentral\web\dmware\WebDAV\resources\WebDAV-DeltaV-UML-2001-01-24.mht --> ftp.nfocentrale.net /web/dmware/WebDAV/resources WebDAV-DeltaV-UML-2001-01-24.mht
2003.01.06 17:39 B c:\crea\publicca\bCentral\web\dmware\WebDAV\resources\WebDAV-DeltaVRequirements-RFC2291.mht --> ftp.nfocentrale.net /web/dmware/WebDAV/resources WebDAV-DeltaVRequirements-RFC2291.mht
2003.01.06 17:39 B c:\crea\publicca\bCentral\web\dmware\WebDAV\resources\WebDAV-WorkingGroups.mht --> ftp.nfocentrale.net /web/dmware/WebDAV/resources WebDAV-WorkingGroups.mht
