2002.09.03 22:33 B c:\crea\publicca\bCentral\web\dmware\projects\construction.htm --> ftp.nfocentrale.net /web/dmware/projects construction.htm
2002.09.03 22:33 B c:\crea\publicca\bCentral\web\dmware\projects\default.htm --> ftp.nfocentrale.net /web/dmware/projects default.htm
2002.09.03 22:33 B c:\crea\publicca\bCentral\web\dmware\projects\index.htm --> ftp.nfocentrale.net /web/dmware/projects index.htm
2002.09.03 22:33 B c:\crea\publicca\bCentral\web\dmware\projects\p00-log.htm --> ftp.nfocentrale.net /web/dmware/projects p00-log.htm
2002.09.03 22:33 B c:\crea\publicca\bCentral\web\dmware\projects\P010100.htm --> ftp.nfocentrale.net /web/dmware/projects P010100.htm
2002.09.03 22:33 B c:\crea\publicca\bCentral\web\dmware\projects\P010100A.rtf --> ftp.nfocentrale.net /web/dmware/projects P010100A.rtf
2002.09.03 22:33 B c:\crea\publicca\bCentral\web\dmware\projects\vssver.scc --> ftp.nfocentrale.net /web/dmware/projects vssver.scc
2002.09.04 08:15 B c:\crea\publicca\bCentral\web\dmware\projects\WS_FTP.LOG --> ftp.nfocentrale.net /web/dmware/projects WS_FTP.LOG
2002.09.09 13:23 B c:\crea\publicca\bCentral\web\dmware\projects\P010100.htm --> ftp.nfocentrale.net /web/dmware/projects P010100.htm
2002.09.09 13:23 B c:\crea\publicca\bCentral\web\dmware\projects\vssver.scc --> ftp.nfocentrale.net /web/dmware/projects vssver.scc
2002.09.09 14:21 B c:\crea\publicca\bCentral\web\dmware\projects\P010100.htm --> ftp.nfocentrale.net /web/dmware/projects P010100.htm
2002.09.09 14:21 B c:\crea\publicca\bCentral\web\dmware\projects\P010100B.htm --> ftp.nfocentrale.net /web/dmware/projects P010100B.htm
2002.09.09 14:21 B c:\crea\publicca\bCentral\web\dmware\projects\vssver.scc --> ftp.nfocentrale.net /web/dmware/projects vssver.scc
2002.09.09 14:21 B c:\crea\publicca\bCentral\web\dmware\projects\WS_FTP.LOG --> ftp.nfocentrale.net /web/dmware/projects WS_FTP.LOG
2002.09.24 20:27 B c:\crea\publicca\bCentral\web\dmware\projects\p00-log.htm --> ftp.nfocentrale.net /web/dmware/projects p00-log.htm
2002.09.24 20:27 B c:\crea\publicca\bCentral\web\dmware\projects\P010100.htm --> ftp.nfocentrale.net /web/dmware/projects P010100.htm
2002.09.24 20:27 B c:\crea\publicca\bCentral\web\dmware\projects\P010100A.htm --> ftp.nfocentrale.net /web/dmware/projects P010100A.htm
2002.09.24 20:27 B c:\crea\publicca\bCentral\web\dmware\projects\P010100B.htm --> ftp.nfocentrale.net /web/dmware/projects P010100B.htm
2002.09.24 20:27 B c:\crea\publicca\bCentral\web\dmware\projects\vssver.scc --> ftp.nfocentrale.net /web/dmware/projects vssver.scc
2002.10.02 12:56 B c:\crea\publicca\bCentral\web\dmware\projects\P010100.htm --> ftp.nfocentrale.net /web/dmware/projects P010100.htm
2002.10.02 12:56 B c:\crea\publicca\bCentral\web\dmware\projects\vssver.scc --> ftp.nfocentrale.net /web/dmware/projects vssver.scc
2002.10.02 12:56 B c:\crea\publicca\bCentral\web\dmware\projects\WS_FTP.LOG --> ftp.nfocentrale.net /web/dmware/projects WS_FTP.LOG
2002.10.07 21:48 B c:\crea\publicca\bCentral\web\dmware\projects\P010100.htm --> ftp.nfocentrale.net /web/dmware/projects P010100.htm
2002.10.07 21:48 B c:\crea\publicca\bCentral\web\dmware\projects\vssver.scc --> ftp.nfocentrale.net /web/dmware/projects vssver.scc
2002.10.07 23:30 B c:\crea\publicca\bCentral\web\dmware\projects\WS_FTP.LOG --> ftp.nfocentrale.net /web/dmware/projects WS_FTP.LOG
2002.10.08 17:33 B c:\crea\publicca\bCentral\web\dmware\projects\WS_FTP.LOG --> ftp.nfocentrale.net /web/dmware/projects WS_FTP.LOG
2002.10.08 23:03 B c:\crea\publicca\bCentral\web\dmware\projects\P010100.htm --> ftp.nfocentrale.net /web/dmware/projects P010100.htm
2002.10.08 23:03 B c:\crea\publicca\bCentral\web\dmware\projects\p010100c.txt --> ftp.nfocentrale.net /web/dmware/projects p010100c.txt
2002.10.08 23:03 B c:\crea\publicca\bCentral\web\dmware\projects\p010100d.txt --> ftp.nfocentrale.net /web/dmware/projects p010100d.txt
2002.10.08 23:03 B c:\crea\publicca\bCentral\web\dmware\projects\P010100e.htm --> ftp.nfocentrale.net /web/dmware/projects P010100e.htm
2002.10.08 23:03 B c:\crea\publicca\bCentral\web\dmware\projects\vssver.scc --> ftp.nfocentrale.net /web/dmware/projects vssver.scc
2002.10.08 23:03 B c:\crea\publicca\bCentral\web\dmware\projects\WS_FTP.LOG --> ftp.nfocentrale.net /web/dmware/projects WS_FTP.LOG
2002.10.15 17:32 B c:\crea\publicca\bCentral\web\dmware\projects\P010100.htm --> ftp.nfocentrale.net /web/dmware/projects P010100.htm
2002.10.15 17:32 B c:\crea\publicca\bCentral\web\dmware\projects\P010100f.htm --> ftp.nfocentrale.net /web/dmware/projects P010100f.htm
2002.10.15 17:32 B c:\crea\publicca\bCentral\web\dmware\projects\vssver.scc --> ftp.nfocentrale.net /web/dmware/projects vssver.scc
2002.10.16 22:42 B c:\crea\publicca\bCentral\web\dmware\projects\P010100f.htm --> ftp.nfocentrale.net /web/dmware/projects P010100f.htm
2002.10.16 22:42 B c:\crea\publicca\bCentral\web\dmware\projects\vssver.scc --> ftp.nfocentrale.net /web/dmware/projects vssver.scc
2002.10.16 22:42 B c:\crea\publicca\bCentral\web\dmware\projects\WS_FTP.LOG --> ftp.nfocentrale.net /web/dmware/projects WS_FTP.LOG
2002.12.10 16:12 B c:\crea\publicca\bCentral\web\dmware\projects\P010100f.htm --> ftp.nfocentrale.net /web/dmware/projects P010100f.htm
2002.12.10 16:12 B c:\crea\publicca\bCentral\web\dmware\projects\vssver.scc --> ftp.nfocentrale.net /web/dmware/projects vssver.scc
2002.12.11 17:56 B c:\crea\publicca\bCentral\web\dmware\projects\WS_FTP.LOG --> ftp.nfocentrale.net /web/dmware/projects WS_FTP.LOG
2003.01.06 17:35 B c:\crea\publicca\bCentral\web\dmware\projects\vssver.scc --> ftp.nfocentrale.net /web/dmware/projects vssver.scc
2003.01.06 17:36 B c:\crea\publicca\bCentral\web\dmware\projects\WebDavPropsProject-2001-02-12.doc --> ftp.nfocentrale.net /web/dmware/projects WebDavPropsProject-2001-02-12.doc
