2002.09.03 22:37 B c:\crea\publicca\bCentral\web\dmware\WebDAV\construction.htm --> ftp.nfocentrale.net /web/dmware/WebDAV construction.htm
2002.09.03 22:37 B c:\crea\publicca\bCentral\web\dmware\WebDAV\DAV-bar.gif --> ftp.nfocentrale.net /web/dmware/WebDAV DAV-bar.gif
2002.09.03 22:37 B c:\crea\publicca\bCentral\web\dmware\WebDAV\default.htm --> ftp.nfocentrale.net /web/dmware/WebDAV default.htm
2002.09.03 22:37 B c:\crea\publicca\bCentral\web\dmware\WebDAV\index.htm --> ftp.nfocentrale.net /web/dmware/WebDAV index.htm
2002.09.03 22:37 B c:\crea\publicca\bCentral\web\dmware\WebDAV\vssver.scc --> ftp.nfocentrale.net /web/dmware/WebDAV vssver.scc
2002.09.03 22:37 B c:\crea\publicca\bCentral\web\dmware\WebDAV\webdav-logo.jpg --> ftp.nfocentrale.net /web/dmware/WebDAV webdav-logo.jpg
2002.09.03 22:37 B c:\crea\publicca\bCentral\web\dmware\WebDAV\WebDAV-tutorial-2002-03-07.zip --> ftp.nfocentrale.net /web/dmware/WebDAV WebDAV-tutorial-2002-03-07.zip
2002.09.04 08:16 B c:\crea\publicca\bCentral\web\dmware\WebDAV\WS_FTP.LOG --> ftp.nfocentrale.net /web/dmware/WebDAV WS_FTP.LOG
2002.09.10 13:06 B c:\crea\publicca\bCentral\web\dmware\WebDAV\2002-09-09-WebDAV.htm --> ftp.nfocentrale.net /web/dmware/WebDAV 2002-09-09-WebDAV.htm
2002.09.10 13:06 B c:\crea\publicca\bCentral\web\dmware\WebDAV\vssver.scc --> ftp.nfocentrale.net /web/dmware/WebDAV vssver.scc
2002.09.24 20:27 B c:\crea\publicca\bCentral\web\dmware\WebDAV\2002-09-09-WebDAV.htm --> ftp.nfocentrale.net /web/dmware/WebDAV 2002-09-09-WebDAV.htm
2002.09.24 20:27 B c:\crea\publicca\bCentral\web\dmware\WebDAV\vssver.scc --> ftp.nfocentrale.net /web/dmware/WebDAV vssver.scc
2002.09.24 20:27 B c:\crea\publicca\bCentral\web\dmware\WebDAV\WS_FTP.LOG --> ftp.nfocentrale.net /web/dmware/WebDAV WS_FTP.LOG
2002.10.04 16:56 B c:\crea\publicca\bCentral\web\dmware\WebDAV\default.htm --> ftp.nfocentrale.net /web/dmware/WebDAV default.htm
2002.10.04 16:56 B c:\crea\publicca\bCentral\web\dmware\WebDAV\vssver.scc --> ftp.nfocentrale.net /web/dmware/WebDAV vssver.scc
2002.10.07 21:49 B c:\crea\publicca\bCentral\web\dmware\WebDAV\WS_FTP.LOG --> ftp.nfocentrale.net /web/dmware/WebDAV WS_FTP.LOG
2002.10.07 23:30 B c:\crea\publicca\bCentral\web\dmware\WebDAV\vssver.scc --> ftp.nfocentrale.net /web/dmware/WebDAV vssver.scc
2002.12.13 16:45 B c:\crea\publicca\bCentral\web\dmware\WebDAV\2002-09-09-WebDAV.htm --> ftp.nfocentrale.net /web/dmware/WebDAV 2002-09-09-WebDAV.htm
2002.12.13 16:45 B c:\crea\publicca\bCentral\web\dmware\WebDAV\vssver.scc --> ftp.nfocentrale.net /web/dmware/WebDAV vssver.scc
2002.12.13 18:37 B c:\crea\publicca\bCentral\web\dmware\WebDAV\WS_FTP.LOG --> ftp.nfocentrale.net /web/dmware/WebDAV WS_FTP.LOG
