2002.08.19 18:37 B c:\crea\publicca\bCentral\web\orcmid\construction\construction.htm --> ftp.nfocentrale.net /web/orcmid/construction construction.htm
2002.08.19 18:37 B c:\crea\publicca\bCentral\web\orcmid\construction\index.htm --> ftp.nfocentrale.net /web/orcmid/construction index.htm
2002.08.19 18:37 B c:\crea\publicca\bCentral\web\orcmid\construction\orcmid.htm --> ftp.nfocentrale.net /web/orcmid/construction orcmid.htm
2002.08.19 18:37 B c:\crea\publicca\bCentral\web\orcmid\construction\vssver.scc --> ftp.nfocentrale.net /web/orcmid/construction vssver.scc
2002.08.19 22:33 B c:\crea\publicca\bCentral\web\orcmid\construction\construction.htm --> ftp.nfocentrale.net /web/orcmid/construction construction.htm
2002.08.19 22:33 B c:\crea\publicca\bCentral\web\orcmid\construction\vssver.scc --> ftp.nfocentrale.net /web/orcmid/construction vssver.scc
2002.08.19 22:33 B c:\crea\publicca\bCentral\web\orcmid\construction\WS_FTP.LOG --> ftp.nfocentrale.net /web/orcmid/construction WS_FTP.LOG
2002.09.02 22:47 B c:\crea\publicca\bCentral\web\orcmid\construction\vssver.scc --> ftp.nfocentrale.net /web/orcmid/construction vssver.scc
2002.09.05 13:23 B c:\crea\publicca\bCentral\web\orcmid\construction\WS_FTP.LOG --> ftp.nfocentrale.net /web/orcmid/construction WS_FTP.LOG
2002.10.01 17:15 B c:\crea\publicca\bCentral\web\orcmid\construction\orcmid-WA-2002-10-01-thumb.png --> ftp.nfocentrale.net /web/orcmid/construction orcmid-WA-2002-10-01-thumb.png
2002.10.01 17:15 B c:\crea\publicca\bCentral\web\orcmid\construction\orcmid.htm --> ftp.nfocentrale.net /web/orcmid/construction orcmid.htm
2002.10.01 17:15 B c:\crea\publicca\bCentral\web\orcmid\construction\vssver.scc --> ftp.nfocentrale.net /web/orcmid/construction vssver.scc
2002.10.06 00:12 B c:\crea\publicca\bCentral\web\orcmid\construction\WS_FTP.LOG --> ftp.nfocentrale.net /web/orcmid/construction WS_FTP.LOG
2002.10.12 23:45 B c:\crea\publicca\bCentral\web\orcmid\construction\construction.htm --> ftp.nfocentrale.net /web/orcmid/construction construction.htm
2002.10.12 23:45 B c:\crea\publicca\bCentral\web\orcmid\construction\index.htm --> ftp.nfocentrale.net /web/orcmid/construction index.htm
2002.10.12 23:45 B c:\crea\publicca\bCentral\web\orcmid\construction\orcmid.htm --> ftp.nfocentrale.net /web/orcmid/construction orcmid.htm
2002.10.12 23:45 B c:\crea\publicca\bCentral\web\orcmid\construction\vssver.scc --> ftp.nfocentrale.net /web/orcmid/construction vssver.scc
2002.10.13 11:11 B c:\crea\publicca\bCentral\web\orcmid\construction\construction.htm --> ftp.nfocentrale.net /web/orcmid/construction construction.htm
2002.10.13 11:11 B c:\crea\publicca\bCentral\web\orcmid\construction\orcmid.htm --> ftp.nfocentrale.net /web/orcmid/construction orcmid.htm
2002.10.13 11:11 B c:\crea\publicca\bCentral\web\orcmid\construction\vssver.scc --> ftp.nfocentrale.net /web/orcmid/construction vssver.scc
2002.10.13 11:11 B c:\crea\publicca\bCentral\web\orcmid\construction\WS_FTP.LOG --> ftp.nfocentrale.net /web/orcmid/construction WS_FTP.LOG
